(R_,L,RL,G_,G_a,G_bg,G_d)
0:(50,2,0,50,0,0,0) [ 7.4338 ]
1:(49,2,1,50,0,0,0) [ 7.9094 ]
2:(49,2,0,49,1,1,0) [ 7.4494 ]
3:(48,2,1,49,1,1,0) [ 7.913999999999999 ]
4:(48,2,0,48,2,2,0) [ 7.465 ]
5:(48,2,0,48,1,2,1) [ 2107.365 ]
6:(48,2,1,48,1,2,1) [ 2107.903 ]
7:(49,2,1,48,1,2,1) [ 2107.9874 ]
8:(50,2,0,48,1,2,1) [ 2107.5337999999997 ]
9:(50,2,1,48,1,2,1) [ 2108.0717999999997 ]
10:(49,2,2,48,1,2,1) [ 2108.5254 ]
11:(49,2,2,49,1,1,0) [ 8.547399999999998 ]
12:(49,2,1,48,2,2,0) [ 8.0874 ]
13:(48,2,2,48,2,2,0) [ 8.540999999999999 ]
14:(48,2,1,47,3,3,0) [ 8.092 ]
15:(47,2,1,47,3,3,0) [ 8.0076 ]
16:(47,2,0,46,4,4,0) [ 7.5806000000000004 ]
17:(47,2,1,46,4,4,0) [ 8.0966 ]
18:(47,2,0,45,5,5,0) [ 7.6806 ]
19:(47,2,1,45,5,5,0) [ 8.1856 ]
20:(46,2,2,45,5,5,0) [ 8.606200000000001 ]
21:(46,2,1,44,6,6,0) [ 8.1902 ]
22:(46,2,2,44,6,6,0) [ 8.684199999999999 ]
23:(45,2,3,44,6,6,0) [ 9.0938 ]
24:(45,2,4,44,6,6,0) [ 9.5878 ]
25:(45,2,3,43,7,7,0) [ 9.160799999999998 ]
26:(44,2,4,43,7,7,0) [ 9.5594 ]
27:(44,2,5,43,7,7,0) [ 10.042399999999999 ]
28:(43,2,6,43,7,7,0) [ 10.440999999999999 ]
29:(43,2,7,43,7,7,0) [ 10.924 ]
30:(43,2,6,42,8,8,0) [ 10.475000000000001 ]
31:(43,2,5,41,9,9,0) [ 10.048 ]
32:(42,2,6,41,9,9,0) [ 10.4246 ]
33:(42,2,5,40,10,10,0) [ 10.0086 ]
34:(42,2,4,39,11,11,0) [ 9.6146 ]
35:(42,2,5,39,11,11,0) [ 10.053599999999998 ]
36:(41,2,6,39,11,11,0) [ 10.408199999999999 ]
37:(41,2,5,38,12,12,0) [ 10.014199999999999 ]
38:(41,2,6,38,12,12,0) [ 10.4422 ]
39:(41,2,5,37,13,13,0) [ 10.0592 ]
40:(41,2,4,36,14,14,0) [ 9.698200000000002 ]
41:(41,2,5,36,14,14,0) [ 10.1042 ]
42:(41,2,4,35,15,15,0) [ 9.7542 ]
43:(41,2,3,34,16,16,0) [ 9.4262 ]
44:(41,2,4,34,16,16,0) [ 9.8102 ]
45:(41,2,5,34,16,16,0) [ 10.1942 ]
46:(40,2,6,34,16,16,0) [ 10.4938 ]
47:(40,2,5,33,17,17,0) [ 10.154799999999998 ]
48:(40,2,6,33,17,17,0) [ 10.5278 ]
49:(40,2,5,32,18,18,0) [ 10.1998 ]
50:(41,2,5,32,18,18,0) [ 10.284200000000002 ]
51:(41,2,4,31,19,19,0) [ 9.9782 ]
52:(41,2,3,30,20,20,0) [ 9.6942 ]
53:(41,2,4,30,20,20,0) [ 10.0342 ]
54:(40,2,5,30,20,20,0) [ 10.2898 ]
55:(40,2,4,29,21,21,0) [ 10.0058 ]
56:(41,2,3,29,21,21,0) [ 9.7612 ]
57:(41,2,2,28,22,22,0) [ 9.510200000000001 ]
58:(41,2,1,27,23,23,0) [ 9.2812 ]
59:(40,2,2,27,23,23,0) [ 9.5038 ]
60:(39,2,3,27,23,23,0) [ 9.7264 ]
61:(38,2,4,27,23,23,0) [ 9.949 ]
62:(38,2,3,26,24,24,0) [ 9.709 ]
63:(38,2,2,25,25,25,0) [ 9.491 ]
64:(38,2,3,25,25,25,0) [ 9.776 ]
65:(38,2,4,25,25,25,0) [ 10.061 ]
66:(37,2,5,25,25,25,0) [ 10.2616 ]
67:(36,2,5,25,25,25,0) [ 10.1772 ]
68:(36,2,4,24,26,26,0) [ 9.9482 ]
69:(36,2,3,23,27,27,0) [ 9.7412 ]
70:(36,2,4,23,27,27,0) [ 10.0042 ]
71:(35,2,5,23,27,27,0) [ 10.1828 ]
72:(35,2,6,23,27,27,0) [ 10.4458 ]
73:(35,2,5,22,28,28,0) [ 10.2278 ]
74:(35,2,4,21,29,29,0) [ 10.0318 ]
75:(35,2,3,20,30,30,0) [ 9.857800000000001 ]
76:(34,2,4,20,30,30,0) [ 10.0034 ]
77:(34,2,3,19,31,31,0) [ 9.8404 ]
78:(33,2,4,19,31,31,0) [ 9.975 ]
79:(33,2,5,19,31,31,0) [ 10.193999999999999 ]
80:(32,2,6,19,31,31,0) [ 10.3286 ]
81:(32,2,5,18,32,32,0) [ 10.154599999999999 ]
82:(31,2,6,18,32,32,0) [ 10.278200000000002 ]
83:(31,2,6,18,31,32,1) [ 33610.1782 ]
84:(31,2,5,17,32,33,1) [ 34660.015199999994 ]
85:(31,2,4,16,33,34,1) [ 35709.874200000006 ]
86:(31,2,3,15,34,35,1) [ 36759.7552 ]
87:(30,2,4,15,34,35,1) [ 36759.8458 ]
88:(30,2,5,15,34,35,1) [ 36760.0208 ]
89:(30,2,4,14,35,36,1) [ 37809.9018 ]
90:(29,2,5,14,35,36,1) [ 37809.9814 ]
91:(29,2,4,13,36,37,1) [ 38859.8734 ]
92:(29,2,3,12,37,38,1) [ 39909.787399999994 ]
93:(29,2,4,12,37,38,1) [ 39909.92939999999 ]
94:(28,2,5,12,37,38,1) [ 39909.986999999994 ]
95:(28,2,4,11,38,39,1) [ 40959.901000000005 ]
96:(28,2,3,10,39,40,1) [ 42009.837 ]
97:(28,2,4,10,39,40,1) [ 42009.957 ]
98:(27,2,5,10,39,40,1) [ 42009.992600000005 ]
99:(27,2,6,10,39,40,1) [ 42010.1126 ]
100:(27,2,5,9,40,41,1) [ 43060.0376 ]
101:(27,2,4,8,41,42,1) [ 44109.984599999996 ]
102:(27,2,5,8,41,42,1) [ 44110.0826 ]
103:(26,2,6,8,41,42,1) [ 44110.0962 ]
104:(26,2,7,8,41,42,1) [ 44110.1942 ]
105:(26,2,6,7,42,43,1) [ 45160.1302 ]
106:(26,2,7,7,42,43,1) [ 45160.2172 ]
107:(25,2,8,7,42,43,1) [ 45160.2198 ]
108:(24,2,9,7,42,43,1) [ 45160.2224 ]
109:(24,2,10,7,42,43,1) [ 45160.3094 ]
110:(24,2,9,6,43,44,1) [ 46210.2234 ]
111:(24,2,10,6,43,44,1) [ 46210.2994 ]
112:(24,2,9,5,44,45,1) [ 47260.2244 ]
113:(24,2,8,4,45,46,1) [ 48310.1714 ]
114:(24,2,9,4,45,46,1) [ 48310.2254 ]
115:(23,2,10,4,45,46,1) [ 48310.195 ]
116:(24,2,10,4,45,46,1) [ 48310.2794 ]
117:(24,2,11,4,45,46,1) [ 48310.3334 ]
118:(24,2,10,3,46,47,1) [ 49360.2694 ]
119:(24,2,9,2,47,48,1) [ 50410.227399999996 ]
120:(24,2,10,2,47,48,1) [ 50410.259399999995 ]
121:(23,2,11,2,47,48,1) [ 50410.206999999995 ]
122:(23,2,10,1,48,49,1) [ 51460.165 ]
123:(22,2,11,1,48,49,1) [ 51460.1016 ]
124:(22,2,10,0,49,50,1) [ 52510.0706 TARGET ]
125:(23,2,10,0,49,50,1) [ 52510.155 TARGET ]
126:(21,2,10,0,49,50,1) [ 52509.9862 TARGET ]
127:(21,2,11,0,49,50,1) [ 52509.9962 TARGET ]
128:(22,2,11,0,49,50,1) [ 52510.0806 TARGET ]
129:(23,2,11,1,48,49,1) [ 51460.186 ]
130:(21,2,11,1,48,49,1) [ 51460.0172 ]
131:(21,2,12,1,48,49,1) [ 51460.0382 ]
132:(22,2,12,1,48,49,1) [ 51460.1226 ]
133:(24,2,10,1,48,49,1) [ 51460.2494 ]
134:(22,2,10,1,48,49,1) [ 51460.0806 ]
135:(24,2,11,2,47,48,1) [ 50410.291399999995 ]
136:(22,2,11,2,47,48,1) [ 50410.122599999995 ]
137:(22,2,12,2,47,48,1) [ 50410.154599999994 ]
138:(23,2,12,2,47,48,1) [ 50410.238999999994 ]
139:(25,2,10,2,47,48,1) [ 50410.343799999995 ]
140:(23,2,10,2,47,48,1) [ 50410.174999999996 ]
141:(25,2,9,2,47,48,1) [ 50410.311799999996 ]
142:(23,2,9,2,47,48,1) [ 50410.143 ]
143:(25,2,10,3,46,47,1) [ 49360.3538 ]
144:(23,2,10,3,46,47,1) [ 49360.185 ]
145:(23,2,11,3,46,47,1) [ 49360.227999999996 ]
146:(24,2,11,3,46,47,1) [ 49360.312399999995 ]
147:(25,2,11,4,45,46,1) [ 48310.4178 ]
148:(23,2,11,4,45,46,1) [ 48310.249 ]
149:(23,2,12,4,45,46,1) [ 48310.303 ]
150:(24,2,12,4,45,46,1) [ 48310.3874 ]
151:(25,2,10,4,45,46,1) [ 48310.3638 ]
152:(22,2,10,4,45,46,1) [ 48310.1106 ]
153:(22,2,11,4,45,46,1) [ 48310.1646 ]
154:(25,2,9,4,45,46,1) [ 48310.3098 ]
155:(23,2,9,4,45,46,1) [ 48310.141 ]
156:(25,2,8,4,45,46,1) [ 48310.2558 ]
157:(23,2,8,4,45,46,1) [ 48310.087 ]
158:(25,2,9,5,44,45,1) [ 47260.3088 ]
159:(23,2,9,5,44,45,1) [ 47260.14 ]
160:(23,2,10,5,44,45,1) [ 47260.205 ]
161:(24,2,10,5,44,45,1) [ 47260.2894 ]
162:(25,2,10,6,43,44,1) [ 46210.3838 ]
163:(23,2,10,6,43,44,1) [ 46210.215000000004 ]
164:(23,2,11,6,43,44,1) [ 46210.291000000005 ]
165:(24,2,11,6,43,44,1) [ 46210.375400000004 ]
166:(25,2,9,6,43,44,1) [ 46210.3078 ]
167:(23,2,9,6,43,44,1) [ 46210.139 ]
168:(25,2,10,7,42,43,1) [ 45160.3938 ]
169:(23,2,10,7,42,43,1) [ 45160.225 ]
170:(23,2,11,7,42,43,1) [ 45160.312 ]
171:(24,2,11,7,42,43,1) [ 45160.3964 ]
172:(25,2,9,7,42,43,1) [ 45160.3068 ]
173:(23,2,9,7,42,43,1) [ 45160.138 ]
174:(26,2,8,7,42,43,1) [ 45160.3042 ]
175:(24,2,8,7,42,43,1) [ 45160.1354 ]
176:(27,2,7,7,42,43,1) [ 45160.3016 ]
177:(25,2,7,7,42,43,1) [ 45160.1328 ]
178:(27,2,6,7,42,43,1) [ 45160.2146 ]
179:(25,2,6,7,42,43,1) [ 45160.0458 ]
180:(27,2,7,8,41,42,1) [ 44110.2786 ]
181:(25,2,7,8,41,42,1) [ 44110.1098 ]
182:(25,2,8,8,41,42,1) [ 44110.2078 ]
183:(26,2,8,8,41,42,1) [ 44110.292199999996 ]
184:(27,2,6,8,41,42,1) [ 44110.1806 ]
185:(25,2,6,8,41,42,1) [ 44110.0118 ]
186:(28,2,5,8,41,42,1) [ 44110.167 ]
187:(26,2,5,8,41,42,1) [ 44109.9982 ]
188:(28,2,4,8,41,42,1) [ 44110.068999999996 ]
189:(26,2,4,8,41,42,1) [ 44109.9002 ]
190:(28,2,5,9,40,41,1) [ 43060.122 ]
191:(26,2,5,9,40,41,1) [ 43059.9532 ]
192:(26,2,6,9,40,41,1) [ 43060.0622 ]
193:(27,2,6,9,40,41,1) [ 43060.1466 ]
194:(28,2,6,10,39,40,1) [ 42010.197 ]
195:(26,2,6,10,39,40,1) [ 42010.0282 ]
196:(26,2,7,10,39,40,1) [ 42010.1482 ]
197:(27,2,7,10,39,40,1) [ 42010.2326 ]
198:(28,2,5,10,39,40,1) [ 42010.077000000005 ]
199:(26,2,5,10,39,40,1) [ 42009.9082 ]
200:(29,2,4,10,39,40,1) [ 42010.0414 ]
201:(27,2,4,10,39,40,1) [ 42009.8726 ]
202:(29,2,3,10,39,40,1) [ 42009.9214 ]
203:(27,2,3,10,39,40,1) [ 42009.7526 ]
204:(29,2,4,11,38,39,1) [ 40959.985400000005 ]
205:(27,2,4,11,38,39,1) [ 40959.816600000006 ]
206:(27,2,5,11,38,39,1) [ 40959.9476 ]
207:(28,2,5,11,38,39,1) [ 40960.03200000001 ]
208:(29,2,5,12,37,38,1) [ 39910.0714 ]
209:(27,2,5,12,37,38,1) [ 39909.902599999994 ]
210:(27,2,6,12,37,38,1) [ 39910.044599999994 ]
211:(28,2,6,12,37,38,1) [ 39910.12899999999 ]
212:(30,2,4,12,37,38,1) [ 39910.0138 ]
213:(28,2,4,12,37,38,1) [ 39909.844999999994 ]
214:(30,2,3,12,37,38,1) [ 39909.87179999999 ]
215:(28,2,3,12,37,38,1) [ 39909.702999999994 ]
216:(30,2,4,13,36,37,1) [ 38859.9578 ]
217:(28,2,4,13,36,37,1) [ 38859.789 ]
218:(28,2,5,13,36,37,1) [ 38859.941999999995 ]
219:(29,2,5,13,36,37,1) [ 38860.026399999995 ]
220:(30,2,5,14,35,36,1) [ 37810.0658 ]
221:(28,2,5,14,35,36,1) [ 37809.897 ]
222:(28,2,6,14,35,36,1) [ 37810.061 ]
223:(29,2,6,14,35,36,1) [ 37810.1454 ]
224:(31,2,4,14,35,36,1) [ 37809.9862 ]
225:(29,2,4,14,35,36,1) [ 37809.8174 ]
226:(31,2,5,15,34,35,1) [ 36760.1052 ]
227:(29,2,5,15,34,35,1) [ 36759.9364 ]
228:(29,2,6,15,34,35,1) [ 36760.1114 ]
229:(30,2,6,15,34,35,1) [ 36760.1958 ]
230:(31,2,4,15,34,35,1) [ 36759.9302 ]
231:(29,2,4,15,34,35,1) [ 36759.7614 ]
232:(32,2,3,15,34,35,1) [ 36759.8396 ]
233:(30,2,3,15,34,35,1) [ 36759.6708 ]
234:(32,2,4,16,33,34,1) [ 35709.958600000005 ]
235:(30,2,4,16,33,34,1) [ 35709.789800000006 ]
236:(30,2,5,16,33,34,1) [ 35709.9758 ]
237:(31,2,5,16,33,34,1) [ 35710.0602 ]
238:(32,2,5,17,32,33,1) [ 34660.099599999994 ]
239:(30,2,5,17,32,33,1) [ 34659.930799999995 ]
240:(30,2,6,17,32,33,1) [ 34660.127799999995 ]
241:(31,2,6,17,32,33,1) [ 34660.212199999994 ]
242:(32,2,6,18,31,32,1) [ 33610.2626 ]
243:(30,2,6,18,31,32,1) [ 33610.093799999995 ]
244:(30,2,7,18,31,32,1) [ 33610.3018 ]
245:(31,2,7,18,31,32,1) [ 33610.3862 ]
246:(32,2,6,18,32,32,0) [ 10.3626 ]
247:(30,2,6,18,32,32,0) [ 10.1938 ]
248:(30,2,7,18,32,32,0) [ 10.4018 ]
249:(31,2,7,18,32,32,0) [ 10.4862 ]
250:(33,2,5,18,32,32,0) [ 10.239 ]
251:(31,2,5,18,32,32,0) [ 10.0702 ]
252:(33,2,6,19,31,31,0) [ 10.413 ]
253:(31,2,6,19,31,31,0) [ 10.2442 ]
254:(31,2,7,19,31,31,0) [ 10.4632 ]
255:(32,2,7,19,31,31,0) [ 10.547600000000001 ]
256:(34,2,5,19,31,31,0) [ 10.2784 ]
257:(32,2,5,19,31,31,0) [ 10.1096 ]
258:(34,2,4,19,31,31,0) [ 10.0594 ]
259:(32,2,4,19,31,31,0) [ 9.8906 ]
260:(35,2,3,19,31,31,0) [ 9.9248 ]
261:(33,2,3,19,31,31,0) [ 9.756 ]
262:(35,2,4,20,30,30,0) [ 10.0878 ]
263:(33,2,4,20,30,30,0) [ 9.919 ]
264:(33,2,5,20,30,30,0) [ 10.149000000000001 ]
265:(34,2,5,20,30,30,0) [ 10.2334 ]
266:(36,2,3,20,30,30,0) [ 9.9422 ]
267:(34,2,3,20,30,30,0) [ 9.7734 ]
268:(36,2,4,21,29,29,0) [ 10.1162 ]
269:(34,2,4,21,29,29,0) [ 9.9474 ]
270:(34,2,5,21,29,29,0) [ 10.188400000000001 ]
271:(35,2,5,21,29,29,0) [ 10.2728 ]
272:(36,2,5,22,28,28,0) [ 10.3122 ]
273:(34,2,5,22,28,28,0) [ 10.1434 ]
274:(34,2,6,22,28,28,0) [ 10.3954 ]
275:(35,2,6,22,28,28,0) [ 10.479800000000001 ]
276:(36,2,6,23,27,27,0) [ 10.5302 ]
277:(34,2,6,23,27,27,0) [ 10.3614 ]
278:(34,2,7,23,27,27,0) [ 10.6244 ]
279:(35,2,7,23,27,27,0) [ 10.7088 ]
280:(36,2,5,23,27,27,0) [ 10.267199999999999 ]
281:(34,2,5,23,27,27,0) [ 10.0984 ]
282:(37,2,4,23,27,27,0) [ 10.0886 ]
283:(35,2,4,23,27,27,0) [ 9.9198 ]
284:(37,2,3,23,27,27,0) [ 9.825600000000001 ]
285:(35,2,3,23,27,27,0) [ 9.6568 ]
286:(37,2,4,24,26,26,0) [ 10.0326 ]
287:(35,2,4,24,26,26,0) [ 9.863800000000001 ]
288:(35,2,5,24,26,26,0) [ 10.1378 ]
289:(36,2,5,24,26,26,0) [ 10.2222 ]
290:(35,2,5,25,25,25,0) [ 10.0928 ]
291:(35,2,6,25,25,25,0) [ 10.3778 ]
292:(36,2,6,25,25,25,0) [ 10.4622 ]
293:(38,2,5,25,25,25,0) [ 10.346 ]
294:(37,2,6,25,25,25,0) [ 10.546600000000002 ]
295:(39,2,4,25,25,25,0) [ 10.1454 ]
296:(37,2,4,25,25,25,0) [ 9.976600000000001 ]
297:(39,2,3,25,25,25,0) [ 9.8604 ]
298:(37,2,3,25,25,25,0) [ 9.691600000000001 ]
299:(39,2,2,25,25,25,0) [ 9.5754 ]
300:(37,2,2,25,25,25,0) [ 9.406600000000001 ]
301:(39,2,3,26,24,24,0) [ 9.793400000000002 ]
302:(37,2,3,26,24,24,0) [ 9.624600000000001 ]
303:(37,2,4,26,24,24,0) [ 9.9206 ]
304:(38,2,4,26,24,24,0) [ 10.005 ]
305:(39,2,4,27,23,23,0) [ 10.0334 ]
306:(37,2,4,27,23,23,0) [ 9.864600000000001 ]
307:(37,2,5,27,23,23,0) [ 10.1716 ]
308:(38,2,5,27,23,23,0) [ 10.256 ]
309:(40,2,3,27,23,23,0) [ 9.8108 ]
310:(38,2,3,27,23,23,0) [ 9.642 ]
311:(41,2,2,27,23,23,0) [ 9.5882 ]
312:(39,2,2,27,23,23,0) [ 9.419400000000001 ]
313:(42,2,1,27,23,23,0) [ 9.3656 ]
314:(40,2,1,27,23,23,0) [ 9.196800000000001 ]
315:(42,2,2,28,22,22,0) [ 9.5946 ]
316:(40,2,2,28,22,22,0) [ 9.4258 ]
317:(40,2,3,28,22,22,0) [ 9.7438 ]
318:(41,2,3,28,22,22,0) [ 9.8282 ]
319:(42,2,3,29,21,21,0) [ 9.8456 ]
320:(40,2,3,29,21,21,0) [ 9.6768 ]
321:(41,2,4,29,21,21,0) [ 10.090200000000001 ]
322:(39,2,4,29,21,21,0) [ 9.9214 ]
323:(39,2,5,29,21,21,0) [ 10.2504 ]
324:(40,2,5,29,21,21,0) [ 10.3348 ]
325:(41,2,5,30,20,20,0) [ 10.3742 ]
326:(39,2,5,30,20,20,0) [ 10.205400000000001 ]
327:(39,2,6,30,20,20,0) [ 10.5454 ]
328:(40,2,6,30,20,20,0) [ 10.6298 ]
329:(42,2,4,30,20,20,0) [ 10.1186 ]
330:(40,2,4,30,20,20,0) [ 9.9498 ]
331:(42,2,3,30,20,20,0) [ 9.7786 ]
332:(40,2,3,30,20,20,0) [ 9.6098 ]
333:(42,2,4,31,19,19,0) [ 10.062600000000002 ]
334:(40,2,4,31,19,19,0) [ 9.8938 ]
335:(40,2,5,31,19,19,0) [ 10.2448 ]
336:(41,2,5,31,19,19,0) [ 10.3292 ]
337:(42,2,5,32,18,18,0) [ 10.3686 ]
338:(40,2,6,32,18,18,0) [ 10.561800000000002 ]
339:(41,2,6,32,18,18,0) [ 10.6462 ]
340:(39,2,5,32,18,18,0) [ 10.115400000000001 ]
341:(39,2,6,32,18,18,0) [ 10.477400000000001 ]
342:(41,2,6,33,17,17,0) [ 10.612200000000001 ]
343:(39,2,6,33,17,17,0) [ 10.4434 ]
344:(39,2,7,33,17,17,0) [ 10.816399999999998 ]
345:(40,2,7,33,17,17,0) [ 10.9008 ]
346:(41,2,5,33,17,17,0) [ 10.2392 ]
347:(39,2,5,33,17,17,0) [ 10.0704 ]
348:(41,2,6,34,16,16,0) [ 10.5782 ]
349:(39,2,6,34,16,16,0) [ 10.4094 ]
350:(39,2,7,34,16,16,0) [ 10.7934 ]
351:(40,2,7,34,16,16,0) [ 10.877799999999999 ]
352:(42,2,5,34,16,16,0) [ 10.278599999999999 ]
353:(40,2,5,34,16,16,0) [ 10.109799999999998 ]
354:(42,2,4,34,16,16,0) [ 9.894599999999999 ]
355:(40,2,4,34,16,16,0) [ 9.725800000000001 ]
356:(42,2,3,34,16,16,0) [ 9.5106 ]
357:(40,2,3,34,16,16,0) [ 9.341800000000001 ]
358:(42,2,4,35,15,15,0) [ 9.8386 ]
359:(40,2,4,35,15,15,0) [ 9.6698 ]
360:(40,2,5,35,15,15,0) [ 10.0648 ]
361:(41,2,5,35,15,15,0) [ 10.1492 ]
362:(42,2,5,36,14,14,0) [ 10.1886 ]
363:(40,2,5,36,14,14,0) [ 10.0198 ]
364:(40,2,6,36,14,14,0) [ 10.4258 ]
365:(41,2,6,36,14,14,0) [ 10.510200000000001 ]
366:(42,2,4,36,14,14,0) [ 9.7826 ]
367:(40,2,4,36,14,14,0) [ 9.6138 ]
368:(42,2,5,37,13,13,0) [ 10.1436 ]
369:(40,2,5,37,13,13,0) [ 9.974800000000002 ]
370:(40,2,6,37,13,13,0) [ 10.3918 ]
371:(41,2,6,37,13,13,0) [ 10.476200000000002 ]
372:(42,2,6,38,12,12,0) [ 10.526599999999998 ]
373:(40,2,6,38,12,12,0) [ 10.357800000000001 ]
374:(40,2,7,38,12,12,0) [ 10.785799999999998 ]
375:(41,2,7,38,12,12,0) [ 10.8702 ]
376:(42,2,5,38,12,12,0) [ 10.098599999999998 ]
377:(40,2,5,38,12,12,0) [ 9.9298 ]
378:(42,2,6,39,11,11,0) [ 10.492600000000001 ]
379:(40,2,6,39,11,11,0) [ 10.3238 ]
380:(40,2,7,39,11,11,0) [ 10.7628 ]
381:(41,2,7,39,11,11,0) [ 10.847199999999999 ]
382:(43,2,5,39,11,11,0) [ 10.138 ]
383:(41,2,5,39,11,11,0) [ 9.969199999999999 ]
384:(43,2,4,39,11,11,0) [ 9.699 ]
385:(41,2,4,39,11,11,0) [ 9.530199999999999 ]
386:(43,2,5,40,10,10,0) [ 10.093 ]
387:(41,2,5,40,10,10,0) [ 9.924199999999999 ]
388:(41,2,6,40,10,10,0) [ 10.374200000000002 ]
389:(42,2,6,40,10,10,0) [ 10.4586 ]
390:(43,2,6,41,9,9,0) [ 10.509 ]
391:(41,2,6,41,9,9,0) [ 10.340200000000001 ]
392:(41,2,7,41,9,9,0) [ 10.8012 ]
393:(42,2,7,41,9,9,0) [ 10.8856 ]
394:(44,2,5,41,9,9,0) [ 10.132399999999999 ]
395:(42,2,5,41,9,9,0) [ 9.963600000000001 ]
396:(44,2,6,42,8,8,0) [ 10.5594 ]
397:(42,2,6,42,8,8,0) [ 10.390600000000001 ]
398:(42,2,7,42,8,8,0) [ 10.8626 ]
399:(43,2,7,42,8,8,0) [ 10.947 ]
400:(44,2,7,43,7,7,0) [ 11.008399999999998 ]
401:(42,2,7,43,7,7,0) [ 10.839599999999999 ]
402:(42,2,8,43,7,7,0) [ 11.322599999999998 ]
403:(43,2,8,43,7,7,0) [ 11.407 ]
404:(44,2,6,43,7,7,0) [ 10.5254 ]
405:(42,2,6,43,7,7,0) [ 10.3566 ]
406:(45,2,5,43,7,7,0) [ 10.1268 ]
407:(43,2,5,43,7,7,0) [ 9.957999999999998 ]
408:(45,2,4,43,7,7,0) [ 9.643799999999999 ]
409:(43,2,4,43,7,7,0) [ 9.474999999999998 ]
410:(46,2,3,43,7,7,0) [ 9.2452 ]
411:(44,2,3,43,7,7,0) [ 9.0764 ]
412:(46,2,4,44,6,6,0) [ 9.6722 ]
413:(44,2,4,44,6,6,0) [ 9.503400000000001 ]
414:(44,2,5,44,6,6,0) [ 9.9974 ]
415:(45,2,5,44,6,6,0) [ 10.0818 ]
416:(46,2,3,44,6,6,0) [ 9.178199999999999 ]
417:(44,2,3,44,6,6,0) [ 9.0094 ]
418:(47,2,2,44,6,6,0) [ 8.768600000000001 ]
419:(45,2,2,44,6,6,0) [ 8.5998 ]
420:(47,2,1,44,6,6,0) [ 8.274600000000001 ]
421:(45,2,1,44,6,6,0) [ 8.1058 ]
422:(47,2,2,45,5,5,0) [ 8.6906 ]
423:(45,2,2,45,5,5,0) [ 8.521799999999999 ]
424:(45,2,3,45,5,5,0) [ 9.0268 ]
425:(46,2,3,45,5,5,0) [ 9.1112 ]
426:(48,2,1,45,5,5,0) [ 8.27 ]
427:(46,2,1,45,5,5,0) [ 8.1012 ]
428:(48,2,0,45,5,5,0) [ 7.765 ]
429:(46,2,0,45,5,5,0) [ 7.5962000000000005 ]
430:(48,2,1,46,4,4,0) [ 8.181 ]
431:(46,2,1,46,4,4,0) [ 8.0122 ]
432:(46,2,2,46,4,4,0) [ 8.5282 ]
433:(47,2,2,46,4,4,0) [ 8.612600000000002 ]
434:(48,2,0,46,4,4,0) [ 7.665 ]
435:(46,2,0,46,4,4,0) [ 7.496200000000001 ]
436:(46,2,1,47,3,3,0) [ 7.9232000000000005 ]
437:(46,2,2,47,3,3,0) [ 8.450200000000002 ]
438:(47,2,2,47,3,3,0) [ 8.534600000000001 ]
439:(49,2,1,47,3,3,0) [ 8.176400000000001 ]
440:(48,2,2,47,3,3,0) [ 8.619 ]
441:(49,2,2,48,2,2,0) [ 8.625399999999999 ]
442:(47,2,2,48,2,2,0) [ 8.4566 ]
443:(47,2,3,48,2,2,0) [ 8.994599999999998 ]
444:(48,2,3,48,2,2,0) [ 9.079 ]
445:(50,2,1,48,2,2,0) [ 8.1718 ]
446:(48,2,1,48,2,2,0) [ 8.003 ]
447:(50,2,2,49,1,1,0) [ 8.6318 ]
448:(48,2,2,49,1,1,0) [ 8.463 ]
449:(48,2,3,49,1,1,0) [ 9.011999999999999 ]
450:(49,2,3,49,1,1,0) [ 9.096400000000001 ]
451:(50,2,2,48,1,2,1) [ 2108.6097999999997 ]
452:(48,2,2,48,1,2,1) [ 2108.441 ]
453:(48,2,3,48,1,2,1) [ 2108.979 ]
454:(49,2,3,48,1,2,1) [ 2109.0634 ]
455:(51,2,1,48,1,2,1) [ 2108.1562 ]
456:(51,2,0,48,1,2,1) [ 2107.6182 ]
457:(49,2,0,48,1,2,1) [ 2107.4494 ]
458:(47,2,1,48,1,2,1) [ 2107.8186 ]
459:(47,2,2,48,1,2,1) [ 2108.3566 ]
460:(47,2,0,48,1,2,1) [ 2107.2806 ]
461:(49,2,0,48,2,2,0) [ 7.5494 ]
462:(47,2,0,48,2,2,0) [ 7.3806 ]
463:(47,2,1,48,2,2,0) [ 7.9186000000000005 ]
464:(49,2,1,49,1,1,0) [ 7.998399999999999 ]
465:(47,2,1,49,1,1,0) [ 7.8296 ]
466:(47,2,2,49,1,1,0) [ 8.3786 ]
467:(50,2,0,49,1,1,0) [ 7.533799999999999 ]
468:(48,2,0,49,1,1,0) [ 7.364999999999999 ]
469:(50,2,1,50,0,0,0) [ 7.993799999999999 ]
470:(48,2,1,50,0,0,0) [ 7.824999999999999 ]
471:(48,2,2,50,0,0,0) [ 8.384999999999998 ]
472:(49,2,2,50,0,0,0) [ 8.4694 ]
473:(51,2,0,50,0,0,0) [ 7.518200000000001 ]
474:(49,2,0,50,0,0,0) [ 7.3494 ]
475:(24,2,10,0,49,50,1) [ 52510.2394 TARGET ]
476:(23,2,11,0,49,50,1) [ 52510.165 TARGET ]
477:(24,2,11,1,48,49,1) [ 51460.2704 ]
478:(23,2,12,1,48,49,1) [ 51460.207 ]
479:(25,2,10,1,48,49,1) [ 51460.3338 ]
480:(25,2,11,2,47,48,1) [ 50410.375799999994 ]
481:(24,2,12,2,47,48,1) [ 50410.323399999994 ]
482:(26,2,10,2,47,48,1) [ 50410.428199999995 ]
483:(26,2,9,2,47,48,1) [ 50410.396199999996 ]
484:(26,2,10,3,46,47,1) [ 49360.4382 ]
485:(25,2,11,3,46,47,1) [ 49360.396799999995 ]
486:(26,2,11,4,45,46,1) [ 48310.5022 ]
487:(25,2,12,4,45,46,1) [ 48310.4718 ]
488:(26,2,10,4,45,46,1) [ 48310.4482 ]
489:(26,2,9,4,45,46,1) [ 48310.3942 ]
490:(26,2,8,4,45,46,1) [ 48310.3402 ]
491:(26,2,9,5,44,45,1) [ 47260.3932 ]
492:(25,2,10,5,44,45,1) [ 47260.3738 ]
493:(26,2,10,6,43,44,1) [ 46210.4682 ]
494:(25,2,11,6,43,44,1) [ 46210.459800000004 ]
495:(26,2,9,6,43,44,1) [ 46210.3922 ]
496:(26,2,10,7,42,43,1) [ 45160.4782 ]
497:(25,2,11,7,42,43,1) [ 45160.4808 ]
498:(26,2,9,7,42,43,1) [ 45160.3912 ]
499:(27,2,8,7,42,43,1) [ 45160.3886 ]
500:(28,2,7,7,42,43,1) [ 45160.386 ]
501:(28,2,6,7,42,43,1) [ 45160.299 ]
502:(28,2,7,8,41,42,1) [ 44110.363 ]
503:(27,2,8,8,41,42,1) [ 44110.376599999996 ]
504:(28,2,6,8,41,42,1) [ 44110.265 ]
505:(29,2,5,8,41,42,1) [ 44110.2514 ]
506:(29,2,4,8,41,42,1) [ 44110.153399999996 ]
507:(29,2,5,9,40,41,1) [ 43060.2064 ]
508:(28,2,6,9,40,41,1) [ 43060.231 ]
509:(29,2,6,10,39,40,1) [ 42010.2814 ]
510:(28,2,7,10,39,40,1) [ 42010.317 ]
511:(29,2,5,10,39,40,1) [ 42010.161400000005 ]
512:(30,2,4,10,39,40,1) [ 42010.1258 ]
513:(30,2,3,10,39,40,1) [ 42010.0058 ]
514:(30,2,4,11,38,39,1) [ 40960.069800000005 ]
515:(29,2,5,11,38,39,1) [ 40960.116400000006 ]
516:(30,2,5,12,37,38,1) [ 39910.1558 ]
517:(29,2,6,12,37,38,1) [ 39910.2134 ]
518:(31,2,4,12,37,38,1) [ 39910.0982 ]
519:(31,2,3,12,37,38,1) [ 39909.9562 ]
520:(31,2,4,13,36,37,1) [ 38860.042199999996 ]
521:(30,2,5,13,36,37,1) [ 38860.110799999995 ]
522:(31,2,5,14,35,36,1) [ 37810.1502 ]
523:(30,2,6,14,35,36,1) [ 37810.2298 ]
524:(32,2,4,14,35,36,1) [ 37810.0706 ]
525:(32,2,5,15,34,35,1) [ 36760.1896 ]
526:(31,2,6,15,34,35,1) [ 36760.2802 ]
527:(32,2,4,15,34,35,1) [ 36760.0146 ]
528:(33,2,3,15,34,35,1) [ 36759.924 ]
529:(33,2,4,16,33,34,1) [ 35710.043000000005 ]
530:(32,2,5,16,33,34,1) [ 35710.1446 ]
531:(33,2,5,17,32,33,1) [ 34660.183999999994 ]
532:(32,2,6,17,32,33,1) [ 34660.296599999994 ]
533:(33,2,6,18,31,32,1) [ 33610.347 ]
534:(32,2,7,18,31,32,1) [ 33610.4706 ]
535:(33,2,6,18,32,32,0) [ 10.447000000000001 ]
536:(32,2,7,18,32,32,0) [ 10.570599999999999 ]
537:(34,2,5,18,32,32,0) [ 10.3234 ]
538:(34,2,6,19,31,31,0) [ 10.4974 ]
539:(33,2,7,19,31,31,0) [ 10.632 ]
540:(35,2,5,19,31,31,0) [ 10.3628 ]
541:(35,2,4,19,31,31,0) [ 10.1438 ]
542:(36,2,3,19,31,31,0) [ 10.0092 ]
543:(36,2,4,20,30,30,0) [ 10.1722 ]
544:(35,2,5,20,30,30,0) [ 10.3178 ]
545:(37,2,3,20,30,30,0) [ 10.0266 ]
546:(37,2,4,21,29,29,0) [ 10.200600000000001 ]
547:(36,2,5,21,29,29,0) [ 10.357199999999999 ]
548:(37,2,5,22,28,28,0) [ 10.3966 ]
549:(36,2,6,22,28,28,0) [ 10.5642 ]
550:(37,2,6,23,27,27,0) [ 10.6146 ]
551:(36,2,7,23,27,27,0) [ 10.793199999999999 ]
552:(37,2,5,23,27,27,0) [ 10.351600000000001 ]
553:(38,2,4,23,27,27,0) [ 10.173 ]
554:(38,2,3,23,27,27,0) [ 9.91 ]
555:(38,2,4,24,26,26,0) [ 10.117 ]
556:(37,2,5,24,26,26,0) [ 10.3066 ]
557:(39,2,5,25,25,25,0) [ 10.430399999999999 ]
558:(38,2,6,25,25,25,0) [ 10.631 ]
559:(40,2,4,25,25,25,0) [ 10.229800000000001 ]
560:(40,2,3,25,25,25,0) [ 9.9448 ]
561:(40,2,2,25,25,25,0) [ 9.6598 ]
562:(40,2,3,26,24,24,0) [ 9.8778 ]
563:(39,2,4,26,24,24,0) [ 10.089400000000001 ]
564:(40,2,4,27,23,23,0) [ 10.1178 ]
565:(39,2,5,27,23,23,0) [ 10.3404 ]
566:(41,2,3,27,23,23,0) [ 9.8952 ]
567:(42,2,2,27,23,23,0) [ 9.672600000000001 ]
568:(43,2,1,27,23,23,0) [ 9.450000000000001 ]
569:(43,2,2,28,22,22,0) [ 9.679 ]
570:(42,2,3,28,22,22,0) [ 9.912600000000001 ]
571:(43,2,3,29,21,21,0) [ 9.93 ]
572:(42,2,4,29,21,21,0) [ 10.1746 ]
573:(41,2,5,29,21,21,0) [ 10.419199999999998 ]
574:(42,2,5,30,20,20,0) [ 10.4586 ]
575:(41,2,6,30,20,20,0) [ 10.714200000000002 ]
576:(43,2,4,30,20,20,0) [ 10.203 ]
577:(43,2,3,30,20,20,0) [ 9.863 ]
578:(43,2,4,31,19,19,0) [ 10.147 ]
579:(42,2,5,31,19,19,0) [ 10.4136 ]
580:(43,2,5,32,18,18,0) [ 10.453 ]
581:(42,2,6,32,18,18,0) [ 10.7306 ]
582:(42,2,6,33,17,17,0) [ 10.6966 ]
583:(41,2,7,33,17,17,0) [ 10.985199999999999 ]
584:(42,2,5,33,17,17,0) [ 10.323599999999999 ]
585:(42,2,6,34,16,16,0) [ 10.6626 ]
586:(41,2,7,34,16,16,0) [ 10.962200000000001 ]
587:(43,2,5,34,16,16,0) [ 10.362999999999998 ]
588:(43,2,4,34,16,16,0) [ 9.979000000000001 ]
589:(43,2,3,34,16,16,0) [ 9.595 ]
590:(43,2,4,35,15,15,0) [ 9.923 ]
591:(42,2,5,35,15,15,0) [ 10.2336 ]
592:(43,2,5,36,14,14,0) [ 10.273 ]
593:(42,2,6,36,14,14,0) [ 10.594600000000002 ]
594:(43,2,4,36,14,14,0) [ 9.866999999999999 ]
595:(43,2,5,37,13,13,0) [ 10.228000000000002 ]
596:(42,2,6,37,13,13,0) [ 10.5606 ]
597:(43,2,6,38,12,12,0) [ 10.611 ]
598:(42,2,7,38,12,12,0) [ 10.9546 ]
599:(43,2,5,38,12,12,0) [ 10.183 ]
600:(43,2,6,39,11,11,0) [ 10.577 ]
601:(42,2,7,39,11,11,0) [ 10.9316 ]
602:(44,2,5,39,11,11,0) [ 10.222399999999999 ]
603:(44,2,4,39,11,11,0) [ 9.783399999999999 ]
604:(44,2,5,40,10,10,0) [ 10.177399999999999 ]
605:(43,2,6,40,10,10,0) [ 10.543 ]
606:(44,2,6,41,9,9,0) [ 10.5934 ]
607:(43,2,7,41,9,9,0) [ 10.97 ]
608:(45,2,5,41,9,9,0) [ 10.216800000000001 ]
609:(45,2,6,42,8,8,0) [ 10.643800000000002 ]
610:(44,2,7,42,8,8,0) [ 11.031400000000001 ]
611:(45,2,7,43,7,7,0) [ 11.0928 ]
612:(44,2,8,43,7,7,0) [ 11.491399999999999 ]
613:(45,2,6,43,7,7,0) [ 10.6098 ]
614:(46,2,5,43,7,7,0) [ 10.211199999999998 ]
615:(46,2,4,43,7,7,0) [ 9.728200000000001 ]
616:(47,2,3,43,7,7,0) [ 9.3296 ]
617:(47,2,4,44,6,6,0) [ 9.7566 ]
618:(46,2,5,44,6,6,0) [ 10.1662 ]
619:(47,2,3,44,6,6,0) [ 9.2626 ]
620:(48,2,2,44,6,6,0) [ 8.853 ]
621:(48,2,1,44,6,6,0) [ 8.359 ]
622:(48,2,2,45,5,5,0) [ 8.774999999999999 ]
623:(47,2,3,45,5,5,0) [ 9.1956 ]
624:(49,2,1,45,5,5,0) [ 8.3544 ]
625:(49,2,0,45,5,5,0) [ 7.8494 ]
626:(49,2,1,46,4,4,0) [ 8.2654 ]
627:(48,2,2,46,4,4,0) [ 8.697000000000001 ]
628:(49,2,0,46,4,4,0) [ 7.7494000000000005 ]
629:(50,2,1,47,3,3,0) [ 8.2608 ]
630:(49,2,2,47,3,3,0) [ 8.7034 ]
631:(50,2,2,48,2,2,0) [ 8.709799999999998 ]
632:(49,2,3,48,2,2,0) [ 9.1634 ]
633:(51,2,1,48,2,2,0) [ 8.2562 ]
634:(51,2,2,49,1,1,0) [ 8.716199999999999 ]
635:(50,2,3,49,1,1,0) [ 9.1808 ]
636:(51,2,2,48,1,2,1) [ 2108.6942 ]
637:(50,2,3,48,1,2,1) [ 2109.1477999999997 ]
638:(52,2,1,48,1,2,1) [ 2108.2406 ]
639:(52,2,0,48,1,2,1) [ 2107.7026 ]
640:(50,2,0,48,2,2,0) [ 7.6338 ]
641:(50,2,1,49,1,1,0) [ 8.082799999999999 ]
642:(51,2,0,49,1,1,0) [ 7.618200000000001 ]
643:(51,2,1,50,0,0,0) [ 8.0782 ]
644:(50,2,2,50,0,0,0) [ 8.553799999999999 ]
645:(52,2,0,50,0,0,0) [ 7.602600000000001 ]
646:(25,2,10,0,49,50,1) [ 52510.3238 TARGET ]
647:(24,2,11,0,49,50,1) [ 52510.2494 TARGET ]
648:(25,2,11,1,48,49,1) [ 51460.3548 ]
649:(24,2,12,1,48,49,1) [ 51460.2914 ]
650:(26,2,10,1,48,49,1) [ 51460.4182 ]
651:(26,2,11,2,47,48,1) [ 50410.460199999994 ]
652:(25,2,12,2,47,48,1) [ 50410.40779999999 ]
653:(27,2,10,2,47,48,1) [ 50410.512599999995 ]
654:(27,2,9,2,47,48,1) [ 50410.480599999995 ]
655:(27,2,10,3,46,47,1) [ 49360.5226 ]
656:(26,2,11,3,46,47,1) [ 49360.4812 ]
657:(27,2,11,4,45,46,1) [ 48310.5866 ]
658:(26,2,12,4,45,46,1) [ 48310.5562 ]
659:(27,2,10,4,45,46,1) [ 48310.5326 ]
660:(27,2,9,4,45,46,1) [ 48310.4786 ]
661:(27,2,8,4,45,46,1) [ 48310.4246 ]
662:(27,2,9,5,44,45,1) [ 47260.4776 ]
663:(26,2,10,5,44,45,1) [ 47260.4582 ]
664:(27,2,10,6,43,44,1) [ 46210.5526 ]
665:(26,2,11,6,43,44,1) [ 46210.544200000004 ]
666:(27,2,9,6,43,44,1) [ 46210.4766 ]
667:(27,2,10,7,42,43,1) [ 45160.5626 ]
668:(26,2,11,7,42,43,1) [ 45160.5652 ]
669:(27,2,9,7,42,43,1) [ 45160.4756 ]
670:(28,2,8,7,42,43,1) [ 45160.473 ]
671:(29,2,7,7,42,43,1) [ 45160.4704 ]
672:(29,2,6,7,42,43,1) [ 45160.3834 ]
673:(29,2,7,8,41,42,1) [ 44110.4474 ]
674:(28,2,8,8,41,42,1) [ 44110.460999999996 ]
675:(29,2,6,8,41,42,1) [ 44110.3494 ]
676:(30,2,5,8,41,42,1) [ 44110.3358 ]
677:(30,2,4,8,41,42,1) [ 44110.237799999995 ]
678:(30,2,5,9,40,41,1) [ 43060.2908 ]
679:(29,2,6,9,40,41,1) [ 43060.3154 ]
680:(30,2,6,10,39,40,1) [ 42010.3658 ]
681:(29,2,7,10,39,40,1) [ 42010.4014 ]
682:(30,2,5,10,39,40,1) [ 42010.245800000004 ]
683:(31,2,4,10,39,40,1) [ 42010.2102 ]
684:(31,2,3,10,39,40,1) [ 42010.0902 ]
685:(31,2,4,11,38,39,1) [ 40960.154200000004 ]
686:(30,2,5,11,38,39,1) [ 40960.200800000006 ]
687:(31,2,5,12,37,38,1) [ 39910.2402 ]
688:(30,2,6,12,37,38,1) [ 39910.2978 ]
689:(32,2,4,12,37,38,1) [ 39910.1826 ]
690:(32,2,3,12,37,38,1) [ 39910.0406 ]
691:(32,2,4,13,36,37,1) [ 38860.126599999996 ]
692:(31,2,5,13,36,37,1) [ 38860.1952 ]
693:(32,2,5,14,35,36,1) [ 37810.2346 ]
694:(31,2,6,14,35,36,1) [ 37810.3142 ]
695:(33,2,4,14,35,36,1) [ 37810.155 ]
696:(33,2,5,15,34,35,1) [ 36760.274000000005 ]
697:(32,2,6,15,34,35,1) [ 36760.3646 ]
698:(33,2,4,15,34,35,1) [ 36760.099 ]
699:(34,2,3,15,34,35,1) [ 36760.0084 ]
700:(34,2,4,16,33,34,1) [ 35710.127400000005 ]
701:(33,2,5,16,33,34,1) [ 35710.229 ]
702:(34,2,5,17,32,33,1) [ 34660.26839999999 ]
703:(33,2,6,17,32,33,1) [ 34660.380999999994 ]
704:(34,2,6,18,31,32,1) [ 33610.4314 ]
705:(33,2,7,18,31,32,1) [ 33610.555 ]
706:(34,2,6,18,32,32,0) [ 10.531400000000001 ]
707:(33,2,7,18,32,32,0) [ 10.655000000000001 ]
708:(35,2,5,18,32,32,0) [ 10.4078 ]
709:(35,2,6,19,31,31,0) [ 10.581800000000001 ]
710:(34,2,7,19,31,31,0) [ 10.7164 ]
711:(36,2,5,19,31,31,0) [ 10.4472 ]
712:(36,2,4,19,31,31,0) [ 10.2282 ]
713:(37,2,3,19,31,31,0) [ 10.0936 ]
714:(37,2,4,20,30,30,0) [ 10.256599999999999 ]
715:(36,2,5,20,30,30,0) [ 10.4022 ]
716:(38,2,3,20,30,30,0) [ 10.111 ]
717:(38,2,4,21,29,29,0) [ 10.285 ]
718:(37,2,5,21,29,29,0) [ 10.441600000000001 ]
719:(38,2,5,22,28,28,0) [ 10.481 ]
720:(37,2,6,22,28,28,0) [ 10.6486 ]
721:(38,2,6,23,27,27,0) [ 10.699000000000002 ]
722:(37,2,7,23,27,27,0) [ 10.877600000000001 ]
723:(38,2,5,23,27,27,0) [ 10.436 ]
724:(39,2,4,23,27,27,0) [ 10.2574 ]
725:(39,2,3,23,27,27,0) [ 9.9944 ]
726:(39,2,4,24,26,26,0) [ 10.201400000000001 ]
727:(38,2,5,24,26,26,0) [ 10.391 ]
728:(40,2,5,25,25,25,0) [ 10.514800000000001 ]
729:(39,2,6,25,25,25,0) [ 10.7154 ]
730:(41,2,4,25,25,25,0) [ 10.3142 ]
731:(41,2,3,25,25,25,0) [ 10.0292 ]
732:(41,2,2,25,25,25,0) [ 9.7442 ]
733:(41,2,3,26,24,24,0) [ 9.9622 ]
734:(40,2,4,26,24,24,0) [ 10.1738 ]
735:(41,2,4,27,23,23,0) [ 10.202200000000001 ]
736:(40,2,5,27,23,23,0) [ 10.424800000000001 ]
737:(42,2,3,27,23,23,0) [ 9.9796 ]
738:(43,2,2,27,23,23,0) [ 9.757 ]
739:(44,2,1,27,23,23,0) [ 9.5344 ]
740:(44,2,2,28,22,22,0) [ 9.7634 ]
741:(43,2,3,28,22,22,0) [ 9.997 ]
742:(44,2,3,29,21,21,0) [ 10.0144 ]
743:(43,2,4,29,21,21,0) [ 10.258999999999999 ]
744:(42,2,5,29,21,21,0) [ 10.5036 ]
745:(43,2,5,30,20,20,0) [ 10.543 ]
746:(42,2,6,30,20,20,0) [ 10.7986 ]
747:(44,2,4,30,20,20,0) [ 10.2874 ]
748:(44,2,3,30,20,20,0) [ 9.9474 ]
749:(44,2,4,31,19,19,0) [ 10.231399999999999 ]
750:(43,2,5,31,19,19,0) [ 10.498 ]
751:(44,2,5,32,18,18,0) [ 10.537400000000002 ]
752:(43,2,6,32,18,18,0) [ 10.815000000000001 ]
753:(43,2,6,33,17,17,0) [ 10.780999999999999 ]
754:(42,2,7,33,17,17,0) [ 11.069599999999998 ]
755:(43,2,5,33,17,17,0) [ 10.407999999999998 ]
756:(43,2,6,34,16,16,0) [ 10.747 ]
757:(42,2,7,34,16,16,0) [ 11.0466 ]
758:(44,2,5,34,16,16,0) [ 10.4474 ]
759:(44,2,4,34,16,16,0) [ 10.0634 ]
760:(44,2,3,34,16,16,0) [ 9.6794 ]
761:(44,2,4,35,15,15,0) [ 10.0074 ]
762:(43,2,5,35,15,15,0) [ 10.318 ]
763:(44,2,5,36,14,14,0) [ 10.3574 ]
764:(43,2,6,36,14,14,0) [ 10.679 ]
765:(44,2,4,36,14,14,0) [ 9.951400000000001 ]
766:(44,2,5,37,13,13,0) [ 10.3124 ]
767:(43,2,6,37,13,13,0) [ 10.645 ]
768:(44,2,6,38,12,12,0) [ 10.6954 ]
769:(43,2,7,38,12,12,0) [ 11.038999999999998 ]
770:(44,2,5,38,12,12,0) [ 10.267399999999999 ]
771:(44,2,6,39,11,11,0) [ 10.661399999999999 ]
772:(43,2,7,39,11,11,0) [ 11.016 ]
773:(45,2,5,39,11,11,0) [ 10.306799999999999 ]
774:(45,2,4,39,11,11,0) [ 9.8678 ]
775:(45,2,5,40,10,10,0) [ 10.261800000000001 ]
776:(44,2,6,40,10,10,0) [ 10.627400000000002 ]
777:(45,2,6,41,9,9,0) [ 10.6778 ]
778:(44,2,7,41,9,9,0) [ 11.0544 ]
779:(46,2,5,41,9,9,0) [ 10.3012 ]
780:(46,2,6,42,8,8,0) [ 10.728200000000001 ]
781:(45,2,7,42,8,8,0) [ 11.1158 ]
782:(46,2,7,43,7,7,0) [ 11.1772 ]
783:(45,2,8,43,7,7,0) [ 11.5758 ]
784:(46,2,6,43,7,7,0) [ 10.694199999999999 ]
785:(47,2,5,43,7,7,0) [ 10.2956 ]
786:(47,2,4,43,7,7,0) [ 9.8126 ]
787:(48,2,3,43,7,7,0) [ 9.413999999999998 ]
788:(48,2,4,44,6,6,0) [ 9.841 ]
789:(47,2,5,44,6,6,0) [ 10.2506 ]
790:(48,2,3,44,6,6,0) [ 9.347 ]
791:(49,2,2,44,6,6,0) [ 8.937399999999998 ]
792:(49,2,1,44,6,6,0) [ 8.4434 ]
793:(49,2,2,45,5,5,0) [ 8.8594 ]
794:(48,2,3,45,5,5,0) [ 9.280000000000001 ]
795:(50,2,1,45,5,5,0) [ 8.4388 ]
796:(50,2,0,45,5,5,0) [ 7.9338 ]
797:(50,2,1,46,4,4,0) [ 8.3498 ]
798:(49,2,2,46,4,4,0) [ 8.7814 ]
799:(50,2,0,46,4,4,0) [ 7.8338 ]
800:(51,2,1,47,3,3,0) [ 8.345200000000002 ]
801:(50,2,2,47,3,3,0) [ 8.7878 ]
802:(51,2,2,48,2,2,0) [ 8.7942 ]
803:(50,2,3,48,2,2,0) [ 9.247799999999998 ]
804:(52,2,1,48,2,2,0) [ 8.340599999999998 ]
805:(52,2,2,49,1,1,0) [ 8.800600000000001 ]
806:(51,2,3,49,1,1,0) [ 9.265200000000002 ]
807:(52,2,2,48,1,2,1) [ 2108.7786 ]
808:(51,2,3,48,1,2,1) [ 2109.2322 ]
809:(53,2,1,48,1,2,1) [ 2108.325 ]
810:(53,2,0,48,1,2,1) [ 2107.787 ]
811:(51,2,0,48,2,2,0) [ 7.718200000000001 ]
812:(51,2,1,49,1,1,0) [ 8.1672 ]
813:(52,2,0,49,1,1,0) [ 7.7026 ]
814:(52,2,1,50,0,0,0) [ 8.162600000000001 ]
815:(51,2,2,50,0,0,0) [ 8.638200000000001 ]
816:(53,2,0,50,0,0,0) [ 7.687 ]
817:(21,2,12,0,49,50,1) [ 52510.0062 TARGET ]
818:(22,2,12,0,49,50,1) [ 52510.0906 TARGET ]
819:(21,2,13,1,48,49,1) [ 51460.0592 ]
820:(22,2,13,1,48,49,1) [ 51460.1436 ]
821:(22,2,13,2,47,48,1) [ 50410.18659999999 ]
822:(23,2,13,2,47,48,1) [ 50410.271 ]
823:(23,2,12,3,46,47,1) [ 49360.271 ]
824:(24,2,12,3,46,47,1) [ 49360.3554 ]
825:(23,2,13,4,45,46,1) [ 48310.357 ]
826:(24,2,13,4,45,46,1) [ 48310.4414 ]
827:(22,2,12,4,45,46,1) [ 48310.2186 ]
828:(23,2,11,5,44,45,1) [ 47260.270000000004 ]
829:(24,2,11,5,44,45,1) [ 47260.354400000004 ]
830:(23,2,12,6,43,44,1) [ 46210.367000000006 ]
831:(24,2,12,6,43,44,1) [ 46210.451400000005 ]
832:(23,2,12,7,42,43,1) [ 45160.399 ]
833:(24,2,12,7,42,43,1) [ 45160.4834 ]
834:(25,2,9,8,41,42,1) [ 44110.3058 ]
835:(26,2,9,8,41,42,1) [ 44110.3902 ]
836:(26,2,7,9,40,41,1) [ 43060.1712 ]
837:(27,2,7,9,40,41,1) [ 43060.2556 ]
838:(26,2,8,10,39,40,1) [ 42010.2682 ]
839:(27,2,8,10,39,40,1) [ 42010.3526 ]
840:(27,2,6,11,38,39,1) [ 40960.0786 ]
841:(28,2,6,11,38,39,1) [ 40960.163 ]
842:(27,2,7,12,37,38,1) [ 39910.18659999999 ]
843:(28,2,7,12,37,38,1) [ 39910.271 ]
844:(28,2,6,13,36,37,1) [ 38860.095 ]
845:(29,2,6,13,36,37,1) [ 38860.1794 ]
846:(28,2,7,14,35,36,1) [ 37810.225 ]
847:(29,2,7,14,35,36,1) [ 37810.3094 ]
848:(29,2,7,15,34,35,1) [ 36760.286400000005 ]
849:(30,2,7,15,34,35,1) [ 36760.370800000004 ]
850:(30,2,6,16,33,34,1) [ 35710.1618 ]
851:(31,2,6,16,33,34,1) [ 35710.2462 ]
852:(30,2,7,17,32,33,1) [ 34660.324799999995 ]
853:(31,2,7,17,32,33,1) [ 34660.409199999995 ]
854:(30,2,8,18,31,32,1) [ 33610.5098 ]
855:(31,2,8,18,31,32,1) [ 33610.5942 ]
856:(30,2,8,18,32,32,0) [ 10.6098 ]
857:(31,2,8,18,32,32,0) [ 10.6942 ]
858:(31,2,8,19,31,31,0) [ 10.6822 ]
859:(32,2,8,19,31,31,0) [ 10.7666 ]
860:(33,2,6,20,30,30,0) [ 10.379000000000001 ]
861:(34,2,6,20,30,30,0) [ 10.4634 ]
862:(34,2,6,21,29,29,0) [ 10.429400000000001 ]
863:(35,2,6,21,29,29,0) [ 10.5138 ]
864:(34,2,7,22,28,28,0) [ 10.6474 ]
865:(35,2,7,22,28,28,0) [ 10.7318 ]
866:(34,2,8,23,27,27,0) [ 10.8874 ]
867:(35,2,8,23,27,27,0) [ 10.971799999999998 ]
868:(35,2,6,24,26,26,0) [ 10.411800000000001 ]
869:(36,2,6,24,26,26,0) [ 10.4962 ]
870:(35,2,7,25,25,25,0) [ 10.6628 ]
871:(36,2,7,25,25,25,0) [ 10.7472 ]
872:(37,2,7,25,25,25,0) [ 10.8316 ]
873:(37,2,5,26,24,24,0) [ 10.2166 ]
874:(38,2,5,26,24,24,0) [ 10.301 ]
875:(37,2,6,27,23,23,0) [ 10.4786 ]
876:(38,2,6,27,23,23,0) [ 10.563000000000002 ]
877:(40,2,4,28,22,22,0) [ 10.061800000000002 ]
878:(41,2,4,28,22,22,0) [ 10.1462 ]
879:(39,2,6,29,21,21,0) [ 10.579400000000001 ]
880:(40,2,6,29,21,21,0) [ 10.6638 ]
881:(39,2,7,30,20,20,0) [ 10.8854 ]
882:(40,2,7,30,20,20,0) [ 10.9698 ]
883:(40,2,6,31,19,19,0) [ 10.595800000000002 ]
884:(41,2,6,31,19,19,0) [ 10.680200000000001 ]
885:(40,2,7,32,18,18,0) [ 10.9238 ]
886:(41,2,7,32,18,18,0) [ 11.008200000000002 ]
887:(39,2,7,32,18,18,0) [ 10.839400000000001 ]
888:(39,2,8,33,17,17,0) [ 11.1894 ]
889:(40,2,8,33,17,17,0) [ 11.273800000000001 ]
890:(39,2,8,34,16,16,0) [ 11.1774 ]
891:(40,2,8,34,16,16,0) [ 11.2618 ]
892:(40,2,6,35,15,15,0) [ 10.459800000000001 ]
893:(41,2,6,35,15,15,0) [ 10.5442 ]
894:(40,2,7,36,14,14,0) [ 10.8318 ]
895:(41,2,7,36,14,14,0) [ 10.916200000000002 ]
896:(40,2,7,37,13,13,0) [ 10.808800000000002 ]
897:(41,2,7,37,13,13,0) [ 10.8932 ]
898:(40,2,8,38,12,12,0) [ 11.213799999999999 ]
899:(41,2,8,38,12,12,0) [ 11.298200000000001 ]
900:(40,2,8,39,11,11,0) [ 11.2018 ]
901:(41,2,8,39,11,11,0) [ 11.2862 ]
902:(41,2,7,40,10,10,0) [ 10.824200000000001 ]
903:(42,2,7,40,10,10,0) [ 10.9086 ]
904:(41,2,8,41,9,9,0) [ 11.262200000000002 ]
905:(42,2,8,41,9,9,0) [ 11.3466 ]
906:(42,2,8,42,8,8,0) [ 11.334600000000002 ]
907:(43,2,8,42,8,8,0) [ 11.419 ]
908:(42,2,9,43,7,7,0) [ 11.805599999999998 ]
909:(43,2,9,43,7,7,0) [ 11.889999999999999 ]
910:(44,2,6,44,6,6,0) [ 10.4914 ]
911:(45,2,6,44,6,6,0) [ 10.5758 ]
912:(45,2,4,45,5,5,0) [ 9.5318 ]
913:(46,2,4,45,5,5,0) [ 9.6162 ]
914:(46,2,3,46,4,4,0) [ 9.044200000000002 ]
915:(47,2,3,46,4,4,0) [ 9.1286 ]
916:(46,2,3,47,3,3,0) [ 8.9772 ]
917:(47,2,3,47,3,3,0) [ 9.061600000000002 ]
918:(48,2,3,47,3,3,0) [ 9.146 ]
919:(47,2,4,48,2,2,0) [ 9.532599999999999 ]
920:(48,2,4,48,2,2,0) [ 9.616999999999999 ]
921:(48,2,4,49,1,1,0) [ 9.560999999999998 ]
922:(49,2,4,49,1,1,0) [ 9.6454 ]
923:(48,2,4,48,1,2,1) [ 2109.517 ]
924:(49,2,4,48,1,2,1) [ 2109.6014 ]
925:(47,2,3,48,1,2,1) [ 2108.8946 ]
926:(47,2,3,49,1,1,0) [ 8.9276 ]
927:(48,2,3,50,0,0,0) [ 8.945 ]
928:(49,2,3,50,0,0,0) [ 9.0294 ]
929:(23,2,12,0,49,50,1) [ 52510.175 TARGET ]
930:(23,2,13,1,48,49,1) [ 51460.228 ]
931:(24,2,13,2,47,48,1) [ 50410.3554 ]
932:(25,2,12,3,46,47,1) [ 49360.4398 ]
933:(25,2,13,4,45,46,1) [ 48310.5258 ]
934:(25,2,11,5,44,45,1) [ 47260.4388 ]
935:(25,2,12,6,43,44,1) [ 46210.535800000005 ]
936:(25,2,12,7,42,43,1) [ 45160.5678 ]
937:(27,2,9,8,41,42,1) [ 44110.4746 ]
938:(28,2,7,9,40,41,1) [ 43060.34 ]
939:(28,2,8,10,39,40,1) [ 42010.437 ]
940:(29,2,6,11,38,39,1) [ 40960.2474 ]
941:(29,2,7,12,37,38,1) [ 39910.3554 ]
942:(30,2,6,13,36,37,1) [ 38860.2638 ]
943:(30,2,7,14,35,36,1) [ 37810.3938 ]
944:(31,2,7,15,34,35,1) [ 36760.455200000004 ]
945:(32,2,6,16,33,34,1) [ 35710.3306 ]
946:(32,2,7,17,32,33,1) [ 34660.493599999994 ]
947:(32,2,8,18,31,32,1) [ 33610.6786 ]
948:(32,2,8,18,32,32,0) [ 10.7786 ]
949:(33,2,8,19,31,31,0) [ 10.851 ]
950:(35,2,6,20,30,30,0) [ 10.5478 ]
951:(36,2,6,21,29,29,0) [ 10.598200000000002 ]
952:(36,2,7,22,28,28,0) [ 10.816200000000002 ]
953:(36,2,8,23,27,27,0) [ 11.0562 ]
954:(37,2,6,24,26,26,0) [ 10.5806 ]
955:(38,2,7,25,25,25,0) [ 10.916 ]
956:(39,2,5,26,24,24,0) [ 10.3854 ]
957:(39,2,6,27,23,23,0) [ 10.647400000000001 ]
958:(42,2,4,28,22,22,0) [ 10.230599999999999 ]
959:(41,2,6,29,21,21,0) [ 10.748199999999999 ]
960:(41,2,7,30,20,20,0) [ 11.054200000000002 ]
961:(42,2,6,31,19,19,0) [ 10.7646 ]
962:(42,2,7,32,18,18,0) [ 11.092600000000001 ]
963:(41,2,8,33,17,17,0) [ 11.3582 ]
964:(41,2,8,34,16,16,0) [ 11.346200000000001 ]
965:(42,2,6,35,15,15,0) [ 10.628599999999999 ]
966:(42,2,7,36,14,14,0) [ 11.0006 ]
967:(42,2,7,37,13,13,0) [ 10.977599999999999 ]
968:(42,2,8,38,12,12,0) [ 11.3826 ]
969:(42,2,8,39,11,11,0) [ 11.3706 ]
970:(43,2,7,40,10,10,0) [ 10.992999999999999 ]
971:(43,2,8,41,9,9,0) [ 11.431 ]
972:(44,2,8,42,8,8,0) [ 11.5034 ]
973:(44,2,9,43,7,7,0) [ 11.9744 ]
974:(46,2,6,44,6,6,0) [ 10.660200000000001 ]
975:(47,2,4,45,5,5,0) [ 9.700600000000001 ]
976:(48,2,3,46,4,4,0) [ 9.213 ]
977:(49,2,3,47,3,3,0) [ 9.230400000000001 ]
978:(49,2,4,48,2,2,0) [ 9.7014 ]
979:(50,2,4,49,1,1,0) [ 9.7298 ]
980:(50,2,4,48,1,2,1) [ 2109.6857999999997 ]
981:(50,2,3,50,0,0,0) [ 9.113800000000001 ]
982:(20,2,10,0,49,50,1) [ 52509.9018 TARGET ]
983:(20,2,11,0,49,50,1) [ 52509.9118 TARGET ]
984:(20,2,11,1,48,49,1) [ 51459.9328 ]
985:(20,2,12,1,48,49,1) [ 51459.9538 ]
986:(21,2,10,1,48,49,1) [ 51459.9962 ]
987:(21,2,11,2,47,48,1) [ 50410.038199999995 ]
988:(21,2,12,2,47,48,1) [ 50410.070199999995 ]
989:(22,2,10,2,47,48,1) [ 50410.090599999996 ]
990:(22,2,9,2,47,48,1) [ 50410.0586 ]
991:(22,2,10,3,46,47,1) [ 49360.1006 ]
992:(22,2,11,3,46,47,1) [ 49360.143599999996 ]
993:(21,2,10,4,45,46,1) [ 48310.0262 ]
994:(21,2,11,4,45,46,1) [ 48310.0802 ]
995:(22,2,9,4,45,46,1) [ 48310.0566 ]
996:(22,2,8,4,45,46,1) [ 48310.0026 ]
997:(22,2,9,5,44,45,1) [ 47260.0556 ]
998:(22,2,10,5,44,45,1) [ 47260.1206 ]
999:(22,2,10,6,43,44,1) [ 46210.130600000004 ]
1000:(22,2,11,6,43,44,1) [ 46210.206600000005 ]
1001:(22,2,9,6,43,44,1) [ 46210.0546 ]
1002:(22,2,10,7,42,43,1) [ 45160.1406 ]
1003:(22,2,11,7,42,43,1) [ 45160.2276 ]
1004:(22,2,9,7,42,43,1) [ 45160.0536 ]
1005:(23,2,8,7,42,43,1) [ 45160.051 ]
1006:(24,2,7,7,42,43,1) [ 45160.0484 ]
1007:(24,2,6,7,42,43,1) [ 45159.9614 ]
1008:(24,2,7,8,41,42,1) [ 44110.0254 ]
1009:(24,2,8,8,41,42,1) [ 44110.1234 ]
1010:(24,2,6,8,41,42,1) [ 44109.9274 ]
1011:(25,2,5,8,41,42,1) [ 44109.9138 ]
1012:(25,2,4,8,41,42,1) [ 44109.8158 ]
1013:(25,2,5,9,40,41,1) [ 43059.8688 ]
1014:(25,2,6,9,40,41,1) [ 43059.9778 ]
1015:(25,2,6,10,39,40,1) [ 42009.9438 ]
1016:(25,2,7,10,39,40,1) [ 42010.0638 ]
1017:(25,2,5,10,39,40,1) [ 42009.8238 ]
1018:(26,2,4,10,39,40,1) [ 42009.7882 ]
1019:(26,2,3,10,39,40,1) [ 42009.6682 ]
1020:(26,2,4,11,38,39,1) [ 40959.732200000006 ]
1021:(26,2,5,11,38,39,1) [ 40959.8632 ]
1022:(26,2,5,12,37,38,1) [ 39909.818199999994 ]
1023:(26,2,6,12,37,38,1) [ 39909.960199999994 ]
1024:(27,2,4,12,37,38,1) [ 39909.760599999994 ]
1025:(27,2,3,12,37,38,1) [ 39909.618599999994 ]
1026:(27,2,4,13,36,37,1) [ 38859.7046 ]
1027:(27,2,5,13,36,37,1) [ 38859.857599999996 ]
1028:(27,2,5,14,35,36,1) [ 37809.8126 ]
1029:(27,2,6,14,35,36,1) [ 37809.9766 ]
1030:(28,2,4,14,35,36,1) [ 37809.733 ]
1031:(28,2,5,15,34,35,1) [ 36759.852 ]
1032:(28,2,6,15,34,35,1) [ 36760.027 ]
1033:(28,2,4,15,34,35,1) [ 36759.677 ]
1034:(29,2,3,15,34,35,1) [ 36759.5864 ]
1035:(29,2,4,16,33,34,1) [ 35709.705400000006 ]
1036:(29,2,5,16,33,34,1) [ 35709.8914 ]
1037:(29,2,5,17,32,33,1) [ 34659.846399999995 ]
1038:(29,2,6,17,32,33,1) [ 34660.043399999995 ]
1039:(29,2,6,18,31,32,1) [ 33610.009399999995 ]
1040:(29,2,7,18,31,32,1) [ 33610.2174 ]
1041:(29,2,6,18,32,32,0) [ 10.1094 ]
1042:(29,2,7,18,32,32,0) [ 10.3174 ]
1043:(30,2,5,18,32,32,0) [ 9.985800000000001 ]
1044:(30,2,6,19,31,31,0) [ 10.1598 ]
1045:(30,2,7,19,31,31,0) [ 10.3788 ]
1046:(31,2,5,19,31,31,0) [ 10.0252 ]
1047:(31,2,4,19,31,31,0) [ 9.8062 ]
1048:(32,2,3,19,31,31,0) [ 9.6716 ]
1049:(32,2,4,20,30,30,0) [ 9.8346 ]
1050:(32,2,5,20,30,30,0) [ 10.064599999999999 ]
1051:(33,2,3,20,30,30,0) [ 9.689 ]
1052:(33,2,4,21,29,29,0) [ 9.863 ]
1053:(33,2,5,21,29,29,0) [ 10.104 ]
1054:(33,2,5,22,28,28,0) [ 10.059 ]
1055:(33,2,6,22,28,28,0) [ 10.311 ]
1056:(33,2,6,23,27,27,0) [ 10.277000000000001 ]
1057:(33,2,7,23,27,27,0) [ 10.54 ]
1058:(33,2,5,23,27,27,0) [ 10.014 ]
1059:(34,2,4,23,27,27,0) [ 9.8354 ]
1060:(34,2,3,23,27,27,0) [ 9.5724 ]
1061:(34,2,4,24,26,26,0) [ 9.7794 ]
1062:(34,2,5,24,26,26,0) [ 10.0534 ]
1063:(34,2,5,25,25,25,0) [ 10.0084 ]
1064:(34,2,6,25,25,25,0) [ 10.2934 ]
1065:(36,2,4,25,25,25,0) [ 9.892199999999999 ]
1066:(36,2,3,25,25,25,0) [ 9.6072 ]
1067:(36,2,2,25,25,25,0) [ 9.3222 ]
1068:(36,2,3,26,24,24,0) [ 9.5402 ]
1069:(36,2,4,26,24,24,0) [ 9.836200000000002 ]
1070:(36,2,4,27,23,23,0) [ 9.7802 ]
1071:(36,2,5,27,23,23,0) [ 10.0872 ]
1072:(37,2,3,27,23,23,0) [ 9.5576 ]
1073:(38,2,2,27,23,23,0) [ 9.335 ]
1074:(39,2,1,27,23,23,0) [ 9.112400000000001 ]
1075:(39,2,2,28,22,22,0) [ 9.3414 ]
1076:(39,2,3,28,22,22,0) [ 9.659400000000002 ]
1077:(39,2,3,29,21,21,0) [ 9.5924 ]
1078:(38,2,4,29,21,21,0) [ 9.837 ]
1079:(38,2,5,29,21,21,0) [ 10.165999999999999 ]
1080:(38,2,5,30,20,20,0) [ 10.120999999999999 ]
1081:(38,2,6,30,20,20,0) [ 10.461 ]
1082:(39,2,4,30,20,20,0) [ 9.865400000000001 ]
1083:(39,2,3,30,20,20,0) [ 9.525400000000001 ]
1084:(39,2,4,31,19,19,0) [ 9.8094 ]
1085:(39,2,5,31,19,19,0) [ 10.160400000000001 ]
1086:(38,2,5,32,18,18,0) [ 10.031 ]
1087:(38,2,6,32,18,18,0) [ 10.393 ]
1088:(38,2,6,33,17,17,0) [ 10.358999999999998 ]
1089:(38,2,7,33,17,17,0) [ 10.732 ]
1090:(38,2,5,33,17,17,0) [ 9.986 ]
1091:(38,2,6,34,16,16,0) [ 10.325000000000001 ]
1092:(38,2,7,34,16,16,0) [ 10.709 ]
1093:(39,2,5,34,16,16,0) [ 10.0254 ]
1094:(39,2,4,34,16,16,0) [ 9.641399999999999 ]
1095:(39,2,3,34,16,16,0) [ 9.2574 ]
1096:(39,2,4,35,15,15,0) [ 9.5854 ]
1097:(39,2,5,35,15,15,0) [ 9.9804 ]
1098:(39,2,5,36,14,14,0) [ 9.9354 ]
1099:(39,2,6,36,14,14,0) [ 10.341400000000002 ]
1100:(39,2,4,36,14,14,0) [ 9.5294 ]
1101:(39,2,5,37,13,13,0) [ 9.8904 ]
1102:(39,2,6,37,13,13,0) [ 10.307400000000001 ]
1103:(39,2,6,38,12,12,0) [ 10.273399999999999 ]
1104:(39,2,7,38,12,12,0) [ 10.7014 ]
1105:(39,2,5,38,12,12,0) [ 9.845399999999998 ]
1106:(39,2,6,39,11,11,0) [ 10.239400000000002 ]
1107:(39,2,7,39,11,11,0) [ 10.6784 ]
1108:(40,2,5,39,11,11,0) [ 9.8848 ]
1109:(40,2,4,39,11,11,0) [ 9.4458 ]
1110:(40,2,5,40,10,10,0) [ 9.8398 ]
1111:(40,2,6,40,10,10,0) [ 10.2898 ]
1112:(40,2,6,41,9,9,0) [ 10.2558 ]
1113:(40,2,7,41,9,9,0) [ 10.716800000000001 ]
1114:(41,2,5,41,9,9,0) [ 9.879199999999999 ]
1115:(41,2,6,42,8,8,0) [ 10.3062 ]
1116:(41,2,7,42,8,8,0) [ 10.778200000000002 ]
1117:(41,2,7,43,7,7,0) [ 10.755199999999999 ]
1118:(41,2,8,43,7,7,0) [ 11.238199999999999 ]
1119:(41,2,6,43,7,7,0) [ 10.2722 ]
1120:(42,2,5,43,7,7,0) [ 9.8736 ]
1121:(42,2,4,43,7,7,0) [ 9.3906 ]
1122:(43,2,3,43,7,7,0) [ 8.991999999999999 ]
1123:(43,2,4,44,6,6,0) [ 9.418999999999999 ]
1124:(43,2,5,44,6,6,0) [ 9.912999999999998 ]
1125:(43,2,3,44,6,6,0) [ 8.924999999999999 ]
1126:(44,2,2,44,6,6,0) [ 8.5154 ]
1127:(44,2,1,44,6,6,0) [ 8.0214 ]
1128:(44,2,2,45,5,5,0) [ 8.4374 ]
1129:(44,2,3,45,5,5,0) [ 8.9424 ]
1130:(45,2,1,45,5,5,0) [ 8.0168 ]
1131:(45,2,0,45,5,5,0) [ 7.5118 ]
1132:(45,2,1,46,4,4,0) [ 7.9278 ]
1133:(45,2,2,46,4,4,0) [ 8.443800000000001 ]
1134:(45,2,0,46,4,4,0) [ 7.4118 ]
1135:(45,2,1,47,3,3,0) [ 7.8388 ]
1136:(45,2,2,47,3,3,0) [ 8.3658 ]
1137:(46,2,2,48,2,2,0) [ 8.3722 ]
1138:(46,2,3,48,2,2,0) [ 8.9102 ]
1139:(46,2,1,48,1,2,1) [ 2107.7342 ]
1140:(46,2,2,48,1,2,1) [ 2108.2722 ]
1141:(46,2,0,48,1,2,1) [ 2107.1962 ]
1142:(46,2,0,48,2,2,0) [ 7.296200000000001 ]
1143:(46,2,1,48,2,2,0) [ 7.834200000000001 ]
1144:(46,2,1,49,1,1,0) [ 7.7452 ]
1145:(46,2,2,49,1,1,0) [ 8.2942 ]
1146:(47,2,0,49,1,1,0) [ 7.2806 ]
1147:(47,2,1,50,0,0,0) [ 7.740600000000001 ]
1148:(47,2,2,50,0,0,0) [ 8.3006 ]
1149:(48,2,0,50,0,0,0) [ 7.265 ]
1150:(19,2,10,0,49,50,1) [ 52509.8174 ]
1151:(19,2,11,0,49,50,1) [ 52509.8274 ]
1152:(19,2,11,1,48,49,1) [ 51459.8484 ]
1153:(19,2,12,1,48,49,1) [ 51459.8694 ]
1154:(20,2,10,1,48,49,1) [ 51459.9118 ]
1155:(20,2,11,2,47,48,1) [ 50409.953799999996 ]
1156:(20,2,12,2,47,48,1) [ 50409.985799999995 ]
1157:(21,2,10,2,47,48,1) [ 50410.006199999996 ]
1158:(21,2,9,2,47,48,1) [ 50409.9742 ]
1159:(21,2,10,3,46,47,1) [ 49360.0162 ]
1160:(21,2,11,3,46,47,1) [ 49360.059199999996 ]
1161:(21,2,12,4,45,46,1) [ 48310.1342 ]
1162:(20,2,10,4,45,46,1) [ 48309.9418 ]
1163:(20,2,11,4,45,46,1) [ 48309.9958 ]
1164:(21,2,9,4,45,46,1) [ 48309.9722 ]
1165:(21,2,8,4,45,46,1) [ 48309.9182 ]
1166:(21,2,9,5,44,45,1) [ 47259.9712 ]
1167:(21,2,10,5,44,45,1) [ 47260.0362 ]
1168:(21,2,10,6,43,44,1) [ 46210.046200000004 ]
1169:(21,2,11,6,43,44,1) [ 46210.122200000005 ]
1170:(21,2,9,6,43,44,1) [ 46209.9702 ]
1171:(21,2,10,7,42,43,1) [ 45160.0562 ]
1172:(21,2,11,7,42,43,1) [ 45160.1432 ]
1173:(21,2,9,7,42,43,1) [ 45159.9692 ]
1174:(22,2,8,7,42,43,1) [ 45159.9666 ]
1175:(23,2,7,7,42,43,1) [ 45159.964 ]
1176:(23,2,6,7,42,43,1) [ 45159.877 ]
1177:(23,2,7,8,41,42,1) [ 44109.941 ]
1178:(23,2,8,8,41,42,1) [ 44110.039 ]
1179:(23,2,6,8,41,42,1) [ 44109.843 ]
1180:(24,2,5,8,41,42,1) [ 44109.829399999995 ]
1181:(24,2,4,8,41,42,1) [ 44109.7314 ]
1182:(24,2,5,9,40,41,1) [ 43059.7844 ]
1183:(24,2,6,9,40,41,1) [ 43059.8934 ]
1184:(24,2,6,10,39,40,1) [ 42009.8594 ]
1185:(24,2,7,10,39,40,1) [ 42009.979400000004 ]
1186:(24,2,5,10,39,40,1) [ 42009.7394 ]
1187:(25,2,4,10,39,40,1) [ 42009.7038 ]
1188:(25,2,3,10,39,40,1) [ 42009.5838 ]
1189:(25,2,4,11,38,39,1) [ 40959.647800000006 ]
1190:(25,2,5,11,38,39,1) [ 40959.7788 ]
1191:(25,2,5,12,37,38,1) [ 39909.733799999995 ]
1192:(25,2,6,12,37,38,1) [ 39909.875799999994 ]
1193:(26,2,4,12,37,38,1) [ 39909.676199999994 ]
1194:(26,2,3,12,37,38,1) [ 39909.534199999995 ]
1195:(26,2,4,13,36,37,1) [ 38859.6202 ]
1196:(26,2,5,13,36,37,1) [ 38859.773199999996 ]
1197:(26,2,5,14,35,36,1) [ 37809.7282 ]
1198:(26,2,6,14,35,36,1) [ 37809.8922 ]
1199:(27,2,4,14,35,36,1) [ 37809.6486 ]
1200:(27,2,5,15,34,35,1) [ 36759.7676 ]
1201:(27,2,6,15,34,35,1) [ 36759.9426 ]
1202:(27,2,4,15,34,35,1) [ 36759.5926 ]
1203:(28,2,3,15,34,35,1) [ 36759.502 ]
1204:(28,2,4,16,33,34,1) [ 35709.62100000001 ]
1205:(28,2,5,16,33,34,1) [ 35709.807 ]
1206:(28,2,5,17,32,33,1) [ 34659.761999999995 ]
1207:(28,2,6,17,32,33,1) [ 34659.958999999995 ]
1208:(28,2,6,18,31,32,1) [ 33609.924999999996 ]
1209:(28,2,7,18,31,32,1) [ 33610.133 ]
1210:(28,2,6,18,32,32,0) [ 10.025000000000002 ]
1211:(28,2,7,18,32,32,0) [ 10.233 ]
1212:(29,2,5,18,32,32,0) [ 9.901399999999999 ]
1213:(29,2,6,19,31,31,0) [ 10.0754 ]
1214:(29,2,7,19,31,31,0) [ 10.2944 ]
1215:(30,2,5,19,31,31,0) [ 9.9408 ]
1216:(30,2,4,19,31,31,0) [ 9.7218 ]
1217:(31,2,3,19,31,31,0) [ 9.5872 ]
1218:(31,2,4,20,30,30,0) [ 9.7502 ]
1219:(31,2,5,20,30,30,0) [ 9.9802 ]
1220:(32,2,3,20,30,30,0) [ 9.6046 ]
1221:(32,2,4,21,29,29,0) [ 9.7786 ]
1222:(32,2,5,21,29,29,0) [ 10.0196 ]
1223:(32,2,5,22,28,28,0) [ 9.9746 ]
1224:(32,2,6,22,28,28,0) [ 10.2266 ]
1225:(32,2,6,23,27,27,0) [ 10.1926 ]
1226:(32,2,7,23,27,27,0) [ 10.4556 ]
1227:(32,2,5,23,27,27,0) [ 9.9296 ]
1228:(33,2,4,23,27,27,0) [ 9.751000000000001 ]
1229:(33,2,3,23,27,27,0) [ 9.488 ]
1230:(33,2,4,24,26,26,0) [ 9.695 ]
1231:(33,2,5,24,26,26,0) [ 9.969 ]
1232:(33,2,5,25,25,25,0) [ 9.924 ]
1233:(33,2,6,25,25,25,0) [ 10.209 ]
1234:(35,2,4,25,25,25,0) [ 9.8078 ]
1235:(35,2,3,25,25,25,0) [ 9.5228 ]
1236:(35,2,2,25,25,25,0) [ 9.2378 ]
1237:(35,2,3,26,24,24,0) [ 9.4558 ]
1238:(35,2,4,26,24,24,0) [ 9.7518 ]
1239:(35,2,4,27,23,23,0) [ 9.6958 ]
1240:(35,2,5,27,23,23,0) [ 10.0028 ]
1241:(36,2,3,27,23,23,0) [ 9.4732 ]
1242:(37,2,2,27,23,23,0) [ 9.2506 ]
1243:(38,2,1,27,23,23,0) [ 9.028 ]
1244:(38,2,2,28,22,22,0) [ 9.257000000000001 ]
1245:(38,2,3,28,22,22,0) [ 9.575 ]
1246:(38,2,3,29,21,21,0) [ 9.508000000000001 ]
1247:(37,2,4,29,21,21,0) [ 9.752600000000001 ]
1248:(37,2,5,29,21,21,0) [ 10.0816 ]
1249:(37,2,5,30,20,20,0) [ 10.0366 ]
1250:(37,2,6,30,20,20,0) [ 10.3766 ]
1251:(38,2,4,30,20,20,0) [ 9.780999999999999 ]
1252:(38,2,3,30,20,20,0) [ 9.440999999999999 ]
1253:(38,2,4,31,19,19,0) [ 9.725 ]
1254:(38,2,5,31,19,19,0) [ 10.076 ]
1255:(37,2,5,32,18,18,0) [ 9.9466 ]
1256:(37,2,6,32,18,18,0) [ 10.308600000000002 ]
1257:(37,2,6,33,17,17,0) [ 10.2746 ]
1258:(37,2,7,33,17,17,0) [ 10.6476 ]
1259:(37,2,5,33,17,17,0) [ 9.901599999999998 ]
1260:(37,2,6,34,16,16,0) [ 10.240599999999999 ]
1261:(37,2,7,34,16,16,0) [ 10.6246 ]
1262:(38,2,5,34,16,16,0) [ 9.941 ]
1263:(38,2,4,34,16,16,0) [ 9.557 ]
1264:(38,2,3,34,16,16,0) [ 9.173 ]
1265:(38,2,4,35,15,15,0) [ 9.501000000000001 ]
1266:(38,2,5,35,15,15,0) [ 9.896 ]
1267:(38,2,5,36,14,14,0) [ 9.851 ]
1268:(38,2,6,36,14,14,0) [ 10.257 ]
1269:(38,2,4,36,14,14,0) [ 9.445 ]
1270:(38,2,5,37,13,13,0) [ 9.806000000000001 ]
1271:(38,2,6,37,13,13,0) [ 10.223000000000003 ]
1272:(38,2,6,38,12,12,0) [ 10.189 ]
1273:(38,2,7,38,12,12,0) [ 10.617 ]
1274:(38,2,5,38,12,12,0) [ 9.761 ]
1275:(38,2,6,39,11,11,0) [ 10.155 ]
1276:(38,2,7,39,11,11,0) [ 10.594 ]
1277:(39,2,5,39,11,11,0) [ 9.800399999999998 ]
1278:(39,2,4,39,11,11,0) [ 9.3614 ]
1279:(39,2,5,40,10,10,0) [ 9.7554 ]
1280:(39,2,6,40,10,10,0) [ 10.205400000000001 ]
1281:(39,2,6,41,9,9,0) [ 10.1714 ]
1282:(39,2,7,41,9,9,0) [ 10.6324 ]
1283:(40,2,5,41,9,9,0) [ 9.7948 ]
1284:(40,2,6,42,8,8,0) [ 10.221800000000002 ]
1285:(40,2,7,42,8,8,0) [ 10.6938 ]
1286:(40,2,7,43,7,7,0) [ 10.6708 ]
1287:(40,2,8,43,7,7,0) [ 11.1538 ]
1288:(40,2,6,43,7,7,0) [ 10.1878 ]
1289:(41,2,5,43,7,7,0) [ 9.7892 ]
1290:(41,2,4,43,7,7,0) [ 9.3062 ]
1291:(42,2,3,43,7,7,0) [ 8.907599999999999 ]
1292:(42,2,4,44,6,6,0) [ 9.3346 ]
1293:(42,2,5,44,6,6,0) [ 9.8286 ]
1294:(42,2,3,44,6,6,0) [ 8.8406 ]
1295:(43,2,2,44,6,6,0) [ 8.431000000000001 ]
1296:(43,2,1,44,6,6,0) [ 7.936999999999999 ]
1297:(43,2,2,45,5,5,0) [ 8.353 ]
1298:(43,2,3,45,5,5,0) [ 8.858 ]
1299:(44,2,1,45,5,5,0) [ 7.9323999999999995 ]
1300:(44,2,0,45,5,5,0) [ 7.4274000000000004 ]
1301:(44,2,1,46,4,4,0) [ 7.8434 ]
1302:(44,2,2,46,4,4,0) [ 8.359399999999999 ]
1303:(44,2,0,46,4,4,0) [ 7.327400000000001 ]
1304:(44,2,1,47,3,3,0) [ 7.7543999999999995 ]
1305:(44,2,2,47,3,3,0) [ 8.2814 ]
1306:(45,2,2,48,2,2,0) [ 8.2878 ]
1307:(45,2,3,48,2,2,0) [ 8.8258 ]
1308:(46,2,3,49,1,1,0) [ 8.843200000000001 ]
1309:(46,2,3,48,1,2,1) [ 2108.8102 ]
1310:(45,2,1,48,1,2,1) [ 2107.6497999999997 ]
1311:(45,2,2,48,1,2,1) [ 2108.1877999999997 ]
1312:(45,2,0,48,1,2,1) [ 2107.1118 ]
1313:(45,2,0,48,2,2,0) [ 7.2118 ]
1314:(45,2,1,48,2,2,0) [ 7.7498000000000005 ]
1315:(45,2,1,49,1,1,0) [ 7.660799999999999 ]
1316:(45,2,2,49,1,1,0) [ 8.2098 ]
1317:(46,2,0,49,1,1,0) [ 7.1962 ]
1318:(46,2,1,50,0,0,0) [ 7.6562 ]
1319:(46,2,2,50,0,0,0) [ 8.2162 ]
1320:(47,2,0,50,0,0,0) [ 7.1806 ]
1321:(19,2,12,0,49,50,1) [ 52509.837400000004 TARGET ]
1322:(20,2,12,0,49,50,1) [ 52509.921800000004 TARGET ]
1323:(19,2,13,1,48,49,1) [ 51459.890400000004 ]
1324:(20,2,13,1,48,49,1) [ 51459.9748 ]
1325:(20,2,13,2,47,48,1) [ 50410.017799999994 ]
1326:(21,2,13,2,47,48,1) [ 50410.102199999994 ]
1327:(21,2,12,3,46,47,1) [ 49360.1022 ]
1328:(22,2,12,3,46,47,1) [ 49360.1866 ]
1329:(21,2,13,4,45,46,1) [ 48310.1882 ]
1330:(22,2,13,4,45,46,1) [ 48310.2726 ]
1331:(20,2,12,4,45,46,1) [ 48310.0498 ]
1332:(21,2,11,5,44,45,1) [ 47260.101200000005 ]
1333:(22,2,11,5,44,45,1) [ 47260.185600000004 ]
1334:(21,2,12,6,43,44,1) [ 46210.198200000006 ]
1335:(22,2,12,6,43,44,1) [ 46210.282600000006 ]
1336:(21,2,12,7,42,43,1) [ 45160.2302 ]
1337:(22,2,12,7,42,43,1) [ 45160.3146 ]
1338:(23,2,9,8,41,42,1) [ 44110.136999999995 ]
1339:(24,2,9,8,41,42,1) [ 44110.2214 ]
1340:(24,2,7,9,40,41,1) [ 43060.0024 ]
1341:(25,2,7,9,40,41,1) [ 43060.0868 ]
1342:(24,2,8,10,39,40,1) [ 42010.0994 ]
1343:(25,2,8,10,39,40,1) [ 42010.1838 ]
1344:(25,2,6,11,38,39,1) [ 40959.9098 ]
1345:(26,2,6,11,38,39,1) [ 40959.9942 ]
1346:(25,2,7,12,37,38,1) [ 39910.017799999994 ]
1347:(26,2,7,12,37,38,1) [ 39910.102199999994 ]
1348:(26,2,6,13,36,37,1) [ 38859.9262 ]
1349:(27,2,6,13,36,37,1) [ 38860.0106 ]
1350:(26,2,7,14,35,36,1) [ 37810.0562 ]
1351:(27,2,7,14,35,36,1) [ 37810.1406 ]
1352:(27,2,7,15,34,35,1) [ 36760.117600000005 ]
1353:(28,2,7,15,34,35,1) [ 36760.202000000005 ]
1354:(28,2,6,16,33,34,1) [ 35709.993 ]
1355:(29,2,6,16,33,34,1) [ 35710.0774 ]
1356:(28,2,7,17,32,33,1) [ 34660.155999999995 ]
1357:(29,2,7,17,32,33,1) [ 34660.240399999995 ]
1358:(28,2,8,18,31,32,1) [ 33610.341 ]
1359:(29,2,8,18,31,32,1) [ 33610.4254 ]
1360:(28,2,8,18,32,32,0) [ 10.441 ]
1361:(29,2,8,18,32,32,0) [ 10.525400000000001 ]
1362:(29,2,8,19,31,31,0) [ 10.5134 ]
1363:(30,2,8,19,31,31,0) [ 10.5978 ]
1364:(31,2,6,20,30,30,0) [ 10.2102 ]
1365:(32,2,6,20,30,30,0) [ 10.294599999999999 ]
1366:(32,2,6,21,29,29,0) [ 10.2606 ]
1367:(33,2,6,21,29,29,0) [ 10.345 ]
1368:(32,2,7,22,28,28,0) [ 10.4786 ]
1369:(33,2,7,22,28,28,0) [ 10.563 ]
1370:(32,2,8,23,27,27,0) [ 10.718599999999999 ]
1371:(33,2,8,23,27,27,0) [ 10.803 ]
1372:(33,2,6,24,26,26,0) [ 10.243 ]
1373:(34,2,6,24,26,26,0) [ 10.3274 ]
1374:(33,2,7,25,25,25,0) [ 10.494 ]
1375:(34,2,7,25,25,25,0) [ 10.5784 ]
1376:(35,2,5,26,24,24,0) [ 10.047799999999999 ]
1377:(36,2,5,26,24,24,0) [ 10.132200000000001 ]
1378:(35,2,6,27,23,23,0) [ 10.309800000000001 ]
1379:(36,2,6,27,23,23,0) [ 10.394200000000001 ]
1380:(38,2,4,28,22,22,0) [ 9.893 ]
1381:(39,2,4,28,22,22,0) [ 9.9774 ]
1382:(37,2,6,29,21,21,0) [ 10.4106 ]
1383:(38,2,6,29,21,21,0) [ 10.495 ]
1384:(37,2,7,30,20,20,0) [ 10.7166 ]
1385:(38,2,7,30,20,20,0) [ 10.801 ]
1386:(38,2,6,31,19,19,0) [ 10.427000000000001 ]
1387:(39,2,6,31,19,19,0) [ 10.5114 ]
1388:(38,2,7,32,18,18,0) [ 10.755 ]
1389:(37,2,7,32,18,18,0) [ 10.6706 ]
1390:(37,2,8,33,17,17,0) [ 11.020599999999998 ]
1391:(38,2,8,33,17,17,0) [ 11.105 ]
1392:(37,2,8,34,16,16,0) [ 11.0086 ]
1393:(38,2,8,34,16,16,0) [ 11.093 ]
1394:(38,2,6,35,15,15,0) [ 10.291 ]
1395:(39,2,6,35,15,15,0) [ 10.375399999999999 ]
1396:(38,2,7,36,14,14,0) [ 10.663 ]
1397:(39,2,7,36,14,14,0) [ 10.7474 ]
1398:(38,2,7,37,13,13,0) [ 10.64 ]
1399:(39,2,7,37,13,13,0) [ 10.7244 ]
1400:(38,2,8,38,12,12,0) [ 11.044999999999998 ]
1401:(39,2,8,38,12,12,0) [ 11.1294 ]
1402:(38,2,8,39,11,11,0) [ 11.033 ]
1403:(39,2,8,39,11,11,0) [ 11.1174 ]
1404:(39,2,7,40,10,10,0) [ 10.6554 ]
1405:(40,2,7,40,10,10,0) [ 10.739799999999999 ]
1406:(39,2,8,41,9,9,0) [ 11.0934 ]
1407:(40,2,8,41,9,9,0) [ 11.1778 ]
1408:(40,2,8,42,8,8,0) [ 11.1658 ]
1409:(41,2,8,42,8,8,0) [ 11.2502 ]
1410:(40,2,9,43,7,7,0) [ 11.6368 ]
1411:(41,2,9,43,7,7,0) [ 11.7212 ]
1412:(42,2,6,44,6,6,0) [ 10.3226 ]
1413:(43,2,6,44,6,6,0) [ 10.406999999999998 ]
1414:(43,2,4,45,5,5,0) [ 9.363 ]
1415:(44,2,4,45,5,5,0) [ 9.4474 ]
1416:(44,2,3,46,4,4,0) [ 8.8754 ]
1417:(45,2,3,46,4,4,0) [ 8.9598 ]
1418:(44,2,3,47,3,3,0) [ 8.8084 ]
1419:(45,2,3,47,3,3,0) [ 8.892800000000001 ]
1420:(45,2,4,48,2,2,0) [ 9.3638 ]
1421:(46,2,4,48,2,2,0) [ 9.4482 ]
1422:(46,2,4,49,1,1,0) [ 9.3922 ]
1423:(47,2,4,49,1,1,0) [ 9.4766 ]
1424:(46,2,4,48,1,2,1) [ 2109.3482 ]
1425:(47,2,4,48,1,2,1) [ 2109.4326 ]
1426:(45,2,3,48,1,2,1) [ 2108.7257999999997 ]
1427:(45,2,3,49,1,1,0) [ 8.758799999999999 ]
1428:(46,2,3,50,0,0,0) [ 8.7762 ]
1429:(47,2,3,50,0,0,0) [ 8.860600000000002 ]
1430:(51,2,0,49,0,1,1) [ 1057.5182 ]
1431:(51,2,1,49,0,1,1) [ 1058.0672 ]
1432:(50,2,1,49,0,1,1) [ 1057.9828 ]
1433:(49,2,4,50,0,0,0) [ 9.589400000000001 ]
1434:(48,2,5,50,0,0,0) [ 10.064999999999998 ]
1435:(48,2,6,50,0,0,0) [ 10.625 ]
1436:(48,2,7,50,0,0,0) [ 11.184999999999999 ]
1437:(48,2,6,49,1,1,0) [ 10.658999999999999 ]
1438:(48,2,7,49,1,1,0) [ 11.208 ]
1439:(47,2,8,49,1,1,0) [ 11.672600000000001 ]
1440:(47,2,7,48,2,2,0) [ 11.1466 ]
1441:(47,2,6,47,3,3,0) [ 10.642600000000002 ]
1442:(47,2,5,46,4,4,0) [ 10.1606 ]
1443:(46,2,6,46,4,4,0) [ 10.5922 ]
1444:(46,2,5,45,5,5,0) [ 10.1212 ]
1445:(42,2,9,41,9,9,0) [ 11.807599999999999 ]
1446:(42,2,8,40,10,10,0) [ 11.3586 ]
1447:(37,2,8,32,18,18,0) [ 11.032600000000002 ]
1448:(37,2,7,31,19,19,0) [ 10.693600000000002 ]
1449:(36,2,8,31,19,19,0) [ 10.9602 ]
1450:(36,2,9,31,19,19,0) [ 11.311200000000001 ]
1451:(35,2,9,31,19,19,0) [ 11.226799999999999 ]
1452:(35,2,8,30,20,20,0) [ 10.887799999999999 ]
1453:(34,2,9,30,20,20,0) [ 11.1434 ]
1454:(34,2,8,29,21,21,0) [ 10.815399999999999 ]
1455:(35,2,7,29,21,21,0) [ 10.5708 ]
1456:(34,2,7,28,22,22,0) [ 10.5094 ]
1457:(34,2,6,27,23,23,0) [ 10.2254 ]
1458:(33,2,7,27,23,23,0) [ 10.448 ]
1459:(33,2,6,26,24,24,0) [ 10.175 ]
1460:(32,2,6,25,25,25,0) [ 10.124600000000001 ]
1461:(32,2,7,25,25,25,0) [ 10.409600000000001 ]
1462:(32,2,6,24,26,26,0) [ 10.1586 ]
1463:(33,2,4,22,28,28,0) [ 9.807 ]
1464:(31,2,7,21,29,29,0) [ 10.417200000000001 ]
1465:(31,2,7,20,30,30,0) [ 10.4402 ]
1466:(30,2,8,20,30,30,0) [ 10.585799999999999 ]
1467:(30,2,6,17,33,33,0) [ 10.2278 ]
1468:(30,2,5,16,34,34,0) [ 10.075800000000001 ]
1469:(30,2,4,15,35,35,0) [ 9.9458 ]
1470:(30,2,3,14,36,36,0) [ 9.8378 ]
1471:(30,2,2,13,37,37,0) [ 9.7518 ]
1472:(30,2,1,12,38,38,0) [ 9.687800000000001 ]
1473:(30,2,0,11,39,39,0) [ 9.645800000000001 ]
1474:(29,2,1,11,39,39,0) [ 9.6924 ]
1475:(29,2,2,11,39,39,0) [ 9.8234 ]
1476:(28,2,3,11,39,39,0) [ 9.870000000000001 ]
1477:(28,2,2,10,40,40,0) [ 9.817 ]
1478:(27,2,3,10,40,40,0) [ 9.8526 ]
1479:(27,2,4,10,40,40,0) [ 9.9726 ]
1480:(26,2,5,10,40,40,0) [ 10.0082 ]
1481:(26,2,6,10,40,40,0) [ 10.1282 ]
1482:(25,2,6,10,40,40,0) [ 10.043800000000001 ]
1483:(26,2,3,8,41,42,1) [ 44109.8022 ]
1484:(26,2,2,7,42,43,1) [ 45159.782199999994 ]
1485:(26,2,1,6,43,44,1) [ 46209.7842 ]
1486:(26,2,0,5,44,45,1) [ 47259.8082 ]
1487:(26,2,1,5,44,45,1) [ 47259.8732 ]
1488:(25,2,2,5,44,45,1) [ 47259.853800000004 ]
1489:(25,2,3,5,44,45,1) [ 47259.9188 ]
1490:(25,2,4,5,44,45,1) [ 47259.9838 ]
1491:(25,2,3,4,45,46,1) [ 48309.9858 ]
1492:(25,2,2,3,46,47,1) [ 49360.0098 ]
1493:(25,2,3,3,46,47,1) [ 49360.0528 ]
1494:(25,2,2,2,47,48,1) [ 50410.087799999994 ]
1495:(26,2,2,2,47,48,1) [ 50410.17219999999 ]
1496:(25,2,3,2,47,48,1) [ 50410.1198 ]
1497:(25,2,4,2,47,48,1) [ 50410.1518 ]
1498:(25,2,3,1,48,49,1) [ 51460.1868 ]
1499:(24,2,4,1,48,49,1) [ 51460.123400000004 ]
1500:(24,2,3,0,49,50,1) [ 52510.1694 TARGET ]
1501:(25,2,3,0,49,50,1) [ 52510.2538 TARGET ]
1502:(23,2,3,0,49,50,1) [ 52510.085 ]
1503:(23,2,4,0,49,50,1) [ 52510.095 TARGET ]
1504:(24,2,4,0,49,50,1) [ 52510.1794 TARGET ]
1505:(25,2,4,1,48,49,1) [ 51460.207800000004 ]
1506:(23,2,4,1,48,49,1) [ 51460.039000000004 ]
1507:(23,2,5,1,48,49,1) [ 51460.060000000005 ]
1508:(24,2,5,1,48,49,1) [ 51460.144400000005 ]
1509:(26,2,3,1,48,49,1) [ 51460.2712 ]
1510:(24,2,3,1,48,49,1) [ 51460.1024 ]
1511:(26,2,4,2,47,48,1) [ 50410.2362 ]
1512:(24,2,4,2,47,48,1) [ 50410.0674 ]
1513:(24,2,5,2,47,48,1) [ 50410.0994 ]
1514:(25,2,5,2,47,48,1) [ 50410.1838 ]
1515:(26,2,3,2,47,48,1) [ 50410.2042 ]
1516:(24,2,3,2,47,48,1) [ 50410.0354 ]
1517:(27,2,2,2,47,48,1) [ 50410.2566 ]
1518:(24,2,2,2,47,48,1) [ 50410.003399999994 ]
1519:(26,2,3,3,46,47,1) [ 49360.1372 ]
1520:(24,2,3,3,46,47,1) [ 49359.9684 ]
1521:(24,2,4,3,46,47,1) [ 49360.011399999996 ]
1522:(25,2,4,3,46,47,1) [ 49360.095799999996 ]
1523:(26,2,2,3,46,47,1) [ 49360.0942 ]
1524:(24,2,2,3,46,47,1) [ 49359.9254 ]
1525:(26,2,3,4,45,46,1) [ 48310.0702 ]
1526:(24,2,3,4,45,46,1) [ 48309.9014 ]
1527:(24,2,4,4,45,46,1) [ 48309.9554 ]
1528:(25,2,4,4,45,46,1) [ 48310.0398 ]
1529:(26,2,4,5,44,45,1) [ 47260.0682 ]
1530:(24,2,4,5,44,45,1) [ 47259.8994 ]
1531:(24,2,5,5,44,45,1) [ 47259.964400000004 ]
1532:(25,2,5,5,44,45,1) [ 47260.048800000004 ]
1533:(26,2,3,5,44,45,1) [ 47260.0032 ]
1534:(24,2,3,5,44,45,1) [ 47259.8344 ]
1535:(26,2,2,5,44,45,1) [ 47259.938200000004 ]
1536:(24,2,2,5,44,45,1) [ 47259.769400000005 ]
1537:(27,2,1,5,44,45,1) [ 47259.9576 ]
1538:(25,2,1,5,44,45,1) [ 47259.7888 ]
1539:(27,2,0,5,44,45,1) [ 47259.8926 ]
1540:(25,2,0,5,44,45,1) [ 47259.7238 ]
1541:(27,2,1,6,43,44,1) [ 46209.8686 ]
1542:(25,2,1,6,43,44,1) [ 46209.6998 ]
1543:(25,2,2,6,43,44,1) [ 46209.7758 ]
1544:(26,2,2,6,43,44,1) [ 46209.8602 ]
1545:(27,2,2,7,42,43,1) [ 45159.866599999994 ]
1546:(25,2,2,7,42,43,1) [ 45159.697799999994 ]
1547:(25,2,3,7,42,43,1) [ 45159.784799999994 ]
1548:(26,2,3,7,42,43,1) [ 45159.869199999994 ]
1549:(27,2,3,8,41,42,1) [ 44109.8866 ]
1550:(25,2,3,8,41,42,1) [ 44109.7178 ]
1551:(24,2,6,10,40,40,0) [ 9.9594 ]
1552:(24,2,7,10,40,40,0) [ 10.0794 ]
1553:(25,2,7,10,40,40,0) [ 10.1638 ]
1554:(27,2,6,10,40,40,0) [ 10.2126 ]
1555:(26,2,7,10,40,40,0) [ 10.2482 ]
1556:(27,2,5,10,40,40,0) [ 10.092600000000001 ]
1557:(25,2,5,10,40,40,0) [ 9.9238 ]
1558:(28,2,4,10,40,40,0) [ 10.057 ]
1559:(26,2,4,10,40,40,0) [ 9.888200000000001 ]
1560:(28,2,3,10,40,40,0) [ 9.937000000000001 ]
1561:(26,2,3,10,40,40,0) [ 9.7682 ]
1562:(29,2,2,10,40,40,0) [ 9.901399999999999 ]
1563:(27,2,2,10,40,40,0) [ 9.732600000000001 ]
1564:(29,2,3,11,39,39,0) [ 9.9544 ]
1565:(27,2,3,11,39,39,0) [ 9.7856 ]
1566:(27,2,4,11,39,39,0) [ 9.9166 ]
1567:(28,2,4,11,39,39,0) [ 10.001000000000001 ]
1568:(30,2,2,11,39,39,0) [ 9.9078 ]
1569:(28,2,2,11,39,39,0) [ 9.739 ]
1570:(30,2,1,11,39,39,0) [ 9.7768 ]
1571:(28,2,1,11,39,39,0) [ 9.608 ]
1572:(31,2,0,11,39,39,0) [ 9.7302 ]
1573:(29,2,0,11,39,39,0) [ 9.5614 ]
1574:(31,2,1,12,38,38,0) [ 9.7722 ]
1575:(29,2,1,12,38,38,0) [ 9.6034 ]
1576:(29,2,2,12,38,38,0) [ 9.7454 ]
1577:(30,2,2,12,38,38,0) [ 9.8298 ]
1578:(31,2,2,13,37,37,0) [ 9.836200000000002 ]
1579:(29,2,2,13,37,37,0) [ 9.6674 ]
1580:(29,2,3,13,37,37,0) [ 9.8204 ]
1581:(30,2,3,13,37,37,0) [ 9.9048 ]
1582:(31,2,3,14,36,36,0) [ 9.9222 ]
1583:(29,2,3,14,36,36,0) [ 9.7534 ]
1584:(29,2,4,14,36,36,0) [ 9.9174 ]
1585:(30,2,4,14,36,36,0) [ 10.0018 ]
1586:(31,2,4,15,35,35,0) [ 10.0302 ]
1587:(29,2,4,15,35,35,0) [ 9.8614 ]
1588:(29,2,5,15,35,35,0) [ 10.0364 ]
1589:(30,2,5,15,35,35,0) [ 10.1208 ]
1590:(31,2,5,16,34,34,0) [ 10.1602 ]
1591:(29,2,5,16,34,34,0) [ 9.9914 ]
1592:(29,2,6,16,34,34,0) [ 10.1774 ]
1593:(30,2,6,16,34,34,0) [ 10.261800000000001 ]
1594:(31,2,6,17,33,33,0) [ 10.3122 ]
1595:(29,2,6,17,33,33,0) [ 10.1434 ]
1596:(29,2,7,17,33,33,0) [ 10.3404 ]
1597:(30,2,7,17,33,33,0) [ 10.4248 ]
1598:(31,2,8,20,30,30,0) [ 10.670200000000001 ]
1599:(29,2,8,20,30,30,0) [ 10.5014 ]
1600:(29,2,9,20,30,30,0) [ 10.7314 ]
1601:(30,2,9,20,30,30,0) [ 10.8158 ]
1602:(32,2,7,20,30,30,0) [ 10.5246 ]
1603:(30,2,7,20,30,30,0) [ 10.355799999999999 ]
1604:(30,2,6,20,30,30,0) [ 10.1258 ]
1605:(32,2,7,21,29,29,0) [ 10.5016 ]
1606:(30,2,7,21,29,29,0) [ 10.332799999999999 ]
1607:(30,2,8,21,29,29,0) [ 10.5738 ]
1608:(31,2,8,21,29,29,0) [ 10.6582 ]
1609:(31,2,6,21,29,29,0) [ 10.176200000000001 ]
1610:(31,2,5,21,29,29,0) [ 9.9352 ]
1611:(34,2,4,22,28,28,0) [ 9.8914 ]
1612:(32,2,4,22,28,28,0) [ 9.7226 ]
1613:(32,2,7,24,26,26,0) [ 10.4326 ]
1614:(33,2,7,24,26,26,0) [ 10.517 ]
1615:(31,2,6,24,26,26,0) [ 10.074200000000001 ]
1616:(31,2,7,24,26,26,0) [ 10.3482 ]
1617:(31,2,7,25,25,25,0) [ 10.325199999999999 ]
1618:(31,2,8,25,25,25,0) [ 10.610199999999999 ]
1619:(32,2,8,25,25,25,0) [ 10.694600000000001 ]
1620:(31,2,6,25,25,25,0) [ 10.0402 ]
1621:(32,2,5,25,25,25,0) [ 9.8396 ]
1622:(34,2,6,26,24,24,0) [ 10.2594 ]
1623:(32,2,6,26,24,24,0) [ 10.090600000000002 ]
1624:(32,2,7,26,24,24,0) [ 10.386600000000001 ]
1625:(33,2,7,26,24,24,0) [ 10.471 ]
1626:(34,2,7,27,23,23,0) [ 10.5324 ]
1627:(32,2,7,27,23,23,0) [ 10.363600000000002 ]
1628:(32,2,8,27,23,23,0) [ 10.6706 ]
1629:(33,2,8,27,23,23,0) [ 10.755 ]
1630:(33,2,6,27,23,23,0) [ 10.141 ]
1631:(35,2,7,28,22,22,0) [ 10.593799999999998 ]
1632:(33,2,7,28,22,22,0) [ 10.425 ]
1633:(33,2,8,28,22,22,0) [ 10.742999999999999 ]
1634:(34,2,8,28,22,22,0) [ 10.8274 ]
1635:(35,2,8,29,21,21,0) [ 10.8998 ]
1636:(33,2,8,29,21,21,0) [ 10.731 ]
1637:(33,2,9,29,21,21,0) [ 11.06 ]
1638:(34,2,9,29,21,21,0) [ 11.1444 ]
1639:(36,2,7,29,21,21,0) [ 10.655199999999999 ]
1640:(34,2,7,29,21,21,0) [ 10.4864 ]
1641:(35,2,9,30,20,20,0) [ 11.227799999999998 ]
1642:(33,2,9,30,20,20,0) [ 11.059000000000001 ]
1643:(33,2,10,30,20,20,0) [ 11.399000000000001 ]
1644:(34,2,10,30,20,20,0) [ 11.4834 ]
1645:(36,2,8,30,20,20,0) [ 10.9722 ]
1646:(34,2,8,30,20,20,0) [ 10.8034 ]
1647:(34,2,9,31,19,19,0) [ 11.1424 ]
1648:(34,2,10,31,19,19,0) [ 11.4934 ]
1649:(35,2,10,31,19,19,0) [ 11.577800000000002 ]
1650:(37,2,9,31,19,19,0) [ 11.3956 ]
1651:(36,2,10,31,19,19,0) [ 11.6622 ]
1652:(37,2,8,31,19,19,0) [ 11.0446 ]
1653:(35,2,8,31,19,19,0) [ 10.8758 ]
1654:(38,2,7,31,19,19,0) [ 10.778 ]
1655:(36,2,7,31,19,19,0) [ 10.6092 ]
1656:(38,2,8,32,18,18,0) [ 11.117 ]
1657:(36,2,8,32,18,18,0) [ 10.9482 ]
1658:(36,2,9,32,18,18,0) [ 11.310200000000002 ]
1659:(37,2,9,32,18,18,0) [ 11.3946 ]
1660:(37,2,9,34,16,16,0) [ 11.3926 ]
1661:(38,2,9,34,16,16,0) [ 11.476999999999999 ]
1662:(39,2,8,37,13,13,0) [ 11.1414 ]
1663:(40,2,8,37,13,13,0) [ 11.2258 ]
1664:(40,2,9,39,11,11,0) [ 11.6408 ]
1665:(41,2,9,39,11,11,0) [ 11.7252 ]
1666:(43,2,8,40,10,10,0) [ 11.443 ]
1667:(41,2,8,40,10,10,0) [ 11.2742 ]
1668:(41,2,9,40,10,10,0) [ 11.7242 ]
1669:(42,2,9,40,10,10,0) [ 11.808599999999998 ]
1670:(43,2,9,41,9,9,0) [ 11.892 ]
1671:(41,2,9,41,9,9,0) [ 11.7232 ]
1672:(41,2,10,41,9,9,0) [ 12.184200000000002 ]
1673:(42,2,10,41,9,9,0) [ 12.268600000000001 ]
1674:(47,2,5,45,5,5,0) [ 10.2056 ]
1675:(45,2,5,45,5,5,0) [ 10.0368 ]
1676:(45,2,6,45,5,5,0) [ 10.5418 ]
1677:(46,2,6,45,5,5,0) [ 10.6262 ]
1678:(47,2,6,46,4,4,0) [ 10.676600000000002 ]
1679:(45,2,6,46,4,4,0) [ 10.507800000000001 ]
1680:(45,2,7,46,4,4,0) [ 11.0238 ]
1681:(46,2,7,46,4,4,0) [ 11.108200000000002 ]
1682:(48,2,5,46,4,4,0) [ 10.245 ]
1683:(46,2,5,46,4,4,0) [ 10.076200000000002 ]
1684:(48,2,6,47,3,3,0) [ 10.727 ]
1685:(46,2,6,47,3,3,0) [ 10.558200000000003 ]
1686:(46,2,7,47,3,3,0) [ 11.0852 ]
1687:(47,2,7,47,3,3,0) [ 11.1696 ]
1688:(48,2,7,48,2,2,0) [ 11.230999999999998 ]
1689:(46,2,7,48,2,2,0) [ 11.0622 ]
1690:(46,2,8,48,2,2,0) [ 11.600200000000001 ]
1691:(47,2,8,48,2,2,0) [ 11.6846 ]
1692:(48,2,8,49,1,1,0) [ 11.757 ]
1693:(46,2,8,49,1,1,0) [ 11.588199999999999 ]
1694:(46,2,9,49,1,1,0) [ 12.137200000000002 ]
1695:(47,2,9,49,1,1,0) [ 12.2216 ]
1696:(49,2,7,49,1,1,0) [ 11.292399999999999 ]
1697:(47,2,7,49,1,1,0) [ 11.123600000000001 ]
1698:(49,2,6,49,1,1,0) [ 10.7434 ]
1699:(47,2,6,49,1,1,0) [ 10.5746 ]
1700:(49,2,7,50,0,0,0) [ 11.269400000000001 ]
1701:(47,2,7,50,0,0,0) [ 11.1006 ]
1702:(47,2,8,50,0,0,0) [ 11.660599999999999 ]
1703:(48,2,8,50,0,0,0) [ 11.745000000000001 ]
1704:(49,2,6,50,0,0,0) [ 10.709399999999999 ]
1705:(47,2,6,50,0,0,0) [ 10.540600000000001 ]
1706:(49,2,5,50,0,0,0) [ 10.1494 ]
1707:(47,2,5,50,0,0,0) [ 9.980599999999999 ]
1708:(50,2,4,50,0,0,0) [ 9.6738 ]
1709:(48,2,4,50,0,0,0) [ 9.504999999999999 ]
1710:(49,2,1,49,0,1,1) [ 1057.8984 ]
1711:(49,2,2,49,0,1,1) [ 1058.4474 ]
1712:(50,2,2,49,0,1,1) [ 1058.5318 ]
1713:(52,2,1,49,0,1,1) [ 1058.1516 ]
1714:(51,2,2,49,0,1,1) [ 1058.6162 ]
1715:(52,2,0,49,0,1,1) [ 1057.6026 ]
1716:(50,2,0,49,0,1,1) [ 1057.4338 ]
1717:(26,2,10,0,49,50,1) [ 52510.4082 TARGET ]
1718:(25,2,11,0,49,50,1) [ 52510.3338 TARGET ]
1719:(26,2,11,1,48,49,1) [ 51460.4392 ]
1720:(25,2,12,1,48,49,1) [ 51460.3758 ]
1721:(27,2,10,1,48,49,1) [ 51460.5026 ]
1722:(27,2,11,2,47,48,1) [ 50410.544599999994 ]
1723:(26,2,12,2,47,48,1) [ 50410.4922 ]
1724:(28,2,10,2,47,48,1) [ 50410.596999999994 ]
1725:(28,2,9,2,47,48,1) [ 50410.564999999995 ]
1726:(28,2,10,3,46,47,1) [ 49360.606999999996 ]
1727:(27,2,11,3,46,47,1) [ 49360.5656 ]
1728:(28,2,11,4,45,46,1) [ 48310.671 ]
1729:(27,2,12,4,45,46,1) [ 48310.6406 ]
1730:(28,2,10,4,45,46,1) [ 48310.617 ]
1731:(28,2,9,4,45,46,1) [ 48310.563 ]
1732:(28,2,8,4,45,46,1) [ 48310.509 ]
1733:(28,2,9,5,44,45,1) [ 47260.562 ]
1734:(27,2,10,5,44,45,1) [ 47260.5426 ]
1735:(28,2,10,6,43,44,1) [ 46210.637 ]
1736:(27,2,11,6,43,44,1) [ 46210.628600000004 ]
1737:(28,2,9,6,43,44,1) [ 46210.561 ]
1738:(28,2,10,7,42,43,1) [ 45160.647 ]
1739:(27,2,11,7,42,43,1) [ 45160.6496 ]
1740:(28,2,9,7,42,43,1) [ 45160.56 ]
1741:(29,2,8,7,42,43,1) [ 45160.5574 ]
1742:(30,2,7,7,42,43,1) [ 45160.5548 ]
1743:(30,2,6,7,42,43,1) [ 45160.4678 ]
1744:(30,2,7,8,41,42,1) [ 44110.5318 ]
1745:(29,2,8,8,41,42,1) [ 44110.545399999995 ]
1746:(30,2,6,8,41,42,1) [ 44110.4338 ]
1747:(31,2,5,8,41,42,1) [ 44110.4202 ]
1748:(31,2,4,8,41,42,1) [ 44110.322199999995 ]
1749:(31,2,5,9,40,41,1) [ 43060.3752 ]
1750:(30,2,6,9,40,41,1) [ 43060.3998 ]
1751:(31,2,6,10,39,40,1) [ 42010.4502 ]
1752:(30,2,7,10,39,40,1) [ 42010.4858 ]
1753:(31,2,5,10,39,40,1) [ 42010.330200000004 ]
1754:(32,2,4,10,39,40,1) [ 42010.2946 ]
1755:(32,2,3,10,39,40,1) [ 42010.1746 ]
1756:(32,2,4,11,38,39,1) [ 40960.238600000004 ]
1757:(31,2,5,11,38,39,1) [ 40960.285200000006 ]
1758:(32,2,5,12,37,38,1) [ 39910.3246 ]
1759:(31,2,6,12,37,38,1) [ 39910.3822 ]
1760:(33,2,4,12,37,38,1) [ 39910.267 ]
1761:(33,2,3,12,37,38,1) [ 39910.125 ]
1762:(33,2,4,13,36,37,1) [ 38860.210999999996 ]
1763:(32,2,5,13,36,37,1) [ 38860.2796 ]
1764:(33,2,5,14,35,36,1) [ 37810.319 ]
1765:(32,2,6,14,35,36,1) [ 37810.3986 ]
1766:(34,2,4,14,35,36,1) [ 37810.2394 ]
1767:(34,2,5,15,34,35,1) [ 36760.358400000005 ]
1768:(33,2,6,15,34,35,1) [ 36760.449 ]
1769:(34,2,4,15,34,35,1) [ 36760.1834 ]
1770:(35,2,3,15,34,35,1) [ 36760.0928 ]
1771:(35,2,4,16,33,34,1) [ 35710.211800000005 ]
1772:(34,2,5,16,33,34,1) [ 35710.31340000001 ]
1773:(35,2,5,17,32,33,1) [ 34660.3528 ]
1774:(34,2,6,17,32,33,1) [ 34660.465399999994 ]
1775:(35,2,6,18,31,32,1) [ 33610.5158 ]
1776:(34,2,7,18,31,32,1) [ 33610.6394 ]
1777:(35,2,6,18,32,32,0) [ 10.6158 ]
1778:(34,2,7,18,32,32,0) [ 10.7394 ]
1779:(36,2,5,18,32,32,0) [ 10.4922 ]
1780:(36,2,6,19,31,31,0) [ 10.6662 ]
1781:(35,2,7,19,31,31,0) [ 10.8008 ]
1782:(37,2,5,19,31,31,0) [ 10.531600000000001 ]
1783:(37,2,4,19,31,31,0) [ 10.3126 ]
1784:(38,2,3,19,31,31,0) [ 10.178 ]
1785:(38,2,4,20,30,30,0) [ 10.341000000000001 ]
1786:(37,2,5,20,30,30,0) [ 10.4866 ]
1787:(39,2,3,20,30,30,0) [ 10.1954 ]
1788:(39,2,4,21,29,29,0) [ 10.3694 ]
1789:(38,2,5,21,29,29,0) [ 10.526 ]
1790:(39,2,5,22,28,28,0) [ 10.5654 ]
1791:(38,2,6,22,28,28,0) [ 10.733 ]
1792:(39,2,6,23,27,27,0) [ 10.7834 ]
1793:(38,2,7,23,27,27,0) [ 10.962 ]
1794:(39,2,5,23,27,27,0) [ 10.5204 ]
1795:(40,2,4,23,27,27,0) [ 10.341800000000001 ]
1796:(40,2,3,23,27,27,0) [ 10.078800000000001 ]
1797:(40,2,4,24,26,26,0) [ 10.2858 ]
1798:(39,2,5,24,26,26,0) [ 10.4754 ]
1799:(41,2,5,25,25,25,0) [ 10.5992 ]
1800:(40,2,6,25,25,25,0) [ 10.799800000000001 ]
1801:(42,2,4,25,25,25,0) [ 10.3986 ]
1802:(42,2,3,25,25,25,0) [ 10.1136 ]
1803:(42,2,2,25,25,25,0) [ 9.8286 ]
1804:(42,2,3,26,24,24,0) [ 10.046600000000002 ]
1805:(41,2,4,26,24,24,0) [ 10.2582 ]
1806:(42,2,4,27,23,23,0) [ 10.2866 ]
1807:(41,2,5,27,23,23,0) [ 10.5092 ]
1808:(43,2,3,27,23,23,0) [ 10.064 ]
1809:(44,2,2,27,23,23,0) [ 9.8414 ]
1810:(45,2,1,27,23,23,0) [ 9.6188 ]
1811:(45,2,2,28,22,22,0) [ 9.8478 ]
1812:(44,2,3,28,22,22,0) [ 10.0814 ]
1813:(45,2,3,29,21,21,0) [ 10.0988 ]
1814:(44,2,4,29,21,21,0) [ 10.3434 ]
1815:(43,2,5,29,21,21,0) [ 10.588 ]
1816:(44,2,5,30,20,20,0) [ 10.6274 ]
1817:(43,2,6,30,20,20,0) [ 10.883 ]
1818:(45,2,4,30,20,20,0) [ 10.3718 ]
1819:(45,2,3,30,20,20,0) [ 10.0318 ]
1820:(45,2,4,31,19,19,0) [ 10.315800000000001 ]
1821:(44,2,5,31,19,19,0) [ 10.5824 ]
1822:(45,2,5,32,18,18,0) [ 10.6218 ]
1823:(44,2,6,32,18,18,0) [ 10.8994 ]
1824:(44,2,6,33,17,17,0) [ 10.865400000000001 ]
1825:(43,2,7,33,17,17,0) [ 11.154 ]
1826:(44,2,5,33,17,17,0) [ 10.4924 ]
1827:(44,2,6,34,16,16,0) [ 10.8314 ]
1828:(43,2,7,34,16,16,0) [ 11.130999999999998 ]
1829:(45,2,5,34,16,16,0) [ 10.531799999999999 ]
1830:(45,2,4,34,16,16,0) [ 10.147799999999998 ]
1831:(45,2,3,34,16,16,0) [ 9.7638 ]
1832:(45,2,4,35,15,15,0) [ 10.0918 ]
1833:(44,2,5,35,15,15,0) [ 10.4024 ]
1834:(45,2,5,36,14,14,0) [ 10.441799999999999 ]
1835:(44,2,6,36,14,14,0) [ 10.7634 ]
1836:(45,2,4,36,14,14,0) [ 10.0358 ]
1837:(45,2,5,37,13,13,0) [ 10.396799999999999 ]
1838:(44,2,6,37,13,13,0) [ 10.729400000000002 ]
1839:(45,2,6,38,12,12,0) [ 10.779799999999998 ]
1840:(44,2,7,38,12,12,0) [ 11.1234 ]
1841:(45,2,5,38,12,12,0) [ 10.3518 ]
1842:(45,2,6,39,11,11,0) [ 10.745800000000001 ]
1843:(44,2,7,39,11,11,0) [ 11.100399999999999 ]
1844:(46,2,5,39,11,11,0) [ 10.3912 ]
1845:(46,2,4,39,11,11,0) [ 9.9522 ]
1846:(46,2,5,40,10,10,0) [ 10.3462 ]
1847:(45,2,6,40,10,10,0) [ 10.7118 ]
1848:(46,2,6,41,9,9,0) [ 10.762200000000002 ]
1849:(45,2,7,41,9,9,0) [ 11.138800000000002 ]
1850:(47,2,5,41,9,9,0) [ 10.385600000000002 ]
1851:(47,2,6,42,8,8,0) [ 10.812600000000002 ]
1852:(46,2,7,42,8,8,0) [ 11.200200000000002 ]
1853:(47,2,7,43,7,7,0) [ 11.2616 ]
1854:(46,2,8,43,7,7,0) [ 11.6602 ]
1855:(47,2,6,43,7,7,0) [ 10.7786 ]
1856:(48,2,5,43,7,7,0) [ 10.379999999999999 ]
1857:(48,2,4,43,7,7,0) [ 9.896999999999998 ]
1858:(49,2,3,43,7,7,0) [ 9.4984 ]
1859:(49,2,4,44,6,6,0) [ 9.9254 ]
1860:(48,2,5,44,6,6,0) [ 10.334999999999999 ]
1861:(49,2,3,44,6,6,0) [ 9.4314 ]
1862:(50,2,2,44,6,6,0) [ 9.021799999999999 ]
1863:(50,2,1,44,6,6,0) [ 8.5278 ]
1864:(50,2,2,45,5,5,0) [ 8.9438 ]
1865:(49,2,3,45,5,5,0) [ 9.3644 ]
1866:(51,2,1,45,5,5,0) [ 8.523200000000001 ]
1867:(51,2,0,45,5,5,0) [ 8.0182 ]
1868:(51,2,1,46,4,4,0) [ 8.434200000000002 ]
1869:(50,2,2,46,4,4,0) [ 8.865799999999998 ]
1870:(51,2,0,46,4,4,0) [ 7.9182000000000015 ]
1871:(52,2,1,47,3,3,0) [ 8.4296 ]
1872:(51,2,2,47,3,3,0) [ 8.872200000000001 ]
1873:(52,2,2,48,2,2,0) [ 8.878599999999999 ]
1874:(51,2,3,48,2,2,0) [ 9.3322 ]
1875:(53,2,1,48,2,2,0) [ 8.425 ]
1876:(53,2,2,49,1,1,0) [ 8.885 ]
1877:(52,2,3,49,1,1,0) [ 9.3496 ]
1878:(53,2,2,48,1,2,1) [ 2108.863 ]
1879:(52,2,3,48,1,2,1) [ 2109.3166 ]
1880:(54,2,1,48,1,2,1) [ 2108.4094 ]
1881:(54,2,0,48,1,2,1) [ 2107.8714 ]
1882:(52,2,0,48,2,2,0) [ 7.802600000000001 ]
1883:(52,2,1,49,1,1,0) [ 8.2516 ]
1884:(53,2,0,49,1,1,0) [ 7.787 ]
1885:(53,2,1,50,0,0,0) [ 8.247 ]
1886:(52,2,2,50,0,0,0) [ 8.7226 ]
1887:(54,2,0,50,0,0,0) [ 7.771400000000001 ]
1888:(27,2,10,0,49,50,1) [ 52510.492600000005 TARGET ]
1889:(26,2,11,0,49,50,1) [ 52510.4182 TARGET ]
1890:(27,2,11,1,48,49,1) [ 51460.5236 ]
1891:(26,2,12,1,48,49,1) [ 51460.4602 ]
1892:(28,2,10,1,48,49,1) [ 51460.587 ]
1893:(28,2,11,2,47,48,1) [ 50410.62899999999 ]
1894:(27,2,12,2,47,48,1) [ 50410.5766 ]
1895:(29,2,10,2,47,48,1) [ 50410.681399999994 ]
1896:(29,2,9,2,47,48,1) [ 50410.649399999995 ]
1897:(29,2,10,3,46,47,1) [ 49360.691399999996 ]
1898:(28,2,11,3,46,47,1) [ 49360.65 ]
1899:(29,2,11,4,45,46,1) [ 48310.7554 ]
1900:(28,2,12,4,45,46,1) [ 48310.725 ]
1901:(29,2,10,4,45,46,1) [ 48310.7014 ]
1902:(29,2,9,4,45,46,1) [ 48310.6474 ]
1903:(29,2,8,4,45,46,1) [ 48310.5934 ]
1904:(29,2,9,5,44,45,1) [ 47260.646400000005 ]
1905:(28,2,10,5,44,45,1) [ 47260.627 ]
1906:(29,2,10,6,43,44,1) [ 46210.7214 ]
1907:(28,2,11,6,43,44,1) [ 46210.713 ]
1908:(29,2,9,6,43,44,1) [ 46210.6454 ]
1909:(29,2,10,7,42,43,1) [ 45160.7314 ]
1910:(28,2,11,7,42,43,1) [ 45160.734 ]
1911:(29,2,9,7,42,43,1) [ 45160.6444 ]
1912:(30,2,8,7,42,43,1) [ 45160.6418 ]
1913:(31,2,7,7,42,43,1) [ 45160.6392 ]
1914:(31,2,6,7,42,43,1) [ 45160.5522 ]
1915:(31,2,7,8,41,42,1) [ 44110.6162 ]
1916:(30,2,8,8,41,42,1) [ 44110.629799999995 ]
1917:(31,2,6,8,41,42,1) [ 44110.5182 ]
1918:(32,2,5,8,41,42,1) [ 44110.5046 ]
1919:(32,2,4,8,41,42,1) [ 44110.4066 ]
1920:(32,2,5,9,40,41,1) [ 43060.4596 ]
1921:(31,2,6,9,40,41,1) [ 43060.4842 ]
1922:(32,2,6,10,39,40,1) [ 42010.5346 ]
1923:(31,2,7,10,39,40,1) [ 42010.5702 ]
1924:(32,2,5,10,39,40,1) [ 42010.414600000004 ]
1925:(33,2,4,10,39,40,1) [ 42010.379 ]
1926:(33,2,3,10,39,40,1) [ 42010.259 ]
1927:(33,2,4,11,38,39,1) [ 40960.323000000004 ]
1928:(32,2,5,11,38,39,1) [ 40960.369600000005 ]
1929:(33,2,5,12,37,38,1) [ 39910.409 ]
1930:(32,2,6,12,37,38,1) [ 39910.4666 ]
1931:(34,2,4,12,37,38,1) [ 39910.3514 ]
1932:(34,2,3,12,37,38,1) [ 39910.2094 ]
1933:(34,2,4,13,36,37,1) [ 38860.295399999995 ]
1934:(33,2,5,13,36,37,1) [ 38860.364 ]
1935:(34,2,5,14,35,36,1) [ 37810.4034 ]
1936:(33,2,6,14,35,36,1) [ 37810.483 ]
1937:(35,2,4,14,35,36,1) [ 37810.3238 ]
1938:(35,2,5,15,34,35,1) [ 36760.442800000004 ]
1939:(34,2,6,15,34,35,1) [ 36760.5334 ]
1940:(35,2,4,15,34,35,1) [ 36760.2678 ]
1941:(36,2,3,15,34,35,1) [ 36760.1772 ]
1942:(36,2,4,16,33,34,1) [ 35710.296200000004 ]
1943:(35,2,5,16,33,34,1) [ 35710.397800000006 ]
1944:(36,2,5,17,32,33,1) [ 34660.4372 ]
1945:(35,2,6,17,32,33,1) [ 34660.5498 ]
1946:(36,2,6,18,31,32,1) [ 33610.6002 ]
1947:(35,2,7,18,31,32,1) [ 33610.7238 ]
1948:(36,2,6,18,32,32,0) [ 10.7002 ]
1949:(35,2,7,18,32,32,0) [ 10.8238 ]
1950:(37,2,5,18,32,32,0) [ 10.5766 ]
1951:(37,2,6,19,31,31,0) [ 10.7506 ]
1952:(36,2,7,19,31,31,0) [ 10.885200000000001 ]
1953:(38,2,5,19,31,31,0) [ 10.616 ]
1954:(38,2,4,19,31,31,0) [ 10.397 ]
1955:(39,2,3,19,31,31,0) [ 10.2624 ]
1956:(39,2,4,20,30,30,0) [ 10.4254 ]
1957:(38,2,5,20,30,30,0) [ 10.571 ]
1958:(40,2,3,20,30,30,0) [ 10.2798 ]
1959:(40,2,4,21,29,29,0) [ 10.453800000000001 ]
1960:(39,2,5,21,29,29,0) [ 10.6104 ]
1961:(40,2,5,22,28,28,0) [ 10.6498 ]
1962:(39,2,6,22,28,28,0) [ 10.817400000000001 ]
1963:(40,2,6,23,27,27,0) [ 10.867799999999999 ]
1964:(39,2,7,23,27,27,0) [ 11.046399999999998 ]
1965:(40,2,5,23,27,27,0) [ 10.604800000000001 ]
1966:(41,2,4,23,27,27,0) [ 10.426200000000001 ]
1967:(41,2,3,23,27,27,0) [ 10.1632 ]
1968:(41,2,4,24,26,26,0) [ 10.3702 ]
1969:(40,2,5,24,26,26,0) [ 10.559800000000001 ]
1970:(42,2,5,25,25,25,0) [ 10.683599999999998 ]
1971:(41,2,6,25,25,25,0) [ 10.8842 ]
1972:(43,2,4,25,25,25,0) [ 10.483 ]
1973:(43,2,3,25,25,25,0) [ 10.198 ]
1974:(43,2,2,25,25,25,0) [ 9.913 ]
1975:(43,2,3,26,24,24,0) [ 10.131 ]
1976:(42,2,4,26,24,24,0) [ 10.342600000000001 ]
1977:(43,2,4,27,23,23,0) [ 10.371 ]
1978:(42,2,5,27,23,23,0) [ 10.5936 ]
1979:(44,2,3,27,23,23,0) [ 10.1484 ]
1980:(45,2,2,27,23,23,0) [ 9.9258 ]
1981:(46,2,1,27,23,23,0) [ 9.7032 ]
1982:(46,2,2,28,22,22,0) [ 9.932200000000002 ]
1983:(45,2,3,28,22,22,0) [ 10.1658 ]
1984:(46,2,3,29,21,21,0) [ 10.183200000000001 ]
1985:(45,2,4,29,21,21,0) [ 10.4278 ]
1986:(44,2,5,29,21,21,0) [ 10.672399999999998 ]
1987:(45,2,5,30,20,20,0) [ 10.7118 ]
1988:(44,2,6,30,20,20,0) [ 10.967400000000001 ]
1989:(46,2,4,30,20,20,0) [ 10.456199999999999 ]
1990:(46,2,3,30,20,20,0) [ 10.1162 ]
1991:(46,2,4,31,19,19,0) [ 10.4002 ]
1992:(45,2,5,31,19,19,0) [ 10.6668 ]
1993:(46,2,5,32,18,18,0) [ 10.7062 ]
1994:(45,2,6,32,18,18,0) [ 10.983800000000002 ]
1995:(45,2,6,33,17,17,0) [ 10.9498 ]
1996:(44,2,7,33,17,17,0) [ 11.238399999999999 ]
1997:(45,2,5,33,17,17,0) [ 10.576799999999999 ]
1998:(45,2,6,34,16,16,0) [ 10.915799999999999 ]
1999:(44,2,7,34,16,16,0) [ 11.2154 ]
2000:(46,2,5,34,16,16,0) [ 10.616200000000001 ]
2001:(46,2,4,34,16,16,0) [ 10.2322 ]
2002:(46,2,3,34,16,16,0) [ 9.8482 ]
2003:(46,2,4,35,15,15,0) [ 10.176200000000001 ]
2004:(45,2,5,35,15,15,0) [ 10.486799999999999 ]
2005:(46,2,5,36,14,14,0) [ 10.526200000000001 ]
2006:(45,2,6,36,14,14,0) [ 10.847800000000001 ]
2007:(46,2,4,36,14,14,0) [ 10.1202 ]
2008:(46,2,5,37,13,13,0) [ 10.481200000000001 ]
2009:(45,2,6,37,13,13,0) [ 10.8138 ]
2010:(46,2,6,38,12,12,0) [ 10.8642 ]
2011:(45,2,7,38,12,12,0) [ 11.207799999999999 ]
2012:(46,2,5,38,12,12,0) [ 10.4362 ]
2013:(46,2,6,39,11,11,0) [ 10.8302 ]
2014:(45,2,7,39,11,11,0) [ 11.184800000000001 ]
2015:(47,2,5,39,11,11,0) [ 10.4756 ]
2016:(47,2,4,39,11,11,0) [ 10.0366 ]
2017:(47,2,5,40,10,10,0) [ 10.430600000000002 ]
2018:(46,2,6,40,10,10,0) [ 10.7962 ]
2019:(47,2,6,41,9,9,0) [ 10.8466 ]
2020:(46,2,7,41,9,9,0) [ 11.2232 ]
2021:(48,2,5,41,9,9,0) [ 10.47 ]
2022:(48,2,6,42,8,8,0) [ 10.897 ]
2023:(47,2,7,42,8,8,0) [ 11.284600000000001 ]
2024:(48,2,7,43,7,7,0) [ 11.346 ]
2025:(47,2,8,43,7,7,0) [ 11.744599999999998 ]
2026:(48,2,6,43,7,7,0) [ 10.863 ]
2027:(49,2,5,43,7,7,0) [ 10.464399999999998 ]
2028:(49,2,4,43,7,7,0) [ 9.9814 ]
2029:(50,2,3,43,7,7,0) [ 9.582799999999999 ]
2030:(50,2,4,44,6,6,0) [ 10.0098 ]
2031:(49,2,5,44,6,6,0) [ 10.4194 ]
2032:(50,2,3,44,6,6,0) [ 9.5158 ]
2033:(51,2,2,44,6,6,0) [ 9.1062 ]
2034:(51,2,1,44,6,6,0) [ 8.6122 ]
2035:(51,2,2,45,5,5,0) [ 9.028200000000002 ]
2036:(50,2,3,45,5,5,0) [ 9.4488 ]
2037:(52,2,1,45,5,5,0) [ 8.607600000000001 ]
2038:(52,2,0,45,5,5,0) [ 8.1026 ]
2039:(52,2,1,46,4,4,0) [ 8.518600000000001 ]
2040:(51,2,2,46,4,4,0) [ 8.9502 ]
2041:(52,2,0,46,4,4,0) [ 8.002600000000001 ]
2042:(53,2,1,47,3,3,0) [ 8.514000000000001 ]
2043:(52,2,2,47,3,3,0) [ 8.956600000000002 ]
2044:(53,2,2,48,2,2,0) [ 8.963 ]
2045:(52,2,3,48,2,2,0) [ 9.416599999999999 ]
2046:(54,2,1,48,2,2,0) [ 8.5094 ]
2047:(54,2,2,49,1,1,0) [ 8.969399999999998 ]
2048:(53,2,3,49,1,1,0) [ 9.434 ]
2049:(54,2,2,48,1,2,1) [ 2108.9474 ]
2050:(53,2,3,48,1,2,1) [ 2109.401 ]
2051:(55,2,1,48,1,2,1) [ 2108.4937999999997 ]
2052:(55,2,0,48,1,2,1) [ 2107.9557999999997 ]
2053:(53,2,0,48,2,2,0) [ 7.8870000000000005 ]
2054:(53,2,1,49,1,1,0) [ 8.336 ]
2055:(54,2,0,49,1,1,0) [ 7.8714 ]
2056:(54,2,1,50,0,0,0) [ 8.3314 ]
2057:(53,2,2,50,0,0,0) [ 8.806999999999999 ]
2058:(55,2,0,50,0,0,0) [ 7.8558 ]
2059:(24,2,12,0,49,50,1) [ 52510.2594 TARGET ]
2060:(24,2,13,1,48,49,1) [ 51460.3124 ]
2061:(25,2,13,2,47,48,1) [ 50410.4398 ]
2062:(26,2,12,3,46,47,1) [ 49360.5242 ]
2063:(26,2,13,4,45,46,1) [ 48310.6102 ]
2064:(26,2,11,5,44,45,1) [ 47260.5232 ]
2065:(26,2,12,6,43,44,1) [ 46210.620200000005 ]
2066:(26,2,12,7,42,43,1) [ 45160.6522 ]
2067:(28,2,9,8,41,42,1) [ 44110.559 ]
2068:(29,2,7,9,40,41,1) [ 43060.4244 ]
2069:(29,2,8,10,39,40,1) [ 42010.521400000005 ]
2070:(30,2,6,11,38,39,1) [ 40960.3318 ]
2071:(30,2,7,12,37,38,1) [ 39910.4398 ]
2072:(31,2,6,13,36,37,1) [ 38860.3482 ]
2073:(31,2,7,14,35,36,1) [ 37810.4782 ]
2074:(32,2,7,15,34,35,1) [ 36760.539600000004 ]
2075:(33,2,6,16,33,34,1) [ 35710.415 ]
2076:(33,2,7,17,32,33,1) [ 34660.577999999994 ]
2077:(33,2,8,18,31,32,1) [ 33610.763 ]
2078:(33,2,8,18,32,32,0) [ 10.863 ]
2079:(34,2,8,19,31,31,0) [ 10.9354 ]
2080:(36,2,6,20,30,30,0) [ 10.632200000000001 ]
2081:(37,2,6,21,29,29,0) [ 10.6826 ]
2082:(37,2,7,22,28,28,0) [ 10.9006 ]
2083:(37,2,8,23,27,27,0) [ 11.1406 ]
2084:(38,2,6,24,26,26,0) [ 10.665000000000001 ]
2085:(39,2,7,25,25,25,0) [ 11.000399999999999 ]
2086:(40,2,5,26,24,24,0) [ 10.469800000000001 ]
2087:(40,2,6,27,23,23,0) [ 10.7318 ]
2088:(43,2,4,28,22,22,0) [ 10.315000000000001 ]
2089:(42,2,6,29,21,21,0) [ 10.832600000000001 ]
2090:(42,2,7,30,20,20,0) [ 11.1386 ]
2091:(43,2,6,31,19,19,0) [ 10.849000000000002 ]
2092:(43,2,7,32,18,18,0) [ 11.177 ]
2093:(42,2,8,33,17,17,0) [ 11.442599999999999 ]
2094:(42,2,8,34,16,16,0) [ 11.4306 ]
2095:(43,2,6,35,15,15,0) [ 10.713000000000001 ]
2096:(43,2,7,36,14,14,0) [ 11.084999999999999 ]
2097:(43,2,7,37,13,13,0) [ 11.062000000000001 ]
2098:(43,2,8,38,12,12,0) [ 11.466999999999999 ]
2099:(43,2,8,39,11,11,0) [ 11.455 ]
2100:(44,2,7,40,10,10,0) [ 11.0774 ]
2101:(44,2,8,41,9,9,0) [ 11.515400000000001 ]
2102:(45,2,8,42,8,8,0) [ 11.587800000000001 ]
2103:(45,2,9,43,7,7,0) [ 12.058799999999998 ]
2104:(47,2,6,44,6,6,0) [ 10.7446 ]
2105:(48,2,4,45,5,5,0) [ 9.785 ]
2106:(49,2,3,46,4,4,0) [ 9.297400000000001 ]
2107:(50,2,3,47,3,3,0) [ 9.314800000000002 ]
2108:(50,2,4,48,2,2,0) [ 9.785799999999998 ]
2109:(51,2,4,49,1,1,0) [ 9.814200000000001 ]
2110:(51,2,4,48,1,2,1) [ 2109.7702 ]
2111:(51,2,3,50,0,0,0) [ 9.198200000000002 ]
2112:(25,2,12,0,49,50,1) [ 52510.3438 TARGET ]
2113:(25,2,13,1,48,49,1) [ 51460.3968 ]
2114:(26,2,13,2,47,48,1) [ 50410.5242 ]
2115:(27,2,12,3,46,47,1) [ 49360.6086 ]
2116:(27,2,13,4,45,46,1) [ 48310.6946 ]
2117:(27,2,11,5,44,45,1) [ 47260.6076 ]
2118:(27,2,12,6,43,44,1) [ 46210.704600000005 ]
2119:(27,2,12,7,42,43,1) [ 45160.7366 ]
2120:(29,2,9,8,41,42,1) [ 44110.6434 ]
2121:(30,2,7,9,40,41,1) [ 43060.5088 ]
2122:(30,2,8,10,39,40,1) [ 42010.605800000005 ]
2123:(31,2,6,11,38,39,1) [ 40960.4162 ]
2124:(31,2,7,12,37,38,1) [ 39910.5242 ]
2125:(32,2,6,13,36,37,1) [ 38860.4326 ]
2126:(32,2,7,14,35,36,1) [ 37810.5626 ]
2127:(33,2,7,15,34,35,1) [ 36760.624 ]
2128:(34,2,6,16,33,34,1) [ 35710.4994 ]
2129:(34,2,7,17,32,33,1) [ 34660.662399999994 ]
2130:(34,2,8,18,31,32,1) [ 33610.8474 ]
2131:(34,2,8,18,32,32,0) [ 10.9474 ]
2132:(35,2,8,19,31,31,0) [ 11.0198 ]
2133:(37,2,6,20,30,30,0) [ 10.7166 ]
2134:(38,2,6,21,29,29,0) [ 10.767 ]
2135:(38,2,7,22,28,28,0) [ 10.985 ]
2136:(38,2,8,23,27,27,0) [ 11.225000000000001 ]
2137:(39,2,6,24,26,26,0) [ 10.7494 ]
2138:(40,2,7,25,25,25,0) [ 11.084800000000001 ]
2139:(41,2,5,26,24,24,0) [ 10.5542 ]
2140:(41,2,6,27,23,23,0) [ 10.816200000000002 ]
2141:(44,2,4,28,22,22,0) [ 10.3994 ]
2142:(43,2,6,29,21,21,0) [ 10.917 ]
2143:(43,2,7,30,20,20,0) [ 11.222999999999999 ]
2144:(44,2,6,31,19,19,0) [ 10.9334 ]
2145:(44,2,7,32,18,18,0) [ 11.261400000000002 ]
2146:(43,2,8,33,17,17,0) [ 11.527000000000001 ]
2147:(43,2,8,34,16,16,0) [ 11.514999999999999 ]
2148:(44,2,6,35,15,15,0) [ 10.7974 ]
2149:(44,2,7,36,14,14,0) [ 11.169400000000001 ]
2150:(44,2,7,37,13,13,0) [ 11.1464 ]
2151:(44,2,8,38,12,12,0) [ 11.551400000000001 ]
2152:(44,2,8,39,11,11,0) [ 11.539399999999999 ]
2153:(45,2,7,40,10,10,0) [ 11.1618 ]
2154:(45,2,8,41,9,9,0) [ 11.5998 ]
2155:(46,2,8,42,8,8,0) [ 11.6722 ]
2156:(46,2,9,43,7,7,0) [ 12.1432 ]
2157:(48,2,6,44,6,6,0) [ 10.828999999999999 ]
2158:(49,2,4,45,5,5,0) [ 9.869399999999999 ]
2159:(50,2,3,46,4,4,0) [ 9.3818 ]
2160:(51,2,3,47,3,3,0) [ 9.399200000000002 ]
2161:(51,2,4,48,2,2,0) [ 9.8702 ]
2162:(52,2,4,49,1,1,0) [ 9.8986 ]
2163:(52,2,4,48,1,2,1) [ 2109.8546 ]
2164:(52,2,3,50,0,0,0) [ 9.282600000000002 ]
2165:(53,2,0,49,0,1,1) [ 1057.687 ]
2166:(53,2,1,49,0,1,1) [ 1058.236 ]
2167:(51,2,4,50,0,0,0) [ 9.758200000000002 ]
2168:(50,2,5,50,0,0,0) [ 10.233799999999999 ]
2169:(50,2,6,50,0,0,0) [ 10.793800000000001 ]
2170:(50,2,7,50,0,0,0) [ 11.3538 ]
2171:(50,2,6,49,1,1,0) [ 10.827799999999998 ]
2172:(50,2,7,49,1,1,0) [ 11.376800000000001 ]
2173:(49,2,8,49,1,1,0) [ 11.841399999999998 ]
2174:(49,2,7,48,2,2,0) [ 11.3154 ]
2175:(49,2,6,47,3,3,0) [ 10.8114 ]
2176:(49,2,5,46,4,4,0) [ 10.329400000000001 ]
2177:(48,2,6,46,4,4,0) [ 10.761000000000001 ]
2178:(48,2,5,45,5,5,0) [ 10.29 ]
2179:(44,2,9,41,9,9,0) [ 11.9764 ]
2180:(44,2,8,40,10,10,0) [ 11.5274 ]
2181:(39,2,8,32,18,18,0) [ 11.2014 ]
2182:(39,2,7,31,19,19,0) [ 10.8624 ]
2183:(38,2,8,31,19,19,0) [ 11.129 ]
2184:(38,2,9,31,19,19,0) [ 11.479999999999999 ]
2185:(37,2,8,30,20,20,0) [ 11.0566 ]
2186:(36,2,9,30,20,20,0) [ 11.3122 ]
2187:(36,2,8,29,21,21,0) [ 10.9842 ]
2188:(37,2,7,29,21,21,0) [ 10.739600000000001 ]
2189:(36,2,7,28,22,22,0) [ 10.6782 ]
2190:(35,2,7,27,23,23,0) [ 10.616800000000001 ]
2191:(35,2,6,26,24,24,0) [ 10.343800000000002 ]
2192:(35,2,4,22,28,28,0) [ 9.975800000000001 ]
2193:(33,2,7,21,29,29,0) [ 10.586 ]
2194:(33,2,7,20,30,30,0) [ 10.609 ]
2195:(32,2,8,20,30,30,0) [ 10.7546 ]
2196:(32,2,6,17,33,33,0) [ 10.396600000000001 ]
2197:(32,2,5,16,34,34,0) [ 10.2446 ]
2198:(32,2,4,15,35,35,0) [ 10.1146 ]
2199:(32,2,3,14,36,36,0) [ 10.0066 ]
2200:(32,2,2,13,37,37,0) [ 9.9206 ]
2201:(32,2,1,12,38,38,0) [ 9.8566 ]
2202:(32,2,0,11,39,39,0) [ 9.8146 ]
2203:(31,2,1,11,39,39,0) [ 9.8612 ]
2204:(31,2,2,11,39,39,0) [ 9.9922 ]
2205:(30,2,3,11,39,39,0) [ 10.0388 ]
2206:(30,2,2,10,40,40,0) [ 9.985800000000001 ]
2207:(29,2,3,10,40,40,0) [ 10.0214 ]
2208:(29,2,4,10,40,40,0) [ 10.1414 ]
2209:(28,2,5,10,40,40,0) [ 10.177 ]
2210:(28,2,6,10,40,40,0) [ 10.297 ]
2211:(28,2,3,8,41,42,1) [ 44109.971 ]
2212:(28,2,2,7,42,43,1) [ 45159.950999999994 ]
2213:(28,2,1,6,43,44,1) [ 46209.953 ]
2214:(28,2,0,5,44,45,1) [ 47259.977 ]
2215:(28,2,1,5,44,45,1) [ 47260.042 ]
2216:(27,2,2,5,44,45,1) [ 47260.022600000004 ]
2217:(27,2,3,5,44,45,1) [ 47260.0876 ]
2218:(27,2,4,5,44,45,1) [ 47260.1526 ]
2219:(27,2,3,4,45,46,1) [ 48310.1546 ]
2220:(27,2,2,3,46,47,1) [ 49360.1786 ]
2221:(27,2,3,3,46,47,1) [ 49360.2216 ]
2222:(28,2,2,2,47,48,1) [ 50410.341 ]
2223:(27,2,3,2,47,48,1) [ 50410.2886 ]
2224:(27,2,4,2,47,48,1) [ 50410.3206 ]
2225:(27,2,3,1,48,49,1) [ 51460.3556 ]
2226:(26,2,4,1,48,49,1) [ 51460.2922 ]
2227:(26,2,3,0,49,50,1) [ 52510.3382 TARGET ]
2228:(27,2,3,0,49,50,1) [ 52510.4226 TARGET ]
2229:(25,2,4,0,49,50,1) [ 52510.2638 TARGET ]
2230:(26,2,4,0,49,50,1) [ 52510.3482 TARGET ]
2231:(27,2,4,1,48,49,1) [ 51460.3766 ]
2232:(25,2,5,1,48,49,1) [ 51460.228800000004 ]
2233:(26,2,5,1,48,49,1) [ 51460.313200000004 ]
2234:(28,2,3,1,48,49,1) [ 51460.44 ]
2235:(28,2,4,2,47,48,1) [ 50410.405 ]
2236:(26,2,5,2,47,48,1) [ 50410.2682 ]
2237:(27,2,5,2,47,48,1) [ 50410.3526 ]
2238:(28,2,3,2,47,48,1) [ 50410.373 ]
2239:(29,2,2,2,47,48,1) [ 50410.4254 ]
2240:(28,2,3,3,46,47,1) [ 49360.306 ]
2241:(26,2,4,3,46,47,1) [ 49360.180199999995 ]
2242:(27,2,4,3,46,47,1) [ 49360.264599999995 ]
2243:(28,2,2,3,46,47,1) [ 49360.263 ]
2244:(28,2,3,4,45,46,1) [ 48310.239 ]
2245:(26,2,4,4,45,46,1) [ 48310.1242 ]
2246:(27,2,4,4,45,46,1) [ 48310.2086 ]
2247:(28,2,4,5,44,45,1) [ 47260.237 ]
2248:(26,2,5,5,44,45,1) [ 47260.133200000004 ]
2249:(27,2,5,5,44,45,1) [ 47260.2176 ]
2250:(28,2,3,5,44,45,1) [ 47260.172 ]
2251:(28,2,2,5,44,45,1) [ 47260.107 ]
2252:(29,2,1,5,44,45,1) [ 47260.1264 ]
2253:(29,2,0,5,44,45,1) [ 47260.0614 ]
2254:(29,2,1,6,43,44,1) [ 46210.0374 ]
2255:(27,2,2,6,43,44,1) [ 46209.9446 ]
2256:(28,2,2,6,43,44,1) [ 46210.029 ]
2257:(29,2,2,7,42,43,1) [ 45160.0354 ]
2258:(27,2,3,7,42,43,1) [ 45159.95359999999 ]
2259:(28,2,3,7,42,43,1) [ 45160.038 ]
2260:(29,2,3,8,41,42,1) [ 44110.0554 ]
2261:(27,2,7,10,40,40,0) [ 10.3326 ]
2262:(29,2,6,10,40,40,0) [ 10.3814 ]
2263:(28,2,7,10,40,40,0) [ 10.417 ]
2264:(29,2,5,10,40,40,0) [ 10.2614 ]
2265:(30,2,4,10,40,40,0) [ 10.2258 ]
2266:(30,2,3,10,40,40,0) [ 10.1058 ]
2267:(31,2,2,10,40,40,0) [ 10.0702 ]
2268:(31,2,3,11,39,39,0) [ 10.1232 ]
2269:(29,2,4,11,39,39,0) [ 10.0854 ]
2270:(30,2,4,11,39,39,0) [ 10.1698 ]
2271:(32,2,2,11,39,39,0) [ 10.076600000000001 ]
2272:(32,2,1,11,39,39,0) [ 9.9456 ]
2273:(33,2,0,11,39,39,0) [ 9.899000000000001 ]
2274:(33,2,1,12,38,38,0) [ 9.941 ]
2275:(31,2,2,12,38,38,0) [ 9.914200000000001 ]
2276:(32,2,2,12,38,38,0) [ 9.9986 ]
2277:(33,2,2,13,37,37,0) [ 10.004999999999999 ]
2278:(31,2,3,13,37,37,0) [ 9.9892 ]
2279:(32,2,3,13,37,37,0) [ 10.073599999999999 ]
2280:(33,2,3,14,36,36,0) [ 10.091 ]
2281:(31,2,4,14,36,36,0) [ 10.0862 ]
2282:(32,2,4,14,36,36,0) [ 10.1706 ]
2283:(33,2,4,15,35,35,0) [ 10.199 ]
2284:(31,2,5,15,35,35,0) [ 10.2052 ]
2285:(32,2,5,15,35,35,0) [ 10.2896 ]
2286:(33,2,5,16,34,34,0) [ 10.329 ]
2287:(31,2,6,16,34,34,0) [ 10.3462 ]
2288:(32,2,6,16,34,34,0) [ 10.4306 ]
2289:(33,2,6,17,33,33,0) [ 10.481 ]
2290:(31,2,7,17,33,33,0) [ 10.5092 ]
2291:(32,2,7,17,33,33,0) [ 10.5936 ]
2292:(33,2,8,20,30,30,0) [ 10.838999999999999 ]
2293:(31,2,9,20,30,30,0) [ 10.9002 ]
2294:(32,2,9,20,30,30,0) [ 10.9846 ]
2295:(34,2,7,20,30,30,0) [ 10.6934 ]
2296:(34,2,7,21,29,29,0) [ 10.6704 ]
2297:(32,2,8,21,29,29,0) [ 10.7426 ]
2298:(33,2,8,21,29,29,0) [ 10.827000000000002 ]
2299:(36,2,4,22,28,28,0) [ 10.0602 ]
2300:(34,2,7,24,26,26,0) [ 10.6014 ]
2301:(35,2,7,24,26,26,0) [ 10.685799999999999 ]
2302:(33,2,8,25,25,25,0) [ 10.779 ]
2303:(34,2,8,25,25,25,0) [ 10.863399999999999 ]
2304:(36,2,6,26,24,24,0) [ 10.428200000000002 ]
2305:(34,2,7,26,24,24,0) [ 10.5554 ]
2306:(35,2,7,26,24,24,0) [ 10.6398 ]
2307:(36,2,7,27,23,23,0) [ 10.7012 ]
2308:(34,2,8,27,23,23,0) [ 10.839400000000001 ]
2309:(35,2,8,27,23,23,0) [ 10.9238 ]
2310:(37,2,7,28,22,22,0) [ 10.762599999999999 ]
2311:(35,2,8,28,22,22,0) [ 10.9118 ]
2312:(36,2,8,28,22,22,0) [ 10.996199999999998 ]
2313:(37,2,8,29,21,21,0) [ 11.0686 ]
2314:(35,2,9,29,21,21,0) [ 11.228799999999998 ]
2315:(36,2,9,29,21,21,0) [ 11.3132 ]
2316:(38,2,7,29,21,21,0) [ 10.824 ]
2317:(37,2,9,30,20,20,0) [ 11.3966 ]
2318:(35,2,10,30,20,20,0) [ 11.5678 ]
2319:(36,2,10,30,20,20,0) [ 11.6522 ]
2320:(38,2,8,30,20,20,0) [ 11.141 ]
2321:(37,2,10,31,19,19,0) [ 11.746599999999999 ]
2322:(39,2,9,31,19,19,0) [ 11.564400000000001 ]
2323:(38,2,10,31,19,19,0) [ 11.831000000000001 ]
2324:(39,2,8,31,19,19,0) [ 11.213400000000002 ]
2325:(40,2,7,31,19,19,0) [ 10.946800000000001 ]
2326:(40,2,8,32,18,18,0) [ 11.285800000000002 ]
2327:(38,2,9,32,18,18,0) [ 11.479 ]
2328:(39,2,9,32,18,18,0) [ 11.563400000000001 ]
2329:(39,2,9,34,16,16,0) [ 11.5614 ]
2330:(40,2,9,34,16,16,0) [ 11.6458 ]
2331:(41,2,8,37,13,13,0) [ 11.310200000000002 ]
2332:(42,2,8,37,13,13,0) [ 11.3946 ]
2333:(42,2,9,39,11,11,0) [ 11.809599999999998 ]
2334:(43,2,9,39,11,11,0) [ 11.894 ]
2335:(45,2,8,40,10,10,0) [ 11.611799999999999 ]
2336:(43,2,9,40,10,10,0) [ 11.893 ]
2337:(44,2,9,40,10,10,0) [ 11.9774 ]
2338:(45,2,9,41,9,9,0) [ 12.060799999999999 ]
2339:(43,2,10,41,9,9,0) [ 12.353 ]
2340:(44,2,10,41,9,9,0) [ 12.437400000000002 ]
2341:(49,2,5,45,5,5,0) [ 10.3744 ]
2342:(47,2,6,45,5,5,0) [ 10.7106 ]
2343:(48,2,6,45,5,5,0) [ 10.794999999999998 ]
2344:(49,2,6,46,4,4,0) [ 10.8454 ]
2345:(47,2,7,46,4,4,0) [ 11.1926 ]
2346:(48,2,7,46,4,4,0) [ 11.277 ]
2347:(50,2,5,46,4,4,0) [ 10.4138 ]
2348:(50,2,6,47,3,3,0) [ 10.895800000000001 ]
2349:(48,2,7,47,3,3,0) [ 11.254000000000001 ]
2350:(49,2,7,47,3,3,0) [ 11.3384 ]
2351:(50,2,7,48,2,2,0) [ 11.399799999999999 ]
2352:(48,2,8,48,2,2,0) [ 11.768999999999998 ]
2353:(49,2,8,48,2,2,0) [ 11.8534 ]
2354:(50,2,8,49,1,1,0) [ 11.9258 ]
2355:(48,2,9,49,1,1,0) [ 12.306 ]
2356:(49,2,9,49,1,1,0) [ 12.390400000000001 ]
2357:(51,2,7,49,1,1,0) [ 11.4612 ]
2358:(51,2,6,49,1,1,0) [ 10.9122 ]
2359:(51,2,7,50,0,0,0) [ 11.438200000000002 ]
2360:(49,2,8,50,0,0,0) [ 11.8294 ]
2361:(50,2,8,50,0,0,0) [ 11.913799999999998 ]
2362:(51,2,6,50,0,0,0) [ 10.8782 ]
2363:(51,2,5,50,0,0,0) [ 10.318200000000001 ]
2364:(52,2,4,50,0,0,0) [ 9.842600000000001 ]
2365:(52,2,2,49,0,1,1) [ 1058.7006 ]
2366:(54,2,1,49,0,1,1) [ 1058.3204 ]
2367:(53,2,2,49,0,1,1) [ 1058.785 ]
2368:(54,2,0,49,0,1,1) [ 1057.7714 ]
2369:(-1,-1,-1,-1,-1,-1,-1) [ 0.0 ]