(R_,L,RL,G_,G_a,G_bg,G_d)
0:(50,2,0,50,0,0,0) [ 7.4338 ]
1:(49,2,1,50,0,0,0) [ 7.9094 ]
2:(49,2,0,49,1,1,0) [ 7.4494 ]
3:(48,2,1,49,1,1,0) [ 7.913999999999999 ]
4:(48,2,0,48,2,2,0) [ 7.465 ]
5:(47,2,1,48,2,2,0) [ 7.9186000000000005 ]
6:(46,2,2,48,2,2,0) [ 8.3722 ]
7:(46,2,1,47,3,3,0) [ 7.9232000000000005 ]
8:(45,2,2,47,3,3,0) [ 8.3658 ]
9:(45,2,3,47,3,3,0) [ 8.892800000000001 ]
10:(45,2,2,46,4,4,0) [ 8.443800000000001 ]
11:(45,2,1,45,5,5,0) [ 8.0168 ]
12:(45,2,2,45,5,5,0) [ 8.521799999999999 ]
13:(45,2,1,44,6,6,0) [ 8.1058 ]
14:(45,2,0,43,7,7,0) [ 7.7118 ]
15:(45,2,1,43,7,7,0) [ 8.194799999999999 ]
16:(45,2,0,42,8,8,0) [ 7.8118 ]
17:(44,2,1,42,8,8,0) [ 8.1994 ]
18:(43,2,2,42,8,8,0) [ 8.587 ]
19:(43,2,3,42,8,8,0) [ 9.059000000000001 ]
20:(43,2,4,42,8,8,0) [ 9.531 ]
21:(43,2,3,41,9,9,0) [ 9.126 ]
22:(43,2,2,40,10,10,0) [ 8.742999999999999 ]
23:(43,2,1,39,11,11,0) [ 8.382 ]
24:(43,2,2,39,11,11,0) [ 8.821 ]
25:(43,2,1,38,12,12,0) [ 8.471 ]
26:(42,2,2,38,12,12,0) [ 8.8146 ]
27:(42,2,1,37,13,13,0) [ 8.4756 ]
28:(42,2,0,36,14,14,0) [ 8.1586 ]
29:(42,2,1,36,14,14,0) [ 8.5646 ]
30:(41,2,2,36,14,14,0) [ 8.8862 ]
31:(41,2,3,36,14,14,0) [ 9.2922 ]
32:(41,2,2,35,15,15,0) [ 8.9642 ]
33:(41,2,3,35,15,15,0) [ 9.359200000000001 ]
34:(40,2,4,35,15,15,0) [ 9.6698 ]
35:(40,2,3,34,16,16,0) [ 9.341800000000001 ]
36:(39,2,4,34,16,16,0) [ 9.641399999999999 ]
37:(39,2,3,33,17,17,0) [ 9.3244 ]
38:(39,2,2,32,18,18,0) [ 9.0294 ]
39:(39,2,3,32,18,18,0) [ 9.3914 ]
40:(38,2,4,32,18,18,0) [ 9.669 ]
41:(38,2,5,32,18,18,0) [ 10.031 ]
42:(37,2,6,32,18,18,0) [ 10.308600000000002 ]
43:(37,2,7,32,18,18,0) [ 10.6706 ]
44:(37,2,6,31,19,19,0) [ 10.342600000000001 ]
45:(37,2,5,30,20,20,0) [ 10.0366 ]
46:(37,2,6,30,20,20,0) [ 10.3766 ]
47:(37,2,5,29,21,21,0) [ 10.0816 ]
48:(37,2,4,28,22,22,0) [ 9.8086 ]
49:(37,2,3,27,23,23,0) [ 9.5576 ]
50:(36,2,4,27,23,23,0) [ 9.7802 ]
51:(36,2,3,26,24,24,0) [ 9.5402 ]
52:(36,2,2,25,25,25,0) [ 9.3222 ]
53:(36,2,3,25,25,25,0) [ 9.6072 ]
54:(36,2,2,24,26,26,0) [ 9.4002 ]
55:(35,2,3,24,26,26,0) [ 9.5898 ]
56:(35,2,4,24,26,26,0) [ 9.863800000000001 ]
57:(35,2,3,23,27,27,0) [ 9.6568 ]
58:(35,2,2,22,28,28,0) [ 9.4718 ]
59:(34,2,3,22,28,28,0) [ 9.6394 ]
60:(34,2,2,21,29,29,0) [ 9.4654 ]
61:(34,2,1,20,30,30,0) [ 9.3134 ]
62:(33,2,2,20,30,30,0) [ 9.459 ]
63:(33,2,3,20,30,30,0) [ 9.689 ]
64:(33,2,4,20,30,30,0) [ 9.919 ]
65:(33,2,3,19,31,31,0) [ 9.756 ]
66:(32,2,4,19,31,31,0) [ 9.8906 ]
67:(32,2,3,18,32,32,0) [ 9.7386 ]
68:(31,2,4,18,32,32,0) [ 9.862200000000001 ]
69:(31,2,3,17,33,33,0) [ 9.7212 ]
70:(31,2,2,16,34,34,0) [ 9.6022 ]
71:(31,2,1,15,35,35,0) [ 9.5052 ]
72:(30,2,2,15,35,35,0) [ 9.5958 ]
73:(29,2,3,15,35,35,0) [ 9.686399999999999 ]
74:(29,2,4,15,35,35,0) [ 9.8614 ]
75:(29,2,3,14,36,36,0) [ 9.7534 ]
76:(29,2,2,13,37,37,0) [ 9.6674 ]
77:(29,2,1,12,38,38,0) [ 9.6034 ]
78:(29,2,0,11,39,39,0) [ 9.5614 ]
79:(29,2,1,11,39,39,0) [ 9.6924 ]
80:(29,2,0,10,40,40,0) [ 9.6614 ]
81:(28,2,1,10,40,40,0) [ 9.697 ]
82:(28,2,0,9,41,41,0) [ 9.677 ]
83:(27,2,1,9,41,41,0) [ 9.701600000000001 ]
84:(27,2,0,8,42,42,0) [ 9.6926 ]
85:(27,2,1,8,42,42,0) [ 9.790600000000001 ]
86:(27,2,0,7,43,43,0) [ 9.7926 ]
87:(26,2,1,7,43,43,0) [ 9.795200000000001 ]
88:(26,2,2,7,43,43,0) [ 9.882200000000001 ]
89:(26,2,3,7,43,43,0) [ 9.9692 ]
90:(26,2,2,6,44,44,0) [ 9.9602 ]
91:(26,2,1,5,45,45,0) [ 9.9732 ]
92:(26,2,2,5,45,45,0) [ 10.0382 ]
93:(26,2,3,5,45,45,0) [ 10.103200000000001 ]
94:(25,2,4,5,45,45,0) [ 10.0838 ]
95:(25,2,3,4,46,46,0) [ 10.085799999999999 ]
96:(25,2,4,4,46,46,0) [ 10.139800000000001 ]
97:(24,2,5,4,46,46,0) [ 10.1094 ]
98:(24,2,4,3,47,47,0) [ 10.1114 ]
99:(24,2,3,2,48,48,0) [ 10.1354 ]
100:(24,2,2,1,49,49,0) [ 10.1814 ]
101:(24,2,1,0,50,50,0) [ 10.2494 TARGET ]
102:(25,2,1,0,50,50,0) [ 10.3338 TARGET ]
103:(23,2,1,0,50,50,0) [ 10.165 TARGET ]
104:(23,2,2,0,50,50,0) [ 10.175 TARGET ]
105:(24,2,2,0,50,50,0) [ 10.2594 TARGET ]
106:(25,2,2,1,49,49,0) [ 10.2658 ]
107:(23,2,2,1,49,49,0) [ 10.097000000000001 ]
108:(23,2,3,1,49,49,0) [ 10.118 ]
109:(24,2,3,1,49,49,0) [ 10.2024 ]
110:(25,2,3,2,48,48,0) [ 10.2198 ]
111:(23,2,3,2,48,48,0) [ 10.051 ]
112:(23,2,4,2,48,48,0) [ 10.083 ]
113:(24,2,4,2,48,48,0) [ 10.1674 ]
114:(25,2,4,3,47,47,0) [ 10.1958 ]
115:(23,2,4,3,47,47,0) [ 10.027000000000001 ]
116:(23,2,5,3,47,47,0) [ 10.07 ]
117:(24,2,5,3,47,47,0) [ 10.154399999999999 ]
118:(25,2,5,4,46,46,0) [ 10.1938 ]
119:(23,2,5,4,46,46,0) [ 10.025 ]
120:(23,2,6,4,46,46,0) [ 10.079 ]
121:(24,2,6,4,46,46,0) [ 10.1634 ]
122:(26,2,4,4,46,46,0) [ 10.2242 ]
123:(24,2,4,4,46,46,0) [ 10.0554 ]
124:(26,2,3,4,46,46,0) [ 10.170200000000001 ]
125:(24,2,3,4,46,46,0) [ 10.0014 ]
126:(26,2,4,5,45,45,0) [ 10.1682 ]
127:(24,2,4,5,45,45,0) [ 9.9994 ]
128:(24,2,5,5,45,45,0) [ 10.0644 ]
129:(25,2,5,5,45,45,0) [ 10.1488 ]
130:(27,2,3,5,45,45,0) [ 10.1876 ]
131:(25,2,3,5,45,45,0) [ 10.018799999999999 ]
132:(27,2,2,5,45,45,0) [ 10.1226 ]
133:(25,2,2,5,45,45,0) [ 9.9538 ]
134:(27,2,1,5,45,45,0) [ 10.0576 ]
135:(25,2,1,5,45,45,0) [ 9.8888 ]
136:(27,2,2,6,44,44,0) [ 10.0446 ]
137:(25,2,2,6,44,44,0) [ 9.8758 ]
138:(25,2,3,6,44,44,0) [ 9.9518 ]
139:(26,2,3,6,44,44,0) [ 10.036200000000001 ]
140:(27,2,3,7,43,43,0) [ 10.0536 ]
141:(25,2,3,7,43,43,0) [ 9.884799999999998 ]
142:(25,2,4,7,43,43,0) [ 9.971799999999998 ]
143:(26,2,4,7,43,43,0) [ 10.0562 ]
144:(27,2,2,7,43,43,0) [ 9.9666 ]
145:(25,2,2,7,43,43,0) [ 9.797799999999999 ]
146:(27,2,1,7,43,43,0) [ 9.8796 ]
147:(25,2,1,7,43,43,0) [ 9.710799999999999 ]
148:(28,2,0,7,43,43,0) [ 9.876999999999999 ]
149:(26,2,0,7,43,43,0) [ 9.708200000000001 ]
150:(28,2,1,8,42,42,0) [ 9.875 ]
151:(26,2,1,8,42,42,0) [ 9.706199999999999 ]
152:(26,2,2,8,42,42,0) [ 9.804200000000002 ]
153:(27,2,2,8,42,42,0) [ 9.8886 ]
154:(28,2,0,8,42,42,0) [ 9.777000000000001 ]
155:(26,2,0,8,42,42,0) [ 9.6082 ]
156:(28,2,1,9,41,41,0) [ 9.786000000000001 ]
157:(26,2,1,9,41,41,0) [ 9.6172 ]
158:(26,2,2,9,41,41,0) [ 9.726200000000002 ]
159:(27,2,2,9,41,41,0) [ 9.8106 ]
160:(29,2,0,9,41,41,0) [ 9.761400000000002 ]
161:(27,2,0,9,41,41,0) [ 9.592600000000001 ]
162:(29,2,1,10,40,40,0) [ 9.7814 ]
163:(27,2,1,10,40,40,0) [ 9.6126 ]
164:(27,2,2,10,40,40,0) [ 9.732600000000001 ]
165:(28,2,2,10,40,40,0) [ 9.817 ]
166:(30,2,0,10,40,40,0) [ 9.7458 ]
167:(28,2,0,10,40,40,0) [ 9.577 ]
168:(30,2,1,11,39,39,0) [ 9.7768 ]
169:(28,2,1,11,39,39,0) [ 9.608 ]
170:(28,2,2,11,39,39,0) [ 9.739 ]
171:(29,2,2,11,39,39,0) [ 9.8234 ]
172:(30,2,0,11,39,39,0) [ 9.645800000000001 ]
173:(28,2,0,11,39,39,0) [ 9.477 ]
174:(30,2,1,12,38,38,0) [ 9.687800000000001 ]
175:(28,2,1,12,38,38,0) [ 9.519 ]
176:(28,2,2,12,38,38,0) [ 9.661000000000001 ]
177:(29,2,2,12,38,38,0) [ 9.7454 ]
178:(30,2,2,13,37,37,0) [ 9.7518 ]
179:(28,2,2,13,37,37,0) [ 9.583000000000002 ]
180:(28,2,3,13,37,37,0) [ 9.736 ]
181:(29,2,3,13,37,37,0) [ 9.8204 ]
182:(30,2,3,14,36,36,0) [ 9.8378 ]
183:(28,2,3,14,36,36,0) [ 9.669 ]
184:(28,2,4,14,36,36,0) [ 9.833 ]
185:(29,2,4,14,36,36,0) [ 9.9174 ]
186:(30,2,4,15,35,35,0) [ 9.9458 ]
187:(28,2,4,15,35,35,0) [ 9.777000000000001 ]
188:(28,2,5,15,35,35,0) [ 9.952 ]
189:(29,2,5,15,35,35,0) [ 10.0364 ]
190:(30,2,3,15,35,35,0) [ 9.7708 ]
191:(28,2,3,15,35,35,0) [ 9.602 ]
192:(31,2,2,15,35,35,0) [ 9.6802 ]
193:(29,2,2,15,35,35,0) [ 9.5114 ]
194:(32,2,1,15,35,35,0) [ 9.5896 ]
195:(30,2,1,15,35,35,0) [ 9.4208 ]
196:(32,2,2,16,34,34,0) [ 9.6866 ]
197:(30,2,2,16,34,34,0) [ 9.517800000000001 ]
198:(30,2,3,16,34,34,0) [ 9.703800000000001 ]
199:(31,2,3,16,34,34,0) [ 9.7882 ]
200:(32,2,3,17,33,33,0) [ 9.8056 ]
201:(30,2,3,17,33,33,0) [ 9.636800000000001 ]
202:(30,2,4,17,33,33,0) [ 9.8338 ]
203:(31,2,4,17,33,33,0) [ 9.9182 ]
204:(32,2,4,18,32,32,0) [ 9.9466 ]
205:(30,2,4,18,32,32,0) [ 9.7778 ]
206:(30,2,5,18,32,32,0) [ 9.985800000000001 ]
207:(31,2,5,18,32,32,0) [ 10.0702 ]
208:(33,2,3,18,32,32,0) [ 9.823 ]
209:(31,2,3,18,32,32,0) [ 9.6542 ]
210:(33,2,4,19,31,31,0) [ 9.975 ]
211:(31,2,4,19,31,31,0) [ 9.8062 ]
212:(31,2,5,19,31,31,0) [ 10.0252 ]
213:(32,2,5,19,31,31,0) [ 10.1096 ]
214:(34,2,3,19,31,31,0) [ 9.8404 ]
215:(32,2,3,19,31,31,0) [ 9.6716 ]
216:(34,2,4,20,30,30,0) [ 10.0034 ]
217:(32,2,4,20,30,30,0) [ 9.8346 ]
218:(32,2,5,20,30,30,0) [ 10.064599999999999 ]
219:(33,2,5,20,30,30,0) [ 10.149000000000001 ]
220:(34,2,3,20,30,30,0) [ 9.7734 ]
221:(32,2,3,20,30,30,0) [ 9.6046 ]
222:(34,2,2,20,30,30,0) [ 9.5434 ]
223:(32,2,2,20,30,30,0) [ 9.374600000000001 ]
224:(35,2,1,20,30,30,0) [ 9.3978 ]
225:(33,2,1,20,30,30,0) [ 9.229 ]
226:(35,2,2,21,29,29,0) [ 9.549800000000001 ]
227:(33,2,2,21,29,29,0) [ 9.381 ]
228:(33,2,3,21,29,29,0) [ 9.622 ]
229:(34,2,3,21,29,29,0) [ 9.7064 ]
230:(35,2,3,22,28,28,0) [ 9.7238 ]
231:(33,2,3,22,28,28,0) [ 9.555 ]
232:(33,2,4,22,28,28,0) [ 9.807 ]
233:(34,2,4,22,28,28,0) [ 9.8914 ]
234:(36,2,2,22,28,28,0) [ 9.5562 ]
235:(34,2,2,22,28,28,0) [ 9.387400000000001 ]
236:(36,2,3,23,27,27,0) [ 9.7412 ]
237:(34,2,3,23,27,27,0) [ 9.5724 ]
238:(34,2,4,23,27,27,0) [ 9.8354 ]
239:(35,2,4,23,27,27,0) [ 9.9198 ]
240:(36,2,4,24,26,26,0) [ 9.9482 ]
241:(34,2,4,24,26,26,0) [ 9.7794 ]
242:(34,2,5,24,26,26,0) [ 10.0534 ]
243:(35,2,5,24,26,26,0) [ 10.1378 ]
244:(36,2,3,24,26,26,0) [ 9.6742 ]
245:(34,2,3,24,26,26,0) [ 9.5054 ]
246:(37,2,2,24,26,26,0) [ 9.4846 ]
247:(35,2,2,24,26,26,0) [ 9.3158 ]
248:(37,2,3,25,25,25,0) [ 9.691600000000001 ]
249:(35,2,3,25,25,25,0) [ 9.5228 ]
250:(35,2,4,25,25,25,0) [ 9.8078 ]
251:(36,2,4,25,25,25,0) [ 9.892199999999999 ]
252:(37,2,2,25,25,25,0) [ 9.406600000000001 ]
253:(35,2,2,25,25,25,0) [ 9.2378 ]
254:(37,2,3,26,24,24,0) [ 9.624600000000001 ]
255:(35,2,3,26,24,24,0) [ 9.4558 ]
256:(35,2,4,26,24,24,0) [ 9.7518 ]
257:(36,2,4,26,24,24,0) [ 9.836200000000002 ]
258:(37,2,4,27,23,23,0) [ 9.864600000000001 ]
259:(35,2,4,27,23,23,0) [ 9.6958 ]
260:(35,2,5,27,23,23,0) [ 10.0028 ]
261:(36,2,5,27,23,23,0) [ 10.0872 ]
262:(38,2,3,27,23,23,0) [ 9.642 ]
263:(36,2,3,27,23,23,0) [ 9.4732 ]
264:(38,2,4,28,22,22,0) [ 9.893 ]
265:(36,2,4,28,22,22,0) [ 9.7242 ]
266:(36,2,5,28,22,22,0) [ 10.042200000000001 ]
267:(37,2,5,28,22,22,0) [ 10.1266 ]
268:(38,2,5,29,21,21,0) [ 10.165999999999999 ]
269:(36,2,5,29,21,21,0) [ 9.9972 ]
270:(36,2,6,29,21,21,0) [ 10.3262 ]
271:(37,2,6,29,21,21,0) [ 10.4106 ]
272:(38,2,6,30,20,20,0) [ 10.461 ]
273:(36,2,6,30,20,20,0) [ 10.292200000000001 ]
274:(36,2,7,30,20,20,0) [ 10.632200000000001 ]
275:(37,2,7,30,20,20,0) [ 10.7166 ]
276:(38,2,5,30,20,20,0) [ 10.120999999999999 ]
277:(36,2,5,30,20,20,0) [ 9.952200000000001 ]
278:(38,2,6,31,19,19,0) [ 10.427000000000001 ]
279:(36,2,6,31,19,19,0) [ 10.2582 ]
280:(36,2,7,31,19,19,0) [ 10.6092 ]
281:(37,2,7,31,19,19,0) [ 10.693600000000002 ]
282:(38,2,7,32,18,18,0) [ 10.755 ]
283:(36,2,7,32,18,18,0) [ 10.586200000000002 ]
284:(36,2,8,32,18,18,0) [ 10.9482 ]
285:(37,2,8,32,18,18,0) [ 11.032600000000002 ]
286:(38,2,6,32,18,18,0) [ 10.393 ]
287:(36,2,6,32,18,18,0) [ 10.2242 ]
288:(39,2,5,32,18,18,0) [ 10.115400000000001 ]
289:(37,2,5,32,18,18,0) [ 9.9466 ]
290:(39,2,4,32,18,18,0) [ 9.753400000000001 ]
291:(37,2,4,32,18,18,0) [ 9.5846 ]
292:(40,2,3,32,18,18,0) [ 9.4758 ]
293:(38,2,3,32,18,18,0) [ 9.307 ]
294:(40,2,2,32,18,18,0) [ 9.113800000000001 ]
295:(38,2,2,32,18,18,0) [ 8.945 ]
296:(40,2,3,33,17,17,0) [ 9.4088 ]
297:(38,2,3,33,17,17,0) [ 9.24 ]
298:(38,2,4,33,17,17,0) [ 9.613 ]
299:(39,2,4,33,17,17,0) [ 9.6974 ]
300:(40,2,4,34,16,16,0) [ 9.725800000000001 ]
301:(38,2,4,34,16,16,0) [ 9.557 ]
302:(38,2,5,34,16,16,0) [ 9.941 ]
303:(39,2,5,34,16,16,0) [ 10.0254 ]
304:(41,2,3,34,16,16,0) [ 9.4262 ]
305:(39,2,3,34,16,16,0) [ 9.2574 ]
306:(41,2,4,35,15,15,0) [ 9.7542 ]
307:(39,2,4,35,15,15,0) [ 9.5854 ]
308:(39,2,5,35,15,15,0) [ 9.9804 ]
309:(40,2,5,35,15,15,0) [ 10.0648 ]
310:(42,2,3,35,15,15,0) [ 9.4436 ]
311:(40,2,3,35,15,15,0) [ 9.274799999999999 ]
312:(42,2,2,35,15,15,0) [ 9.0486 ]
313:(40,2,2,35,15,15,0) [ 8.8798 ]
314:(42,2,3,36,14,14,0) [ 9.3766 ]
315:(40,2,3,36,14,14,0) [ 9.2078 ]
316:(40,2,4,36,14,14,0) [ 9.6138 ]
317:(41,2,4,36,14,14,0) [ 9.698200000000002 ]
318:(42,2,2,36,14,14,0) [ 8.9706 ]
319:(40,2,2,36,14,14,0) [ 8.8018 ]
320:(43,2,1,36,14,14,0) [ 8.649 ]
321:(41,2,1,36,14,14,0) [ 8.4802 ]
322:(43,2,0,36,14,14,0) [ 8.243 ]
323:(41,2,0,36,14,14,0) [ 8.074200000000001 ]
324:(43,2,1,37,13,13,0) [ 8.56 ]
325:(41,2,1,37,13,13,0) [ 8.391200000000001 ]
326:(41,2,2,37,13,13,0) [ 8.808200000000001 ]
327:(42,2,2,37,13,13,0) [ 8.8926 ]
328:(43,2,2,38,12,12,0) [ 8.899000000000001 ]
329:(41,2,2,38,12,12,0) [ 8.7302 ]
330:(41,2,3,38,12,12,0) [ 9.1582 ]
331:(42,2,3,38,12,12,0) [ 9.2426 ]
332:(44,2,1,38,12,12,0) [ 8.555399999999999 ]
333:(42,2,1,38,12,12,0) [ 8.386600000000001 ]
334:(44,2,2,39,11,11,0) [ 8.9054 ]
335:(42,2,2,39,11,11,0) [ 8.7366 ]
336:(42,2,3,39,11,11,0) [ 9.1756 ]
337:(43,2,3,39,11,11,0) [ 9.26 ]
338:(44,2,1,39,11,11,0) [ 8.4664 ]
339:(42,2,1,39,11,11,0) [ 8.2976 ]
340:(44,2,2,40,10,10,0) [ 8.8274 ]
341:(42,2,2,40,10,10,0) [ 8.6586 ]
342:(42,2,3,40,10,10,0) [ 9.1086 ]
343:(43,2,3,40,10,10,0) [ 9.193 ]
344:(44,2,3,41,9,9,0) [ 9.2104 ]
345:(42,2,3,41,9,9,0) [ 9.0416 ]
346:(42,2,4,41,9,9,0) [ 9.5026 ]
347:(43,2,4,41,9,9,0) [ 9.587000000000002 ]
348:(44,2,4,42,8,8,0) [ 9.615400000000001 ]
349:(42,2,4,42,8,8,0) [ 9.4466 ]
350:(42,2,5,42,8,8,0) [ 9.918600000000001 ]
351:(43,2,5,42,8,8,0) [ 10.003 ]
352:(44,2,3,42,8,8,0) [ 9.1434 ]
353:(42,2,3,42,8,8,0) [ 8.9746 ]
354:(44,2,2,42,8,8,0) [ 8.6714 ]
355:(42,2,2,42,8,8,0) [ 8.5026 ]
356:(45,2,1,42,8,8,0) [ 8.2838 ]
357:(43,2,1,42,8,8,0) [ 8.115 ]
358:(46,2,0,42,8,8,0) [ 7.8962 ]
359:(44,2,0,42,8,8,0) [ 7.7274 ]
360:(46,2,1,43,7,7,0) [ 8.2792 ]
361:(44,2,1,43,7,7,0) [ 8.1104 ]
362:(44,2,2,43,7,7,0) [ 8.593399999999999 ]
363:(45,2,2,43,7,7,0) [ 8.6778 ]
364:(46,2,0,43,7,7,0) [ 7.796200000000001 ]
365:(44,2,0,43,7,7,0) [ 7.627400000000001 ]
366:(46,2,1,44,6,6,0) [ 8.1902 ]
367:(44,2,1,44,6,6,0) [ 8.0214 ]
368:(44,2,2,44,6,6,0) [ 8.5154 ]
369:(45,2,2,44,6,6,0) [ 8.5998 ]
370:(46,2,2,45,5,5,0) [ 8.606200000000001 ]
371:(44,2,2,45,5,5,0) [ 8.4374 ]
372:(44,2,3,45,5,5,0) [ 8.9424 ]
373:(45,2,3,45,5,5,0) [ 9.0268 ]
374:(46,2,1,45,5,5,0) [ 8.1012 ]
375:(44,2,1,45,5,5,0) [ 7.9323999999999995 ]
376:(46,2,2,46,4,4,0) [ 8.5282 ]
377:(44,2,2,46,4,4,0) [ 8.359399999999999 ]
378:(44,2,3,46,4,4,0) [ 8.8754 ]
379:(45,2,3,46,4,4,0) [ 8.9598 ]
380:(46,2,3,47,3,3,0) [ 8.9772 ]
381:(44,2,3,47,3,3,0) [ 8.8084 ]
382:(44,2,4,47,3,3,0) [ 9.3354 ]
383:(45,2,4,47,3,3,0) [ 9.419800000000002 ]
384:(46,2,2,47,3,3,0) [ 8.450200000000002 ]
385:(44,2,2,47,3,3,0) [ 8.2814 ]
386:(47,2,1,47,3,3,0) [ 8.0076 ]
387:(45,2,1,47,3,3,0) [ 7.8388 ]
388:(47,2,2,48,2,2,0) [ 8.4566 ]
389:(45,2,2,48,2,2,0) [ 8.2878 ]
390:(45,2,3,48,2,2,0) [ 8.8258 ]
391:(46,2,3,48,2,2,0) [ 8.9102 ]
392:(48,2,1,48,2,2,0) [ 8.003 ]
393:(46,2,1,48,2,2,0) [ 7.834200000000001 ]
394:(49,2,0,48,2,2,0) [ 7.5494 ]
395:(47,2,0,48,2,2,0) [ 7.3806 ]
396:(49,2,1,49,1,1,0) [ 7.998399999999999 ]
397:(47,2,1,49,1,1,0) [ 7.8296 ]
398:(47,2,2,49,1,1,0) [ 8.3786 ]
399:(48,2,2,49,1,1,0) [ 8.463 ]
400:(50,2,0,49,1,1,0) [ 7.533799999999999 ]
401:(48,2,0,49,1,1,0) [ 7.364999999999999 ]
402:(50,2,1,50,0,0,0) [ 7.993799999999999 ]
403:(48,2,1,50,0,0,0) [ 7.824999999999999 ]
404:(48,2,2,50,0,0,0) [ 8.384999999999998 ]
405:(49,2,2,50,0,0,0) [ 8.4694 ]
406:(51,2,0,50,0,0,0) [ 7.518200000000001 ]
407:(49,2,0,50,0,0,0) [ 7.3494 ]
408:(26,2,1,0,50,50,0) [ 10.4182 TARGET ]
409:(25,2,2,0,50,50,0) [ 10.3438 TARGET ]
410:(26,2,2,1,49,49,0) [ 10.350200000000001 ]
411:(25,2,3,1,49,49,0) [ 10.2868 ]
412:(26,2,3,2,48,48,0) [ 10.304200000000002 ]
413:(25,2,4,2,48,48,0) [ 10.251800000000001 ]
414:(26,2,4,3,47,47,0) [ 10.2802 ]
415:(25,2,5,3,47,47,0) [ 10.238800000000001 ]
416:(26,2,5,4,46,46,0) [ 10.278200000000002 ]
417:(25,2,6,4,46,46,0) [ 10.247800000000002 ]
418:(27,2,4,4,46,46,0) [ 10.308600000000002 ]
419:(27,2,3,4,46,46,0) [ 10.2546 ]
420:(27,2,4,5,45,45,0) [ 10.252600000000001 ]
421:(26,2,5,5,45,45,0) [ 10.2332 ]
422:(28,2,3,5,45,45,0) [ 10.272 ]
423:(28,2,2,5,45,45,0) [ 10.207 ]
424:(28,2,1,5,45,45,0) [ 10.142 ]
425:(28,2,2,6,44,44,0) [ 10.129000000000001 ]
426:(27,2,3,6,44,44,0) [ 10.1206 ]
427:(28,2,3,7,43,43,0) [ 10.138 ]
428:(27,2,4,7,43,43,0) [ 10.1406 ]
429:(28,2,2,7,43,43,0) [ 10.051 ]
430:(28,2,1,7,43,43,0) [ 9.963999999999999 ]
431:(29,2,0,7,43,43,0) [ 9.961400000000001 ]
432:(29,2,1,8,42,42,0) [ 9.959399999999999 ]
433:(28,2,2,8,42,42,0) [ 9.973 ]
434:(29,2,0,8,42,42,0) [ 9.8614 ]
435:(29,2,1,9,41,41,0) [ 9.8704 ]
436:(28,2,2,9,41,41,0) [ 9.895 ]
437:(30,2,0,9,41,41,0) [ 9.8458 ]
438:(30,2,1,10,40,40,0) [ 9.8658 ]
439:(29,2,2,10,40,40,0) [ 9.901399999999999 ]
440:(31,2,0,10,40,40,0) [ 9.8302 ]
441:(31,2,1,11,39,39,0) [ 9.8612 ]
442:(30,2,2,11,39,39,0) [ 9.9078 ]
443:(31,2,0,11,39,39,0) [ 9.7302 ]
444:(31,2,1,12,38,38,0) [ 9.7722 ]
445:(30,2,2,12,38,38,0) [ 9.8298 ]
446:(31,2,2,13,37,37,0) [ 9.836200000000002 ]
447:(30,2,3,13,37,37,0) [ 9.9048 ]
448:(31,2,3,14,36,36,0) [ 9.9222 ]
449:(30,2,4,14,36,36,0) [ 10.0018 ]
450:(31,2,4,15,35,35,0) [ 10.0302 ]
451:(30,2,5,15,35,35,0) [ 10.1208 ]
452:(31,2,3,15,35,35,0) [ 9.8552 ]
453:(32,2,2,15,35,35,0) [ 9.7646 ]
454:(33,2,1,15,35,35,0) [ 9.674 ]
455:(33,2,2,16,34,34,0) [ 9.771 ]
456:(32,2,3,16,34,34,0) [ 9.8726 ]
457:(33,2,3,17,33,33,0) [ 9.89 ]
458:(32,2,4,17,33,33,0) [ 10.002600000000001 ]
459:(33,2,4,18,32,32,0) [ 10.030999999999999 ]
460:(32,2,5,18,32,32,0) [ 10.154599999999999 ]
461:(34,2,3,18,32,32,0) [ 9.907399999999999 ]
462:(34,2,4,19,31,31,0) [ 10.0594 ]
463:(33,2,5,19,31,31,0) [ 10.193999999999999 ]
464:(35,2,3,19,31,31,0) [ 9.9248 ]
465:(35,2,4,20,30,30,0) [ 10.0878 ]
466:(34,2,5,20,30,30,0) [ 10.2334 ]
467:(35,2,3,20,30,30,0) [ 9.857800000000001 ]
468:(35,2,2,20,30,30,0) [ 9.6278 ]
469:(36,2,1,20,30,30,0) [ 9.482199999999999 ]
470:(36,2,2,21,29,29,0) [ 9.6342 ]
471:(35,2,3,21,29,29,0) [ 9.7908 ]
472:(36,2,3,22,28,28,0) [ 9.808200000000001 ]
473:(35,2,4,22,28,28,0) [ 9.975800000000001 ]
474:(37,2,2,22,28,28,0) [ 9.640600000000001 ]
475:(37,2,3,23,27,27,0) [ 9.825600000000001 ]
476:(36,2,4,23,27,27,0) [ 10.0042 ]
477:(37,2,4,24,26,26,0) [ 10.0326 ]
478:(36,2,5,24,26,26,0) [ 10.2222 ]
479:(37,2,3,24,26,26,0) [ 9.7586 ]
480:(38,2,2,24,26,26,0) [ 9.569 ]
481:(38,2,3,25,25,25,0) [ 9.776 ]
482:(37,2,4,25,25,25,0) [ 9.976600000000001 ]
483:(38,2,2,25,25,25,0) [ 9.491 ]
484:(38,2,3,26,24,24,0) [ 9.709 ]
485:(37,2,4,26,24,24,0) [ 9.9206 ]
486:(38,2,4,27,23,23,0) [ 9.949 ]
487:(37,2,5,27,23,23,0) [ 10.1716 ]
488:(39,2,3,27,23,23,0) [ 9.7264 ]
489:(39,2,4,28,22,22,0) [ 9.9774 ]
490:(38,2,5,28,22,22,0) [ 10.210999999999999 ]
491:(39,2,5,29,21,21,0) [ 10.2504 ]
492:(38,2,6,29,21,21,0) [ 10.495 ]
493:(39,2,6,30,20,20,0) [ 10.5454 ]
494:(38,2,7,30,20,20,0) [ 10.801 ]
495:(39,2,5,30,20,20,0) [ 10.205400000000001 ]
496:(39,2,6,31,19,19,0) [ 10.5114 ]
497:(38,2,7,31,19,19,0) [ 10.778 ]
498:(39,2,7,32,18,18,0) [ 10.839400000000001 ]
499:(38,2,8,32,18,18,0) [ 11.117 ]
500:(39,2,6,32,18,18,0) [ 10.477400000000001 ]
501:(40,2,5,32,18,18,0) [ 10.1998 ]
502:(40,2,4,32,18,18,0) [ 9.837800000000001 ]
503:(41,2,3,32,18,18,0) [ 9.5602 ]
504:(41,2,2,32,18,18,0) [ 9.1982 ]
505:(41,2,3,33,17,17,0) [ 9.4932 ]
506:(40,2,4,33,17,17,0) [ 9.7818 ]
507:(41,2,4,34,16,16,0) [ 9.8102 ]
508:(40,2,5,34,16,16,0) [ 10.109799999999998 ]
509:(42,2,3,34,16,16,0) [ 9.5106 ]
510:(42,2,4,35,15,15,0) [ 9.8386 ]
511:(41,2,5,35,15,15,0) [ 10.1492 ]
512:(43,2,3,35,15,15,0) [ 9.527999999999999 ]
513:(43,2,2,35,15,15,0) [ 9.133 ]
514:(43,2,3,36,14,14,0) [ 9.461 ]
515:(42,2,4,36,14,14,0) [ 9.7826 ]
516:(43,2,2,36,14,14,0) [ 9.055 ]
517:(44,2,1,36,14,14,0) [ 8.7334 ]
518:(44,2,0,36,14,14,0) [ 8.3274 ]
519:(44,2,1,37,13,13,0) [ 8.6444 ]
520:(43,2,2,37,13,13,0) [ 8.977 ]
521:(44,2,2,38,12,12,0) [ 8.9834 ]
522:(43,2,3,38,12,12,0) [ 9.326999999999998 ]
523:(45,2,1,38,12,12,0) [ 8.639800000000001 ]
524:(45,2,2,39,11,11,0) [ 8.9898 ]
525:(44,2,3,39,11,11,0) [ 9.344399999999998 ]
526:(45,2,1,39,11,11,0) [ 8.5508 ]
527:(45,2,2,40,10,10,0) [ 8.9118 ]
528:(44,2,3,40,10,10,0) [ 9.2774 ]
529:(45,2,3,41,9,9,0) [ 9.2948 ]
530:(44,2,4,41,9,9,0) [ 9.6714 ]
531:(45,2,4,42,8,8,0) [ 9.6998 ]
532:(44,2,5,42,8,8,0) [ 10.087399999999999 ]
533:(45,2,3,42,8,8,0) [ 9.227800000000002 ]
534:(45,2,2,42,8,8,0) [ 8.7558 ]
535:(46,2,1,42,8,8,0) [ 8.3682 ]
536:(47,2,0,42,8,8,0) [ 7.9806 ]
537:(47,2,1,43,7,7,0) [ 8.3636 ]
538:(46,2,2,43,7,7,0) [ 8.7622 ]
539:(47,2,0,43,7,7,0) [ 7.8806 ]
540:(47,2,1,44,6,6,0) [ 8.274600000000001 ]
541:(46,2,2,44,6,6,0) [ 8.684199999999999 ]
542:(47,2,2,45,5,5,0) [ 8.6906 ]
543:(46,2,3,45,5,5,0) [ 9.1112 ]
544:(47,2,1,45,5,5,0) [ 8.1856 ]
545:(47,2,2,46,4,4,0) [ 8.612600000000002 ]
546:(46,2,3,46,4,4,0) [ 9.044200000000002 ]
547:(47,2,3,47,3,3,0) [ 9.061600000000002 ]
548:(46,2,4,47,3,3,0) [ 9.5042 ]
549:(47,2,2,47,3,3,0) [ 8.534600000000001 ]
550:(48,2,1,47,3,3,0) [ 8.092 ]
551:(48,2,2,48,2,2,0) [ 8.540999999999999 ]
552:(47,2,3,48,2,2,0) [ 8.994599999999998 ]
553:(49,2,1,48,2,2,0) [ 8.0874 ]
554:(50,2,0,48,2,2,0) [ 7.6338 ]
555:(50,2,1,49,1,1,0) [ 8.082799999999999 ]
556:(49,2,2,49,1,1,0) [ 8.547399999999998 ]
557:(51,2,0,49,1,1,0) [ 7.618200000000001 ]
558:(51,2,1,50,0,0,0) [ 8.0782 ]
559:(50,2,2,50,0,0,0) [ 8.553799999999999 ]
560:(52,2,0,50,0,0,0) [ 7.602600000000001 ]
561:(27,2,1,0,50,50,0) [ 10.502600000000001 TARGET ]
562:(26,2,2,0,50,50,0) [ 10.4282 TARGET ]
563:(27,2,2,1,49,49,0) [ 10.4346 ]
564:(26,2,3,1,49,49,0) [ 10.3712 ]
565:(27,2,3,2,48,48,0) [ 10.3886 ]
566:(26,2,4,2,48,48,0) [ 10.336200000000002 ]
567:(27,2,4,3,47,47,0) [ 10.3646 ]
568:(26,2,5,3,47,47,0) [ 10.3232 ]
569:(27,2,5,4,46,46,0) [ 10.3626 ]
570:(26,2,6,4,46,46,0) [ 10.3322 ]
571:(28,2,4,4,46,46,0) [ 10.393 ]
572:(28,2,3,4,46,46,0) [ 10.339000000000002 ]
573:(28,2,4,5,45,45,0) [ 10.337 ]
574:(27,2,5,5,45,45,0) [ 10.3176 ]
575:(29,2,3,5,45,45,0) [ 10.3564 ]
576:(29,2,2,5,45,45,0) [ 10.2914 ]
577:(29,2,1,5,45,45,0) [ 10.2264 ]
578:(29,2,2,6,44,44,0) [ 10.2134 ]
579:(28,2,3,6,44,44,0) [ 10.205 ]
580:(29,2,3,7,43,43,0) [ 10.2224 ]
581:(28,2,4,7,43,43,0) [ 10.225000000000001 ]
582:(29,2,2,7,43,43,0) [ 10.1354 ]
583:(29,2,1,7,43,43,0) [ 10.0484 ]
584:(30,2,0,7,43,43,0) [ 10.0458 ]
585:(30,2,1,8,42,42,0) [ 10.043800000000001 ]
586:(29,2,2,8,42,42,0) [ 10.057400000000001 ]
587:(30,2,0,8,42,42,0) [ 9.9458 ]
588:(30,2,1,9,41,41,0) [ 9.9548 ]
589:(29,2,2,9,41,41,0) [ 9.979400000000002 ]
590:(31,2,0,9,41,41,0) [ 9.9302 ]
591:(31,2,1,10,40,40,0) [ 9.950199999999999 ]
592:(30,2,2,10,40,40,0) [ 9.985800000000001 ]
593:(32,2,0,10,40,40,0) [ 9.9146 ]
594:(32,2,1,11,39,39,0) [ 9.9456 ]
595:(31,2,2,11,39,39,0) [ 9.9922 ]
596:(32,2,0,11,39,39,0) [ 9.8146 ]
597:(32,2,1,12,38,38,0) [ 9.8566 ]
598:(31,2,2,12,38,38,0) [ 9.914200000000001 ]
599:(32,2,2,13,37,37,0) [ 9.9206 ]
600:(31,2,3,13,37,37,0) [ 9.9892 ]
601:(32,2,3,14,36,36,0) [ 10.0066 ]
602:(31,2,4,14,36,36,0) [ 10.0862 ]
603:(32,2,4,15,35,35,0) [ 10.1146 ]
604:(31,2,5,15,35,35,0) [ 10.2052 ]
605:(32,2,3,15,35,35,0) [ 9.9396 ]
606:(33,2,2,15,35,35,0) [ 9.849 ]
607:(34,2,1,15,35,35,0) [ 9.7584 ]
608:(34,2,2,16,34,34,0) [ 9.8554 ]
609:(33,2,3,16,34,34,0) [ 9.957 ]
610:(34,2,3,17,33,33,0) [ 9.974400000000001 ]
611:(33,2,4,17,33,33,0) [ 10.087 ]
612:(34,2,4,18,32,32,0) [ 10.115400000000001 ]
613:(33,2,5,18,32,32,0) [ 10.239 ]
614:(35,2,3,18,32,32,0) [ 9.991800000000001 ]
615:(35,2,4,19,31,31,0) [ 10.1438 ]
616:(34,2,5,19,31,31,0) [ 10.2784 ]
617:(36,2,3,19,31,31,0) [ 10.0092 ]
618:(36,2,4,20,30,30,0) [ 10.1722 ]
619:(35,2,5,20,30,30,0) [ 10.3178 ]
620:(36,2,3,20,30,30,0) [ 9.9422 ]
621:(36,2,2,20,30,30,0) [ 9.7122 ]
622:(37,2,1,20,30,30,0) [ 9.566600000000001 ]
623:(37,2,2,21,29,29,0) [ 9.7186 ]
624:(36,2,3,21,29,29,0) [ 9.8752 ]
625:(37,2,3,22,28,28,0) [ 9.8926 ]
626:(36,2,4,22,28,28,0) [ 10.0602 ]
627:(38,2,2,22,28,28,0) [ 9.725000000000001 ]
628:(38,2,3,23,27,27,0) [ 9.91 ]
629:(37,2,4,23,27,27,0) [ 10.0886 ]
630:(38,2,4,24,26,26,0) [ 10.117 ]
631:(37,2,5,24,26,26,0) [ 10.3066 ]
632:(38,2,3,24,26,26,0) [ 9.843 ]
633:(39,2,2,24,26,26,0) [ 9.6534 ]
634:(39,2,3,25,25,25,0) [ 9.8604 ]
635:(38,2,4,25,25,25,0) [ 10.061 ]
636:(39,2,2,25,25,25,0) [ 9.5754 ]
637:(39,2,3,26,24,24,0) [ 9.793400000000002 ]
638:(38,2,4,26,24,24,0) [ 10.005 ]
639:(39,2,4,27,23,23,0) [ 10.0334 ]
640:(38,2,5,27,23,23,0) [ 10.256 ]
641:(40,2,3,27,23,23,0) [ 9.8108 ]
642:(40,2,4,28,22,22,0) [ 10.061800000000002 ]
643:(39,2,5,28,22,22,0) [ 10.2954 ]
644:(40,2,5,29,21,21,0) [ 10.3348 ]
645:(39,2,6,29,21,21,0) [ 10.579400000000001 ]
646:(40,2,6,30,20,20,0) [ 10.6298 ]
647:(39,2,7,30,20,20,0) [ 10.8854 ]
648:(40,2,5,30,20,20,0) [ 10.2898 ]
649:(40,2,6,31,19,19,0) [ 10.595800000000002 ]
650:(39,2,7,31,19,19,0) [ 10.8624 ]
651:(40,2,7,32,18,18,0) [ 10.9238 ]
652:(39,2,8,32,18,18,0) [ 11.2014 ]
653:(40,2,6,32,18,18,0) [ 10.561800000000002 ]
654:(41,2,5,32,18,18,0) [ 10.284200000000002 ]
655:(41,2,4,32,18,18,0) [ 9.9222 ]
656:(42,2,3,32,18,18,0) [ 9.6446 ]
657:(42,2,2,32,18,18,0) [ 9.2826 ]
658:(42,2,3,33,17,17,0) [ 9.5776 ]
659:(41,2,4,33,17,17,0) [ 9.8662 ]
660:(42,2,4,34,16,16,0) [ 9.894599999999999 ]
661:(41,2,5,34,16,16,0) [ 10.1942 ]
662:(43,2,3,34,16,16,0) [ 9.595 ]
663:(43,2,4,35,15,15,0) [ 9.923 ]
664:(42,2,5,35,15,15,0) [ 10.2336 ]
665:(44,2,3,35,15,15,0) [ 9.612400000000001 ]
666:(44,2,2,35,15,15,0) [ 9.2174 ]
667:(44,2,3,36,14,14,0) [ 9.545399999999999 ]
668:(43,2,4,36,14,14,0) [ 9.866999999999999 ]
669:(44,2,2,36,14,14,0) [ 9.1394 ]
670:(45,2,1,36,14,14,0) [ 8.8178 ]
671:(45,2,0,36,14,14,0) [ 8.4118 ]
672:(45,2,1,37,13,13,0) [ 8.7288 ]
673:(44,2,2,37,13,13,0) [ 9.0614 ]
674:(45,2,2,38,12,12,0) [ 9.0678 ]
675:(44,2,3,38,12,12,0) [ 9.4114 ]
676:(46,2,1,38,12,12,0) [ 8.7242 ]
677:(46,2,2,39,11,11,0) [ 9.074200000000001 ]
678:(45,2,3,39,11,11,0) [ 9.4288 ]
679:(46,2,1,39,11,11,0) [ 8.635200000000001 ]
680:(46,2,2,40,10,10,0) [ 8.996200000000002 ]
681:(45,2,3,40,10,10,0) [ 9.361799999999999 ]
682:(46,2,3,41,9,9,0) [ 9.3792 ]
683:(45,2,4,41,9,9,0) [ 9.755799999999999 ]
684:(46,2,4,42,8,8,0) [ 9.784200000000002 ]
685:(45,2,5,42,8,8,0) [ 10.171800000000001 ]
686:(46,2,3,42,8,8,0) [ 9.3122 ]
687:(46,2,2,42,8,8,0) [ 8.840200000000001 ]
688:(47,2,1,42,8,8,0) [ 8.4526 ]
689:(48,2,0,42,8,8,0) [ 8.065 ]
690:(48,2,1,43,7,7,0) [ 8.447999999999999 ]
691:(47,2,2,43,7,7,0) [ 8.846599999999999 ]
692:(48,2,0,43,7,7,0) [ 7.965 ]
693:(48,2,1,44,6,6,0) [ 8.359 ]
694:(47,2,2,44,6,6,0) [ 8.768600000000001 ]
695:(48,2,2,45,5,5,0) [ 8.774999999999999 ]
696:(47,2,3,45,5,5,0) [ 9.1956 ]
697:(48,2,1,45,5,5,0) [ 8.27 ]
698:(48,2,2,46,4,4,0) [ 8.697000000000001 ]
699:(47,2,3,46,4,4,0) [ 9.1286 ]
700:(48,2,3,47,3,3,0) [ 9.146 ]
701:(47,2,4,47,3,3,0) [ 9.5886 ]
702:(48,2,2,47,3,3,0) [ 8.619 ]
703:(49,2,1,47,3,3,0) [ 8.176400000000001 ]
704:(49,2,2,48,2,2,0) [ 8.625399999999999 ]
705:(48,2,3,48,2,2,0) [ 9.079 ]
706:(50,2,1,48,2,2,0) [ 8.1718 ]
707:(51,2,0,48,2,2,0) [ 7.718200000000001 ]
708:(51,2,1,49,1,1,0) [ 8.1672 ]
709:(50,2,2,49,1,1,0) [ 8.6318 ]
710:(52,2,0,49,1,1,0) [ 7.7026 ]
711:(52,2,1,50,0,0,0) [ 8.162600000000001 ]
712:(51,2,2,50,0,0,0) [ 8.638200000000001 ]
713:(53,2,0,50,0,0,0) [ 7.687 ]
714:(23,2,3,0,50,50,0) [ 10.185 TARGET ]
715:(24,2,3,0,50,50,0) [ 10.2694 TARGET ]
716:(23,2,4,1,49,49,0) [ 10.139 ]
717:(24,2,4,1,49,49,0) [ 10.2234 ]
718:(23,2,5,2,48,48,0) [ 10.115 ]
719:(24,2,5,2,48,48,0) [ 10.1994 ]
720:(23,2,6,3,47,47,0) [ 10.113 ]
721:(24,2,6,3,47,47,0) [ 10.1974 ]
722:(23,2,7,4,46,46,0) [ 10.133 ]
723:(24,2,7,4,46,46,0) [ 10.217400000000001 ]
724:(24,2,6,5,45,45,0) [ 10.1294 ]
725:(25,2,6,5,45,45,0) [ 10.213799999999999 ]
726:(25,2,4,6,44,44,0) [ 10.0278 ]
727:(26,2,4,6,44,44,0) [ 10.112200000000001 ]
728:(25,2,5,7,43,43,0) [ 10.058799999999998 ]
729:(26,2,5,7,43,43,0) [ 10.1432 ]
730:(26,2,3,8,42,42,0) [ 9.9022 ]
731:(27,2,3,8,42,42,0) [ 9.9866 ]
732:(26,2,3,9,41,41,0) [ 9.8352 ]
733:(27,2,3,9,41,41,0) [ 9.9196 ]
734:(27,2,3,10,40,40,0) [ 9.8526 ]
735:(28,2,3,10,40,40,0) [ 9.937000000000001 ]
736:(28,2,3,11,39,39,0) [ 9.870000000000001 ]
737:(29,2,3,11,39,39,0) [ 9.9544 ]
738:(28,2,3,12,38,38,0) [ 9.803 ]
739:(29,2,3,12,38,38,0) [ 9.8874 ]
740:(28,2,4,13,37,37,0) [ 9.889 ]
741:(29,2,4,13,37,37,0) [ 9.973400000000002 ]
742:(28,2,5,14,36,36,0) [ 9.997 ]
743:(29,2,5,14,36,36,0) [ 10.0814 ]
744:(28,2,6,15,35,35,0) [ 10.127 ]
745:(29,2,6,15,35,35,0) [ 10.211400000000001 ]
746:(30,2,4,16,34,34,0) [ 9.889800000000001 ]
747:(31,2,4,16,34,34,0) [ 9.9742 ]
748:(30,2,5,17,33,33,0) [ 10.0308 ]
749:(31,2,5,17,33,33,0) [ 10.1152 ]
750:(30,2,6,18,32,32,0) [ 10.1938 ]
751:(31,2,6,18,32,32,0) [ 10.278200000000002 ]
752:(31,2,6,19,31,31,0) [ 10.2442 ]
753:(32,2,6,19,31,31,0) [ 10.3286 ]
754:(32,2,6,20,30,30,0) [ 10.294599999999999 ]
755:(33,2,6,20,30,30,0) [ 10.379000000000001 ]
756:(33,2,4,21,29,29,0) [ 9.863 ]
757:(34,2,4,21,29,29,0) [ 9.9474 ]
758:(33,2,5,22,28,28,0) [ 10.059 ]
759:(34,2,5,22,28,28,0) [ 10.1434 ]
760:(34,2,5,23,27,27,0) [ 10.0984 ]
761:(35,2,5,23,27,27,0) [ 10.1828 ]
762:(34,2,6,24,26,26,0) [ 10.3274 ]
763:(35,2,6,24,26,26,0) [ 10.411800000000001 ]
764:(35,2,5,25,25,25,0) [ 10.0928 ]
765:(36,2,5,25,25,25,0) [ 10.1772 ]
766:(35,2,5,26,24,24,0) [ 10.047799999999999 ]
767:(36,2,5,26,24,24,0) [ 10.132200000000001 ]
768:(35,2,6,27,23,23,0) [ 10.309800000000001 ]
769:(36,2,6,27,23,23,0) [ 10.394200000000001 ]
770:(36,2,6,28,22,22,0) [ 10.360199999999999 ]
771:(37,2,6,28,22,22,0) [ 10.444600000000001 ]
772:(36,2,7,29,21,21,0) [ 10.655199999999999 ]
773:(37,2,7,29,21,21,0) [ 10.739600000000001 ]
774:(36,2,8,30,20,20,0) [ 10.9722 ]
775:(37,2,8,30,20,20,0) [ 11.0566 ]
776:(36,2,8,31,19,19,0) [ 10.9602 ]
777:(37,2,8,31,19,19,0) [ 11.0446 ]
778:(36,2,9,32,18,18,0) [ 11.310200000000002 ]
779:(37,2,9,32,18,18,0) [ 11.3946 ]
780:(38,2,5,33,17,17,0) [ 9.986 ]
781:(39,2,5,33,17,17,0) [ 10.0704 ]
782:(38,2,6,34,16,16,0) [ 10.325000000000001 ]
783:(39,2,6,34,16,16,0) [ 10.4094 ]
784:(39,2,6,35,15,15,0) [ 10.375399999999999 ]
785:(40,2,6,35,15,15,0) [ 10.459800000000001 ]
786:(40,2,5,36,14,14,0) [ 10.0198 ]
787:(41,2,5,36,14,14,0) [ 10.1042 ]
788:(41,2,3,37,13,13,0) [ 9.225200000000001 ]
789:(42,2,3,37,13,13,0) [ 9.3096 ]
790:(41,2,4,38,12,12,0) [ 9.586200000000002 ]
791:(42,2,4,38,12,12,0) [ 9.6706 ]
792:(42,2,4,39,11,11,0) [ 9.6146 ]
793:(43,2,4,39,11,11,0) [ 9.699 ]
794:(42,2,4,40,10,10,0) [ 9.558599999999998 ]
795:(43,2,4,40,10,10,0) [ 9.643 ]
796:(42,2,5,41,9,9,0) [ 9.963600000000001 ]
797:(43,2,5,41,9,9,0) [ 10.048 ]
798:(42,2,6,42,8,8,0) [ 10.390600000000001 ]
799:(43,2,6,42,8,8,0) [ 10.475000000000001 ]
800:(44,2,3,43,7,7,0) [ 9.0764 ]
801:(45,2,3,43,7,7,0) [ 9.160799999999998 ]
802:(44,2,3,44,6,6,0) [ 9.0094 ]
803:(45,2,3,44,6,6,0) [ 9.0938 ]
804:(44,2,4,45,5,5,0) [ 9.4474 ]
805:(45,2,4,45,5,5,0) [ 9.5318 ]
806:(44,2,4,46,4,4,0) [ 9.391399999999999 ]
807:(45,2,4,46,4,4,0) [ 9.475800000000001 ]
808:(44,2,5,47,3,3,0) [ 9.862400000000001 ]
809:(45,2,5,47,3,3,0) [ 9.9468 ]
810:(45,2,4,48,2,2,0) [ 9.3638 ]
811:(46,2,4,48,2,2,0) [ 9.4482 ]
812:(47,2,3,49,1,1,0) [ 8.9276 ]
813:(48,2,3,49,1,1,0) [ 9.011999999999999 ]
814:(48,2,3,50,0,0,0) [ 8.945 ]
815:(49,2,3,50,0,0,0) [ 9.0294 ]
816:(25,2,3,0,50,50,0) [ 10.3538 TARGET ]
817:(25,2,4,1,49,49,0) [ 10.3078 ]
818:(25,2,5,2,48,48,0) [ 10.2838 ]
819:(25,2,6,3,47,47,0) [ 10.2818 ]
820:(25,2,7,4,46,46,0) [ 10.3018 ]
821:(26,2,6,5,45,45,0) [ 10.298200000000001 ]
822:(27,2,4,6,44,44,0) [ 10.1966 ]
823:(27,2,5,7,43,43,0) [ 10.227599999999999 ]
824:(28,2,3,8,42,42,0) [ 10.071000000000002 ]
825:(28,2,3,9,41,41,0) [ 10.004000000000001 ]
826:(29,2,3,10,40,40,0) [ 10.0214 ]
827:(30,2,3,11,39,39,0) [ 10.0388 ]
828:(30,2,3,12,38,38,0) [ 9.9718 ]
829:(30,2,4,13,37,37,0) [ 10.0578 ]
830:(30,2,5,14,36,36,0) [ 10.165799999999999 ]
831:(30,2,6,15,35,35,0) [ 10.2958 ]
832:(32,2,4,16,34,34,0) [ 10.0586 ]
833:(32,2,5,17,33,33,0) [ 10.1996 ]
834:(32,2,6,18,32,32,0) [ 10.3626 ]
835:(33,2,6,19,31,31,0) [ 10.413 ]
836:(34,2,6,20,30,30,0) [ 10.4634 ]
837:(35,2,4,21,29,29,0) [ 10.0318 ]
838:(35,2,5,22,28,28,0) [ 10.2278 ]
839:(36,2,5,23,27,27,0) [ 10.267199999999999 ]
840:(36,2,6,24,26,26,0) [ 10.4962 ]
841:(37,2,5,25,25,25,0) [ 10.2616 ]
842:(37,2,5,26,24,24,0) [ 10.2166 ]
843:(37,2,6,27,23,23,0) [ 10.4786 ]
844:(38,2,6,28,22,22,0) [ 10.529 ]
845:(38,2,7,29,21,21,0) [ 10.824 ]
846:(38,2,8,30,20,20,0) [ 11.141 ]
847:(38,2,8,31,19,19,0) [ 11.129 ]
848:(38,2,9,32,18,18,0) [ 11.479 ]
849:(40,2,5,33,17,17,0) [ 10.154799999999998 ]
850:(40,2,6,34,16,16,0) [ 10.4938 ]
851:(41,2,6,35,15,15,0) [ 10.5442 ]
852:(42,2,5,36,14,14,0) [ 10.1886 ]
853:(43,2,3,37,13,13,0) [ 9.394000000000002 ]
854:(43,2,4,38,12,12,0) [ 9.754999999999999 ]
855:(44,2,4,39,11,11,0) [ 9.783399999999999 ]
856:(44,2,4,40,10,10,0) [ 9.7274 ]
857:(44,2,5,41,9,9,0) [ 10.132399999999999 ]
858:(44,2,6,42,8,8,0) [ 10.5594 ]
859:(46,2,3,43,7,7,0) [ 9.2452 ]
860:(46,2,3,44,6,6,0) [ 9.178199999999999 ]
861:(46,2,4,45,5,5,0) [ 9.6162 ]
862:(46,2,4,46,4,4,0) [ 9.5602 ]
863:(46,2,5,47,3,3,0) [ 10.031200000000002 ]
864:(47,2,4,48,2,2,0) [ 9.532599999999999 ]
865:(49,2,3,49,1,1,0) [ 9.096400000000001 ]
866:(50,2,3,50,0,0,0) [ 9.113800000000001 ]
867:(22,2,1,0,50,50,0) [ 10.0806 TARGET ]
868:(22,2,2,0,50,50,0) [ 10.0906 TARGET ]
869:(22,2,2,1,49,49,0) [ 10.0126 ]
870:(22,2,3,1,49,49,0) [ 10.0336 ]
871:(22,2,3,2,48,48,0) [ 9.9666 ]
872:(22,2,4,2,48,48,0) [ 9.9986 ]
873:(22,2,4,3,47,47,0) [ 9.942599999999999 ]
874:(22,2,5,3,47,47,0) [ 9.985600000000002 ]
875:(22,2,5,4,46,46,0) [ 9.9406 ]
876:(22,2,6,4,46,46,0) [ 9.994600000000002 ]
877:(23,2,4,4,46,46,0) [ 9.971 ]
878:(23,2,3,4,46,46,0) [ 9.917000000000002 ]
879:(23,2,4,5,45,45,0) [ 9.915 ]
880:(23,2,5,5,45,45,0) [ 9.98 ]
881:(24,2,3,5,45,45,0) [ 9.9344 ]
882:(24,2,2,5,45,45,0) [ 9.869399999999999 ]
883:(24,2,1,5,45,45,0) [ 9.8044 ]
884:(24,2,2,6,44,44,0) [ 9.7914 ]
885:(24,2,3,6,44,44,0) [ 9.8674 ]
886:(24,2,3,7,43,43,0) [ 9.8004 ]
887:(24,2,4,7,43,43,0) [ 9.8874 ]
888:(24,2,2,7,43,43,0) [ 9.7134 ]
889:(24,2,1,7,43,43,0) [ 9.6264 ]
890:(25,2,0,7,43,43,0) [ 9.6238 ]
891:(25,2,1,8,42,42,0) [ 9.6218 ]
892:(25,2,2,8,42,42,0) [ 9.7198 ]
893:(25,2,0,8,42,42,0) [ 9.523800000000001 ]
894:(25,2,1,9,41,41,0) [ 9.532800000000002 ]
895:(25,2,2,9,41,41,0) [ 9.6418 ]
896:(26,2,0,9,41,41,0) [ 9.508200000000002 ]
897:(26,2,1,10,40,40,0) [ 9.5282 ]
898:(26,2,2,10,40,40,0) [ 9.6482 ]
899:(27,2,0,10,40,40,0) [ 9.4926 ]
900:(27,2,1,11,39,39,0) [ 9.5236 ]
901:(27,2,2,11,39,39,0) [ 9.6546 ]
902:(27,2,0,11,39,39,0) [ 9.392600000000002 ]
903:(27,2,1,12,38,38,0) [ 9.434600000000001 ]
904:(27,2,2,12,38,38,0) [ 9.576600000000001 ]
905:(27,2,2,13,37,37,0) [ 9.4986 ]
906:(27,2,3,13,37,37,0) [ 9.6516 ]
907:(27,2,3,14,36,36,0) [ 9.5846 ]
908:(27,2,4,14,36,36,0) [ 9.7486 ]
909:(27,2,4,15,35,35,0) [ 9.6926 ]
910:(27,2,5,15,35,35,0) [ 9.8676 ]
911:(27,2,3,15,35,35,0) [ 9.5176 ]
912:(28,2,2,15,35,35,0) [ 9.427 ]
913:(29,2,1,15,35,35,0) [ 9.3364 ]
914:(29,2,2,16,34,34,0) [ 9.4334 ]
915:(29,2,3,16,34,34,0) [ 9.6194 ]
916:(29,2,3,17,33,33,0) [ 9.5524 ]
917:(29,2,4,17,33,33,0) [ 9.7494 ]
918:(29,2,4,18,32,32,0) [ 9.6934 ]
919:(29,2,5,18,32,32,0) [ 9.901399999999999 ]
920:(30,2,3,18,32,32,0) [ 9.5698 ]
921:(30,2,4,19,31,31,0) [ 9.7218 ]
922:(30,2,5,19,31,31,0) [ 9.9408 ]
923:(31,2,3,19,31,31,0) [ 9.5872 ]
924:(31,2,4,20,30,30,0) [ 9.7502 ]
925:(31,2,5,20,30,30,0) [ 9.9802 ]
926:(31,2,3,20,30,30,0) [ 9.520199999999999 ]
927:(31,2,2,20,30,30,0) [ 9.2902 ]
928:(32,2,1,20,30,30,0) [ 9.1446 ]
929:(32,2,2,21,29,29,0) [ 9.296600000000002 ]
930:(32,2,3,21,29,29,0) [ 9.537600000000001 ]
931:(32,2,3,22,28,28,0) [ 9.470600000000001 ]
932:(32,2,4,22,28,28,0) [ 9.7226 ]
933:(33,2,2,22,28,28,0) [ 9.303 ]
934:(33,2,3,23,27,27,0) [ 9.488 ]
935:(33,2,4,23,27,27,0) [ 9.751000000000001 ]
936:(33,2,4,24,26,26,0) [ 9.695 ]
937:(33,2,5,24,26,26,0) [ 9.969 ]
938:(33,2,3,24,26,26,0) [ 9.421 ]
939:(34,2,2,24,26,26,0) [ 9.2314 ]
940:(34,2,3,25,25,25,0) [ 9.4384 ]
941:(34,2,4,25,25,25,0) [ 9.7234 ]
942:(34,2,2,25,25,25,0) [ 9.1534 ]
943:(34,2,3,26,24,24,0) [ 9.371400000000001 ]
944:(34,2,4,26,24,24,0) [ 9.6674 ]
945:(34,2,4,27,23,23,0) [ 9.6114 ]
946:(34,2,5,27,23,23,0) [ 9.9184 ]
947:(35,2,3,27,23,23,0) [ 9.3888 ]
948:(35,2,4,28,22,22,0) [ 9.639800000000001 ]
949:(35,2,5,28,22,22,0) [ 9.957799999999999 ]
950:(35,2,5,29,21,21,0) [ 9.9128 ]
951:(35,2,6,29,21,21,0) [ 10.2418 ]
952:(35,2,6,30,20,20,0) [ 10.207799999999999 ]
953:(35,2,7,30,20,20,0) [ 10.547799999999999 ]
954:(35,2,5,30,20,20,0) [ 9.867799999999999 ]
955:(35,2,6,31,19,19,0) [ 10.173800000000002 ]
956:(35,2,7,31,19,19,0) [ 10.5248 ]
957:(35,2,7,32,18,18,0) [ 10.5018 ]
958:(35,2,8,32,18,18,0) [ 10.863800000000001 ]
959:(35,2,6,32,18,18,0) [ 10.139800000000001 ]
960:(36,2,5,32,18,18,0) [ 9.862200000000001 ]
961:(36,2,4,32,18,18,0) [ 9.5002 ]
962:(37,2,3,32,18,18,0) [ 9.2226 ]
963:(37,2,2,32,18,18,0) [ 8.8606 ]
964:(37,2,3,33,17,17,0) [ 9.1556 ]
965:(37,2,4,33,17,17,0) [ 9.5286 ]
966:(37,2,4,34,16,16,0) [ 9.4726 ]
967:(37,2,5,34,16,16,0) [ 9.856599999999998 ]
968:(38,2,3,34,16,16,0) [ 9.173 ]
969:(38,2,4,35,15,15,0) [ 9.501000000000001 ]
970:(38,2,5,35,15,15,0) [ 9.896 ]
971:(39,2,3,35,15,15,0) [ 9.1904 ]
972:(39,2,2,35,15,15,0) [ 8.7954 ]
973:(39,2,3,36,14,14,0) [ 9.1234 ]
974:(39,2,4,36,14,14,0) [ 9.5294 ]
975:(39,2,2,36,14,14,0) [ 8.7174 ]
976:(40,2,1,36,14,14,0) [ 8.3958 ]
977:(40,2,0,36,14,14,0) [ 7.989800000000001 ]
978:(40,2,1,37,13,13,0) [ 8.3068 ]
979:(40,2,2,37,13,13,0) [ 8.7238 ]
980:(40,2,2,38,12,12,0) [ 8.645800000000001 ]
981:(40,2,3,38,12,12,0) [ 9.0738 ]
982:(41,2,1,38,12,12,0) [ 8.3022 ]
983:(41,2,2,39,11,11,0) [ 8.6522 ]
984:(41,2,3,39,11,11,0) [ 9.0912 ]
985:(41,2,1,39,11,11,0) [ 8.2132 ]
986:(41,2,2,40,10,10,0) [ 8.574200000000001 ]
987:(41,2,3,40,10,10,0) [ 9.0242 ]
988:(41,2,3,41,9,9,0) [ 8.9572 ]
989:(41,2,4,41,9,9,0) [ 9.4182 ]
990:(41,2,4,42,8,8,0) [ 9.362200000000001 ]
991:(41,2,5,42,8,8,0) [ 9.8342 ]
992:(41,2,3,42,8,8,0) [ 8.8902 ]
993:(41,2,2,42,8,8,0) [ 8.4182 ]
994:(42,2,1,42,8,8,0) [ 8.0306 ]
995:(43,2,0,42,8,8,0) [ 7.643 ]
996:(43,2,1,43,7,7,0) [ 8.026 ]
997:(43,2,2,43,7,7,0) [ 8.509 ]
998:(43,2,0,43,7,7,0) [ 7.543 ]
999:(43,2,1,44,6,6,0) [ 7.936999999999999 ]
1000:(43,2,2,44,6,6,0) [ 8.431000000000001 ]
1001:(43,2,2,45,5,5,0) [ 8.353 ]
1002:(43,2,3,45,5,5,0) [ 8.858 ]
1003:(43,2,1,45,5,5,0) [ 7.848 ]
1004:(43,2,2,46,4,4,0) [ 8.275 ]
1005:(43,2,3,46,4,4,0) [ 8.791 ]
1006:(43,2,3,47,3,3,0) [ 8.724 ]
1007:(43,2,4,47,3,3,0) [ 9.251000000000001 ]
1008:(43,2,2,47,3,3,0) [ 8.197000000000001 ]
1009:(44,2,1,47,3,3,0) [ 7.7543999999999995 ]
1010:(44,2,2,48,2,2,0) [ 8.203399999999998 ]
1011:(44,2,3,48,2,2,0) [ 8.741399999999999 ]
1012:(45,2,1,48,2,2,0) [ 7.7498000000000005 ]
1013:(46,2,0,48,2,2,0) [ 7.296200000000001 ]
1014:(46,2,1,49,1,1,0) [ 7.7452 ]
1015:(46,2,2,49,1,1,0) [ 8.2942 ]
1016:(47,2,0,49,1,1,0) [ 7.2806 ]
1017:(47,2,1,50,0,0,0) [ 7.740600000000001 ]
1018:(47,2,2,50,0,0,0) [ 8.3006 ]
1019:(48,2,0,50,0,0,0) [ 7.265 ]
1020:(21,2,1,0,50,50,0) [ 9.9962 ]
1021:(21,2,2,0,50,50,0) [ 10.0062 ]
1022:(21,2,2,1,49,49,0) [ 9.9282 ]
1023:(21,2,3,1,49,49,0) [ 9.949200000000001 ]
1024:(21,2,3,2,48,48,0) [ 9.882200000000001 ]
1025:(21,2,4,2,48,48,0) [ 9.914200000000001 ]
1026:(21,2,4,3,47,47,0) [ 9.8582 ]
1027:(21,2,5,3,47,47,0) [ 9.9012 ]
1028:(21,2,5,4,46,46,0) [ 9.856200000000001 ]
1029:(21,2,6,4,46,46,0) [ 9.9102 ]
1030:(22,2,4,4,46,46,0) [ 9.886600000000001 ]
1031:(22,2,3,4,46,46,0) [ 9.8326 ]
1032:(22,2,4,5,45,45,0) [ 9.8306 ]
1033:(22,2,5,5,45,45,0) [ 9.8956 ]
1034:(23,2,3,5,45,45,0) [ 9.85 ]
1035:(23,2,2,5,45,45,0) [ 9.785 ]
1036:(23,2,1,5,45,45,0) [ 9.72 ]
1037:(23,2,2,6,44,44,0) [ 9.707 ]
1038:(23,2,3,6,44,44,0) [ 9.783000000000001 ]
1039:(23,2,3,7,43,43,0) [ 9.716000000000001 ]
1040:(23,2,4,7,43,43,0) [ 9.803 ]
1041:(23,2,2,7,43,43,0) [ 9.629000000000001 ]
1042:(23,2,1,7,43,43,0) [ 9.542 ]
1043:(24,2,0,7,43,43,0) [ 9.5394 ]
1044:(24,2,1,8,42,42,0) [ 9.5374 ]
1045:(24,2,2,8,42,42,0) [ 9.6354 ]
1046:(24,2,0,8,42,42,0) [ 9.4394 ]
1047:(24,2,1,9,41,41,0) [ 9.4484 ]
1048:(24,2,2,9,41,41,0) [ 9.557400000000001 ]
1049:(25,2,0,9,41,41,0) [ 9.4238 ]
1050:(25,2,1,10,40,40,0) [ 9.4438 ]
1051:(25,2,2,10,40,40,0) [ 9.5638 ]
1052:(26,2,0,10,40,40,0) [ 9.4082 ]
1053:(26,2,1,11,39,39,0) [ 9.4392 ]
1054:(26,2,2,11,39,39,0) [ 9.5702 ]
1055:(26,2,0,11,39,39,0) [ 9.308200000000001 ]
1056:(26,2,1,12,38,38,0) [ 9.350200000000001 ]
1057:(26,2,2,12,38,38,0) [ 9.4922 ]
1058:(26,2,2,13,37,37,0) [ 9.414200000000001 ]
1059:(26,2,3,13,37,37,0) [ 9.5672 ]
1060:(26,2,3,14,36,36,0) [ 9.5002 ]
1061:(26,2,4,14,36,36,0) [ 9.664200000000001 ]
1062:(26,2,4,15,35,35,0) [ 9.6082 ]
1063:(26,2,5,15,35,35,0) [ 9.7832 ]
1064:(26,2,3,15,35,35,0) [ 9.4332 ]
1065:(27,2,2,15,35,35,0) [ 9.342600000000001 ]
1066:(28,2,1,15,35,35,0) [ 9.252 ]
1067:(28,2,2,16,34,34,0) [ 9.349 ]
1068:(28,2,3,16,34,34,0) [ 9.535 ]
1069:(28,2,3,17,33,33,0) [ 9.468 ]
1070:(28,2,4,17,33,33,0) [ 9.665000000000001 ]
1071:(28,2,4,18,32,32,0) [ 9.609000000000002 ]
1072:(28,2,5,18,32,32,0) [ 9.817 ]
1073:(29,2,3,18,32,32,0) [ 9.4854 ]
1074:(29,2,4,19,31,31,0) [ 9.6374 ]
1075:(29,2,5,19,31,31,0) [ 9.856399999999999 ]
1076:(30,2,3,19,31,31,0) [ 9.5028 ]
1077:(30,2,4,20,30,30,0) [ 9.6658 ]
1078:(30,2,5,20,30,30,0) [ 9.8958 ]
1079:(30,2,3,20,30,30,0) [ 9.4358 ]
1080:(30,2,2,20,30,30,0) [ 9.2058 ]
1081:(31,2,1,20,30,30,0) [ 9.0602 ]
1082:(31,2,2,21,29,29,0) [ 9.2122 ]
1083:(31,2,3,21,29,29,0) [ 9.4532 ]
1084:(31,2,3,22,28,28,0) [ 9.3862 ]
1085:(31,2,4,22,28,28,0) [ 9.638200000000001 ]
1086:(32,2,2,22,28,28,0) [ 9.2186 ]
1087:(32,2,3,23,27,27,0) [ 9.4036 ]
1088:(32,2,4,23,27,27,0) [ 9.666599999999999 ]
1089:(32,2,4,24,26,26,0) [ 9.6106 ]
1090:(32,2,5,24,26,26,0) [ 9.8846 ]
1091:(32,2,3,24,26,26,0) [ 9.3366 ]
1092:(33,2,2,24,26,26,0) [ 9.147 ]
1093:(33,2,3,25,25,25,0) [ 9.354 ]
1094:(33,2,4,25,25,25,0) [ 9.639 ]
1095:(33,2,2,25,25,25,0) [ 9.068999999999999 ]
1096:(33,2,3,26,24,24,0) [ 9.287 ]
1097:(33,2,4,26,24,24,0) [ 9.583 ]
1098:(33,2,4,27,23,23,0) [ 9.527000000000001 ]
1099:(33,2,5,27,23,23,0) [ 9.834 ]
1100:(34,2,3,27,23,23,0) [ 9.304400000000001 ]
1101:(34,2,4,28,22,22,0) [ 9.5554 ]
1102:(34,2,5,28,22,22,0) [ 9.8734 ]
1103:(34,2,5,29,21,21,0) [ 9.8284 ]
1104:(34,2,6,29,21,21,0) [ 10.1574 ]
1105:(34,2,6,30,20,20,0) [ 10.1234 ]
1106:(34,2,7,30,20,20,0) [ 10.4634 ]
1107:(34,2,5,30,20,20,0) [ 9.7834 ]
1108:(34,2,6,31,19,19,0) [ 10.0894 ]
1109:(34,2,7,31,19,19,0) [ 10.4404 ]
1110:(34,2,7,32,18,18,0) [ 10.4174 ]
1111:(34,2,8,32,18,18,0) [ 10.7794 ]
1112:(34,2,6,32,18,18,0) [ 10.055400000000002 ]
1113:(35,2,5,32,18,18,0) [ 9.7778 ]
1114:(35,2,4,32,18,18,0) [ 9.4158 ]
1115:(36,2,3,32,18,18,0) [ 9.1382 ]
1116:(36,2,2,32,18,18,0) [ 8.776200000000001 ]
1117:(36,2,3,33,17,17,0) [ 9.071200000000001 ]
1118:(36,2,4,33,17,17,0) [ 9.4442 ]
1119:(36,2,4,34,16,16,0) [ 9.388200000000001 ]
1120:(36,2,5,34,16,16,0) [ 9.7722 ]
1121:(37,2,3,34,16,16,0) [ 9.0886 ]
1122:(37,2,4,35,15,15,0) [ 9.416599999999999 ]
1123:(37,2,5,35,15,15,0) [ 9.811599999999999 ]
1124:(38,2,3,35,15,15,0) [ 9.106 ]
1125:(38,2,2,35,15,15,0) [ 8.711 ]
1126:(38,2,3,36,14,14,0) [ 9.039 ]
1127:(38,2,4,36,14,14,0) [ 9.445 ]
1128:(38,2,2,36,14,14,0) [ 8.633000000000001 ]
1129:(39,2,1,36,14,14,0) [ 8.3114 ]
1130:(39,2,0,36,14,14,0) [ 7.9054 ]
1131:(39,2,1,37,13,13,0) [ 8.2224 ]
1132:(39,2,2,37,13,13,0) [ 8.6394 ]
1133:(39,2,2,38,12,12,0) [ 8.5614 ]
1134:(39,2,3,38,12,12,0) [ 8.9894 ]
1135:(40,2,1,38,12,12,0) [ 8.2178 ]
1136:(40,2,2,39,11,11,0) [ 8.5678 ]
1137:(40,2,3,39,11,11,0) [ 9.0068 ]
1138:(40,2,1,39,11,11,0) [ 8.1288 ]
1139:(40,2,2,40,10,10,0) [ 8.489799999999999 ]
1140:(40,2,3,40,10,10,0) [ 8.9398 ]
1141:(40,2,3,41,9,9,0) [ 8.8728 ]
1142:(40,2,4,41,9,9,0) [ 9.333800000000002 ]
1143:(40,2,4,42,8,8,0) [ 9.277800000000001 ]
1144:(40,2,5,42,8,8,0) [ 9.7498 ]
1145:(40,2,3,42,8,8,0) [ 8.805800000000001 ]
1146:(40,2,2,42,8,8,0) [ 8.3338 ]
1147:(41,2,1,42,8,8,0) [ 7.9462 ]
1148:(42,2,0,42,8,8,0) [ 7.558599999999999 ]
1149:(42,2,1,43,7,7,0) [ 7.9416 ]
1150:(42,2,2,43,7,7,0) [ 8.4246 ]
1151:(42,2,0,43,7,7,0) [ 7.4586 ]
1152:(42,2,1,44,6,6,0) [ 7.852600000000001 ]
1153:(42,2,2,44,6,6,0) [ 8.3466 ]
1154:(42,2,2,45,5,5,0) [ 8.2686 ]
1155:(42,2,3,45,5,5,0) [ 8.7736 ]
1156:(42,2,1,45,5,5,0) [ 7.763599999999999 ]
1157:(42,2,2,46,4,4,0) [ 8.1906 ]
1158:(42,2,3,46,4,4,0) [ 8.7066 ]
1159:(42,2,3,47,3,3,0) [ 8.639600000000002 ]
1160:(42,2,4,47,3,3,0) [ 9.1666 ]
1161:(42,2,2,47,3,3,0) [ 8.1126 ]
1162:(43,2,1,47,3,3,0) [ 7.67 ]
1163:(43,2,2,48,2,2,0) [ 8.119 ]
1164:(43,2,3,48,2,2,0) [ 8.657 ]
1165:(44,2,1,48,2,2,0) [ 7.6654 ]
1166:(45,2,0,48,2,2,0) [ 7.2118 ]
1167:(45,2,1,49,1,1,0) [ 7.660799999999999 ]
1168:(45,2,2,49,1,1,0) [ 8.2098 ]
1169:(46,2,0,49,1,1,0) [ 7.1962 ]
1170:(46,2,1,50,0,0,0) [ 7.6562 ]
1171:(46,2,2,50,0,0,0) [ 8.2162 ]
1172:(47,2,0,50,0,0,0) [ 7.1806 ]
1173:(21,2,3,0,50,50,0) [ 10.0162 TARGET ]
1174:(22,2,3,0,50,50,0) [ 10.1006 TARGET ]
1175:(21,2,4,1,49,49,0) [ 9.9702 ]
1176:(22,2,4,1,49,49,0) [ 10.0546 ]
1177:(21,2,5,2,48,48,0) [ 9.946200000000001 ]
1178:(22,2,5,2,48,48,0) [ 10.0306 ]
1179:(21,2,6,3,47,47,0) [ 9.9442 ]
1180:(22,2,6,3,47,47,0) [ 10.0286 ]
1181:(21,2,7,4,46,46,0) [ 9.964200000000002 ]
1182:(22,2,7,4,46,46,0) [ 10.0486 ]
1183:(22,2,6,5,45,45,0) [ 9.9606 ]
1184:(23,2,6,5,45,45,0) [ 10.045 ]
1185:(23,2,4,6,44,44,0) [ 9.859 ]
1186:(24,2,4,6,44,44,0) [ 9.9434 ]
1187:(23,2,5,7,43,43,0) [ 9.89 ]
1188:(24,2,5,7,43,43,0) [ 9.9744 ]
1189:(24,2,3,8,42,42,0) [ 9.7334 ]
1190:(25,2,3,8,42,42,0) [ 9.8178 ]
1191:(24,2,3,9,41,41,0) [ 9.6664 ]
1192:(25,2,3,9,41,41,0) [ 9.750800000000002 ]
1193:(25,2,3,10,40,40,0) [ 9.6838 ]
1194:(26,2,3,10,40,40,0) [ 9.7682 ]
1195:(26,2,3,11,39,39,0) [ 9.7012 ]
1196:(27,2,3,11,39,39,0) [ 9.7856 ]
1197:(26,2,3,12,38,38,0) [ 9.6342 ]
1198:(27,2,3,12,38,38,0) [ 9.7186 ]
1199:(26,2,4,13,37,37,0) [ 9.720200000000002 ]
1200:(27,2,4,13,37,37,0) [ 9.8046 ]
1201:(26,2,5,14,36,36,0) [ 9.8282 ]
1202:(27,2,5,14,36,36,0) [ 9.9126 ]
1203:(26,2,6,15,35,35,0) [ 9.958200000000001 ]
1204:(27,2,6,15,35,35,0) [ 10.0426 ]
1205:(28,2,4,16,34,34,0) [ 9.721 ]
1206:(29,2,4,16,34,34,0) [ 9.8054 ]
1207:(28,2,5,17,33,33,0) [ 9.862 ]
1208:(29,2,5,17,33,33,0) [ 9.9464 ]
1209:(28,2,6,18,32,32,0) [ 10.025000000000002 ]
1210:(29,2,6,18,32,32,0) [ 10.1094 ]
1211:(29,2,6,19,31,31,0) [ 10.0754 ]
1212:(30,2,6,19,31,31,0) [ 10.1598 ]
1213:(30,2,6,20,30,30,0) [ 10.1258 ]
1214:(31,2,6,20,30,30,0) [ 10.2102 ]
1215:(31,2,4,21,29,29,0) [ 9.6942 ]
1216:(32,2,4,21,29,29,0) [ 9.7786 ]
1217:(31,2,5,22,28,28,0) [ 9.8902 ]
1218:(32,2,5,22,28,28,0) [ 9.9746 ]
1219:(32,2,5,23,27,27,0) [ 9.9296 ]
1220:(33,2,5,23,27,27,0) [ 10.014 ]
1221:(32,2,6,24,26,26,0) [ 10.1586 ]
1222:(33,2,6,24,26,26,0) [ 10.243 ]
1223:(33,2,5,25,25,25,0) [ 9.924 ]
1224:(34,2,5,25,25,25,0) [ 10.0084 ]
1225:(33,2,5,26,24,24,0) [ 9.879000000000001 ]
1226:(34,2,5,26,24,24,0) [ 9.9634 ]
1227:(33,2,6,27,23,23,0) [ 10.141 ]
1228:(34,2,6,27,23,23,0) [ 10.2254 ]
1229:(34,2,6,28,22,22,0) [ 10.191400000000002 ]
1230:(35,2,6,28,22,22,0) [ 10.2758 ]
1231:(34,2,7,29,21,21,0) [ 10.4864 ]
1232:(35,2,7,29,21,21,0) [ 10.5708 ]
1233:(34,2,8,30,20,20,0) [ 10.8034 ]
1234:(35,2,8,30,20,20,0) [ 10.887799999999999 ]
1235:(34,2,8,31,19,19,0) [ 10.791400000000001 ]
1236:(35,2,8,31,19,19,0) [ 10.8758 ]
1237:(34,2,9,32,18,18,0) [ 11.1414 ]
1238:(35,2,9,32,18,18,0) [ 11.2258 ]
1239:(36,2,5,33,17,17,0) [ 9.8172 ]
1240:(37,2,5,33,17,17,0) [ 9.901599999999998 ]
1241:(36,2,6,34,16,16,0) [ 10.1562 ]
1242:(37,2,6,34,16,16,0) [ 10.240599999999999 ]
1243:(37,2,6,35,15,15,0) [ 10.206600000000002 ]
1244:(38,2,6,35,15,15,0) [ 10.291 ]
1245:(38,2,5,36,14,14,0) [ 9.851 ]
1246:(39,2,5,36,14,14,0) [ 9.9354 ]
1247:(39,2,3,37,13,13,0) [ 9.0564 ]
1248:(40,2,3,37,13,13,0) [ 9.1408 ]
1249:(39,2,4,38,12,12,0) [ 9.4174 ]
1250:(40,2,4,38,12,12,0) [ 9.5018 ]
1251:(40,2,4,39,11,11,0) [ 9.4458 ]
1252:(41,2,4,39,11,11,0) [ 9.530199999999999 ]
1253:(40,2,4,40,10,10,0) [ 9.389800000000001 ]
1254:(41,2,4,40,10,10,0) [ 9.4742 ]
1255:(40,2,5,41,9,9,0) [ 9.7948 ]
1256:(41,2,5,41,9,9,0) [ 9.879199999999999 ]
1257:(40,2,6,42,8,8,0) [ 10.221800000000002 ]
1258:(41,2,6,42,8,8,0) [ 10.3062 ]
1259:(42,2,3,43,7,7,0) [ 8.907599999999999 ]
1260:(43,2,3,43,7,7,0) [ 8.991999999999999 ]
1261:(42,2,3,44,6,6,0) [ 8.8406 ]
1262:(43,2,3,44,6,6,0) [ 8.924999999999999 ]
1263:(42,2,4,45,5,5,0) [ 9.2786 ]
1264:(43,2,4,45,5,5,0) [ 9.363 ]
1265:(42,2,4,46,4,4,0) [ 9.222600000000002 ]
1266:(43,2,4,46,4,4,0) [ 9.307 ]
1267:(42,2,5,47,3,3,0) [ 9.6936 ]
1268:(43,2,5,47,3,3,0) [ 9.777999999999999 ]
1269:(43,2,4,48,2,2,0) [ 9.195 ]
1270:(44,2,4,48,2,2,0) [ 9.279399999999999 ]
1271:(45,2,3,49,1,1,0) [ 8.758799999999999 ]
1272:(46,2,3,49,1,1,0) [ 8.843200000000001 ]
1273:(46,2,3,50,0,0,0) [ 8.7762 ]
1274:(47,2,3,50,0,0,0) [ 8.860600000000002 ]
1275:(49,2,0,47,3,3,0) [ 7.6494 ]
1276:(48,2,1,46,4,4,0) [ 8.181 ]
1277:(48,2,0,45,5,5,0) [ 7.765 ]
1278:(47,2,0,44,6,6,0) [ 7.7806 ]
1279:(43,2,5,40,10,10,0) [ 10.093 ]
1280:(42,2,6,40,10,10,0) [ 10.4586 ]
1281:(42,2,5,39,11,11,0) [ 10.053599999999998 ]
1282:(42,2,6,39,11,11,0) [ 10.492600000000001 ]
1283:(42,2,5,38,12,12,0) [ 10.098599999999998 ]
1284:(42,2,4,37,13,13,0) [ 9.726600000000001 ]
1285:(41,2,2,34,16,16,0) [ 9.042200000000001 ]
1286:(40,2,2,31,19,19,0) [ 9.1918 ]
1287:(40,2,1,30,20,20,0) [ 8.9298 ]
1288:(40,2,0,29,21,21,0) [ 8.6898 ]
1289:(39,2,1,29,21,21,0) [ 8.9344 ]
1290:(39,2,0,28,22,22,0) [ 8.705400000000001 ]
1291:(39,2,1,28,22,22,0) [ 9.023399999999999 ]
1292:(38,2,2,28,22,22,0) [ 9.257000000000001 ]
1293:(37,2,3,28,22,22,0) [ 9.4906 ]
1294:(37,2,2,27,23,23,0) [ 9.2506 ]
1295:(36,2,2,26,24,24,0) [ 9.244200000000001 ]
1296:(36,2,1,25,25,25,0) [ 9.0372 ]
1297:(36,2,0,24,26,26,0) [ 8.8522 ]
1298:(36,2,1,24,26,26,0) [ 9.1262 ]
1299:(36,2,0,23,27,27,0) [ 8.952200000000001 ]
1300:(36,2,1,23,27,27,0) [ 9.2152 ]
1301:(36,2,0,22,28,28,0) [ 9.052200000000001 ]
1302:(36,2,1,22,28,28,0) [ 9.3042 ]
1303:(34,2,2,17,33,33,0) [ 9.7774 ]
1304:(31,2,5,16,34,34,0) [ 10.1602 ]
1305:(29,2,6,14,36,36,0) [ 10.2454 ]
1306:(28,2,7,14,36,36,0) [ 10.325000000000001 ]
1307:(28,2,6,13,37,37,0) [ 10.195 ]
1308:(28,2,5,12,38,38,0) [ 10.087 ]
1309:(28,2,4,11,39,39,0) [ 10.001000000000001 ]
1310:(28,2,4,10,40,40,0) [ 10.057 ]
1311:(27,2,5,10,40,40,0) [ 10.092600000000001 ]
1312:(26,2,6,10,40,40,0) [ 10.1282 ]
1313:(26,2,7,10,40,40,0) [ 10.2482 ]
1314:(26,2,6,9,41,41,0) [ 10.162200000000002 ]
1315:(26,2,7,9,41,41,0) [ 10.2712 ]
1316:(25,2,8,9,41,41,0) [ 10.2958 ]
1317:(25,2,7,8,42,42,0) [ 10.209800000000001 ]
1318:(25,2,6,7,43,43,0) [ 10.145800000000001 ]
1319:(24,2,7,7,43,43,0) [ 10.148399999999999 ]
1320:(24,2,8,7,43,43,0) [ 10.235399999999998 ]
1321:(24,2,7,6,44,44,0) [ 10.1714 ]
1322:(23,2,7,5,45,45,0) [ 10.11 ]
1323:(24,2,7,5,45,45,0) [ 10.1944 ]
1324:(25,2,7,6,44,44,0) [ 10.2558 ]
1325:(23,2,7,6,44,44,0) [ 10.087 ]
1326:(23,2,8,6,44,44,0) [ 10.163 ]
1327:(24,2,8,6,44,44,0) [ 10.2474 ]
1328:(25,2,8,7,43,43,0) [ 10.3198 ]
1329:(23,2,8,7,43,43,0) [ 10.151 ]
1330:(23,2,9,7,43,43,0) [ 10.238 ]
1331:(24,2,9,7,43,43,0) [ 10.322399999999998 ]
1332:(25,2,7,7,43,43,0) [ 10.232800000000001 ]
1333:(23,2,7,7,43,43,0) [ 10.064 ]
1334:(26,2,6,7,43,43,0) [ 10.2302 ]
1335:(24,2,6,7,43,43,0) [ 10.061399999999999 ]
1336:(26,2,7,8,42,42,0) [ 10.2942 ]
1337:(24,2,7,8,42,42,0) [ 10.125399999999999 ]
1338:(24,2,8,8,42,42,0) [ 10.2234 ]
1339:(25,2,8,8,42,42,0) [ 10.3078 ]
1340:(26,2,8,9,41,41,0) [ 10.380200000000002 ]
1341:(24,2,8,9,41,41,0) [ 10.211400000000001 ]
1342:(24,2,9,9,41,41,0) [ 10.3204 ]
1343:(25,2,9,9,41,41,0) [ 10.404800000000002 ]
1344:(27,2,7,9,41,41,0) [ 10.3556 ]
1345:(25,2,7,9,41,41,0) [ 10.186800000000002 ]
1346:(27,2,6,9,41,41,0) [ 10.2466 ]
1347:(25,2,6,9,41,41,0) [ 10.0778 ]
1348:(27,2,7,10,40,40,0) [ 10.3326 ]
1349:(25,2,7,10,40,40,0) [ 10.1638 ]
1350:(25,2,8,10,40,40,0) [ 10.2838 ]
1351:(26,2,8,10,40,40,0) [ 10.3682 ]
1352:(27,2,6,10,40,40,0) [ 10.2126 ]
1353:(25,2,6,10,40,40,0) [ 10.043800000000001 ]
1354:(28,2,5,10,40,40,0) [ 10.177 ]
1355:(26,2,5,10,40,40,0) [ 10.0082 ]
1356:(29,2,4,10,40,40,0) [ 10.1414 ]
1357:(27,2,4,10,40,40,0) [ 9.9726 ]
1358:(29,2,4,11,39,39,0) [ 10.0854 ]
1359:(27,2,4,11,39,39,0) [ 9.9166 ]
1360:(27,2,5,11,39,39,0) [ 10.047600000000001 ]
1361:(28,2,5,11,39,39,0) [ 10.132000000000001 ]
1362:(29,2,5,12,38,38,0) [ 10.1714 ]
1363:(27,2,5,12,38,38,0) [ 10.002600000000001 ]
1364:(27,2,6,12,38,38,0) [ 10.1446 ]
1365:(28,2,6,12,38,38,0) [ 10.229000000000001 ]
1366:(29,2,6,13,37,37,0) [ 10.279399999999999 ]
1367:(27,2,6,13,37,37,0) [ 10.110600000000002 ]
1368:(27,2,7,13,37,37,0) [ 10.2636 ]
1369:(28,2,7,13,37,37,0) [ 10.347999999999999 ]
1370:(29,2,7,14,36,36,0) [ 10.4094 ]
1371:(27,2,7,14,36,36,0) [ 10.2406 ]
1372:(27,2,8,14,36,36,0) [ 10.4046 ]
1373:(28,2,8,14,36,36,0) [ 10.489 ]
1374:(30,2,6,14,36,36,0) [ 10.3298 ]
1375:(28,2,6,14,36,36,0) [ 10.161 ]
1376:(31,2,5,14,36,36,0) [ 10.2502 ]
1377:(32,2,5,16,34,34,0) [ 10.2446 ]
1378:(30,2,5,16,34,34,0) [ 10.075800000000001 ]
1379:(30,2,6,16,34,34,0) [ 10.261800000000001 ]
1380:(31,2,6,16,34,34,0) [ 10.3462 ]
1381:(30,2,6,17,33,33,0) [ 10.2278 ]
1382:(31,2,6,17,33,33,0) [ 10.3122 ]
1383:(35,2,2,17,33,33,0) [ 9.8618 ]
1384:(33,2,2,17,33,33,0) [ 9.693000000000001 ]
1385:(36,2,4,21,29,29,0) [ 10.1162 ]
1386:(34,2,5,21,29,29,0) [ 10.188400000000001 ]
1387:(35,2,5,21,29,29,0) [ 10.2728 ]
1388:(36,2,5,22,28,28,0) [ 10.3122 ]
1389:(34,2,6,22,28,28,0) [ 10.3954 ]
1390:(35,2,6,22,28,28,0) [ 10.479800000000001 ]
1391:(37,2,4,22,28,28,0) [ 10.1446 ]
1392:(37,2,1,22,28,28,0) [ 9.3886 ]
1393:(35,2,1,22,28,28,0) [ 9.219800000000001 ]
1394:(37,2,0,22,28,28,0) [ 9.136600000000001 ]
1395:(35,2,0,22,28,28,0) [ 8.9678 ]
1396:(37,2,1,23,27,27,0) [ 9.299600000000002 ]
1397:(35,2,1,23,27,27,0) [ 9.1308 ]
1398:(35,2,2,23,27,27,0) [ 9.3938 ]
1399:(36,2,2,23,27,27,0) [ 9.478200000000001 ]
1400:(37,2,0,23,27,27,0) [ 9.0366 ]
1401:(35,2,0,23,27,27,0) [ 8.867799999999999 ]
1402:(37,2,1,24,26,26,0) [ 9.2106 ]
1403:(35,2,1,24,26,26,0) [ 9.0418 ]
1404:(37,2,0,24,26,26,0) [ 8.9366 ]
1405:(35,2,0,24,26,26,0) [ 8.7678 ]
1406:(37,2,1,25,25,25,0) [ 9.1216 ]
1407:(35,2,1,25,25,25,0) [ 8.9528 ]
1408:(37,2,2,26,24,24,0) [ 9.328600000000002 ]
1409:(35,2,2,26,24,24,0) [ 9.1598 ]
1410:(38,2,2,27,23,23,0) [ 9.335 ]
1411:(36,2,2,27,23,23,0) [ 9.1662 ]
1412:(38,2,3,28,22,22,0) [ 9.575 ]
1413:(36,2,3,28,22,22,0) [ 9.4062 ]
1414:(39,2,2,28,22,22,0) [ 9.3414 ]
1415:(37,2,2,28,22,22,0) [ 9.1726 ]
1416:(40,2,1,28,22,22,0) [ 9.107800000000001 ]
1417:(38,2,1,28,22,22,0) [ 8.939 ]
1418:(40,2,0,28,22,22,0) [ 8.7898 ]
1419:(38,2,0,28,22,22,0) [ 8.621 ]
1420:(40,2,1,29,21,21,0) [ 9.0188 ]
1421:(38,2,1,29,21,21,0) [ 8.85 ]
1422:(38,2,2,29,21,21,0) [ 9.179 ]
1423:(39,2,2,29,21,21,0) [ 9.2634 ]
1424:(41,2,0,29,21,21,0) [ 8.7742 ]
1425:(39,2,0,29,21,21,0) [ 8.6054 ]
1426:(41,2,1,30,20,20,0) [ 9.0142 ]
1427:(39,2,1,30,20,20,0) [ 8.8454 ]
1428:(39,2,2,30,20,20,0) [ 9.185400000000001 ]
1429:(40,2,2,30,20,20,0) [ 9.2698 ]
1430:(41,2,2,31,19,19,0) [ 9.2762 ]
1431:(39,2,2,31,19,19,0) [ 9.1074 ]
1432:(39,2,3,31,19,19,0) [ 9.4584 ]
1433:(40,2,3,31,19,19,0) [ 9.5428 ]
1434:(42,2,2,34,16,16,0) [ 9.1266 ]
1435:(40,2,2,34,16,16,0) [ 8.9578 ]
1436:(43,2,4,37,13,13,0) [ 9.811 ]
1437:(41,2,4,37,13,13,0) [ 9.6422 ]
1438:(41,2,5,37,13,13,0) [ 10.0592 ]
1439:(42,2,5,37,13,13,0) [ 10.1436 ]
1440:(43,2,5,38,12,12,0) [ 10.183 ]
1441:(41,2,5,38,12,12,0) [ 10.014199999999999 ]
1442:(41,2,6,38,12,12,0) [ 10.4422 ]
1443:(42,2,6,38,12,12,0) [ 10.526599999999998 ]
1444:(43,2,6,39,11,11,0) [ 10.577 ]
1445:(41,2,6,39,11,11,0) [ 10.408199999999999 ]
1446:(41,2,7,39,11,11,0) [ 10.847199999999999 ]
1447:(42,2,7,39,11,11,0) [ 10.9316 ]
1448:(43,2,5,39,11,11,0) [ 10.138 ]
1449:(41,2,5,39,11,11,0) [ 9.969199999999999 ]
1450:(43,2,6,40,10,10,0) [ 10.543 ]
1451:(41,2,6,40,10,10,0) [ 10.374200000000002 ]
1452:(41,2,7,40,10,10,0) [ 10.824200000000001 ]
1453:(42,2,7,40,10,10,0) [ 10.9086 ]
1454:(44,2,5,40,10,10,0) [ 10.177399999999999 ]
1455:(42,2,5,40,10,10,0) [ 10.0086 ]
1456:(48,2,0,44,6,6,0) [ 7.865 ]
1457:(46,2,0,44,6,6,0) [ 7.696200000000001 ]
1458:(49,2,0,45,5,5,0) [ 7.8494 ]
1459:(47,2,0,45,5,5,0) [ 7.6806 ]
1460:(49,2,1,46,4,4,0) [ 8.2654 ]
1461:(47,2,1,46,4,4,0) [ 8.0966 ]
1462:(49,2,2,47,3,3,0) [ 8.7034 ]
1463:(50,2,1,47,3,3,0) [ 8.2608 ]
1464:(50,2,0,47,3,3,0) [ 7.7338 ]
1465:(48,2,0,47,3,3,0) [ 7.5649999999999995 ]
1466:(28,2,1,0,50,50,0) [ 10.587 TARGET ]
1467:(27,2,2,0,50,50,0) [ 10.5126 TARGET ]
1468:(28,2,2,1,49,49,0) [ 10.519 ]
1469:(27,2,3,1,49,49,0) [ 10.4556 ]
1470:(28,2,3,2,48,48,0) [ 10.473 ]
1471:(27,2,4,2,48,48,0) [ 10.4206 ]
1472:(28,2,4,3,47,47,0) [ 10.449000000000002 ]
1473:(27,2,5,3,47,47,0) [ 10.4076 ]
1474:(28,2,5,4,46,46,0) [ 10.447000000000001 ]
1475:(27,2,6,4,46,46,0) [ 10.4166 ]
1476:(29,2,4,4,46,46,0) [ 10.4774 ]
1477:(29,2,3,4,46,46,0) [ 10.4234 ]
1478:(29,2,4,5,45,45,0) [ 10.4214 ]
1479:(28,2,5,5,45,45,0) [ 10.402000000000001 ]
1480:(30,2,3,5,45,45,0) [ 10.4408 ]
1481:(30,2,2,5,45,45,0) [ 10.3758 ]
1482:(30,2,1,5,45,45,0) [ 10.3108 ]
1483:(30,2,2,6,44,44,0) [ 10.2978 ]
1484:(29,2,3,6,44,44,0) [ 10.2894 ]
1485:(30,2,3,7,43,43,0) [ 10.306799999999999 ]
1486:(29,2,4,7,43,43,0) [ 10.3094 ]
1487:(30,2,2,7,43,43,0) [ 10.2198 ]
1488:(30,2,1,7,43,43,0) [ 10.1328 ]
1489:(31,2,0,7,43,43,0) [ 10.130199999999999 ]
1490:(31,2,1,8,42,42,0) [ 10.1282 ]
1491:(30,2,2,8,42,42,0) [ 10.1418 ]
1492:(31,2,0,8,42,42,0) [ 10.0302 ]
1493:(31,2,1,9,41,41,0) [ 10.039200000000001 ]
1494:(30,2,2,9,41,41,0) [ 10.0638 ]
1495:(32,2,0,9,41,41,0) [ 10.014600000000002 ]
1496:(32,2,1,10,40,40,0) [ 10.0346 ]
1497:(31,2,2,10,40,40,0) [ 10.0702 ]
1498:(33,2,0,10,40,40,0) [ 9.999 ]
1499:(33,2,1,11,39,39,0) [ 10.030000000000001 ]
1500:(32,2,2,11,39,39,0) [ 10.076600000000001 ]
1501:(33,2,0,11,39,39,0) [ 9.899000000000001 ]
1502:(33,2,1,12,38,38,0) [ 9.941 ]
1503:(32,2,2,12,38,38,0) [ 9.9986 ]
1504:(33,2,2,13,37,37,0) [ 10.004999999999999 ]
1505:(32,2,3,13,37,37,0) [ 10.073599999999999 ]
1506:(33,2,3,14,36,36,0) [ 10.091 ]
1507:(32,2,4,14,36,36,0) [ 10.1706 ]
1508:(33,2,4,15,35,35,0) [ 10.199 ]
1509:(32,2,5,15,35,35,0) [ 10.2896 ]
1510:(33,2,3,15,35,35,0) [ 10.024000000000001 ]
1511:(34,2,2,15,35,35,0) [ 9.9334 ]
1512:(35,2,1,15,35,35,0) [ 9.8428 ]
1513:(35,2,2,16,34,34,0) [ 9.9398 ]
1514:(34,2,3,16,34,34,0) [ 10.0414 ]
1515:(35,2,3,17,33,33,0) [ 10.0588 ]
1516:(34,2,4,17,33,33,0) [ 10.1714 ]
1517:(35,2,4,18,32,32,0) [ 10.1998 ]
1518:(34,2,5,18,32,32,0) [ 10.3234 ]
1519:(36,2,3,18,32,32,0) [ 10.0762 ]
1520:(36,2,4,19,31,31,0) [ 10.2282 ]
1521:(35,2,5,19,31,31,0) [ 10.3628 ]
1522:(37,2,3,19,31,31,0) [ 10.0936 ]
1523:(37,2,4,20,30,30,0) [ 10.256599999999999 ]
1524:(36,2,5,20,30,30,0) [ 10.4022 ]
1525:(37,2,3,20,30,30,0) [ 10.0266 ]
1526:(37,2,2,20,30,30,0) [ 9.7966 ]
1527:(38,2,1,20,30,30,0) [ 9.651 ]
1528:(38,2,2,21,29,29,0) [ 9.803 ]
1529:(37,2,3,21,29,29,0) [ 9.9596 ]
1530:(38,2,3,22,28,28,0) [ 9.977 ]
1531:(39,2,2,22,28,28,0) [ 9.8094 ]
1532:(39,2,3,23,27,27,0) [ 9.9944 ]
1533:(38,2,4,23,27,27,0) [ 10.173 ]
1534:(39,2,4,24,26,26,0) [ 10.201400000000001 ]
1535:(38,2,5,24,26,26,0) [ 10.391 ]
1536:(39,2,3,24,26,26,0) [ 9.9274 ]
1537:(40,2,2,24,26,26,0) [ 9.7378 ]
1538:(40,2,3,25,25,25,0) [ 9.9448 ]
1539:(39,2,4,25,25,25,0) [ 10.1454 ]
1540:(40,2,2,25,25,25,0) [ 9.6598 ]
1541:(40,2,3,26,24,24,0) [ 9.8778 ]
1542:(39,2,4,26,24,24,0) [ 10.089400000000001 ]
1543:(40,2,4,27,23,23,0) [ 10.1178 ]
1544:(39,2,5,27,23,23,0) [ 10.3404 ]
1545:(41,2,3,27,23,23,0) [ 9.8952 ]
1546:(41,2,4,28,22,22,0) [ 10.1462 ]
1547:(40,2,5,28,22,22,0) [ 10.3798 ]
1548:(41,2,5,29,21,21,0) [ 10.419199999999998 ]
1549:(40,2,6,29,21,21,0) [ 10.6638 ]
1550:(41,2,6,30,20,20,0) [ 10.714200000000002 ]
1551:(40,2,7,30,20,20,0) [ 10.9698 ]
1552:(41,2,5,30,20,20,0) [ 10.3742 ]
1553:(41,2,6,31,19,19,0) [ 10.680200000000001 ]
1554:(40,2,7,31,19,19,0) [ 10.946800000000001 ]
1555:(41,2,7,32,18,18,0) [ 11.008200000000002 ]
1556:(40,2,8,32,18,18,0) [ 11.285800000000002 ]
1557:(41,2,6,32,18,18,0) [ 10.6462 ]
1558:(42,2,5,32,18,18,0) [ 10.3686 ]
1559:(42,2,4,32,18,18,0) [ 10.0066 ]
1560:(43,2,3,32,18,18,0) [ 9.729 ]
1561:(43,2,2,32,18,18,0) [ 9.367 ]
1562:(43,2,3,33,17,17,0) [ 9.661999999999999 ]
1563:(42,2,4,33,17,17,0) [ 9.950599999999998 ]
1564:(43,2,4,34,16,16,0) [ 9.979000000000001 ]
1565:(42,2,5,34,16,16,0) [ 10.278599999999999 ]
1566:(44,2,3,34,16,16,0) [ 9.6794 ]
1567:(44,2,4,35,15,15,0) [ 10.0074 ]
1568:(43,2,5,35,15,15,0) [ 10.318 ]
1569:(45,2,3,35,15,15,0) [ 9.6968 ]
1570:(45,2,2,35,15,15,0) [ 9.3018 ]
1571:(45,2,3,36,14,14,0) [ 9.629800000000001 ]
1572:(44,2,4,36,14,14,0) [ 9.951400000000001 ]
1573:(45,2,2,36,14,14,0) [ 9.2238 ]
1574:(46,2,1,36,14,14,0) [ 8.9022 ]
1575:(46,2,0,36,14,14,0) [ 8.4962 ]
1576:(46,2,1,37,13,13,0) [ 8.8132 ]
1577:(45,2,2,37,13,13,0) [ 9.1458 ]
1578:(46,2,2,38,12,12,0) [ 9.1522 ]
1579:(45,2,3,38,12,12,0) [ 9.4958 ]
1580:(47,2,1,38,12,12,0) [ 8.8086 ]
1581:(47,2,2,39,11,11,0) [ 9.1586 ]
1582:(46,2,3,39,11,11,0) [ 9.5132 ]
1583:(47,2,1,39,11,11,0) [ 8.7196 ]
1584:(47,2,2,40,10,10,0) [ 9.0806 ]
1585:(46,2,3,40,10,10,0) [ 9.446200000000001 ]
1586:(47,2,3,41,9,9,0) [ 9.463600000000001 ]
1587:(46,2,4,41,9,9,0) [ 9.840200000000001 ]
1588:(47,2,4,42,8,8,0) [ 9.8686 ]
1589:(46,2,5,42,8,8,0) [ 10.2562 ]
1590:(47,2,3,42,8,8,0) [ 9.396600000000001 ]
1591:(47,2,2,42,8,8,0) [ 8.924600000000002 ]
1592:(48,2,1,42,8,8,0) [ 8.536999999999999 ]
1593:(49,2,0,42,8,8,0) [ 8.1494 ]
1594:(49,2,1,43,7,7,0) [ 8.532399999999999 ]
1595:(48,2,2,43,7,7,0) [ 8.930999999999997 ]
1596:(49,2,0,43,7,7,0) [ 8.0494 ]
1597:(49,2,1,44,6,6,0) [ 8.4434 ]
1598:(48,2,2,44,6,6,0) [ 8.853 ]
1599:(49,2,2,45,5,5,0) [ 8.8594 ]
1600:(48,2,3,45,5,5,0) [ 9.280000000000001 ]
1601:(49,2,1,45,5,5,0) [ 8.3544 ]
1602:(49,2,2,46,4,4,0) [ 8.7814 ]
1603:(48,2,3,46,4,4,0) [ 9.213 ]
1604:(49,2,3,47,3,3,0) [ 9.230400000000001 ]
1605:(48,2,4,47,3,3,0) [ 9.673000000000002 ]
1606:(50,2,2,48,2,2,0) [ 8.709799999999998 ]
1607:(49,2,3,48,2,2,0) [ 9.1634 ]
1608:(51,2,1,48,2,2,0) [ 8.2562 ]
1609:(52,2,0,48,2,2,0) [ 7.802600000000001 ]
1610:(52,2,1,49,1,1,0) [ 8.2516 ]
1611:(51,2,2,49,1,1,0) [ 8.716199999999999 ]
1612:(53,2,0,49,1,1,0) [ 7.787 ]
1613:(53,2,1,50,0,0,0) [ 8.247 ]
1614:(52,2,2,50,0,0,0) [ 8.7226 ]
1615:(54,2,0,50,0,0,0) [ 7.771400000000001 ]
1616:(26,2,3,0,50,50,0) [ 10.4382 TARGET ]
1617:(26,2,4,1,49,49,0) [ 10.3922 ]
1618:(26,2,5,2,48,48,0) [ 10.368200000000002 ]
1619:(26,2,6,3,47,47,0) [ 10.3662 ]
1620:(26,2,7,4,46,46,0) [ 10.3862 ]
1621:(27,2,6,5,45,45,0) [ 10.3826 ]
1622:(28,2,4,6,44,44,0) [ 10.281 ]
1623:(28,2,5,7,43,43,0) [ 10.312000000000001 ]
1624:(29,2,3,8,42,42,0) [ 10.1554 ]
1625:(29,2,3,9,41,41,0) [ 10.0884 ]
1626:(30,2,3,10,40,40,0) [ 10.1058 ]
1627:(31,2,3,11,39,39,0) [ 10.1232 ]
1628:(31,2,3,12,38,38,0) [ 10.0562 ]
1629:(31,2,4,13,37,37,0) [ 10.142199999999999 ]
1630:(31,2,6,15,35,35,0) [ 10.3802 ]
1631:(33,2,4,16,34,34,0) [ 10.143 ]
1632:(33,2,5,17,33,33,0) [ 10.284 ]
1633:(33,2,6,18,32,32,0) [ 10.447000000000001 ]
1634:(34,2,6,19,31,31,0) [ 10.4974 ]
1635:(35,2,6,20,30,30,0) [ 10.5478 ]
1636:(37,2,5,23,27,27,0) [ 10.351600000000001 ]
1637:(37,2,6,24,26,26,0) [ 10.5806 ]
1638:(38,2,5,25,25,25,0) [ 10.346 ]
1639:(38,2,5,26,24,24,0) [ 10.301 ]
1640:(38,2,6,27,23,23,0) [ 10.563000000000002 ]
1641:(39,2,6,28,22,22,0) [ 10.613399999999999 ]
1642:(39,2,7,29,21,21,0) [ 10.908399999999999 ]
1643:(39,2,8,30,20,20,0) [ 11.2254 ]
1644:(39,2,8,31,19,19,0) [ 11.213400000000002 ]
1645:(39,2,9,32,18,18,0) [ 11.563400000000001 ]
1646:(41,2,5,33,17,17,0) [ 10.2392 ]
1647:(41,2,6,34,16,16,0) [ 10.5782 ]
1648:(42,2,6,35,15,15,0) [ 10.628599999999999 ]
1649:(43,2,5,36,14,14,0) [ 10.273 ]
1650:(44,2,3,37,13,13,0) [ 9.4784 ]
1651:(44,2,4,38,12,12,0) [ 9.839400000000001 ]
1652:(45,2,4,39,11,11,0) [ 9.8678 ]
1653:(45,2,4,40,10,10,0) [ 9.8118 ]
1654:(45,2,5,41,9,9,0) [ 10.216800000000001 ]
1655:(45,2,6,42,8,8,0) [ 10.643800000000002 ]
1656:(47,2,3,43,7,7,0) [ 9.3296 ]
1657:(47,2,3,44,6,6,0) [ 9.2626 ]
1658:(47,2,4,45,5,5,0) [ 9.700600000000001 ]
1659:(47,2,4,46,4,4,0) [ 9.6446 ]
1660:(47,2,5,47,3,3,0) [ 10.1156 ]
1661:(48,2,4,48,2,2,0) [ 9.616999999999999 ]
1662:(50,2,3,49,1,1,0) [ 9.1808 ]
1663:(51,2,3,50,0,0,0) [ 9.198200000000002 ]
1664:(25,2,7,5,45,45,0) [ 10.2788 ]
1665:(26,2,7,6,44,44,0) [ 10.3402 ]
1666:(25,2,8,6,44,44,0) [ 10.331800000000001 ]
1667:(26,2,8,7,43,43,0) [ 10.4042 ]
1668:(25,2,9,7,43,43,0) [ 10.4068 ]
1669:(26,2,7,7,43,43,0) [ 10.3172 ]
1670:(27,2,6,7,43,43,0) [ 10.3146 ]
1671:(27,2,7,8,42,42,0) [ 10.3786 ]
1672:(26,2,8,8,42,42,0) [ 10.3922 ]
1673:(27,2,8,9,41,41,0) [ 10.4646 ]
1674:(26,2,9,9,41,41,0) [ 10.4892 ]
1675:(28,2,7,9,41,41,0) [ 10.440000000000001 ]
1676:(28,2,6,9,41,41,0) [ 10.331000000000001 ]
1677:(28,2,7,10,40,40,0) [ 10.417 ]
1678:(27,2,8,10,40,40,0) [ 10.4526 ]
1679:(28,2,6,10,40,40,0) [ 10.297 ]
1680:(29,2,5,10,40,40,0) [ 10.2614 ]
1681:(30,2,4,10,40,40,0) [ 10.2258 ]
1682:(30,2,4,11,39,39,0) [ 10.1698 ]
1683:(29,2,5,11,39,39,0) [ 10.2164 ]
1684:(30,2,5,12,38,38,0) [ 10.2558 ]
1685:(29,2,6,12,38,38,0) [ 10.3134 ]
1686:(30,2,6,13,37,37,0) [ 10.363800000000001 ]
1687:(29,2,7,13,37,37,0) [ 10.432400000000001 ]
1688:(30,2,7,14,36,36,0) [ 10.4938 ]
1689:(29,2,8,14,36,36,0) [ 10.5734 ]
1690:(31,2,6,14,36,36,0) [ 10.4142 ]
1691:(32,2,5,14,36,36,0) [ 10.3346 ]
1692:(33,2,5,16,34,34,0) [ 10.329 ]
1693:(32,2,6,16,34,34,0) [ 10.4306 ]
1694:(32,2,6,17,33,33,0) [ 10.396600000000001 ]
1695:(36,2,2,17,33,33,0) [ 9.946200000000001 ]
1696:(37,2,4,21,29,29,0) [ 10.200600000000001 ]
1697:(36,2,5,21,29,29,0) [ 10.357199999999999 ]
1698:(37,2,5,22,28,28,0) [ 10.3966 ]
1699:(36,2,6,22,28,28,0) [ 10.5642 ]
1700:(38,2,4,22,28,28,0) [ 10.229000000000001 ]
1701:(38,2,1,22,28,28,0) [ 9.473 ]
1702:(38,2,0,22,28,28,0) [ 9.221 ]
1703:(38,2,1,23,27,27,0) [ 9.384 ]
1704:(37,2,2,23,27,27,0) [ 9.5626 ]
1705:(38,2,0,23,27,27,0) [ 9.121 ]
1706:(38,2,1,24,26,26,0) [ 9.295 ]
1707:(38,2,0,24,26,26,0) [ 9.021 ]
1708:(38,2,1,25,25,25,0) [ 9.206 ]
1709:(38,2,2,26,24,24,0) [ 9.413 ]
1710:(39,2,2,27,23,23,0) [ 9.419400000000001 ]
1711:(39,2,3,28,22,22,0) [ 9.659400000000002 ]
1712:(40,2,2,28,22,22,0) [ 9.4258 ]
1713:(41,2,1,28,22,22,0) [ 9.1922 ]
1714:(41,2,0,28,22,22,0) [ 8.874200000000002 ]
1715:(41,2,1,29,21,21,0) [ 9.1032 ]
1716:(40,2,2,29,21,21,0) [ 9.347800000000001 ]
1717:(42,2,0,29,21,21,0) [ 8.8586 ]
1718:(42,2,1,30,20,20,0) [ 9.0986 ]
1719:(41,2,2,30,20,20,0) [ 9.3542 ]
1720:(42,2,2,31,19,19,0) [ 9.3606 ]
1721:(41,2,3,31,19,19,0) [ 9.6272 ]
1722:(43,2,2,34,16,16,0) [ 9.211 ]
1723:(44,2,4,37,13,13,0) [ 9.8954 ]
1724:(43,2,5,37,13,13,0) [ 10.228000000000002 ]
1725:(44,2,5,38,12,12,0) [ 10.267399999999999 ]
1726:(43,2,6,38,12,12,0) [ 10.611 ]
1727:(44,2,6,39,11,11,0) [ 10.661399999999999 ]
1728:(43,2,7,39,11,11,0) [ 11.016 ]
1729:(44,2,5,39,11,11,0) [ 10.222399999999999 ]
1730:(44,2,6,40,10,10,0) [ 10.627400000000002 ]
1731:(43,2,7,40,10,10,0) [ 10.992999999999999 ]
1732:(45,2,5,40,10,10,0) [ 10.261800000000001 ]
1733:(49,2,0,44,6,6,0) [ 7.949400000000001 ]
1734:(50,2,0,45,5,5,0) [ 7.9338 ]
1735:(50,2,1,46,4,4,0) [ 8.3498 ]
1736:(50,2,2,47,3,3,0) [ 8.7878 ]
1737:(51,2,1,47,3,3,0) [ 8.345200000000002 ]
1738:(51,2,0,47,3,3,0) [ 7.818200000000001 ]
1739:(-1,-1,-1,-1,-1,-1,-1) [ 0.0 ]