(R_,L,RL,G_,G_a,G_bg,G_d)
0:(50,2,0,50,0,0,0) [ 7.4338 ]
1:(49,2,1,50,0,0,0) [ 7.9094 ]
2:(49,2,0,49,1,1,0) [ 7.4494 ]
3:(48,2,0,49,1,1,0) [ 7.364999999999999 ]
4:(49,2,1,49,1,1,0) [ 7.998399999999999 ]
5:(49,2,1,49,0,1,1) [ 1057.8984 ]
6:(48,2,2,49,0,1,1) [ 1058.363 ]
7:(48,2,3,49,0,1,1) [ 1058.912 ]
8:(48,2,2,48,1,2,1) [ 2108.441 ]
9:(49,2,1,48,1,2,1) [ 2107.9874 ]
10:(49,2,2,48,1,2,1) [ 2108.5254 ]
11:(49,2,1,47,2,3,1) [ 3158.0764 ]
12:(49,2,0,46,3,4,1) [ 4207.6494 ]
13:(48,2,1,46,3,4,1) [ 4208.081 ]
14:(47,2,2,46,3,4,1) [ 4208.5126 ]
15:(47,2,3,46,3,4,1) [ 4209.028600000001 ]
16:(47,2,2,45,4,5,1) [ 5258.5905999999995 ]
17:(46,2,3,45,4,5,1) [ 5259.0112 ]
18:(46,2,2,44,5,6,1) [ 6308.5842 ]
19:(46,2,1,43,6,7,1) [ 7358.1792000000005 ]
20:(46,2,0,42,7,8,1) [ 8407.7962 ]
21:(45,2,1,42,7,8,1) [ 8408.1838 ]
22:(45,2,0,41,8,9,1) [ 9457.8118 ]
23:(44,2,1,41,8,9,1) [ 9458.1884 ]
24:(44,2,0,40,9,10,1) [ 10507.8274 ]
25:(44,2,1,40,9,10,1) [ 10508.277399999999 ]
26:(43,2,2,40,9,10,1) [ 10508.643 ]
27:(43,2,1,39,10,11,1) [ 11558.282 ]
28:(43,2,2,39,10,11,1) [ 11558.721 ]
29:(43,2,1,38,11,12,1) [ 12608.371000000001 ]
30:(42,2,2,38,11,12,1) [ 12608.714600000001 ]
31:(42,2,1,37,12,13,1) [ 13658.375600000001 ]
32:(42,2,0,36,13,14,1) [ 14708.058599999998 ]
33:(41,2,1,36,13,14,1) [ 14708.3802 ]
34:(41,2,0,35,14,15,1) [ 15758.0742 ]
35:(40,2,1,35,14,15,1) [ 15758.3848 ]
36:(40,2,0,34,15,16,1) [ 16808.0898 ]
37:(40,2,1,34,15,16,1) [ 16808.4738 ]
38:(40,2,2,34,15,16,1) [ 16808.8578 ]
39:(40,2,3,34,15,16,1) [ 16809.2418 ]
40:(41,2,3,34,15,16,1) [ 16809.3262 ]
41:(40,2,4,34,15,16,1) [ 16809.6258 ]
42:(40,2,5,34,15,16,1) [ 16810.0098 ]
43:(40,2,4,33,16,17,1) [ 17859.6818 ]
44:(40,2,3,32,17,18,1) [ 18909.3758 ]
45:(40,2,4,32,17,18,1) [ 18909.7378 ]
46:(40,2,3,31,18,19,1) [ 19959.4428 ]
47:(39,2,3,31,18,19,1) [ 19959.3584 ]
48:(38,2,4,31,18,19,1) [ 19959.625 ]
49:(38,2,3,30,19,20,1) [ 21009.341 ]
50:(38,2,2,29,20,21,1) [ 22059.079 ]
51:(37,2,3,29,20,21,1) [ 22059.3236 ]
52:(37,2,2,28,21,22,1) [ 23109.0726 ]
53:(37,2,1,27,22,23,1) [ 24158.8436 ]
54:(37,2,2,27,22,23,1) [ 24159.1506 ]
55:(37,2,3,27,22,23,1) [ 24159.4576 ]
56:(37,2,2,26,23,24,1) [ 25209.2286 ]
57:(36,2,3,26,23,24,1) [ 25209.4402 ]
58:(36,2,2,25,24,25,1) [ 26259.2222 ]
59:(36,2,2,25,23,25,2) [ 52509.122200000005 ]
60:(36,2,3,25,23,25,2) [ 52509.4072 ]
61:(36,2,4,25,23,25,2) [ 52509.692200000005 ]
62:(35,2,5,25,23,25,2) [ 52509.8928 ]
63:(35,2,6,25,23,25,2) [ 52510.177800000005 ]
64:(35,2,5,24,24,26,2) [ 54609.9378 ]
65:(35,2,6,24,24,26,2) [ 54610.211800000005 ]
66:(35,2,6,25,24,25,1) [ 26260.2778 ]
67:(34,2,7,25,24,25,1) [ 26260.4784 ]
68:(34,2,6,24,25,26,1) [ 27310.2274 ]
69:(34,2,5,23,26,27,1) [ 28359.998399999997 ]
70:(34,2,4,22,27,28,1) [ 29409.791400000002 ]
71:(33,2,5,22,27,28,1) [ 29409.959 ]
72:(32,2,6,22,27,28,1) [ 29410.1266 ]
73:(31,2,7,22,27,28,1) [ 29410.2942 ]
74:(30,2,8,22,27,28,1) [ 29410.4618 ]
75:(30,2,7,21,28,29,1) [ 30460.232799999998 ]
76:(31,2,6,21,28,29,1) [ 30460.0762 ]
77:(31,2,7,21,28,29,1) [ 30460.317199999998 ]
78:(31,2,6,20,29,30,1) [ 31510.110200000003 ]
79:(31,2,7,20,29,30,1) [ 31510.340200000002 ]
80:(31,2,8,20,29,30,1) [ 31510.570200000002 ]
81:(31,2,7,19,30,31,1) [ 32560.3632 ]
82:(31,2,6,18,31,32,1) [ 33610.1782 ]
83:(31,2,7,18,31,32,1) [ 33610.3862 ]
84:(31,2,6,17,32,33,1) [ 34660.212199999994 ]
85:(30,2,7,17,32,33,1) [ 34660.324799999995 ]
86:(30,2,8,17,32,33,1) [ 34660.521799999995 ]
87:(30,2,7,16,33,34,1) [ 35710.3478 ]
88:(30,2,8,16,33,34,1) [ 35710.533800000005 ]
89:(30,2,9,16,33,34,1) [ 35710.719800000006 ]
90:(29,2,10,16,33,34,1) [ 35710.8214 ]
91:(29,2,9,15,34,35,1) [ 36760.6364 ]
92:(28,2,10,15,34,35,1) [ 36760.727 ]
93:(28,2,9,14,35,36,1) [ 37810.553 ]
94:(27,2,9,14,35,36,1) [ 37810.4686 ]
95:(27,2,10,14,35,36,1) [ 37810.6326 ]
96:(26,2,11,14,35,36,1) [ 37810.7122 ]
97:(26,2,10,13,36,37,1) [ 38860.538199999995 ]
98:(26,2,9,12,37,38,1) [ 39910.38619999999 ]
99:(26,2,10,12,37,38,1) [ 39910.5282 ]
100:(27,2,10,12,37,38,1) [ 39910.6126 ]
101:(26,2,11,12,37,38,1) [ 39910.6702 ]
102:(26,2,12,12,37,38,1) [ 39910.8122 ]
103:(26,2,11,11,38,39,1) [ 40960.6492 ]
104:(26,2,10,10,39,40,1) [ 42010.508200000004 ]
105:(26,2,11,10,39,40,1) [ 42010.6282 ]
106:(26,2,10,9,40,41,1) [ 43060.4982 ]
107:(26,2,11,9,40,41,1) [ 43060.6072 ]
108:(26,2,11,9,39,41,2) [ 86110.5072 ]
109:(26,2,10,8,40,42,2) [ 88210.3882 ]
110:(26,2,11,8,40,42,2) [ 88210.4862 ]
111:(25,2,12,8,40,42,2) [ 88210.4998 ]
112:(25,2,11,7,41,43,2) [ 90310.3808 ]
113:(25,2,12,7,41,43,2) [ 90310.46780000001 ]
114:(25,2,11,6,42,44,2) [ 92410.35979999999 ]
115:(25,2,12,6,42,44,2) [ 92410.43579999999 ]
116:(25,2,13,6,42,44,2) [ 92410.5118 ]
117:(24,2,14,6,42,44,2) [ 92410.5034 ]
118:(24,2,14,7,42,43,1) [ 45160.6574 ]
119:(24,2,13,6,43,44,1) [ 46210.527400000006 ]
120:(24,2,14,6,43,44,1) [ 46210.6034 ]
121:(24,2,13,5,44,45,1) [ 47260.4844 ]
122:(24,2,14,5,44,45,1) [ 47260.5494 ]
123:(24,2,13,4,45,46,1) [ 48310.4414 ]
124:(23,2,14,4,45,46,1) [ 48310.411 ]
125:(23,2,13,3,46,47,1) [ 49360.314 ]
126:(23,2,14,3,46,47,1) [ 49360.356999999996 ]
127:(22,2,15,3,46,47,1) [ 49360.3156 ]
128:(22,2,14,2,47,48,1) [ 50410.2186 ]
129:(22,2,15,2,47,48,1) [ 50410.2506 ]
130:(21,2,16,2,47,48,1) [ 50410.1982 ]
131:(21,2,15,1,48,49,1) [ 51460.101200000005 ]
132:(21,2,14,0,49,50,1) [ 52510.0262 TARGET ]
133:(22,2,14,0,49,50,1) [ 52510.1106 TARGET ]
134:(20,2,14,0,49,50,1) [ 52509.9418 TARGET ]
135:(20,2,15,0,49,50,1) [ 52509.9518 TARGET ]
136:(21,2,15,0,49,50,1) [ 52510.0362 TARGET ]
137:(22,2,15,1,48,49,1) [ 51460.185600000004 ]
138:(20,2,15,1,48,49,1) [ 51460.016800000005 ]
139:(20,2,16,1,48,49,1) [ 51460.037800000006 ]
140:(21,2,16,1,48,49,1) [ 51460.122200000005 ]
141:(22,2,16,2,47,48,1) [ 50410.2826 ]
142:(20,2,16,2,47,48,1) [ 50410.1138 ]
143:(20,2,17,2,47,48,1) [ 50410.1458 ]
144:(21,2,17,2,47,48,1) [ 50410.2302 ]
145:(23,2,15,2,47,48,1) [ 50410.335 ]
146:(21,2,15,2,47,48,1) [ 50410.1662 ]
147:(23,2,14,2,47,48,1) [ 50410.303 ]
148:(21,2,14,2,47,48,1) [ 50410.1342 ]
149:(23,2,15,3,46,47,1) [ 49360.4 ]
150:(21,2,15,3,46,47,1) [ 49360.2312 ]
151:(21,2,16,3,46,47,1) [ 49360.2742 ]
152:(22,2,16,3,46,47,1) [ 49360.3586 ]
153:(24,2,14,3,46,47,1) [ 49360.441399999996 ]
154:(22,2,14,3,46,47,1) [ 49360.2726 ]
155:(24,2,13,3,46,47,1) [ 49360.3984 ]
156:(22,2,13,3,46,47,1) [ 49360.2296 ]
157:(24,2,14,4,45,46,1) [ 48310.4954 ]
158:(22,2,14,4,45,46,1) [ 48310.3266 ]
159:(22,2,15,4,45,46,1) [ 48310.3806 ]
160:(23,2,15,4,45,46,1) [ 48310.465 ]
161:(25,2,13,4,45,46,1) [ 48310.5258 ]
162:(23,2,13,4,45,46,1) [ 48310.357 ]
163:(25,2,14,5,44,45,1) [ 47260.6338 ]
164:(23,2,14,5,44,45,1) [ 47260.465000000004 ]
165:(23,2,15,5,44,45,1) [ 47260.53 ]
166:(24,2,15,5,44,45,1) [ 47260.6144 ]
167:(25,2,13,5,44,45,1) [ 47260.5688 ]
168:(23,2,13,5,44,45,1) [ 47260.4 ]
169:(25,2,14,6,43,44,1) [ 46210.6878 ]
170:(23,2,14,6,43,44,1) [ 46210.519 ]
171:(23,2,15,6,43,44,1) [ 46210.595 ]
172:(24,2,15,6,43,44,1) [ 46210.6794 ]
173:(25,2,13,6,43,44,1) [ 46210.611800000006 ]
174:(23,2,13,6,43,44,1) [ 46210.443 ]
175:(25,2,14,7,42,43,1) [ 45160.741799999996 ]
176:(23,2,14,7,42,43,1) [ 45160.573 ]
177:(23,2,15,7,42,43,1) [ 45160.659999999996 ]
178:(24,2,15,7,42,43,1) [ 45160.744399999996 ]
179:(25,2,14,6,42,44,2) [ 92410.5878 ]
180:(23,2,14,6,42,44,2) [ 92410.419 ]
181:(23,2,15,6,42,44,2) [ 92410.495 ]
182:(24,2,15,6,42,44,2) [ 92410.5794 ]
183:(26,2,13,6,42,44,2) [ 92410.5962 ]
184:(24,2,13,6,42,44,2) [ 92410.4274 ]
185:(26,2,12,6,42,44,2) [ 92410.5202 ]
186:(24,2,12,6,42,44,2) [ 92410.3514 ]
187:(26,2,11,6,42,44,2) [ 92410.4442 ]
188:(24,2,11,6,42,44,2) [ 92410.2754 ]
189:(26,2,12,7,41,43,2) [ 90310.5522 ]
190:(24,2,12,7,41,43,2) [ 90310.3834 ]
191:(24,2,13,7,41,43,2) [ 90310.4704 ]
192:(25,2,13,7,41,43,2) [ 90310.55480000001 ]
193:(26,2,11,7,41,43,2) [ 90310.4652 ]
194:(24,2,11,7,41,43,2) [ 90310.2964 ]
195:(26,2,12,8,40,42,2) [ 88210.5842 ]
196:(24,2,12,8,40,42,2) [ 88210.4154 ]
197:(24,2,13,8,40,42,2) [ 88210.5134 ]
198:(25,2,13,8,40,42,2) [ 88210.5978 ]
199:(27,2,11,8,40,42,2) [ 88210.5706 ]
200:(25,2,11,8,40,42,2) [ 88210.4018 ]
201:(27,2,10,8,40,42,2) [ 88210.4726 ]
202:(25,2,10,8,40,42,2) [ 88210.3038 ]
203:(27,2,11,9,39,41,2) [ 86110.5916 ]
204:(25,2,11,9,39,41,2) [ 86110.4228 ]
205:(25,2,12,9,39,41,2) [ 86110.5318 ]
206:(26,2,12,9,39,41,2) [ 86110.61619999999 ]
207:(27,2,11,9,40,41,1) [ 43060.6916 ]
208:(25,2,11,9,40,41,1) [ 43060.5228 ]
209:(25,2,12,9,40,41,1) [ 43060.6318 ]
210:(26,2,12,9,40,41,1) [ 43060.7162 ]
211:(27,2,10,9,40,41,1) [ 43060.5826 ]
212:(25,2,10,9,40,41,1) [ 43060.4138 ]
213:(27,2,11,10,39,40,1) [ 42010.7126 ]
214:(25,2,11,10,39,40,1) [ 42010.5438 ]
215:(25,2,12,10,39,40,1) [ 42010.6638 ]
216:(26,2,12,10,39,40,1) [ 42010.7482 ]
217:(27,2,10,10,39,40,1) [ 42010.5926 ]
218:(25,2,10,10,39,40,1) [ 42010.423800000004 ]
219:(27,2,11,11,38,39,1) [ 40960.7336 ]
220:(25,2,11,11,38,39,1) [ 40960.5648 ]
221:(25,2,12,11,38,39,1) [ 40960.6958 ]
222:(26,2,12,11,38,39,1) [ 40960.7802 ]
223:(27,2,12,12,37,38,1) [ 39910.8966 ]
224:(25,2,12,12,37,38,1) [ 39910.7278 ]
225:(25,2,13,12,37,38,1) [ 39910.8698 ]
226:(26,2,13,12,37,38,1) [ 39910.9542 ]
227:(27,2,11,12,37,38,1) [ 39910.7546 ]
228:(25,2,11,12,37,38,1) [ 39910.58579999999 ]
229:(28,2,10,12,37,38,1) [ 39910.697 ]
230:(25,2,10,12,37,38,1) [ 39910.443799999994 ]
231:(27,2,9,12,37,38,1) [ 39910.4706 ]
232:(25,2,9,12,37,38,1) [ 39910.301799999994 ]
233:(27,2,10,13,36,37,1) [ 38860.622599999995 ]
234:(25,2,10,13,36,37,1) [ 38860.453799999996 ]
235:(25,2,11,13,36,37,1) [ 38860.6068 ]
236:(26,2,11,13,36,37,1) [ 38860.6912 ]
237:(27,2,11,14,35,36,1) [ 37810.7966 ]
238:(25,2,11,14,35,36,1) [ 37810.6278 ]
239:(25,2,12,14,35,36,1) [ 37810.7918 ]
240:(26,2,12,14,35,36,1) [ 37810.8762 ]
241:(28,2,10,14,35,36,1) [ 37810.717 ]
242:(26,2,10,14,35,36,1) [ 37810.5482 ]
243:(26,2,9,14,35,36,1) [ 37810.3842 ]
244:(29,2,9,14,35,36,1) [ 37810.6374 ]
245:(29,2,10,15,34,35,1) [ 36760.8114 ]
246:(27,2,10,15,34,35,1) [ 36760.6426 ]
247:(27,2,11,15,34,35,1) [ 36760.8176 ]
248:(28,2,11,15,34,35,1) [ 36760.902 ]
249:(30,2,9,15,34,35,1) [ 36760.7208 ]
250:(28,2,9,15,34,35,1) [ 36760.552 ]
251:(30,2,10,16,33,34,1) [ 35710.9058 ]
252:(28,2,10,16,33,34,1) [ 35710.737 ]
253:(28,2,11,16,33,34,1) [ 35710.923 ]
254:(29,2,11,16,33,34,1) [ 35711.0074 ]
255:(31,2,9,16,33,34,1) [ 35710.804200000006 ]
256:(29,2,9,16,33,34,1) [ 35710.63540000001 ]
257:(31,2,8,16,33,34,1) [ 35710.618200000004 ]
258:(29,2,8,16,33,34,1) [ 35710.449400000005 ]
259:(31,2,7,16,33,34,1) [ 35710.4322 ]
260:(29,2,7,16,33,34,1) [ 35710.2634 ]
261:(31,2,8,17,32,33,1) [ 34660.606199999995 ]
262:(29,2,8,17,32,33,1) [ 34660.437399999995 ]
263:(29,2,9,17,32,33,1) [ 34660.634399999995 ]
264:(30,2,9,17,32,33,1) [ 34660.718799999995 ]
265:(31,2,7,17,32,33,1) [ 34660.409199999995 ]
266:(29,2,7,17,32,33,1) [ 34660.240399999995 ]
267:(32,2,6,17,32,33,1) [ 34660.296599999994 ]
268:(30,2,6,17,32,33,1) [ 34660.127799999995 ]
269:(32,2,7,18,31,32,1) [ 33610.4706 ]
270:(30,2,7,18,31,32,1) [ 33610.3018 ]
271:(30,2,8,18,31,32,1) [ 33610.5098 ]
272:(31,2,8,18,31,32,1) [ 33610.5942 ]
273:(32,2,6,18,31,32,1) [ 33610.2626 ]
274:(30,2,6,18,31,32,1) [ 33610.093799999995 ]
275:(32,2,7,19,30,31,1) [ 32560.4476 ]
276:(30,2,7,19,30,31,1) [ 32560.2788 ]
277:(30,2,8,19,30,31,1) [ 32560.4978 ]
278:(31,2,8,19,30,31,1) [ 32560.5822 ]
279:(32,2,8,20,29,30,1) [ 31510.6546 ]
280:(30,2,8,20,29,30,1) [ 31510.485800000002 ]
281:(30,2,9,20,29,30,1) [ 31510.7158 ]
282:(31,2,9,20,29,30,1) [ 31510.8002 ]
283:(32,2,7,20,29,30,1) [ 31510.424600000002 ]
284:(30,2,7,20,29,30,1) [ 31510.255800000003 ]
285:(32,2,6,20,29,30,1) [ 31510.194600000003 ]
286:(30,2,6,20,29,30,1) [ 31510.025800000003 ]
287:(32,2,7,21,28,29,1) [ 30460.4016 ]
288:(30,2,8,21,28,29,1) [ 30460.4738 ]
289:(31,2,8,21,28,29,1) [ 30460.5582 ]
290:(32,2,6,21,28,29,1) [ 30460.1606 ]
291:(30,2,6,21,28,29,1) [ 30459.9918 ]
292:(29,2,7,21,28,29,1) [ 30460.1484 ]
293:(29,2,8,21,28,29,1) [ 30460.3894 ]
294:(31,2,8,22,27,28,1) [ 29410.5462 ]
295:(29,2,8,22,27,28,1) [ 29410.3774 ]
296:(29,2,9,22,27,28,1) [ 29410.6294 ]
297:(30,2,9,22,27,28,1) [ 29410.7138 ]
298:(32,2,7,22,27,28,1) [ 29410.3786 ]
299:(30,2,7,22,27,28,1) [ 29410.2098 ]
300:(33,2,6,22,27,28,1) [ 29410.211 ]
301:(31,2,6,22,27,28,1) [ 29410.0422 ]
302:(34,2,5,22,27,28,1) [ 29410.043400000002 ]
303:(32,2,5,22,27,28,1) [ 29409.8746 ]
304:(35,2,4,22,27,28,1) [ 29409.8758 ]
305:(33,2,4,22,27,28,1) [ 29409.707000000002 ]
306:(35,2,5,23,26,27,1) [ 28360.0828 ]
307:(33,2,5,23,26,27,1) [ 28359.913999999997 ]
308:(33,2,6,23,26,27,1) [ 28360.177 ]
309:(34,2,6,23,26,27,1) [ 28360.2614 ]
310:(35,2,6,24,25,26,1) [ 27310.3118 ]
311:(33,2,6,24,25,26,1) [ 27310.143 ]
312:(33,2,7,24,25,26,1) [ 27310.417 ]
313:(34,2,7,24,25,26,1) [ 27310.5014 ]
314:(35,2,7,25,24,25,1) [ 26260.5628 ]
315:(33,2,7,25,24,25,1) [ 26260.394 ]
316:(33,2,8,25,24,25,1) [ 26260.679 ]
317:(34,2,8,25,24,25,1) [ 26260.7634 ]
318:(36,2,6,25,24,25,1) [ 26260.362200000003 ]
319:(34,2,6,25,24,25,1) [ 26260.1934 ]
320:(36,2,6,24,24,26,2) [ 54610.296200000004 ]
321:(34,2,6,24,24,26,2) [ 54610.127400000005 ]
322:(34,2,7,24,24,26,2) [ 54610.4014 ]
323:(35,2,7,24,24,26,2) [ 54610.4858 ]
324:(36,2,5,24,24,26,2) [ 54610.0222 ]
325:(34,2,5,24,24,26,2) [ 54609.8534 ]
326:(36,2,6,25,23,25,2) [ 52510.262200000005 ]
327:(34,2,6,25,23,25,2) [ 52510.093400000005 ]
328:(34,2,7,25,23,25,2) [ 52510.3784 ]
329:(35,2,7,25,23,25,2) [ 52510.4628 ]
330:(36,2,5,25,23,25,2) [ 52509.9772 ]
331:(34,2,5,25,23,25,2) [ 52509.8084 ]
332:(37,2,4,25,23,25,2) [ 52509.776600000005 ]
333:(35,2,4,25,23,25,2) [ 52509.607800000005 ]
334:(37,2,3,25,23,25,2) [ 52509.4916 ]
335:(35,2,3,25,23,25,2) [ 52509.3228 ]
336:(37,2,2,25,23,25,2) [ 52509.206600000005 ]
337:(35,2,2,25,23,25,2) [ 52509.037800000006 ]
338:(37,2,2,25,24,25,1) [ 26259.3066 ]
339:(35,2,2,25,24,25,1) [ 26259.1378 ]
340:(35,2,3,25,24,25,1) [ 26259.4228 ]
341:(36,2,3,25,24,25,1) [ 26259.5072 ]
342:(37,2,3,26,23,24,1) [ 25209.5246 ]
343:(35,2,3,26,23,24,1) [ 25209.355799999998 ]
344:(35,2,4,26,23,24,1) [ 25209.6518 ]
345:(36,2,4,26,23,24,1) [ 25209.7362 ]
346:(38,2,2,26,23,24,1) [ 25209.313 ]
347:(36,2,2,26,23,24,1) [ 25209.1442 ]
348:(38,2,3,27,22,23,1) [ 24159.542 ]
349:(36,2,3,27,22,23,1) [ 24159.3732 ]
350:(36,2,4,27,22,23,1) [ 24159.680200000003 ]
351:(37,2,4,27,22,23,1) [ 24159.764600000002 ]
352:(38,2,2,27,22,23,1) [ 24159.235 ]
353:(36,2,2,27,22,23,1) [ 24159.0662 ]
354:(38,2,1,27,22,23,1) [ 24158.928 ]
355:(36,2,1,27,22,23,1) [ 24158.7592 ]
356:(38,2,2,28,21,22,1) [ 23109.157 ]
357:(36,2,2,28,21,22,1) [ 23108.9882 ]
358:(36,2,3,28,21,22,1) [ 23109.3062 ]
359:(37,2,3,28,21,22,1) [ 23109.3906 ]
360:(38,2,3,29,20,21,1) [ 22059.408 ]
361:(36,2,3,29,20,21,1) [ 22059.2392 ]
362:(36,2,4,29,20,21,1) [ 22059.5682 ]
363:(37,2,4,29,20,21,1) [ 22059.6526 ]
364:(39,2,2,29,20,21,1) [ 22059.1634 ]
365:(37,2,2,29,20,21,1) [ 22058.9946 ]
366:(39,2,3,30,19,20,1) [ 21009.4254 ]
367:(37,2,3,30,19,20,1) [ 21009.2566 ]
368:(37,2,4,30,19,20,1) [ 21009.5966 ]
369:(38,2,4,30,19,20,1) [ 21009.681 ]
370:(39,2,4,31,18,19,1) [ 19959.7094 ]
371:(37,2,4,31,18,19,1) [ 19959.5406 ]
372:(37,2,5,31,18,19,1) [ 19959.8916 ]
373:(38,2,5,31,18,19,1) [ 19959.976 ]
374:(38,2,3,31,18,19,1) [ 19959.273999999998 ]
375:(41,2,3,31,18,19,1) [ 19959.5272 ]
376:(40,2,4,31,18,19,1) [ 19959.7938 ]
377:(41,2,4,32,17,18,1) [ 18909.822200000002 ]
378:(39,2,4,32,17,18,1) [ 18909.6534 ]
379:(39,2,5,32,17,18,1) [ 18910.0154 ]
380:(40,2,5,32,17,18,1) [ 18910.0998 ]
381:(41,2,3,32,17,18,1) [ 18909.4602 ]
382:(39,2,3,32,17,18,1) [ 18909.291400000002 ]
383:(41,2,4,33,16,17,1) [ 17859.7662 ]
384:(39,2,4,33,16,17,1) [ 17859.5974 ]
385:(39,2,5,33,16,17,1) [ 17859.9704 ]
386:(40,2,5,33,16,17,1) [ 17860.054799999998 ]
387:(41,2,5,34,15,16,1) [ 16810.0942 ]
388:(39,2,5,34,15,16,1) [ 16809.9254 ]
389:(39,2,6,34,15,16,1) [ 16810.3094 ]
390:(40,2,6,34,15,16,1) [ 16810.3938 ]
391:(41,2,4,34,15,16,1) [ 16809.7102 ]
392:(39,2,4,34,15,16,1) [ 16809.5414 ]
393:(42,2,3,34,15,16,1) [ 16809.4106 ]
394:(39,2,3,34,15,16,1) [ 16809.1574 ]
395:(41,2,2,34,15,16,1) [ 16808.9422 ]
396:(39,2,2,34,15,16,1) [ 16808.7734 ]
397:(41,2,1,34,15,16,1) [ 16808.5582 ]
398:(39,2,1,34,15,16,1) [ 16808.3894 ]
399:(41,2,0,34,15,16,1) [ 16808.1742 ]
400:(39,2,0,34,15,16,1) [ 16808.0054 ]
401:(41,2,1,35,14,15,1) [ 15758.4692 ]
402:(39,2,1,35,14,15,1) [ 15758.3004 ]
403:(39,2,2,35,14,15,1) [ 15758.6954 ]
404:(40,2,2,35,14,15,1) [ 15758.7798 ]
405:(42,2,0,35,14,15,1) [ 15758.158599999999 ]
406:(40,2,0,35,14,15,1) [ 15757.9898 ]
407:(42,2,1,36,13,14,1) [ 14708.4646 ]
408:(40,2,1,36,13,14,1) [ 14708.2958 ]
409:(40,2,2,36,13,14,1) [ 14708.701799999999 ]
410:(41,2,2,36,13,14,1) [ 14708.786199999999 ]
411:(43,2,0,36,13,14,1) [ 14708.143 ]
412:(41,2,0,36,13,14,1) [ 14707.974199999999 ]
413:(43,2,1,37,12,13,1) [ 13658.460000000001 ]
414:(41,2,1,37,12,13,1) [ 13658.291200000001 ]
415:(41,2,2,37,12,13,1) [ 13658.708200000001 ]
416:(42,2,2,37,12,13,1) [ 13658.7926 ]
417:(43,2,2,38,11,12,1) [ 12608.799 ]
418:(41,2,2,38,11,12,1) [ 12608.6302 ]
419:(41,2,3,38,11,12,1) [ 12609.0582 ]
420:(42,2,3,38,11,12,1) [ 12609.142600000001 ]
421:(44,2,1,38,11,12,1) [ 12608.4554 ]
422:(42,2,1,38,11,12,1) [ 12608.286600000001 ]
423:(44,2,2,39,10,11,1) [ 11558.8054 ]
424:(42,2,2,39,10,11,1) [ 11558.6366 ]
425:(42,2,3,39,10,11,1) [ 11559.0756 ]
426:(43,2,3,39,10,11,1) [ 11559.16 ]
427:(44,2,1,39,10,11,1) [ 11558.3664 ]
428:(42,2,1,39,10,11,1) [ 11558.1976 ]
429:(44,2,2,40,9,10,1) [ 10508.7274 ]
430:(42,2,2,40,9,10,1) [ 10508.5586 ]
431:(42,2,3,40,9,10,1) [ 10509.0086 ]
432:(43,2,3,40,9,10,1) [ 10509.092999999999 ]
433:(45,2,1,40,9,10,1) [ 10508.361799999999 ]
434:(43,2,1,40,9,10,1) [ 10508.193 ]
435:(45,2,0,40,9,10,1) [ 10507.9118 ]
436:(43,2,0,40,9,10,1) [ 10507.743 ]
437:(45,2,1,41,8,9,1) [ 9458.272799999999 ]
438:(43,2,1,41,8,9,1) [ 9458.104 ]
439:(43,2,2,41,8,9,1) [ 9458.564999999999 ]
440:(44,2,2,41,8,9,1) [ 9458.649399999998 ]
441:(46,2,0,41,8,9,1) [ 9457.8962 ]
442:(44,2,0,41,8,9,1) [ 9457.7274 ]
443:(46,2,1,42,7,8,1) [ 8408.2682 ]
444:(44,2,1,42,7,8,1) [ 8408.099400000001 ]
445:(44,2,2,42,7,8,1) [ 8408.5714 ]
446:(45,2,2,42,7,8,1) [ 8408.6558 ]
447:(47,2,0,42,7,8,1) [ 8407.8806 ]
448:(45,2,0,42,7,8,1) [ 8407.711800000001 ]
449:(47,2,1,43,6,7,1) [ 7358.2636 ]
450:(45,2,1,43,6,7,1) [ 7358.094800000001 ]
451:(45,2,2,43,6,7,1) [ 7358.5778 ]
452:(46,2,2,43,6,7,1) [ 7358.662200000001 ]
453:(47,2,2,44,5,6,1) [ 6308.6686 ]
454:(45,2,2,44,5,6,1) [ 6308.4998 ]
455:(45,2,3,44,5,6,1) [ 6308.9938 ]
456:(46,2,3,44,5,6,1) [ 6309.0782 ]
457:(47,2,3,45,4,5,1) [ 5259.0956 ]
458:(45,2,3,45,4,5,1) [ 5258.926799999999 ]
459:(45,2,4,45,4,5,1) [ 5259.431799999999 ]
460:(46,2,4,45,4,5,1) [ 5259.5162 ]
461:(48,2,2,45,4,5,1) [ 5258.674999999999 ]
462:(46,2,2,45,4,5,1) [ 5258.5062 ]
463:(48,2,3,46,3,4,1) [ 4209.113 ]
464:(46,2,3,46,3,4,1) [ 4208.9442 ]
465:(46,2,4,46,3,4,1) [ 4209.4602 ]
466:(47,2,4,46,3,4,1) [ 4209.5446 ]
467:(48,2,2,46,3,4,1) [ 4208.597 ]
468:(46,2,2,46,3,4,1) [ 4208.4282 ]
469:(49,2,1,46,3,4,1) [ 4208.1654 ]
470:(47,2,1,46,3,4,1) [ 4207.9966 ]
471:(50,2,0,46,3,4,1) [ 4207.7338 ]
472:(48,2,0,46,3,4,1) [ 4207.5650000000005 ]
473:(50,2,1,47,2,3,1) [ 3158.1607999999997 ]
474:(48,2,1,47,2,3,1) [ 3157.9919999999997 ]
475:(48,2,2,47,2,3,1) [ 3158.519 ]
476:(49,2,2,47,2,3,1) [ 3158.6034 ]
477:(50,2,2,48,1,2,1) [ 2108.6097999999997 ]
478:(48,2,3,48,1,2,1) [ 2108.979 ]
479:(49,2,3,48,1,2,1) [ 2109.0634 ]
480:(50,2,1,48,1,2,1) [ 2108.0717999999997 ]
481:(48,2,1,48,1,2,1) [ 2107.903 ]
482:(47,2,2,48,1,2,1) [ 2108.3566 ]
483:(47,2,3,48,1,2,1) [ 2108.8946 ]
484:(49,2,3,49,0,1,1) [ 1058.9964 ]
485:(47,2,3,49,0,1,1) [ 1058.8276 ]
486:(47,2,4,49,0,1,1) [ 1059.3766 ]
487:(48,2,4,49,0,1,1) [ 1059.461 ]
488:(49,2,2,49,0,1,1) [ 1058.4474 ]
489:(47,2,2,49,0,1,1) [ 1058.2786 ]
490:(50,2,1,49,0,1,1) [ 1057.9828 ]
491:(48,2,1,49,0,1,1) [ 1057.814 ]
492:(50,2,1,49,1,1,0) [ 8.082799999999999 ]
493:(48,2,1,49,1,1,0) [ 7.913999999999999 ]
494:(48,2,2,49,1,1,0) [ 8.463 ]
495:(49,2,2,49,1,1,0) [ 8.547399999999998 ]
496:(50,2,0,49,1,1,0) [ 7.533799999999999 ]
497:(47,2,0,49,1,1,0) [ 7.2806 ]
498:(47,2,1,49,1,1,0) [ 7.8296 ]
499:(50,2,1,50,0,0,0) [ 7.993799999999999 ]
500:(48,2,1,50,0,0,0) [ 7.824999999999999 ]
501:(48,2,2,50,0,0,0) [ 8.384999999999998 ]
502:(49,2,2,50,0,0,0) [ 8.4694 ]
503:(51,2,0,50,0,0,0) [ 7.518200000000001 ]
504:(49,2,0,50,0,0,0) [ 7.3494 ]
505:(23,2,14,0,49,50,1) [ 52510.195 TARGET ]
506:(22,2,15,0,49,50,1) [ 52510.1206 TARGET ]
507:(23,2,15,1,48,49,1) [ 51460.270000000004 ]
508:(22,2,16,1,48,49,1) [ 51460.206600000005 ]
509:(23,2,16,2,47,48,1) [ 50410.367 ]
510:(22,2,17,2,47,48,1) [ 50410.3146 ]
511:(24,2,15,2,47,48,1) [ 50410.4194 ]
512:(24,2,14,2,47,48,1) [ 50410.3874 ]
513:(24,2,15,3,46,47,1) [ 49360.4844 ]
514:(23,2,16,3,46,47,1) [ 49360.443 ]
515:(25,2,14,3,46,47,1) [ 49360.525799999996 ]
516:(25,2,13,3,46,47,1) [ 49360.4828 ]
517:(25,2,14,4,45,46,1) [ 48310.5798 ]
518:(24,2,15,4,45,46,1) [ 48310.5494 ]
519:(26,2,13,4,45,46,1) [ 48310.6102 ]
520:(26,2,14,5,44,45,1) [ 47260.7182 ]
521:(25,2,15,5,44,45,1) [ 47260.6988 ]
522:(26,2,13,5,44,45,1) [ 47260.6532 ]
523:(26,2,14,6,43,44,1) [ 46210.7722 ]
524:(25,2,15,6,43,44,1) [ 46210.7638 ]
525:(26,2,13,6,43,44,1) [ 46210.696200000006 ]
526:(26,2,14,7,42,43,1) [ 45160.826199999996 ]
527:(25,2,15,7,42,43,1) [ 45160.828799999996 ]
528:(26,2,14,6,42,44,2) [ 92410.6722 ]
529:(25,2,15,6,42,44,2) [ 92410.6638 ]
530:(27,2,13,6,42,44,2) [ 92410.68059999999 ]
531:(27,2,12,6,42,44,2) [ 92410.60459999999 ]
532:(27,2,11,6,42,44,2) [ 92410.52859999999 ]
533:(27,2,12,7,41,43,2) [ 90310.63660000001 ]
534:(26,2,13,7,41,43,2) [ 90310.6392 ]
535:(27,2,11,7,41,43,2) [ 90310.54960000001 ]
536:(27,2,12,8,40,42,2) [ 88210.6686 ]
537:(26,2,13,8,40,42,2) [ 88210.6822 ]
538:(28,2,11,8,40,42,2) [ 88210.655 ]
539:(28,2,10,8,40,42,2) [ 88210.557 ]
540:(28,2,11,9,39,41,2) [ 86110.67599999999 ]
541:(27,2,12,9,39,41,2) [ 86110.7006 ]
542:(28,2,11,9,40,41,1) [ 43060.776 ]
543:(27,2,12,9,40,41,1) [ 43060.8006 ]
544:(28,2,10,9,40,41,1) [ 43060.667 ]
545:(28,2,11,10,39,40,1) [ 42010.797 ]
546:(27,2,12,10,39,40,1) [ 42010.8326 ]
547:(28,2,10,10,39,40,1) [ 42010.677 ]
548:(28,2,11,11,38,39,1) [ 40960.818 ]
549:(27,2,12,11,38,39,1) [ 40960.8646 ]
550:(28,2,12,12,37,38,1) [ 39910.981 ]
551:(27,2,13,12,37,38,1) [ 39911.0386 ]
552:(28,2,11,12,37,38,1) [ 39910.839 ]
553:(29,2,10,12,37,38,1) [ 39910.7814 ]
554:(28,2,9,12,37,38,1) [ 39910.555 ]
555:(28,2,10,13,36,37,1) [ 38860.707 ]
556:(27,2,11,13,36,37,1) [ 38860.7756 ]
557:(28,2,11,14,35,36,1) [ 37810.881 ]
558:(27,2,12,14,35,36,1) [ 37810.9606 ]
559:(29,2,10,14,35,36,1) [ 37810.8014 ]
560:(30,2,9,14,35,36,1) [ 37810.7218 ]
561:(30,2,10,15,34,35,1) [ 36760.8958 ]
562:(29,2,11,15,34,35,1) [ 36760.9864 ]
563:(31,2,9,15,34,35,1) [ 36760.8052 ]
564:(31,2,10,16,33,34,1) [ 35710.9902 ]
565:(30,2,11,16,33,34,1) [ 35711.0918 ]
566:(32,2,9,16,33,34,1) [ 35710.888600000006 ]
567:(32,2,8,16,33,34,1) [ 35710.702600000004 ]
568:(32,2,7,16,33,34,1) [ 35710.5166 ]
569:(32,2,8,17,32,33,1) [ 34660.690599999994 ]
570:(31,2,9,17,32,33,1) [ 34660.803199999995 ]
571:(32,2,7,17,32,33,1) [ 34660.493599999994 ]
572:(33,2,6,17,32,33,1) [ 34660.380999999994 ]
573:(33,2,7,18,31,32,1) [ 33610.555 ]
574:(32,2,8,18,31,32,1) [ 33610.6786 ]
575:(33,2,6,18,31,32,1) [ 33610.347 ]
576:(33,2,7,19,30,31,1) [ 32560.532 ]
577:(32,2,8,19,30,31,1) [ 32560.6666 ]
578:(33,2,8,20,29,30,1) [ 31510.739 ]
579:(32,2,9,20,29,30,1) [ 31510.8846 ]
580:(33,2,7,20,29,30,1) [ 31510.509000000002 ]
581:(33,2,6,20,29,30,1) [ 31510.279000000002 ]
582:(33,2,7,21,28,29,1) [ 30460.486 ]
583:(32,2,8,21,28,29,1) [ 30460.6426 ]
584:(33,2,6,21,28,29,1) [ 30460.245 ]
585:(32,2,8,22,27,28,1) [ 29410.6306 ]
586:(31,2,9,22,27,28,1) [ 29410.7982 ]
587:(33,2,7,22,27,28,1) [ 29410.463 ]
588:(34,2,6,22,27,28,1) [ 29410.2954 ]
589:(35,2,5,22,27,28,1) [ 29410.127800000002 ]
590:(36,2,4,22,27,28,1) [ 29409.9602 ]
591:(36,2,5,23,26,27,1) [ 28360.1672 ]
592:(35,2,6,23,26,27,1) [ 28360.3458 ]
593:(36,2,6,24,25,26,1) [ 27310.3962 ]
594:(35,2,7,24,25,26,1) [ 27310.5858 ]
595:(36,2,7,25,24,25,1) [ 26260.647200000003 ]
596:(35,2,8,25,24,25,1) [ 26260.847800000003 ]
597:(37,2,6,25,24,25,1) [ 26260.446600000003 ]
598:(37,2,6,24,24,26,2) [ 54610.380600000004 ]
599:(36,2,7,24,24,26,2) [ 54610.5702 ]
600:(37,2,5,24,24,26,2) [ 54610.1066 ]
601:(37,2,6,25,23,25,2) [ 52510.346600000004 ]
602:(36,2,7,25,23,25,2) [ 52510.5472 ]
603:(37,2,5,25,23,25,2) [ 52510.0616 ]
604:(38,2,4,25,23,25,2) [ 52509.861000000004 ]
605:(38,2,3,25,23,25,2) [ 52509.576 ]
606:(38,2,2,25,23,25,2) [ 52509.291000000005 ]
607:(38,2,2,25,24,25,1) [ 26259.391000000003 ]
608:(37,2,3,25,24,25,1) [ 26259.5916 ]
609:(38,2,3,26,23,24,1) [ 25209.609 ]
610:(37,2,4,26,23,24,1) [ 25209.8206 ]
611:(39,2,2,26,23,24,1) [ 25209.397399999998 ]
612:(39,2,3,27,22,23,1) [ 24159.6264 ]
613:(38,2,4,27,22,23,1) [ 24159.849000000002 ]
614:(39,2,2,27,22,23,1) [ 24159.3194 ]
615:(39,2,1,27,22,23,1) [ 24159.0124 ]
616:(39,2,2,28,21,22,1) [ 23109.2414 ]
617:(38,2,3,28,21,22,1) [ 23109.475 ]
618:(39,2,3,29,20,21,1) [ 22059.4924 ]
619:(38,2,4,29,20,21,1) [ 22059.737 ]
620:(40,2,2,29,20,21,1) [ 22059.2478 ]
621:(40,2,3,30,19,20,1) [ 21009.5098 ]
622:(39,2,4,30,19,20,1) [ 21009.7654 ]
623:(39,2,5,31,18,19,1) [ 19960.0604 ]
624:(42,2,3,31,18,19,1) [ 19959.6116 ]
625:(41,2,4,31,18,19,1) [ 19959.8782 ]
626:(42,2,4,32,17,18,1) [ 18909.906600000002 ]
627:(41,2,5,32,17,18,1) [ 18910.1842 ]
628:(42,2,3,32,17,18,1) [ 18909.5446 ]
629:(42,2,4,33,16,17,1) [ 17859.850599999998 ]
630:(41,2,5,33,16,17,1) [ 17860.139199999998 ]
631:(42,2,5,34,15,16,1) [ 16810.1786 ]
632:(41,2,6,34,15,16,1) [ 16810.4782 ]
633:(42,2,4,34,15,16,1) [ 16809.7946 ]
634:(43,2,3,34,15,16,1) [ 16809.495 ]
635:(42,2,2,34,15,16,1) [ 16809.0266 ]
636:(42,2,1,34,15,16,1) [ 16808.6426 ]
637:(42,2,0,34,15,16,1) [ 16808.2586 ]
638:(42,2,1,35,14,15,1) [ 15758.5536 ]
639:(41,2,2,35,14,15,1) [ 15758.8642 ]
640:(43,2,0,35,14,15,1) [ 15758.243 ]
641:(43,2,1,36,13,14,1) [ 14708.548999999999 ]
642:(42,2,2,36,13,14,1) [ 14708.870599999998 ]
643:(44,2,0,36,13,14,1) [ 14708.2274 ]
644:(44,2,1,37,12,13,1) [ 13658.5444 ]
645:(43,2,2,37,12,13,1) [ 13658.877 ]
646:(44,2,2,38,11,12,1) [ 12608.8834 ]
647:(43,2,3,38,11,12,1) [ 12609.227 ]
648:(45,2,1,38,11,12,1) [ 12608.5398 ]
649:(45,2,2,39,10,11,1) [ 11558.8898 ]
650:(44,2,3,39,10,11,1) [ 11559.2444 ]
651:(45,2,1,39,10,11,1) [ 11558.4508 ]
652:(45,2,2,40,9,10,1) [ 10508.8118 ]
653:(44,2,3,40,9,10,1) [ 10509.1774 ]
654:(46,2,1,40,9,10,1) [ 10508.4462 ]
655:(46,2,0,40,9,10,1) [ 10507.9962 ]
656:(46,2,1,41,8,9,1) [ 9458.357199999999 ]
657:(45,2,2,41,8,9,1) [ 9458.7338 ]
658:(47,2,0,41,8,9,1) [ 9457.980599999999 ]
659:(47,2,1,42,7,8,1) [ 8408.3526 ]
660:(46,2,2,42,7,8,1) [ 8408.7402 ]
661:(48,2,0,42,7,8,1) [ 8407.965 ]
662:(48,2,1,43,6,7,1) [ 7358.348 ]
663:(47,2,2,43,6,7,1) [ 7358.7466 ]
664:(48,2,2,44,5,6,1) [ 6308.753 ]
665:(47,2,3,44,5,6,1) [ 6309.1626 ]
666:(48,2,3,45,4,5,1) [ 5259.179999999999 ]
667:(47,2,4,45,4,5,1) [ 5259.6006 ]
668:(49,2,2,45,4,5,1) [ 5258.7594 ]
669:(49,2,3,46,3,4,1) [ 4209.1974 ]
670:(48,2,4,46,3,4,1) [ 4209.629 ]
671:(49,2,2,46,3,4,1) [ 4208.6814 ]
672:(50,2,1,46,3,4,1) [ 4208.2498000000005 ]
673:(51,2,0,46,3,4,1) [ 4207.818200000001 ]
674:(51,2,1,47,2,3,1) [ 3158.2452 ]
675:(50,2,2,47,2,3,1) [ 3158.6877999999997 ]
676:(51,2,2,48,1,2,1) [ 2108.6942 ]
677:(50,2,3,48,1,2,1) [ 2109.1477999999997 ]
678:(51,2,1,48,1,2,1) [ 2108.1562 ]
679:(50,2,3,49,0,1,1) [ 1059.0808 ]
680:(49,2,4,49,0,1,1) [ 1059.5454 ]
681:(50,2,2,49,0,1,1) [ 1058.5318 ]
682:(51,2,1,49,0,1,1) [ 1058.0672 ]
683:(51,2,1,49,1,1,0) [ 8.1672 ]
684:(50,2,2,49,1,1,0) [ 8.6318 ]
685:(51,2,0,49,1,1,0) [ 7.618200000000001 ]
686:(51,2,1,50,0,0,0) [ 8.0782 ]
687:(50,2,2,50,0,0,0) [ 8.553799999999999 ]
688:(52,2,0,50,0,0,0) [ 7.602600000000001 ]
689:(24,2,14,0,49,50,1) [ 52510.2794 TARGET ]
690:(23,2,15,0,49,50,1) [ 52510.205 TARGET ]
691:(24,2,15,1,48,49,1) [ 51460.354400000004 ]
692:(23,2,16,1,48,49,1) [ 51460.291000000005 ]
693:(24,2,16,2,47,48,1) [ 50410.4514 ]
694:(23,2,17,2,47,48,1) [ 50410.399 ]
695:(25,2,15,2,47,48,1) [ 50410.5038 ]
696:(25,2,14,2,47,48,1) [ 50410.4718 ]
697:(25,2,15,3,46,47,1) [ 49360.5688 ]
698:(24,2,16,3,46,47,1) [ 49360.5274 ]
699:(26,2,14,3,46,47,1) [ 49360.610199999996 ]
700:(26,2,13,3,46,47,1) [ 49360.5672 ]
701:(26,2,14,4,45,46,1) [ 48310.6642 ]
702:(25,2,15,4,45,46,1) [ 48310.6338 ]
703:(27,2,13,4,45,46,1) [ 48310.6946 ]
704:(27,2,14,5,44,45,1) [ 47260.8026 ]
705:(26,2,15,5,44,45,1) [ 47260.7832 ]
706:(27,2,13,5,44,45,1) [ 47260.7376 ]
707:(27,2,14,6,43,44,1) [ 46210.85660000001 ]
708:(26,2,15,6,43,44,1) [ 46210.8482 ]
709:(27,2,13,6,43,44,1) [ 46210.780600000006 ]
710:(27,2,14,7,42,43,1) [ 45160.910599999996 ]
711:(26,2,15,7,42,43,1) [ 45160.913199999995 ]
712:(27,2,14,6,42,44,2) [ 92410.7566 ]
713:(26,2,15,6,42,44,2) [ 92410.7482 ]
714:(28,2,13,6,42,44,2) [ 92410.765 ]
715:(28,2,12,6,42,44,2) [ 92410.689 ]
716:(28,2,11,6,42,44,2) [ 92410.613 ]
717:(28,2,12,7,41,43,2) [ 90310.721 ]
718:(27,2,13,7,41,43,2) [ 90310.72360000001 ]
719:(28,2,11,7,41,43,2) [ 90310.634 ]
720:(28,2,12,8,40,42,2) [ 88210.753 ]
721:(27,2,13,8,40,42,2) [ 88210.7666 ]
722:(29,2,11,8,40,42,2) [ 88210.7394 ]
723:(29,2,10,8,40,42,2) [ 88210.6414 ]
724:(29,2,11,9,39,41,2) [ 86110.7604 ]
725:(28,2,12,9,39,41,2) [ 86110.78499999999 ]
726:(29,2,11,9,40,41,1) [ 43060.8604 ]
727:(28,2,12,9,40,41,1) [ 43060.885 ]
728:(29,2,10,9,40,41,1) [ 43060.7514 ]
729:(29,2,11,10,39,40,1) [ 42010.8814 ]
730:(28,2,12,10,39,40,1) [ 42010.917 ]
731:(29,2,10,10,39,40,1) [ 42010.7614 ]
732:(29,2,11,11,38,39,1) [ 40960.902400000006 ]
733:(28,2,12,11,38,39,1) [ 40960.949 ]
734:(29,2,12,12,37,38,1) [ 39911.0654 ]
735:(28,2,13,12,37,38,1) [ 39911.123 ]
736:(29,2,11,12,37,38,1) [ 39910.9234 ]
737:(30,2,10,12,37,38,1) [ 39910.8658 ]
738:(29,2,9,12,37,38,1) [ 39910.6394 ]
739:(29,2,10,13,36,37,1) [ 38860.7914 ]
740:(28,2,11,13,36,37,1) [ 38860.86 ]
741:(29,2,11,14,35,36,1) [ 37810.9654 ]
742:(28,2,12,14,35,36,1) [ 37811.045 ]
743:(30,2,10,14,35,36,1) [ 37810.8858 ]
744:(31,2,9,14,35,36,1) [ 37810.8062 ]
745:(31,2,10,15,34,35,1) [ 36760.9802 ]
746:(30,2,11,15,34,35,1) [ 36761.0708 ]
747:(32,2,9,15,34,35,1) [ 36760.8896 ]
748:(32,2,10,16,33,34,1) [ 35711.0746 ]
749:(31,2,11,16,33,34,1) [ 35711.1762 ]
750:(33,2,9,16,33,34,1) [ 35710.973000000005 ]
751:(33,2,8,16,33,34,1) [ 35710.787000000004 ]
752:(33,2,7,16,33,34,1) [ 35710.601 ]
753:(33,2,8,17,32,33,1) [ 34660.774999999994 ]
754:(32,2,9,17,32,33,1) [ 34660.887599999995 ]
755:(33,2,7,17,32,33,1) [ 34660.577999999994 ]
756:(34,2,6,17,32,33,1) [ 34660.465399999994 ]
757:(34,2,7,18,31,32,1) [ 33610.6394 ]
758:(33,2,8,18,31,32,1) [ 33610.763 ]
759:(34,2,6,18,31,32,1) [ 33610.4314 ]
760:(34,2,7,19,30,31,1) [ 32560.6164 ]
761:(33,2,8,19,30,31,1) [ 32560.751 ]
762:(34,2,8,20,29,30,1) [ 31510.8234 ]
763:(33,2,9,20,29,30,1) [ 31510.969 ]
764:(34,2,7,20,29,30,1) [ 31510.5934 ]
765:(34,2,6,20,29,30,1) [ 31510.363400000002 ]
766:(34,2,7,21,28,29,1) [ 30460.5704 ]
767:(33,2,8,21,28,29,1) [ 30460.727 ]
768:(34,2,6,21,28,29,1) [ 30460.3294 ]
769:(33,2,8,22,27,28,1) [ 29410.715 ]
770:(32,2,9,22,27,28,1) [ 29410.8826 ]
771:(34,2,7,22,27,28,1) [ 29410.5474 ]
772:(35,2,6,22,27,28,1) [ 29410.379800000002 ]
773:(36,2,5,22,27,28,1) [ 29410.2122 ]
774:(37,2,4,22,27,28,1) [ 29410.0446 ]
775:(37,2,5,23,26,27,1) [ 28360.2516 ]
776:(36,2,6,23,26,27,1) [ 28360.4302 ]
777:(37,2,6,24,25,26,1) [ 27310.4806 ]
778:(36,2,7,24,25,26,1) [ 27310.6702 ]
779:(37,2,7,25,24,25,1) [ 26260.731600000003 ]
780:(36,2,8,25,24,25,1) [ 26260.932200000003 ]
781:(38,2,6,25,24,25,1) [ 26260.531000000003 ]
782:(38,2,6,24,24,26,2) [ 54610.465000000004 ]
783:(37,2,7,24,24,26,2) [ 54610.6546 ]
784:(38,2,5,24,24,26,2) [ 54610.191 ]
785:(38,2,6,25,23,25,2) [ 52510.431000000004 ]
786:(37,2,7,25,23,25,2) [ 52510.6316 ]
787:(38,2,5,25,23,25,2) [ 52510.146 ]
788:(39,2,4,25,23,25,2) [ 52509.945400000004 ]
789:(39,2,3,25,23,25,2) [ 52509.6604 ]
790:(39,2,2,25,23,25,2) [ 52509.375400000004 ]
791:(39,2,2,25,24,25,1) [ 26259.475400000003 ]
792:(38,2,3,25,24,25,1) [ 26259.676000000003 ]
793:(39,2,3,26,23,24,1) [ 25209.6934 ]
794:(38,2,4,26,23,24,1) [ 25209.905 ]
795:(40,2,2,26,23,24,1) [ 25209.481799999998 ]
796:(40,2,3,27,22,23,1) [ 24159.7108 ]
797:(39,2,4,27,22,23,1) [ 24159.9334 ]
798:(40,2,2,27,22,23,1) [ 24159.4038 ]
799:(40,2,1,27,22,23,1) [ 24159.0968 ]
800:(40,2,2,28,21,22,1) [ 23109.3258 ]
801:(39,2,3,28,21,22,1) [ 23109.5594 ]
802:(40,2,3,29,20,21,1) [ 22059.5768 ]
803:(39,2,4,29,20,21,1) [ 22059.8214 ]
804:(41,2,2,29,20,21,1) [ 22059.3322 ]
805:(41,2,3,30,19,20,1) [ 21009.594200000003 ]
806:(40,2,4,30,19,20,1) [ 21009.8498 ]
807:(40,2,5,31,18,19,1) [ 19960.1448 ]
808:(43,2,3,31,18,19,1) [ 19959.696 ]
809:(42,2,4,31,18,19,1) [ 19959.9626 ]
810:(43,2,4,32,17,18,1) [ 18909.991 ]
811:(42,2,5,32,17,18,1) [ 18910.2686 ]
812:(43,2,3,32,17,18,1) [ 18909.629 ]
813:(43,2,4,33,16,17,1) [ 17859.934999999998 ]
814:(42,2,5,33,16,17,1) [ 17860.223599999998 ]
815:(43,2,5,34,15,16,1) [ 16810.263 ]
816:(42,2,6,34,15,16,1) [ 16810.5626 ]
817:(43,2,4,34,15,16,1) [ 16809.879 ]
818:(44,2,3,34,15,16,1) [ 16809.5794 ]
819:(43,2,2,34,15,16,1) [ 16809.111 ]
820:(43,2,1,34,15,16,1) [ 16808.727 ]
821:(43,2,0,34,15,16,1) [ 16808.343 ]
822:(43,2,1,35,14,15,1) [ 15758.637999999999 ]
823:(42,2,2,35,14,15,1) [ 15758.9486 ]
824:(44,2,0,35,14,15,1) [ 15758.3274 ]
825:(44,2,1,36,13,14,1) [ 14708.633399999999 ]
826:(43,2,2,36,13,14,1) [ 14708.955 ]
827:(45,2,0,36,13,14,1) [ 14708.3118 ]
828:(45,2,1,37,12,13,1) [ 13658.6288 ]
829:(44,2,2,37,12,13,1) [ 13658.9614 ]
830:(45,2,2,38,11,12,1) [ 12608.9678 ]
831:(44,2,3,38,11,12,1) [ 12609.3114 ]
832:(46,2,1,38,11,12,1) [ 12608.6242 ]
833:(46,2,2,39,10,11,1) [ 11558.9742 ]
834:(45,2,3,39,10,11,1) [ 11559.3288 ]
835:(46,2,1,39,10,11,1) [ 11558.5352 ]
836:(46,2,2,40,9,10,1) [ 10508.8962 ]
837:(45,2,3,40,9,10,1) [ 10509.2618 ]
838:(47,2,1,40,9,10,1) [ 10508.5306 ]
839:(47,2,0,40,9,10,1) [ 10508.0806 ]
840:(47,2,1,41,8,9,1) [ 9458.4416 ]
841:(46,2,2,41,8,9,1) [ 9458.8182 ]
842:(48,2,0,41,8,9,1) [ 9458.064999999999 ]
843:(48,2,1,42,7,8,1) [ 8408.437 ]
844:(47,2,2,42,7,8,1) [ 8408.8246 ]
845:(49,2,0,42,7,8,1) [ 8408.0494 ]
846:(49,2,1,43,6,7,1) [ 7358.432400000001 ]
847:(48,2,2,43,6,7,1) [ 7358.831 ]
848:(49,2,2,44,5,6,1) [ 6308.8374 ]
849:(48,2,3,44,5,6,1) [ 6309.247 ]
850:(49,2,3,45,4,5,1) [ 5259.2644 ]
851:(48,2,4,45,4,5,1) [ 5259.6849999999995 ]
852:(50,2,2,45,4,5,1) [ 5258.8438 ]
853:(50,2,3,46,3,4,1) [ 4209.2818 ]
854:(49,2,4,46,3,4,1) [ 4209.713400000001 ]
855:(50,2,2,46,3,4,1) [ 4208.7658 ]
856:(51,2,1,46,3,4,1) [ 4208.3342 ]
857:(52,2,0,46,3,4,1) [ 4207.9026 ]
858:(52,2,1,47,2,3,1) [ 3158.3296 ]
859:(51,2,2,47,2,3,1) [ 3158.7722 ]
860:(52,2,2,48,1,2,1) [ 2108.7786 ]
861:(51,2,3,48,1,2,1) [ 2109.2322 ]
862:(52,2,1,48,1,2,1) [ 2108.2406 ]
863:(51,2,3,49,0,1,1) [ 1059.1652 ]
864:(50,2,4,49,0,1,1) [ 1059.6298 ]
865:(51,2,2,49,0,1,1) [ 1058.6162 ]
866:(52,2,1,49,0,1,1) [ 1058.1516 ]
867:(52,2,1,49,1,1,0) [ 8.2516 ]
868:(51,2,2,49,1,1,0) [ 8.716199999999999 ]
869:(52,2,0,49,1,1,0) [ 7.7026 ]
870:(52,2,1,50,0,0,0) [ 8.162600000000001 ]
871:(51,2,2,50,0,0,0) [ 8.638200000000001 ]
872:(53,2,0,50,0,0,0) [ 7.687 ]
873:(20,2,16,0,49,50,1) [ 52509.961800000005 TARGET ]
874:(21,2,16,0,49,50,1) [ 52510.046200000004 TARGET ]
875:(20,2,17,1,48,49,1) [ 51460.058800000006 ]
876:(21,2,17,1,48,49,1) [ 51460.143200000006 ]
877:(20,2,18,2,47,48,1) [ 50410.1778 ]
878:(21,2,18,2,47,48,1) [ 50410.2622 ]
879:(21,2,17,3,46,47,1) [ 49360.3172 ]
880:(22,2,17,3,46,47,1) [ 49360.4016 ]
881:(22,2,16,4,45,46,1) [ 48310.4346 ]
882:(23,2,16,4,45,46,1) [ 48310.519 ]
883:(23,2,16,5,44,45,1) [ 47260.595 ]
884:(24,2,16,5,44,45,1) [ 47260.6794 ]
885:(23,2,16,6,43,44,1) [ 46210.671 ]
886:(24,2,16,6,43,44,1) [ 46210.7554 ]
887:(23,2,16,7,42,43,1) [ 45160.746999999996 ]
888:(24,2,16,7,42,43,1) [ 45160.831399999995 ]
889:(23,2,16,6,42,44,2) [ 92410.571 ]
890:(24,2,16,6,42,44,2) [ 92410.6554 ]
891:(24,2,14,7,41,43,2) [ 90310.5574 ]
892:(25,2,14,7,41,43,2) [ 90310.64180000001 ]
893:(24,2,14,8,40,42,2) [ 88210.6114 ]
894:(25,2,14,8,40,42,2) [ 88210.6958 ]
895:(25,2,13,9,39,41,2) [ 86110.6408 ]
896:(26,2,13,9,39,41,2) [ 86110.7252 ]
897:(25,2,13,9,40,41,1) [ 43060.7408 ]
898:(26,2,13,9,40,41,1) [ 43060.8252 ]
899:(25,2,13,10,39,40,1) [ 42010.783800000005 ]
900:(26,2,13,10,39,40,1) [ 42010.868200000004 ]
901:(25,2,13,11,38,39,1) [ 40960.8268 ]
902:(26,2,13,11,38,39,1) [ 40960.9112 ]
903:(25,2,14,12,37,38,1) [ 39911.0118 ]
904:(26,2,14,12,37,38,1) [ 39911.0962 ]
905:(25,2,12,13,36,37,1) [ 38860.7598 ]
906:(26,2,12,13,36,37,1) [ 38860.8442 ]
907:(25,2,13,14,35,36,1) [ 37810.9558 ]
908:(26,2,13,14,35,36,1) [ 37811.0402 ]
909:(27,2,12,15,34,35,1) [ 36760.992600000005 ]
910:(28,2,12,15,34,35,1) [ 36761.077000000005 ]
911:(28,2,12,16,33,34,1) [ 35711.109000000004 ]
912:(29,2,12,16,33,34,1) [ 35711.193400000004 ]
913:(29,2,10,17,32,33,1) [ 34660.831399999995 ]
914:(30,2,10,17,32,33,1) [ 34660.915799999995 ]
915:(30,2,9,18,31,32,1) [ 33610.7178 ]
916:(31,2,9,18,31,32,1) [ 33610.8022 ]
917:(30,2,9,19,30,31,1) [ 32560.7168 ]
918:(31,2,9,19,30,31,1) [ 32560.8012 ]
919:(30,2,10,20,29,30,1) [ 31510.9458 ]
920:(31,2,10,20,29,30,1) [ 31511.0302 ]
921:(30,2,9,21,28,29,1) [ 30460.714799999998 ]
922:(31,2,9,21,28,29,1) [ 30460.799199999998 ]
923:(29,2,9,21,28,29,1) [ 30460.6304 ]
924:(29,2,10,22,27,28,1) [ 29410.881400000002 ]
925:(30,2,10,22,27,28,1) [ 29410.9658 ]
926:(33,2,7,23,26,27,1) [ 28360.44 ]
927:(34,2,7,23,26,27,1) [ 28360.5244 ]
928:(33,2,8,24,25,26,1) [ 27310.691 ]
929:(34,2,8,24,25,26,1) [ 27310.7754 ]
930:(33,2,9,25,24,25,1) [ 26260.964 ]
931:(34,2,9,25,24,25,1) [ 26261.0484 ]
932:(34,2,8,24,24,26,2) [ 54610.6754 ]
933:(35,2,8,24,24,26,2) [ 54610.7598 ]
934:(34,2,8,25,23,25,2) [ 52510.663400000005 ]
935:(35,2,8,25,23,25,2) [ 52510.747800000005 ]
936:(35,2,4,25,24,25,1) [ 26259.7078 ]
937:(36,2,4,25,24,25,1) [ 26259.7922 ]
938:(35,2,5,26,23,24,1) [ 25209.947799999998 ]
939:(36,2,5,26,23,24,1) [ 25210.032199999998 ]
940:(36,2,5,27,22,23,1) [ 24159.9872 ]
941:(37,2,5,27,22,23,1) [ 24160.0716 ]
942:(36,2,4,28,21,22,1) [ 23109.6242 ]
943:(37,2,4,28,21,22,1) [ 23109.708599999998 ]
944:(36,2,5,29,20,21,1) [ 22059.8972 ]
945:(37,2,5,29,20,21,1) [ 22059.9816 ]
946:(37,2,5,30,19,20,1) [ 21009.9366 ]
947:(38,2,5,30,19,20,1) [ 21010.021 ]
948:(37,2,6,31,18,19,1) [ 19960.242599999998 ]
949:(38,2,6,31,18,19,1) [ 19960.326999999997 ]
950:(39,2,6,32,17,18,1) [ 18910.3774 ]
951:(40,2,6,32,17,18,1) [ 18910.4618 ]
952:(39,2,6,33,16,17,1) [ 17860.343399999998 ]
953:(40,2,6,33,16,17,1) [ 17860.427799999998 ]
954:(39,2,7,34,15,16,1) [ 16810.6934 ]
955:(40,2,7,34,15,16,1) [ 16810.7778 ]
956:(39,2,3,35,14,15,1) [ 15759.0904 ]
957:(40,2,3,35,14,15,1) [ 15759.174799999999 ]
958:(40,2,3,36,13,14,1) [ 14709.1078 ]
959:(41,2,3,36,13,14,1) [ 14709.1922 ]
960:(41,2,3,37,12,13,1) [ 13659.1252 ]
961:(42,2,3,37,12,13,1) [ 13659.2096 ]
962:(41,2,4,38,11,12,1) [ 12609.486200000001 ]
963:(42,2,4,38,11,12,1) [ 12609.570600000001 ]
964:(42,2,4,39,10,11,1) [ 11559.5146 ]
965:(43,2,4,39,10,11,1) [ 11559.599 ]
966:(42,2,4,40,9,10,1) [ 10509.4586 ]
967:(43,2,4,40,9,10,1) [ 10509.543 ]
968:(43,2,3,41,8,9,1) [ 9459.026 ]
969:(44,2,3,41,8,9,1) [ 9459.1104 ]
970:(44,2,3,42,7,8,1) [ 8409.0434 ]
971:(45,2,3,42,7,8,1) [ 8409.1278 ]
972:(45,2,3,43,6,7,1) [ 7359.0608 ]
973:(46,2,3,43,6,7,1) [ 7359.1452 ]
974:(45,2,4,44,5,6,1) [ 6309.4878 ]
975:(46,2,4,44,5,6,1) [ 6309.5722 ]
976:(45,2,5,45,4,5,1) [ 5259.9367999999995 ]
977:(46,2,5,45,4,5,1) [ 5260.021199999999 ]
978:(46,2,5,46,3,4,1) [ 4209.9762 ]
979:(47,2,5,46,3,4,1) [ 4210.0606 ]
980:(48,2,3,47,2,3,1) [ 3159.046 ]
981:(49,2,3,47,2,3,1) [ 3159.1304 ]
982:(48,2,4,48,1,2,1) [ 2109.517 ]
983:(49,2,4,48,1,2,1) [ 2109.6014 ]
984:(47,2,4,48,1,2,1) [ 2109.4326 ]
985:(47,2,5,49,0,1,1) [ 1059.9256 ]
986:(48,2,5,49,0,1,1) [ 1060.01 ]
987:(48,2,3,49,1,1,0) [ 9.011999999999999 ]
988:(49,2,3,49,1,1,0) [ 9.096400000000001 ]
989:(47,2,2,49,1,1,0) [ 8.3786 ]
990:(48,2,3,50,0,0,0) [ 8.945 ]
991:(49,2,3,50,0,0,0) [ 9.0294 ]
992:(22,2,16,0,49,50,1) [ 52510.130600000004 TARGET ]
993:(22,2,17,1,48,49,1) [ 51460.227600000006 ]
994:(22,2,18,2,47,48,1) [ 50410.3466 ]
995:(23,2,17,3,46,47,1) [ 49360.486 ]
996:(24,2,16,4,45,46,1) [ 48310.6034 ]
997:(25,2,16,5,44,45,1) [ 47260.7638 ]
998:(25,2,16,6,43,44,1) [ 46210.8398 ]
999:(25,2,16,7,42,43,1) [ 45160.915799999995 ]
1000:(25,2,16,6,42,44,2) [ 92410.7398 ]
1001:(26,2,14,7,41,43,2) [ 90310.7262 ]
1002:(26,2,14,8,40,42,2) [ 88210.7802 ]
1003:(27,2,13,9,39,41,2) [ 86110.8096 ]
1004:(27,2,13,9,40,41,1) [ 43060.9096 ]
1005:(27,2,13,10,39,40,1) [ 42010.952600000004 ]
1006:(27,2,13,11,38,39,1) [ 40960.9956 ]
1007:(27,2,14,12,37,38,1) [ 39911.1806 ]
1008:(27,2,12,13,36,37,1) [ 38860.9286 ]
1009:(27,2,13,14,35,36,1) [ 37811.1246 ]
1010:(29,2,12,15,34,35,1) [ 36761.161400000005 ]
1011:(30,2,12,16,33,34,1) [ 35711.2778 ]
1012:(31,2,10,17,32,33,1) [ 34661.000199999995 ]
1013:(32,2,9,18,31,32,1) [ 33610.8866 ]
1014:(32,2,9,19,30,31,1) [ 32560.8856 ]
1015:(32,2,10,20,29,30,1) [ 31511.1146 ]
1016:(32,2,9,21,28,29,1) [ 30460.8836 ]
1017:(31,2,10,22,27,28,1) [ 29411.0502 ]
1018:(35,2,7,23,26,27,1) [ 28360.608799999998 ]
1019:(35,2,8,24,25,26,1) [ 27310.8598 ]
1020:(35,2,9,25,24,25,1) [ 26261.132800000003 ]
1021:(36,2,8,24,24,26,2) [ 54610.8442 ]
1022:(36,2,8,25,23,25,2) [ 52510.832200000004 ]
1023:(37,2,4,25,24,25,1) [ 26259.876600000003 ]
1024:(37,2,5,26,23,24,1) [ 25210.116599999998 ]
1025:(38,2,5,27,22,23,1) [ 24160.156 ]
1026:(38,2,4,28,21,22,1) [ 23109.792999999998 ]
1027:(38,2,5,29,20,21,1) [ 22060.066 ]
1028:(39,2,5,30,19,20,1) [ 21010.1054 ]
1029:(39,2,6,31,18,19,1) [ 19960.4114 ]
1030:(41,2,5,31,18,19,1) [ 19960.229199999998 ]
1031:(41,2,6,32,17,18,1) [ 18910.5462 ]
1032:(41,2,6,33,16,17,1) [ 17860.512199999997 ]
1033:(41,2,7,34,15,16,1) [ 16810.8622 ]
1034:(41,2,3,35,14,15,1) [ 15759.2592 ]
1035:(42,2,3,36,13,14,1) [ 14709.2766 ]
1036:(43,2,3,37,12,13,1) [ 13659.294 ]
1037:(43,2,4,38,11,12,1) [ 12609.655 ]
1038:(44,2,4,39,10,11,1) [ 11559.6834 ]
1039:(44,2,4,40,9,10,1) [ 10509.6274 ]
1040:(45,2,3,41,8,9,1) [ 9459.1948 ]
1041:(46,2,3,42,7,8,1) [ 8409.2122 ]
1042:(47,2,3,43,6,7,1) [ 7359.229600000001 ]
1043:(47,2,4,44,5,6,1) [ 6309.6566 ]
1044:(47,2,5,45,4,5,1) [ 5260.1056 ]
1045:(48,2,5,46,3,4,1) [ 4210.145 ]
1046:(50,2,3,47,2,3,1) [ 3159.2147999999997 ]
1047:(50,2,4,48,1,2,1) [ 2109.6857999999997 ]
1048:(49,2,5,49,0,1,1) [ 1060.0944 ]
1049:(50,2,3,49,1,1,0) [ 9.1808 ]
1050:(50,2,3,50,0,0,0) [ 9.113800000000001 ]
1051:(19,2,14,0,49,50,1) [ 52509.8574 TARGET ]
1052:(19,2,15,0,49,50,1) [ 52509.8674 TARGET ]
1053:(19,2,15,1,48,49,1) [ 51459.932400000005 ]
1054:(19,2,16,1,48,49,1) [ 51459.953400000006 ]
1055:(19,2,16,2,47,48,1) [ 50410.0294 ]
1056:(19,2,17,2,47,48,1) [ 50410.0614 ]
1057:(20,2,15,2,47,48,1) [ 50410.0818 ]
1058:(20,2,14,2,47,48,1) [ 50410.0498 ]
1059:(20,2,15,3,46,47,1) [ 49360.146799999995 ]
1060:(20,2,16,3,46,47,1) [ 49360.1898 ]
1061:(21,2,14,3,46,47,1) [ 49360.1882 ]
1062:(21,2,13,3,46,47,1) [ 49360.1452 ]
1063:(21,2,14,4,45,46,1) [ 48310.2422 ]
1064:(21,2,15,4,45,46,1) [ 48310.2962 ]
1065:(22,2,13,4,45,46,1) [ 48310.2726 ]
1066:(22,2,14,5,44,45,1) [ 47260.380600000004 ]
1067:(22,2,15,5,44,45,1) [ 47260.4456 ]
1068:(22,2,13,5,44,45,1) [ 47260.3156 ]
1069:(22,2,14,6,43,44,1) [ 46210.4346 ]
1070:(22,2,15,6,43,44,1) [ 46210.5106 ]
1071:(22,2,13,6,43,44,1) [ 46210.3586 ]
1072:(22,2,14,7,42,43,1) [ 45160.4886 ]
1073:(22,2,15,7,42,43,1) [ 45160.5756 ]
1074:(22,2,14,6,42,44,2) [ 92410.3346 ]
1075:(22,2,15,6,42,44,2) [ 92410.4106 ]
1076:(23,2,13,6,42,44,2) [ 92410.343 ]
1077:(23,2,12,6,42,44,2) [ 92410.26699999999 ]
1078:(23,2,11,6,42,44,2) [ 92410.19099999999 ]
1079:(23,2,12,7,41,43,2) [ 90310.299 ]
1080:(23,2,13,7,41,43,2) [ 90310.386 ]
1081:(23,2,11,7,41,43,2) [ 90310.212 ]
1082:(23,2,12,8,40,42,2) [ 88210.331 ]
1083:(23,2,13,8,40,42,2) [ 88210.429 ]
1084:(24,2,11,8,40,42,2) [ 88210.3174 ]
1085:(24,2,10,8,40,42,2) [ 88210.2194 ]
1086:(24,2,11,9,39,41,2) [ 86110.3384 ]
1087:(24,2,12,9,39,41,2) [ 86110.44739999999 ]
1088:(24,2,11,9,40,41,1) [ 43060.4384 ]
1089:(24,2,12,9,40,41,1) [ 43060.5474 ]
1090:(24,2,10,9,40,41,1) [ 43060.3294 ]
1091:(24,2,11,10,39,40,1) [ 42010.4594 ]
1092:(24,2,12,10,39,40,1) [ 42010.5794 ]
1093:(24,2,10,10,39,40,1) [ 42010.339400000004 ]
1094:(24,2,11,11,38,39,1) [ 40960.4804 ]
1095:(24,2,12,11,38,39,1) [ 40960.6114 ]
1096:(24,2,12,12,37,38,1) [ 39910.64339999999 ]
1097:(24,2,13,12,37,38,1) [ 39910.7854 ]
1098:(24,2,11,12,37,38,1) [ 39910.501399999994 ]
1099:(24,2,10,12,37,38,1) [ 39910.359399999994 ]
1100:(24,2,9,12,37,38,1) [ 39910.217399999994 ]
1101:(24,2,10,13,36,37,1) [ 38860.369399999996 ]
1102:(24,2,11,13,36,37,1) [ 38860.5224 ]
1103:(24,2,11,14,35,36,1) [ 37810.5434 ]
1104:(24,2,12,14,35,36,1) [ 37810.7074 ]
1105:(25,2,10,14,35,36,1) [ 37810.4638 ]
1106:(25,2,9,14,35,36,1) [ 37810.2998 ]
1107:(26,2,10,15,34,35,1) [ 36760.5582 ]
1108:(26,2,11,15,34,35,1) [ 36760.7332 ]
1109:(27,2,9,15,34,35,1) [ 36760.4676 ]
1110:(27,2,10,16,33,34,1) [ 35710.6526 ]
1111:(27,2,11,16,33,34,1) [ 35710.8386 ]
1112:(28,2,9,16,33,34,1) [ 35710.551 ]
1113:(28,2,8,16,33,34,1) [ 35710.365000000005 ]
1114:(28,2,7,16,33,34,1) [ 35710.179000000004 ]
1115:(28,2,8,17,32,33,1) [ 34660.352999999996 ]
1116:(28,2,9,17,32,33,1) [ 34660.549999999996 ]
1117:(28,2,7,17,32,33,1) [ 34660.155999999995 ]
1118:(29,2,6,17,32,33,1) [ 34660.043399999995 ]
1119:(29,2,7,18,31,32,1) [ 33610.2174 ]
1120:(29,2,8,18,31,32,1) [ 33610.4254 ]
1121:(29,2,6,18,31,32,1) [ 33610.009399999995 ]
1122:(29,2,7,19,30,31,1) [ 32560.1944 ]
1123:(29,2,8,19,30,31,1) [ 32560.4134 ]
1124:(29,2,8,20,29,30,1) [ 31510.401400000002 ]
1125:(29,2,9,20,29,30,1) [ 31510.631400000002 ]
1126:(29,2,7,20,29,30,1) [ 31510.171400000003 ]
1127:(29,2,6,20,29,30,1) [ 31509.9414 ]
1128:(29,2,6,21,28,29,1) [ 30459.9074 ]
1129:(28,2,7,21,28,29,1) [ 30460.064 ]
1130:(28,2,8,21,28,29,1) [ 30460.305 ]
1131:(28,2,8,22,27,28,1) [ 29410.293 ]
1132:(28,2,9,22,27,28,1) [ 29410.545000000002 ]
1133:(29,2,7,22,27,28,1) [ 29410.1254 ]
1134:(30,2,6,22,27,28,1) [ 29409.9578 ]
1135:(31,2,5,22,27,28,1) [ 29409.7902 ]
1136:(32,2,4,22,27,28,1) [ 29409.622600000002 ]
1137:(32,2,5,23,26,27,1) [ 28359.829599999997 ]
1138:(32,2,6,23,26,27,1) [ 28360.0926 ]
1139:(32,2,6,24,25,26,1) [ 27310.0586 ]
1140:(32,2,7,24,25,26,1) [ 27310.3326 ]
1141:(32,2,7,25,24,25,1) [ 26260.3096 ]
1142:(32,2,8,25,24,25,1) [ 26260.5946 ]
1143:(33,2,6,25,24,25,1) [ 26260.109 ]
1144:(33,2,6,24,24,26,2) [ 54610.043 ]
1145:(33,2,7,24,24,26,2) [ 54610.317 ]
1146:(33,2,5,24,24,26,2) [ 54609.769 ]
1147:(33,2,6,25,23,25,2) [ 52510.009000000005 ]
1148:(33,2,7,25,23,25,2) [ 52510.294 ]
1149:(33,2,5,25,23,25,2) [ 52509.724 ]
1150:(34,2,4,25,23,25,2) [ 52509.523400000005 ]
1151:(34,2,3,25,23,25,2) [ 52509.2384 ]
1152:(34,2,2,25,23,25,2) [ 52508.953400000006 ]
1153:(34,2,2,25,24,25,1) [ 26259.0534 ]
1154:(34,2,3,25,24,25,1) [ 26259.3384 ]
1155:(34,2,3,26,23,24,1) [ 25209.271399999998 ]
1156:(34,2,4,26,23,24,1) [ 25209.5674 ]
1157:(35,2,2,26,23,24,1) [ 25209.0598 ]
1158:(35,2,3,27,22,23,1) [ 24159.288800000002 ]
1159:(35,2,4,27,22,23,1) [ 24159.5958 ]
1160:(35,2,2,27,22,23,1) [ 24158.9818 ]
1161:(35,2,1,27,22,23,1) [ 24158.6748 ]
1162:(35,2,2,28,21,22,1) [ 23108.9038 ]
1163:(35,2,3,28,21,22,1) [ 23109.2218 ]
1164:(35,2,3,29,20,21,1) [ 22059.1548 ]
1165:(35,2,4,29,20,21,1) [ 22059.4838 ]
1166:(36,2,2,29,20,21,1) [ 22058.9102 ]
1167:(36,2,3,30,19,20,1) [ 21009.1722 ]
1168:(36,2,4,30,19,20,1) [ 21009.5122 ]
1169:(36,2,4,31,18,19,1) [ 19959.4562 ]
1170:(36,2,5,31,18,19,1) [ 19959.8072 ]
1171:(37,2,3,31,18,19,1) [ 19959.189599999998 ]
1172:(38,2,4,32,17,18,1) [ 18909.569 ]
1173:(38,2,5,32,17,18,1) [ 18909.931 ]
1174:(38,2,3,32,17,18,1) [ 18909.207000000002 ]
1175:(38,2,4,33,16,17,1) [ 17859.513 ]
1176:(38,2,5,33,16,17,1) [ 17859.886 ]
1177:(38,2,5,34,15,16,1) [ 16809.841 ]
1178:(38,2,6,34,15,16,1) [ 16810.225 ]
1179:(38,2,4,34,15,16,1) [ 16809.457 ]
1180:(38,2,3,34,15,16,1) [ 16809.073 ]
1181:(38,2,2,34,15,16,1) [ 16808.689 ]
1182:(38,2,1,34,15,16,1) [ 16808.305 ]
1183:(38,2,0,34,15,16,1) [ 16807.921 ]
1184:(38,2,1,35,14,15,1) [ 15758.216 ]
1185:(38,2,2,35,14,15,1) [ 15758.610999999999 ]
1186:(39,2,0,35,14,15,1) [ 15757.9054 ]
1187:(39,2,1,36,13,14,1) [ 14708.2114 ]
1188:(39,2,2,36,13,14,1) [ 14708.6174 ]
1189:(40,2,0,36,13,14,1) [ 14707.889799999999 ]
1190:(40,2,1,37,12,13,1) [ 13658.2068 ]
1191:(40,2,2,37,12,13,1) [ 13658.623800000001 ]
1192:(40,2,2,38,11,12,1) [ 12608.5458 ]
1193:(40,2,3,38,11,12,1) [ 12608.9738 ]
1194:(41,2,1,38,11,12,1) [ 12608.2022 ]
1195:(41,2,2,39,10,11,1) [ 11558.5522 ]
1196:(41,2,3,39,10,11,1) [ 11558.9912 ]
1197:(41,2,1,39,10,11,1) [ 11558.1132 ]
1198:(41,2,2,40,9,10,1) [ 10508.474199999999 ]
1199:(41,2,3,40,9,10,1) [ 10508.9242 ]
1200:(42,2,1,40,9,10,1) [ 10508.1086 ]
1201:(42,2,0,40,9,10,1) [ 10507.658599999999 ]
1202:(42,2,1,41,8,9,1) [ 9458.0196 ]
1203:(42,2,2,41,8,9,1) [ 9458.480599999999 ]
1204:(43,2,0,41,8,9,1) [ 9457.643 ]
1205:(43,2,1,42,7,8,1) [ 8408.015000000001 ]
1206:(43,2,2,42,7,8,1) [ 8408.487000000001 ]
1207:(44,2,0,42,7,8,1) [ 8407.627400000001 ]
1208:(44,2,1,43,6,7,1) [ 7358.0104 ]
1209:(44,2,2,43,6,7,1) [ 7358.4934 ]
1210:(44,2,2,44,5,6,1) [ 6308.4154 ]
1211:(44,2,3,44,5,6,1) [ 6308.9094 ]
1212:(44,2,3,45,4,5,1) [ 5258.8423999999995 ]
1213:(44,2,4,45,4,5,1) [ 5259.3474 ]
1214:(45,2,2,45,4,5,1) [ 5258.4218 ]
1215:(45,2,3,46,3,4,1) [ 4208.8598 ]
1216:(45,2,4,46,3,4,1) [ 4209.3758 ]
1217:(45,2,2,46,3,4,1) [ 4208.343800000001 ]
1218:(46,2,1,46,3,4,1) [ 4207.9122 ]
1219:(47,2,0,46,3,4,1) [ 4207.4806 ]
1220:(47,2,1,47,2,3,1) [ 3157.9076 ]
1221:(47,2,2,47,2,3,1) [ 3158.4345999999996 ]
1222:(47,2,1,48,1,2,1) [ 2107.8186 ]
1223:(46,2,2,48,1,2,1) [ 2108.2722 ]
1224:(46,2,3,48,1,2,1) [ 2108.8102 ]
1225:(46,2,3,49,0,1,1) [ 1058.7432 ]
1226:(46,2,4,49,0,1,1) [ 1059.2922 ]
1227:(46,2,2,49,0,1,1) [ 1058.1942 ]
1228:(47,2,1,49,0,1,1) [ 1057.7296 ]
1229:(46,2,0,49,1,1,0) [ 7.1962 ]
1230:(46,2,1,49,1,1,0) [ 7.7452 ]
1231:(47,2,1,50,0,0,0) [ 7.740600000000001 ]
1232:(47,2,2,50,0,0,0) [ 8.3006 ]
1233:(48,2,0,50,0,0,0) [ 7.265 ]
1234:(18,2,14,0,49,50,1) [ 52509.773 ]
1235:(18,2,15,0,49,50,1) [ 52509.783 ]
1236:(18,2,15,1,48,49,1) [ 51459.848000000005 ]
1237:(18,2,16,1,48,49,1) [ 51459.869000000006 ]
1238:(18,2,16,2,47,48,1) [ 50409.945 ]
1239:(18,2,17,2,47,48,1) [ 50409.977 ]
1240:(19,2,15,2,47,48,1) [ 50409.9974 ]
1241:(19,2,14,2,47,48,1) [ 50409.965399999994 ]
1242:(19,2,15,3,46,47,1) [ 49360.062399999995 ]
1243:(19,2,16,3,46,47,1) [ 49360.1054 ]
1244:(20,2,14,3,46,47,1) [ 49360.1038 ]
1245:(20,2,13,3,46,47,1) [ 49360.0608 ]
1246:(20,2,14,4,45,46,1) [ 48310.1578 ]
1247:(20,2,15,4,45,46,1) [ 48310.2118 ]
1248:(21,2,13,4,45,46,1) [ 48310.1882 ]
1249:(21,2,14,5,44,45,1) [ 47260.296200000004 ]
1250:(21,2,15,5,44,45,1) [ 47260.3612 ]
1251:(21,2,13,5,44,45,1) [ 47260.2312 ]
1252:(21,2,14,6,43,44,1) [ 46210.3502 ]
1253:(21,2,15,6,43,44,1) [ 46210.4262 ]
1254:(21,2,13,6,43,44,1) [ 46210.2742 ]
1255:(21,2,14,7,42,43,1) [ 45160.4042 ]
1256:(21,2,15,7,42,43,1) [ 45160.4912 ]
1257:(21,2,14,6,42,44,2) [ 92410.2502 ]
1258:(21,2,15,6,42,44,2) [ 92410.3262 ]
1259:(22,2,13,6,42,44,2) [ 92410.2586 ]
1260:(22,2,12,6,42,44,2) [ 92410.1826 ]
1261:(22,2,11,6,42,44,2) [ 92410.1066 ]
1262:(22,2,12,7,41,43,2) [ 90310.2146 ]
1263:(22,2,13,7,41,43,2) [ 90310.3016 ]
1264:(22,2,11,7,41,43,2) [ 90310.1276 ]
1265:(22,2,12,8,40,42,2) [ 88210.2466 ]
1266:(22,2,13,8,40,42,2) [ 88210.3446 ]
1267:(23,2,11,8,40,42,2) [ 88210.233 ]
1268:(23,2,10,8,40,42,2) [ 88210.135 ]
1269:(23,2,11,9,39,41,2) [ 86110.254 ]
1270:(23,2,12,9,39,41,2) [ 86110.363 ]
1271:(23,2,11,9,40,41,1) [ 43060.354 ]
1272:(23,2,12,9,40,41,1) [ 43060.463 ]
1273:(23,2,10,9,40,41,1) [ 43060.245 ]
1274:(23,2,11,10,39,40,1) [ 42010.375 ]
1275:(23,2,12,10,39,40,1) [ 42010.495 ]
1276:(23,2,10,10,39,40,1) [ 42010.255000000005 ]
1277:(23,2,11,11,38,39,1) [ 40960.396 ]
1278:(23,2,12,11,38,39,1) [ 40960.527 ]
1279:(23,2,12,12,37,38,1) [ 39910.558999999994 ]
1280:(23,2,13,12,37,38,1) [ 39910.700999999994 ]
1281:(23,2,11,12,37,38,1) [ 39910.416999999994 ]
1282:(23,2,10,12,37,38,1) [ 39910.274999999994 ]
1283:(23,2,9,12,37,38,1) [ 39910.132999999994 ]
1284:(23,2,10,13,36,37,1) [ 38860.284999999996 ]
1285:(23,2,11,13,36,37,1) [ 38860.438 ]
1286:(23,2,11,14,35,36,1) [ 37810.459 ]
1287:(23,2,12,14,35,36,1) [ 37810.623 ]
1288:(24,2,10,14,35,36,1) [ 37810.3794 ]
1289:(24,2,9,14,35,36,1) [ 37810.2154 ]
1290:(25,2,10,15,34,35,1) [ 36760.4738 ]
1291:(25,2,11,15,34,35,1) [ 36760.6488 ]
1292:(26,2,9,15,34,35,1) [ 36760.383200000004 ]
1293:(26,2,10,16,33,34,1) [ 35710.5682 ]
1294:(26,2,11,16,33,34,1) [ 35710.7542 ]
1295:(27,2,9,16,33,34,1) [ 35710.4666 ]
1296:(27,2,8,16,33,34,1) [ 35710.280600000006 ]
1297:(27,2,7,16,33,34,1) [ 35710.094600000004 ]
1298:(27,2,8,17,32,33,1) [ 34660.268599999996 ]
1299:(27,2,9,17,32,33,1) [ 34660.465599999996 ]
1300:(27,2,7,17,32,33,1) [ 34660.071599999996 ]
1301:(28,2,6,17,32,33,1) [ 34659.958999999995 ]
1302:(28,2,7,18,31,32,1) [ 33610.133 ]
1303:(28,2,8,18,31,32,1) [ 33610.341 ]
1304:(28,2,6,18,31,32,1) [ 33609.924999999996 ]
1305:(28,2,7,19,30,31,1) [ 32560.11 ]
1306:(28,2,8,19,30,31,1) [ 32560.329 ]
1307:(28,2,8,20,29,30,1) [ 31510.317000000003 ]
1308:(28,2,9,20,29,30,1) [ 31510.547000000002 ]
1309:(28,2,7,20,29,30,1) [ 31510.087000000003 ]
1310:(28,2,6,20,29,30,1) [ 31509.857 ]
1311:(28,2,6,21,28,29,1) [ 30459.823 ]
1312:(27,2,7,21,28,29,1) [ 30459.9796 ]
1313:(27,2,8,21,28,29,1) [ 30460.2206 ]
1314:(27,2,8,22,27,28,1) [ 29410.2086 ]
1315:(27,2,9,22,27,28,1) [ 29410.460600000002 ]
1316:(28,2,7,22,27,28,1) [ 29410.041 ]
1317:(29,2,6,22,27,28,1) [ 29409.8734 ]
1318:(30,2,5,22,27,28,1) [ 29409.7058 ]
1319:(31,2,4,22,27,28,1) [ 29409.5382 ]
1320:(31,2,5,23,26,27,1) [ 28359.745199999998 ]
1321:(31,2,6,23,26,27,1) [ 28360.0082 ]
1322:(31,2,6,24,25,26,1) [ 27309.9742 ]
1323:(31,2,7,24,25,26,1) [ 27310.2482 ]
1324:(31,2,7,25,24,25,1) [ 26260.2252 ]
1325:(31,2,8,25,24,25,1) [ 26260.5102 ]
1326:(32,2,6,25,24,25,1) [ 26260.0246 ]
1327:(32,2,6,24,24,26,2) [ 54609.9586 ]
1328:(32,2,7,24,24,26,2) [ 54610.2326 ]
1329:(32,2,5,24,24,26,2) [ 54609.6846 ]
1330:(32,2,6,25,23,25,2) [ 52509.924600000006 ]
1331:(32,2,7,25,23,25,2) [ 52510.2096 ]
1332:(32,2,5,25,23,25,2) [ 52509.6396 ]
1333:(33,2,4,25,23,25,2) [ 52509.439000000006 ]
1334:(33,2,3,25,23,25,2) [ 52509.154 ]
1335:(33,2,2,25,23,25,2) [ 52508.869000000006 ]
1336:(33,2,2,25,24,25,1) [ 26258.969 ]
1337:(33,2,3,25,24,25,1) [ 26259.254 ]
1338:(33,2,3,26,23,24,1) [ 25209.186999999998 ]
1339:(33,2,4,26,23,24,1) [ 25209.483 ]
1340:(34,2,2,26,23,24,1) [ 25208.9754 ]
1341:(34,2,3,27,22,23,1) [ 24159.204400000002 ]
1342:(34,2,4,27,22,23,1) [ 24159.5114 ]
1343:(34,2,2,27,22,23,1) [ 24158.8974 ]
1344:(34,2,1,27,22,23,1) [ 24158.5904 ]
1345:(34,2,2,28,21,22,1) [ 23108.8194 ]
1346:(34,2,3,28,21,22,1) [ 23109.1374 ]
1347:(34,2,3,29,20,21,1) [ 22059.0704 ]
1348:(34,2,4,29,20,21,1) [ 22059.3994 ]
1349:(35,2,2,29,20,21,1) [ 22058.8258 ]
1350:(35,2,3,30,19,20,1) [ 21009.0878 ]
1351:(35,2,4,30,19,20,1) [ 21009.4278 ]
1352:(35,2,4,31,18,19,1) [ 19959.3718 ]
1353:(35,2,5,31,18,19,1) [ 19959.7228 ]
1354:(36,2,3,31,18,19,1) [ 19959.105199999998 ]
1355:(37,2,4,32,17,18,1) [ 18909.4846 ]
1356:(37,2,5,32,17,18,1) [ 18909.8466 ]
1357:(37,2,3,32,17,18,1) [ 18909.122600000002 ]
1358:(37,2,4,33,16,17,1) [ 17859.4286 ]
1359:(37,2,5,33,16,17,1) [ 17859.8016 ]
1360:(37,2,5,34,15,16,1) [ 16809.7566 ]
1361:(37,2,6,34,15,16,1) [ 16810.1406 ]
1362:(37,2,4,34,15,16,1) [ 16809.3726 ]
1363:(37,2,3,34,15,16,1) [ 16808.9886 ]
1364:(37,2,2,34,15,16,1) [ 16808.6046 ]
1365:(37,2,1,34,15,16,1) [ 16808.2206 ]
1366:(37,2,0,34,15,16,1) [ 16807.8366 ]
1367:(37,2,1,35,14,15,1) [ 15758.131599999999 ]
1368:(37,2,2,35,14,15,1) [ 15758.5266 ]
1369:(38,2,0,35,14,15,1) [ 15757.821 ]
1370:(38,2,1,36,13,14,1) [ 14708.126999999999 ]
1371:(38,2,2,36,13,14,1) [ 14708.533 ]
1372:(39,2,0,36,13,14,1) [ 14707.8054 ]
1373:(39,2,1,37,12,13,1) [ 13658.1224 ]
1374:(39,2,2,37,12,13,1) [ 13658.539400000001 ]
1375:(39,2,2,38,11,12,1) [ 12608.4614 ]
1376:(39,2,3,38,11,12,1) [ 12608.8894 ]
1377:(40,2,1,38,11,12,1) [ 12608.1178 ]
1378:(40,2,2,39,10,11,1) [ 11558.4678 ]
1379:(40,2,3,39,10,11,1) [ 11558.9068 ]
1380:(40,2,1,39,10,11,1) [ 11558.0288 ]
1381:(40,2,2,40,9,10,1) [ 10508.389799999999 ]
1382:(40,2,3,40,9,10,1) [ 10508.8398 ]
1383:(41,2,1,40,9,10,1) [ 10508.0242 ]
1384:(41,2,0,40,9,10,1) [ 10507.5742 ]
1385:(41,2,1,41,8,9,1) [ 9457.9352 ]
1386:(41,2,2,41,8,9,1) [ 9458.3962 ]
1387:(42,2,0,41,8,9,1) [ 9457.558599999998 ]
1388:(42,2,1,42,7,8,1) [ 8407.930600000002 ]
1389:(42,2,2,42,7,8,1) [ 8408.402600000001 ]
1390:(43,2,0,42,7,8,1) [ 8407.543000000001 ]
1391:(43,2,1,43,6,7,1) [ 7357.926 ]
1392:(43,2,2,43,6,7,1) [ 7358.409000000001 ]
1393:(43,2,2,44,5,6,1) [ 6308.331 ]
1394:(43,2,3,44,5,6,1) [ 6308.825 ]
1395:(43,2,3,45,4,5,1) [ 5258.758 ]
1396:(43,2,4,45,4,5,1) [ 5259.263 ]
1397:(44,2,2,45,4,5,1) [ 5258.337399999999 ]
1398:(44,2,3,46,3,4,1) [ 4208.7754 ]
1399:(44,2,4,46,3,4,1) [ 4209.2914 ]
1400:(44,2,2,46,3,4,1) [ 4208.2594 ]
1401:(45,2,1,46,3,4,1) [ 4207.8278 ]
1402:(46,2,0,46,3,4,1) [ 4207.3962 ]
1403:(46,2,1,47,2,3,1) [ 3157.8232 ]
1404:(46,2,2,47,2,3,1) [ 3158.3502 ]
1405:(46,2,1,48,1,2,1) [ 2107.7342 ]
1406:(45,2,2,48,1,2,1) [ 2108.1877999999997 ]
1407:(45,2,3,48,1,2,1) [ 2108.7257999999997 ]
1408:(45,2,3,49,0,1,1) [ 1058.6588 ]
1409:(45,2,4,49,0,1,1) [ 1059.2078 ]
1410:(45,2,2,49,0,1,1) [ 1058.1098 ]
1411:(46,2,1,49,0,1,1) [ 1057.6452 ]
1412:(46,2,2,49,1,1,0) [ 8.2942 ]
1413:(45,2,0,49,1,1,0) [ 7.1118 ]
1414:(45,2,1,49,1,1,0) [ 7.660799999999999 ]
1415:(46,2,1,50,0,0,0) [ 7.6562 ]
1416:(46,2,2,50,0,0,0) [ 8.2162 ]
1417:(47,2,0,50,0,0,0) [ 7.1806 ]
1418:(18,2,16,0,49,50,1) [ 52509.793 TARGET ]
1419:(19,2,16,0,49,50,1) [ 52509.877400000005 TARGET ]
1420:(18,2,17,1,48,49,1) [ 51459.89 ]
1421:(19,2,17,1,48,49,1) [ 51459.97440000001 ]
1422:(18,2,18,2,47,48,1) [ 50410.009 ]
1423:(19,2,18,2,47,48,1) [ 50410.0934 ]
1424:(19,2,17,3,46,47,1) [ 49360.1484 ]
1425:(20,2,17,3,46,47,1) [ 49360.2328 ]
1426:(20,2,16,4,45,46,1) [ 48310.2658 ]
1427:(21,2,16,4,45,46,1) [ 48310.3502 ]
1428:(21,2,16,5,44,45,1) [ 47260.4262 ]
1429:(22,2,16,5,44,45,1) [ 47260.5106 ]
1430:(21,2,16,6,43,44,1) [ 46210.5022 ]
1431:(22,2,16,6,43,44,1) [ 46210.5866 ]
1432:(21,2,16,7,42,43,1) [ 45160.578199999996 ]
1433:(22,2,16,7,42,43,1) [ 45160.662599999996 ]
1434:(21,2,16,6,42,44,2) [ 92410.4022 ]
1435:(22,2,16,6,42,44,2) [ 92410.4866 ]
1436:(22,2,14,7,41,43,2) [ 90310.3886 ]
1437:(23,2,14,7,41,43,2) [ 90310.47300000001 ]
1438:(22,2,14,8,40,42,2) [ 88210.4426 ]
1439:(23,2,14,8,40,42,2) [ 88210.527 ]
1440:(23,2,13,9,39,41,2) [ 86110.472 ]
1441:(24,2,13,9,39,41,2) [ 86110.5564 ]
1442:(23,2,13,9,40,41,1) [ 43060.572 ]
1443:(24,2,13,9,40,41,1) [ 43060.6564 ]
1444:(23,2,13,10,39,40,1) [ 42010.615 ]
1445:(24,2,13,10,39,40,1) [ 42010.699400000005 ]
1446:(23,2,13,11,38,39,1) [ 40960.658 ]
1447:(24,2,13,11,38,39,1) [ 40960.7424 ]
1448:(23,2,14,12,37,38,1) [ 39910.84299999999 ]
1449:(24,2,14,12,37,38,1) [ 39910.9274 ]
1450:(23,2,12,13,36,37,1) [ 38860.591 ]
1451:(24,2,12,13,36,37,1) [ 38860.6754 ]
1452:(23,2,13,14,35,36,1) [ 37810.787 ]
1453:(24,2,13,14,35,36,1) [ 37810.8714 ]
1454:(25,2,12,15,34,35,1) [ 36760.8238 ]
1455:(26,2,12,15,34,35,1) [ 36760.9082 ]
1456:(26,2,12,16,33,34,1) [ 35710.940200000005 ]
1457:(27,2,12,16,33,34,1) [ 35711.024600000004 ]
1458:(27,2,10,17,32,33,1) [ 34660.662599999996 ]
1459:(28,2,10,17,32,33,1) [ 34660.746999999996 ]
1460:(28,2,9,18,31,32,1) [ 33610.549 ]
1461:(29,2,9,18,31,32,1) [ 33610.6334 ]
1462:(28,2,9,19,30,31,1) [ 32560.548 ]
1463:(29,2,9,19,30,31,1) [ 32560.6324 ]
1464:(28,2,10,20,29,30,1) [ 31510.777000000002 ]
1465:(29,2,10,20,29,30,1) [ 31510.8614 ]
1466:(28,2,9,21,28,29,1) [ 30460.546 ]
1467:(27,2,9,21,28,29,1) [ 30460.4616 ]
1468:(27,2,10,22,27,28,1) [ 29410.7126 ]
1469:(28,2,10,22,27,28,1) [ 29410.797000000002 ]
1470:(31,2,7,23,26,27,1) [ 28360.2712 ]
1471:(32,2,7,23,26,27,1) [ 28360.3556 ]
1472:(31,2,8,24,25,26,1) [ 27310.5222 ]
1473:(32,2,8,24,25,26,1) [ 27310.6066 ]
1474:(31,2,9,25,24,25,1) [ 26260.7952 ]
1475:(32,2,9,25,24,25,1) [ 26260.8796 ]
1476:(32,2,8,24,24,26,2) [ 54610.5066 ]
1477:(33,2,8,24,24,26,2) [ 54610.591 ]
1478:(32,2,8,25,23,25,2) [ 52510.494600000005 ]
1479:(33,2,8,25,23,25,2) [ 52510.579000000005 ]
1480:(33,2,4,25,24,25,1) [ 26259.539 ]
1481:(34,2,4,25,24,25,1) [ 26259.6234 ]
1482:(33,2,5,26,23,24,1) [ 25209.779 ]
1483:(34,2,5,26,23,24,1) [ 25209.8634 ]
1484:(34,2,5,27,22,23,1) [ 24159.8184 ]
1485:(35,2,5,27,22,23,1) [ 24159.9028 ]
1486:(34,2,4,28,21,22,1) [ 23109.4554 ]
1487:(35,2,4,28,21,22,1) [ 23109.5398 ]
1488:(34,2,5,29,20,21,1) [ 22059.7284 ]
1489:(35,2,5,29,20,21,1) [ 22059.8128 ]
1490:(35,2,5,30,19,20,1) [ 21009.7678 ]
1491:(36,2,5,30,19,20,1) [ 21009.8522 ]
1492:(35,2,6,31,18,19,1) [ 19960.0738 ]
1493:(36,2,6,31,18,19,1) [ 19960.158199999998 ]
1494:(37,2,6,32,17,18,1) [ 18910.2086 ]
1495:(38,2,6,32,17,18,1) [ 18910.293 ]
1496:(37,2,6,33,16,17,1) [ 17860.1746 ]
1497:(38,2,6,33,16,17,1) [ 17860.259 ]
1498:(37,2,7,34,15,16,1) [ 16810.5246 ]
1499:(38,2,7,34,15,16,1) [ 16810.609 ]
1500:(37,2,3,35,14,15,1) [ 15758.9216 ]
1501:(38,2,3,35,14,15,1) [ 15759.006 ]
1502:(38,2,3,36,13,14,1) [ 14708.938999999998 ]
1503:(39,2,3,36,13,14,1) [ 14709.0234 ]
1504:(39,2,3,37,12,13,1) [ 13658.956400000001 ]
1505:(40,2,3,37,12,13,1) [ 13659.0408 ]
1506:(39,2,4,38,11,12,1) [ 12609.3174 ]
1507:(40,2,4,38,11,12,1) [ 12609.4018 ]
1508:(40,2,4,39,10,11,1) [ 11559.3458 ]
1509:(41,2,4,39,10,11,1) [ 11559.4302 ]
1510:(40,2,4,40,9,10,1) [ 10509.2898 ]
1511:(41,2,4,40,9,10,1) [ 10509.3742 ]
1512:(41,2,3,41,8,9,1) [ 9458.857199999999 ]
1513:(42,2,3,41,8,9,1) [ 9458.9416 ]
1514:(42,2,3,42,7,8,1) [ 8408.874600000001 ]
1515:(43,2,3,42,7,8,1) [ 8408.959 ]
1516:(43,2,3,43,6,7,1) [ 7358.892000000001 ]
1517:(44,2,3,43,6,7,1) [ 7358.9764000000005 ]
1518:(43,2,4,44,5,6,1) [ 6309.319 ]
1519:(44,2,4,44,5,6,1) [ 6309.4034 ]
1520:(43,2,5,45,4,5,1) [ 5259.768 ]
1521:(44,2,5,45,4,5,1) [ 5259.8524 ]
1522:(44,2,5,46,3,4,1) [ 4209.807400000001 ]
1523:(45,2,5,46,3,4,1) [ 4209.8918 ]
1524:(46,2,3,47,2,3,1) [ 3158.8772 ]
1525:(47,2,3,47,2,3,1) [ 3158.9615999999996 ]
1526:(46,2,4,48,1,2,1) [ 2109.3482 ]
1527:(45,2,4,48,1,2,1) [ 2109.2637999999997 ]
1528:(45,2,5,49,0,1,1) [ 1059.7568 ]
1529:(46,2,5,49,0,1,1) [ 1059.8412 ]
1530:(46,2,3,49,1,1,0) [ 8.843200000000001 ]
1531:(47,2,3,49,1,1,0) [ 8.9276 ]
1532:(45,2,2,49,1,1,0) [ 8.2098 ]
1533:(46,2,3,50,0,0,0) [ 8.7762 ]
1534:(47,2,3,50,0,0,0) [ 8.860600000000002 ]
1535:(51,2,0,49,0,1,1) [ 1057.5182 ]
1536:(47,2,2,48,2,2,0) [ 8.4566 ]
1537:(46,2,3,48,2,2,0) [ 8.9102 ]
1538:(46,2,4,48,2,2,0) [ 9.4482 ]
1539:(47,2,3,48,2,2,0) [ 8.994599999999998 ]
1540:(47,2,2,47,3,3,0) [ 8.534600000000001 ]
1541:(47,2,1,46,4,4,0) [ 8.0966 ]
1542:(47,2,0,45,5,5,0) [ 7.6806 ]
1543:(46,2,1,45,5,5,0) [ 8.1012 ]
1544:(46,2,2,45,5,5,0) [ 8.606200000000001 ]
1545:(46,2,1,44,6,6,0) [ 8.1902 ]
1546:(46,2,0,43,7,7,0) [ 7.796200000000001 ]
1547:(46,2,1,43,7,7,0) [ 8.2792 ]
1548:(45,2,2,43,7,7,0) [ 8.6778 ]
1549:(45,2,1,42,8,8,0) [ 8.2838 ]
1550:(45,2,2,42,8,8,0) [ 8.7558 ]
1551:(45,2,1,41,9,9,0) [ 8.3728 ]
1552:(45,2,0,40,10,10,0) [ 8.011800000000001 ]
1553:(45,2,1,40,10,10,0) [ 8.4618 ]
1554:(45,2,0,39,11,11,0) [ 8.1118 ]
1555:(44,2,1,39,11,11,0) [ 8.4664 ]
1556:(44,2,0,38,12,12,0) [ 8.127400000000002 ]
1557:(44,2,1,38,12,12,0) [ 8.555399999999999 ]
1558:(44,2,0,37,13,13,0) [ 8.227400000000001 ]
1559:(44,2,1,37,13,13,0) [ 8.6444 ]
1560:(43,2,2,37,13,13,0) [ 8.977 ]
1561:(43,2,3,37,13,13,0) [ 9.394000000000002 ]
1562:(43,2,2,36,14,14,0) [ 9.055 ]
1563:(43,2,1,35,15,15,0) [ 8.738 ]
1564:(42,2,2,35,15,15,0) [ 9.0486 ]
1565:(42,2,3,35,15,15,0) [ 9.4436 ]
1566:(42,2,2,34,16,16,0) [ 9.1266 ]
1567:(42,2,3,34,16,16,0) [ 9.5106 ]
1568:(42,2,2,33,17,17,0) [ 9.2046 ]
1569:(42,2,1,32,18,18,0) [ 8.9206 ]
1570:(42,2,0,31,19,19,0) [ 8.6586 ]
1571:(42,2,1,31,19,19,0) [ 9.009599999999999 ]
1572:(42,2,0,30,20,20,0) [ 8.7586 ]
1573:(42,2,1,30,20,20,0) [ 9.0986 ]
1574:(42,2,2,30,20,20,0) [ 9.438600000000001 ]
1575:(42,2,1,29,21,21,0) [ 9.1876 ]
1576:(43,2,1,29,21,21,0) [ 9.272 ]
1577:(42,2,2,29,21,21,0) [ 9.5166 ]
1578:(42,2,3,29,21,21,0) [ 9.8456 ]
1579:(42,2,2,28,22,22,0) [ 9.5946 ]
1580:(42,2,1,27,23,23,0) [ 9.3656 ]
1581:(42,2,0,26,24,24,0) [ 9.1586 ]
1582:(42,2,0,26,23,24,1) [ 25209.0586 ]
1583:(41,2,1,26,23,24,1) [ 25209.2702 ]
1584:(41,2,0,25,24,25,1) [ 26259.074200000003 ]
1585:(40,2,0,25,24,25,1) [ 26258.989800000003 ]
1586:(39,2,1,25,24,25,1) [ 26259.190400000003 ]
1587:(38,2,4,25,24,25,1) [ 26259.961000000003 ]
1588:(37,2,5,25,24,25,1) [ 26260.161600000003 ]
1589:(37,2,4,24,25,26,1) [ 27309.9326 ]
1590:(37,2,5,24,25,26,1) [ 27310.2066 ]
1591:(37,2,4,23,26,27,1) [ 28359.988599999997 ]
1592:(37,2,3,22,27,28,1) [ 29409.7926 ]
1593:(35,2,4,21,28,29,1) [ 30459.9318 ]
1594:(36,2,3,21,28,29,1) [ 30459.7752 ]
1595:(35,2,3,20,29,30,1) [ 31509.757800000003 ]
1596:(34,2,4,20,29,30,1) [ 31509.903400000003 ]
1597:(34,2,3,19,30,31,1) [ 32559.7404 ]
1598:(34,2,2,18,31,32,1) [ 33609.5994 ]
1599:(33,2,3,18,31,32,1) [ 33609.723 ]
1600:(33,2,4,18,31,32,1) [ 33609.931 ]
1601:(33,2,3,17,32,33,1) [ 34659.78999999999 ]
1602:(32,2,4,17,32,33,1) [ 34659.902599999994 ]
1603:(32,2,3,16,33,34,1) [ 35709.772600000004 ]
1604:(32,2,4,16,33,34,1) [ 35709.958600000005 ]
1605:(31,2,5,16,33,34,1) [ 35710.0602 ]
1606:(31,2,6,16,33,34,1) [ 35710.2462 ]
1607:(31,2,5,15,34,35,1) [ 36760.1052 ]
1608:(31,2,4,14,35,36,1) [ 37809.9862 ]
1609:(31,2,3,13,36,37,1) [ 38859.8892 ]
1610:(31,2,2,12,37,38,1) [ 39909.8142 ]
1611:(31,2,1,11,38,39,1) [ 40959.7612 ]
1612:(31,2,0,10,39,40,1) [ 42009.7302 ]
1613:(30,2,1,10,39,40,1) [ 42009.7658 ]
1614:(30,2,0,9,40,41,1) [ 43059.7458 ]
1615:(29,2,1,9,40,41,1) [ 43059.7704 ]
1616:(29,2,0,8,41,42,1) [ 44109.761399999996 ]
1617:(29,2,1,8,41,42,1) [ 44109.8594 ]
1618:(28,2,2,8,41,42,1) [ 44109.873 ]
1619:(28,2,1,7,42,43,1) [ 45159.863999999994 ]
1620:(28,2,0,6,43,44,1) [ 46209.877 ]
1621:(29,2,0,6,43,44,1) [ 46209.9614 ]
1622:(29,2,1,6,43,44,1) [ 46210.0374 ]
1623:(28,2,2,6,43,44,1) [ 46210.029 ]
1624:(28,2,1,5,44,45,1) [ 47260.042 ]
1625:(28,2,0,4,45,46,1) [ 48310.077 ]
1626:(28,2,1,4,45,46,1) [ 48310.131 ]
1627:(28,2,0,3,46,47,1) [ 49360.176999999996 ]
1628:(27,2,1,3,46,47,1) [ 49360.1356 ]
1629:(26,2,2,3,46,47,1) [ 49360.0942 ]
1630:(26,2,1,2,47,48,1) [ 50410.140199999994 ]
1631:(26,2,0,1,48,49,1) [ 51460.2082 ]
1632:(26,2,1,1,48,49,1) [ 51460.2292 ]
1633:(25,2,2,1,48,49,1) [ 51460.1658 ]
1634:(24,2,3,1,48,49,1) [ 51460.1024 ]
1635:(23,2,4,1,48,49,1) [ 51460.039000000004 ]
1636:(23,2,3,0,49,50,1) [ 52510.085 TARGET ]
1637:(24,2,3,0,49,50,1) [ 52510.1694 TARGET ]
1638:(22,2,3,0,49,50,1) [ 52510.0006 ]
1639:(22,2,4,0,49,50,1) [ 52510.0106 TARGET ]
1640:(23,2,4,0,49,50,1) [ 52510.095 TARGET ]
1641:(24,2,4,1,48,49,1) [ 51460.123400000004 ]
1642:(22,2,4,1,48,49,1) [ 51459.954600000005 ]
1643:(22,2,5,1,48,49,1) [ 51459.975600000005 ]
1644:(23,2,5,1,48,49,1) [ 51460.060000000005 ]
1645:(25,2,3,1,48,49,1) [ 51460.1868 ]
1646:(23,2,3,1,48,49,1) [ 51460.018000000004 ]
1647:(26,2,2,1,48,49,1) [ 51460.2502 ]
1648:(24,2,2,1,48,49,1) [ 51460.0814 ]
1649:(27,2,1,1,48,49,1) [ 51460.3136 ]
1650:(25,2,1,1,48,49,1) [ 51460.1448 ]
1651:(27,2,0,1,48,49,1) [ 51460.2926 ]
1652:(25,2,0,1,48,49,1) [ 51460.1238 ]
1653:(27,2,1,2,47,48,1) [ 50410.224599999994 ]
1654:(25,2,1,2,47,48,1) [ 50410.055799999995 ]
1655:(25,2,2,2,47,48,1) [ 50410.087799999994 ]
1656:(26,2,2,2,47,48,1) [ 50410.17219999999 ]
1657:(27,2,2,3,46,47,1) [ 49360.1786 ]
1658:(25,2,2,3,46,47,1) [ 49360.0098 ]
1659:(25,2,3,3,46,47,1) [ 49360.0528 ]
1660:(26,2,3,3,46,47,1) [ 49360.1372 ]
1661:(28,2,1,3,46,47,1) [ 49360.22 ]
1662:(26,2,1,3,46,47,1) [ 49360.0512 ]
1663:(29,2,0,3,46,47,1) [ 49360.261399999996 ]
1664:(27,2,0,3,46,47,1) [ 49360.092599999996 ]
1665:(29,2,1,4,45,46,1) [ 48310.2154 ]
1666:(27,2,1,4,45,46,1) [ 48310.0466 ]
1667:(27,2,2,4,45,46,1) [ 48310.1006 ]
1668:(28,2,2,4,45,46,1) [ 48310.185 ]
1669:(29,2,0,4,45,46,1) [ 48310.1614 ]
1670:(27,2,0,4,45,46,1) [ 48309.9926 ]
1671:(29,2,1,5,44,45,1) [ 47260.1264 ]
1672:(27,2,1,5,44,45,1) [ 47259.9576 ]
1673:(27,2,2,5,44,45,1) [ 47260.022600000004 ]
1674:(28,2,2,5,44,45,1) [ 47260.107 ]
1675:(29,2,2,6,43,44,1) [ 46210.1134 ]
1676:(27,2,2,6,43,44,1) [ 46209.9446 ]
1677:(27,2,3,6,43,44,1) [ 46210.0206 ]
1678:(28,2,3,6,43,44,1) [ 46210.105 ]
1679:(30,2,1,6,43,44,1) [ 46210.1218 ]
1680:(28,2,1,6,43,44,1) [ 46209.953 ]
1681:(30,2,0,6,43,44,1) [ 46210.0458 ]
1682:(27,2,0,6,43,44,1) [ 46209.7926 ]
1683:(27,2,1,6,43,44,1) [ 46209.8686 ]
1684:(29,2,1,7,42,43,1) [ 45159.948399999994 ]
1685:(27,2,1,7,42,43,1) [ 45159.779599999994 ]
1686:(27,2,2,7,42,43,1) [ 45159.866599999994 ]
1687:(28,2,2,7,42,43,1) [ 45159.950999999994 ]
1688:(29,2,2,8,41,42,1) [ 44109.9574 ]
1689:(27,2,2,8,41,42,1) [ 44109.7886 ]
1690:(27,2,3,8,41,42,1) [ 44109.8866 ]
1691:(28,2,3,8,41,42,1) [ 44109.971 ]
1692:(30,2,1,8,41,42,1) [ 44109.9438 ]
1693:(28,2,1,8,41,42,1) [ 44109.775 ]
1694:(30,2,0,8,41,42,1) [ 44109.845799999996 ]
1695:(28,2,0,8,41,42,1) [ 44109.676999999996 ]
1696:(30,2,1,9,40,41,1) [ 43059.8548 ]
1697:(28,2,1,9,40,41,1) [ 43059.686 ]
1698:(28,2,2,9,40,41,1) [ 43059.795 ]
1699:(29,2,2,9,40,41,1) [ 43059.8794 ]
1700:(31,2,0,9,40,41,1) [ 43059.8302 ]
1701:(29,2,0,9,40,41,1) [ 43059.6614 ]
1702:(31,2,1,10,39,40,1) [ 42009.8502 ]
1703:(29,2,1,10,39,40,1) [ 42009.6814 ]
1704:(29,2,2,10,39,40,1) [ 42009.801400000004 ]
1705:(30,2,2,10,39,40,1) [ 42009.885800000004 ]
1706:(32,2,0,10,39,40,1) [ 42009.8146 ]
1707:(30,2,0,10,39,40,1) [ 42009.6458 ]
1708:(32,2,1,11,38,39,1) [ 40959.8456 ]
1709:(30,2,1,11,38,39,1) [ 40959.6768 ]
1710:(30,2,2,11,38,39,1) [ 40959.8078 ]
1711:(31,2,2,11,38,39,1) [ 40959.8922 ]
1712:(32,2,2,12,37,38,1) [ 39909.8986 ]
1713:(30,2,2,12,37,38,1) [ 39909.729799999994 ]
1714:(30,2,3,12,37,38,1) [ 39909.87179999999 ]
1715:(31,2,3,12,37,38,1) [ 39909.9562 ]
1716:(32,2,3,13,36,37,1) [ 38859.9736 ]
1717:(30,2,3,13,36,37,1) [ 38859.8048 ]
1718:(30,2,4,13,36,37,1) [ 38859.9578 ]
1719:(31,2,4,13,36,37,1) [ 38860.042199999996 ]
1720:(32,2,4,14,35,36,1) [ 37810.0706 ]
1721:(30,2,4,14,35,36,1) [ 37809.9018 ]
1722:(30,2,5,14,35,36,1) [ 37810.0658 ]
1723:(31,2,5,14,35,36,1) [ 37810.1502 ]
1724:(32,2,5,15,34,35,1) [ 36760.1896 ]
1725:(30,2,5,15,34,35,1) [ 36760.0208 ]
1726:(30,2,6,15,34,35,1) [ 36760.1958 ]
1727:(31,2,6,15,34,35,1) [ 36760.2802 ]
1728:(32,2,6,16,33,34,1) [ 35710.3306 ]
1729:(30,2,6,16,33,34,1) [ 35710.1618 ]
1730:(32,2,5,16,33,34,1) [ 35710.1446 ]
1731:(30,2,5,16,33,34,1) [ 35709.9758 ]
1732:(33,2,4,16,33,34,1) [ 35710.043000000005 ]
1733:(31,2,4,16,33,34,1) [ 35709.874200000006 ]
1734:(33,2,3,16,33,34,1) [ 35709.857 ]
1735:(31,2,3,16,33,34,1) [ 35709.688200000004 ]
1736:(33,2,4,17,32,33,1) [ 34659.986999999994 ]
1737:(31,2,4,17,32,33,1) [ 34659.818199999994 ]
1738:(31,2,5,17,32,33,1) [ 34660.015199999994 ]
1739:(32,2,5,17,32,33,1) [ 34660.099599999994 ]
1740:(34,2,3,17,32,33,1) [ 34659.8744 ]
1741:(32,2,3,17,32,33,1) [ 34659.705599999994 ]
1742:(34,2,4,18,31,32,1) [ 33610.0154 ]
1743:(32,2,4,18,31,32,1) [ 33609.8466 ]
1744:(32,2,5,18,31,32,1) [ 33610.054599999996 ]
1745:(33,2,5,18,31,32,1) [ 33610.138999999996 ]
1746:(34,2,3,18,31,32,1) [ 33609.8074 ]
1747:(32,2,3,18,31,32,1) [ 33609.6386 ]
1748:(35,2,2,18,31,32,1) [ 33609.6838 ]
1749:(33,2,2,18,31,32,1) [ 33609.515 ]
1750:(35,2,3,19,30,31,1) [ 32559.8248 ]
1751:(33,2,3,19,30,31,1) [ 32559.656 ]
1752:(33,2,4,19,30,31,1) [ 32559.875 ]
1753:(34,2,4,19,30,31,1) [ 32559.9594 ]
1754:(35,2,4,20,29,30,1) [ 31509.987800000003 ]
1755:(33,2,4,20,29,30,1) [ 31509.819000000003 ]
1756:(33,2,5,20,29,30,1) [ 31510.049000000003 ]
1757:(34,2,5,20,29,30,1) [ 31510.133400000002 ]
1758:(36,2,3,20,29,30,1) [ 31509.842200000003 ]
1759:(34,2,3,20,29,30,1) [ 31509.6734 ]
1760:(36,2,4,21,28,29,1) [ 30460.0162 ]
1761:(34,2,4,21,28,29,1) [ 30459.8474 ]
1762:(34,2,5,21,28,29,1) [ 30460.0884 ]
1763:(35,2,5,21,28,29,1) [ 30460.1728 ]
1764:(37,2,3,21,28,29,1) [ 30459.8596 ]
1765:(35,2,3,21,28,29,1) [ 30459.6908 ]
1766:(38,2,3,22,27,28,1) [ 29409.877 ]
1767:(36,2,3,22,27,28,1) [ 29409.7082 ]
1768:(38,2,4,23,26,27,1) [ 28360.073 ]
1769:(36,2,4,23,26,27,1) [ 28359.904199999997 ]
1770:(38,2,5,24,25,26,1) [ 27310.291 ]
1771:(36,2,5,24,25,26,1) [ 27310.1222 ]
1772:(38,2,4,24,25,26,1) [ 27310.017 ]
1773:(36,2,4,24,25,26,1) [ 27309.8482 ]
1774:(38,2,5,25,24,25,1) [ 26260.246000000003 ]
1775:(36,2,5,25,24,25,1) [ 26260.0772 ]
1776:(39,2,4,25,24,25,1) [ 26260.045400000003 ]
1777:(39,2,3,25,24,25,1) [ 26259.760400000003 ]
1778:(40,2,2,25,24,25,1) [ 26259.559800000003 ]
1779:(40,2,1,25,24,25,1) [ 26259.274800000003 ]
1780:(38,2,1,25,24,25,1) [ 26259.106 ]
1781:(39,2,0,25,24,25,1) [ 26258.9054 ]
1782:(42,2,0,25,24,25,1) [ 26259.158600000002 ]
1783:(41,2,1,25,24,25,1) [ 26259.359200000003 ]
1784:(42,2,1,26,23,24,1) [ 25209.3546 ]
1785:(40,2,1,26,23,24,1) [ 25209.1858 ]
1786:(41,2,2,26,23,24,1) [ 25209.566199999997 ]
1787:(43,2,0,26,23,24,1) [ 25209.143 ]
1788:(41,2,0,26,23,24,1) [ 25208.9742 ]
1789:(43,2,0,26,24,24,0) [ 9.243 ]
1790:(41,2,0,26,24,24,0) [ 9.074200000000001 ]
1791:(41,2,1,26,24,24,0) [ 9.3702 ]
1792:(42,2,1,26,24,24,0) [ 9.4546 ]
1793:(43,2,1,27,23,23,0) [ 9.450000000000001 ]
1794:(41,2,1,27,23,23,0) [ 9.2812 ]
1795:(41,2,2,27,23,23,0) [ 9.5882 ]
1796:(42,2,2,27,23,23,0) [ 9.672600000000001 ]
1797:(43,2,2,28,22,22,0) [ 9.679 ]
1798:(41,2,2,28,22,22,0) [ 9.510200000000001 ]
1799:(41,2,3,28,22,22,0) [ 9.8282 ]
1800:(42,2,3,28,22,22,0) [ 9.912600000000001 ]
1801:(43,2,3,29,21,21,0) [ 9.93 ]
1802:(41,2,3,29,21,21,0) [ 9.7612 ]
1803:(41,2,4,29,21,21,0) [ 10.090200000000001 ]
1804:(42,2,4,29,21,21,0) [ 10.1746 ]
1805:(43,2,2,29,21,21,0) [ 9.601 ]
1806:(41,2,2,29,21,21,0) [ 9.4322 ]
1807:(44,2,1,29,21,21,0) [ 9.3564 ]
1808:(41,2,1,29,21,21,0) [ 9.1032 ]
1809:(43,2,2,30,20,20,0) [ 9.523 ]
1810:(41,2,2,30,20,20,0) [ 9.3542 ]
1811:(41,2,3,30,20,20,0) [ 9.6942 ]
1812:(42,2,3,30,20,20,0) [ 9.7786 ]
1813:(43,2,1,30,20,20,0) [ 9.183 ]
1814:(41,2,1,30,20,20,0) [ 9.0142 ]
1815:(43,2,0,30,20,20,0) [ 8.843 ]
1816:(41,2,0,30,20,20,0) [ 8.6742 ]
1817:(43,2,1,31,19,19,0) [ 9.094 ]
1818:(41,2,1,31,19,19,0) [ 8.9252 ]
1819:(41,2,2,31,19,19,0) [ 9.2762 ]
1820:(42,2,2,31,19,19,0) [ 9.3606 ]
1821:(43,2,0,31,19,19,0) [ 8.743 ]
1822:(41,2,0,31,19,19,0) [ 8.574200000000001 ]
1823:(43,2,1,32,18,18,0) [ 9.005 ]
1824:(41,2,1,32,18,18,0) [ 8.8362 ]
1825:(41,2,2,32,18,18,0) [ 9.1982 ]
1826:(42,2,2,32,18,18,0) [ 9.2826 ]
1827:(43,2,2,33,17,17,0) [ 9.289 ]
1828:(41,2,2,33,17,17,0) [ 9.1202 ]
1829:(41,2,3,33,17,17,0) [ 9.4932 ]
1830:(42,2,3,33,17,17,0) [ 9.5776 ]
1831:(43,2,3,34,16,16,0) [ 9.595 ]
1832:(41,2,3,34,16,16,0) [ 9.4262 ]
1833:(41,2,4,34,16,16,0) [ 9.8102 ]
1834:(42,2,4,34,16,16,0) [ 9.894599999999999 ]
1835:(43,2,2,34,16,16,0) [ 9.211 ]
1836:(41,2,2,34,16,16,0) [ 9.042200000000001 ]
1837:(43,2,3,35,15,15,0) [ 9.527999999999999 ]
1838:(41,2,3,35,15,15,0) [ 9.359200000000001 ]
1839:(41,2,4,35,15,15,0) [ 9.7542 ]
1840:(42,2,4,35,15,15,0) [ 9.8386 ]
1841:(43,2,2,35,15,15,0) [ 9.133 ]
1842:(41,2,2,35,15,15,0) [ 8.9642 ]
1843:(44,2,1,35,15,15,0) [ 8.8224 ]
1844:(42,2,1,35,15,15,0) [ 8.653599999999999 ]
1845:(44,2,2,36,14,14,0) [ 9.1394 ]
1846:(42,2,2,36,14,14,0) [ 8.9706 ]
1847:(42,2,3,36,14,14,0) [ 9.3766 ]
1848:(43,2,3,36,14,14,0) [ 9.461 ]
1849:(44,2,3,37,13,13,0) [ 9.4784 ]
1850:(42,2,3,37,13,13,0) [ 9.3096 ]
1851:(42,2,4,37,13,13,0) [ 9.726600000000001 ]
1852:(43,2,4,37,13,13,0) [ 9.811 ]
1853:(44,2,2,37,13,13,0) [ 9.0614 ]
1854:(42,2,2,37,13,13,0) [ 8.8926 ]
1855:(45,2,1,37,13,13,0) [ 8.7288 ]
1856:(43,2,1,37,13,13,0) [ 8.56 ]
1857:(45,2,0,37,13,13,0) [ 8.3118 ]
1858:(43,2,0,37,13,13,0) [ 8.143 ]
1859:(45,2,1,38,12,12,0) [ 8.639800000000001 ]
1860:(43,2,1,38,12,12,0) [ 8.471 ]
1861:(43,2,2,38,12,12,0) [ 8.899000000000001 ]
1862:(44,2,2,38,12,12,0) [ 8.9834 ]
1863:(45,2,0,38,12,12,0) [ 8.2118 ]
1864:(43,2,0,38,12,12,0) [ 8.043 ]
1865:(45,2,1,39,11,11,0) [ 8.5508 ]
1866:(43,2,1,39,11,11,0) [ 8.382 ]
1867:(43,2,2,39,11,11,0) [ 8.821 ]
1868:(44,2,2,39,11,11,0) [ 8.9054 ]
1869:(46,2,0,39,11,11,0) [ 8.196200000000001 ]
1870:(44,2,0,39,11,11,0) [ 8.0274 ]
1871:(46,2,1,40,10,10,0) [ 8.546199999999999 ]
1872:(44,2,1,40,10,10,0) [ 8.3774 ]
1873:(44,2,2,40,10,10,0) [ 8.8274 ]
1874:(45,2,2,40,10,10,0) [ 8.9118 ]
1875:(46,2,0,40,10,10,0) [ 8.0962 ]
1876:(44,2,0,40,10,10,0) [ 7.9274000000000004 ]
1877:(46,2,1,41,9,9,0) [ 8.4572 ]
1878:(44,2,1,41,9,9,0) [ 8.2884 ]
1879:(44,2,2,41,9,9,0) [ 8.7494 ]
1880:(45,2,2,41,9,9,0) [ 8.8338 ]
1881:(46,2,2,42,8,8,0) [ 8.840200000000001 ]
1882:(44,2,2,42,8,8,0) [ 8.6714 ]
1883:(44,2,3,42,8,8,0) [ 9.1434 ]
1884:(45,2,3,42,8,8,0) [ 9.227800000000002 ]
1885:(46,2,1,42,8,8,0) [ 8.3682 ]
1886:(44,2,1,42,8,8,0) [ 8.1994 ]
1887:(46,2,2,43,7,7,0) [ 8.7622 ]
1888:(44,2,2,43,7,7,0) [ 8.593399999999999 ]
1889:(44,2,3,43,7,7,0) [ 9.0764 ]
1890:(45,2,3,43,7,7,0) [ 9.160799999999998 ]
1891:(47,2,1,43,7,7,0) [ 8.3636 ]
1892:(45,2,1,43,7,7,0) [ 8.194799999999999 ]
1893:(47,2,0,43,7,7,0) [ 7.8806 ]
1894:(45,2,0,43,7,7,0) [ 7.7118 ]
1895:(47,2,1,44,6,6,0) [ 8.274600000000001 ]
1896:(45,2,1,44,6,6,0) [ 8.1058 ]
1897:(45,2,2,44,6,6,0) [ 8.5998 ]
1898:(46,2,2,44,6,6,0) [ 8.684199999999999 ]
1899:(47,2,2,45,5,5,0) [ 8.6906 ]
1900:(45,2,2,45,5,5,0) [ 8.521799999999999 ]
1901:(45,2,3,45,5,5,0) [ 9.0268 ]
1902:(46,2,3,45,5,5,0) [ 9.1112 ]
1903:(47,2,1,45,5,5,0) [ 8.1856 ]
1904:(45,2,1,45,5,5,0) [ 8.0168 ]
1905:(48,2,0,45,5,5,0) [ 7.765 ]
1906:(46,2,0,45,5,5,0) [ 7.5962000000000005 ]
1907:(48,2,1,46,4,4,0) [ 8.181 ]
1908:(46,2,1,46,4,4,0) [ 8.0122 ]
1909:(46,2,2,46,4,4,0) [ 8.5282 ]
1910:(47,2,2,46,4,4,0) [ 8.612600000000002 ]
1911:(48,2,2,47,3,3,0) [ 8.619 ]
1912:(46,2,2,47,3,3,0) [ 8.450200000000002 ]
1913:(46,2,3,47,3,3,0) [ 8.9772 ]
1914:(47,2,3,47,3,3,0) [ 9.061600000000002 ]
1915:(48,2,3,48,2,2,0) [ 9.079 ]
1916:(47,2,4,48,2,2,0) [ 9.532599999999999 ]
1917:(45,2,4,48,2,2,0) [ 9.3638 ]
1918:(45,2,5,48,2,2,0) [ 9.901799999999998 ]
1919:(46,2,5,48,2,2,0) [ 9.9862 ]
1920:(45,2,3,48,2,2,0) [ 8.8258 ]
1921:(48,2,2,48,2,2,0) [ 8.540999999999999 ]
1922:(46,2,2,48,2,2,0) [ 8.3722 ]
1923:(46,2,4,49,1,1,0) [ 9.3922 ]
1924:(47,2,4,49,1,1,0) [ 9.4766 ]
1925:(52,2,0,49,0,1,1) [ 1057.6026 ]
1926:(50,2,0,49,0,1,1) [ 1057.4338 ]
1927:(25,2,14,0,49,50,1) [ 52510.3638 TARGET ]
1928:(24,2,15,0,49,50,1) [ 52510.2894 TARGET ]
1929:(25,2,15,1,48,49,1) [ 51460.4388 ]
1930:(24,2,16,1,48,49,1) [ 51460.375400000004 ]
1931:(25,2,16,2,47,48,1) [ 50410.5358 ]
1932:(24,2,17,2,47,48,1) [ 50410.4834 ]
1933:(26,2,15,2,47,48,1) [ 50410.5882 ]
1934:(26,2,14,2,47,48,1) [ 50410.5562 ]
1935:(26,2,15,3,46,47,1) [ 49360.6532 ]
1936:(25,2,16,3,46,47,1) [ 49360.6118 ]
1937:(27,2,14,3,46,47,1) [ 49360.694599999995 ]
1938:(27,2,13,3,46,47,1) [ 49360.6516 ]
1939:(27,2,14,4,45,46,1) [ 48310.7486 ]
1940:(26,2,15,4,45,46,1) [ 48310.7182 ]
1941:(28,2,13,4,45,46,1) [ 48310.779 ]
1942:(28,2,14,5,44,45,1) [ 47260.887 ]
1943:(27,2,15,5,44,45,1) [ 47260.867600000005 ]
1944:(28,2,13,5,44,45,1) [ 47260.822 ]
1945:(28,2,14,6,43,44,1) [ 46210.941000000006 ]
1946:(27,2,15,6,43,44,1) [ 46210.9326 ]
1947:(28,2,13,6,43,44,1) [ 46210.865000000005 ]
1948:(28,2,14,7,42,43,1) [ 45160.994999999995 ]
1949:(27,2,15,7,42,43,1) [ 45160.997599999995 ]
1950:(28,2,14,6,42,44,2) [ 92410.841 ]
1951:(27,2,15,6,42,44,2) [ 92410.8326 ]
1952:(29,2,13,6,42,44,2) [ 92410.84939999999 ]
1953:(29,2,12,6,42,44,2) [ 92410.77339999999 ]
1954:(29,2,11,6,42,44,2) [ 92410.69739999999 ]
1955:(29,2,12,7,41,43,2) [ 90310.80540000001 ]
1956:(28,2,13,7,41,43,2) [ 90310.808 ]
1957:(29,2,11,7,41,43,2) [ 90310.71840000001 ]
1958:(29,2,12,8,40,42,2) [ 88210.8374 ]
1959:(28,2,13,8,40,42,2) [ 88210.851 ]
1960:(30,2,11,8,40,42,2) [ 88210.8238 ]
1961:(30,2,10,8,40,42,2) [ 88210.7258 ]
1962:(30,2,11,9,39,41,2) [ 86110.84479999999 ]
1963:(29,2,12,9,39,41,2) [ 86110.8694 ]
1964:(30,2,11,9,40,41,1) [ 43060.9448 ]
1965:(29,2,12,9,40,41,1) [ 43060.9694 ]
1966:(30,2,10,9,40,41,1) [ 43060.8358 ]
1967:(30,2,11,10,39,40,1) [ 42010.9658 ]
1968:(29,2,12,10,39,40,1) [ 42011.0014 ]
1969:(30,2,10,10,39,40,1) [ 42010.8458 ]
1970:(30,2,11,11,38,39,1) [ 40960.986800000006 ]
1971:(29,2,12,11,38,39,1) [ 40961.0334 ]
1972:(30,2,12,12,37,38,1) [ 39911.1498 ]
1973:(29,2,13,12,37,38,1) [ 39911.2074 ]
1974:(30,2,11,12,37,38,1) [ 39911.0078 ]
1975:(31,2,10,12,37,38,1) [ 39910.9502 ]
1976:(30,2,9,12,37,38,1) [ 39910.7238 ]
1977:(30,2,10,13,36,37,1) [ 38860.8758 ]
1978:(29,2,11,13,36,37,1) [ 38860.9444 ]
1979:(30,2,11,14,35,36,1) [ 37811.0498 ]
1980:(29,2,12,14,35,36,1) [ 37811.1294 ]
1981:(31,2,10,14,35,36,1) [ 37810.9702 ]
1982:(32,2,9,14,35,36,1) [ 37810.8906 ]
1983:(32,2,10,15,34,35,1) [ 36761.0646 ]
1984:(31,2,11,15,34,35,1) [ 36761.1552 ]
1985:(33,2,9,15,34,35,1) [ 36760.974 ]
1986:(33,2,10,16,33,34,1) [ 35711.159 ]
1987:(32,2,11,16,33,34,1) [ 35711.2606 ]
1988:(34,2,9,16,33,34,1) [ 35711.057400000005 ]
1989:(34,2,8,16,33,34,1) [ 35710.8714 ]
1990:(34,2,7,16,33,34,1) [ 35710.6854 ]
1991:(34,2,8,17,32,33,1) [ 34660.859399999994 ]
1992:(33,2,9,17,32,33,1) [ 34660.971999999994 ]
1993:(34,2,7,17,32,33,1) [ 34660.662399999994 ]
1994:(35,2,6,17,32,33,1) [ 34660.5498 ]
1995:(35,2,7,18,31,32,1) [ 33610.7238 ]
1996:(34,2,8,18,31,32,1) [ 33610.8474 ]
1997:(35,2,6,18,31,32,1) [ 33610.5158 ]
1998:(35,2,7,19,30,31,1) [ 32560.7008 ]
1999:(34,2,8,19,30,31,1) [ 32560.8354 ]
2000:(35,2,8,20,29,30,1) [ 31510.9078 ]
2001:(34,2,9,20,29,30,1) [ 31511.0534 ]
2002:(35,2,7,20,29,30,1) [ 31510.6778 ]
2003:(35,2,6,20,29,30,1) [ 31510.4478 ]
2004:(35,2,7,21,28,29,1) [ 30460.6548 ]
2005:(34,2,8,21,28,29,1) [ 30460.8114 ]
2006:(35,2,6,21,28,29,1) [ 30460.4138 ]
2007:(34,2,8,22,27,28,1) [ 29410.7994 ]
2008:(33,2,9,22,27,28,1) [ 29410.967 ]
2009:(35,2,7,22,27,28,1) [ 29410.6318 ]
2010:(36,2,6,22,27,28,1) [ 29410.464200000002 ]
2011:(37,2,5,22,27,28,1) [ 29410.2966 ]
2012:(38,2,4,22,27,28,1) [ 29410.129 ]
2013:(38,2,5,23,26,27,1) [ 28360.336 ]
2014:(37,2,6,23,26,27,1) [ 28360.5146 ]
2015:(38,2,6,24,25,26,1) [ 27310.565 ]
2016:(37,2,7,24,25,26,1) [ 27310.7546 ]
2017:(38,2,7,25,24,25,1) [ 26260.816000000003 ]
2018:(37,2,8,25,24,25,1) [ 26261.016600000003 ]
2019:(39,2,6,25,24,25,1) [ 26260.615400000002 ]
2020:(39,2,6,24,24,26,2) [ 54610.5494 ]
2021:(38,2,7,24,24,26,2) [ 54610.739 ]
2022:(39,2,5,24,24,26,2) [ 54610.2754 ]
2023:(39,2,6,25,23,25,2) [ 52510.515400000004 ]
2024:(38,2,7,25,23,25,2) [ 52510.716 ]
2025:(39,2,5,25,23,25,2) [ 52510.2304 ]
2026:(40,2,4,25,23,25,2) [ 52510.029800000004 ]
2027:(40,2,3,25,23,25,2) [ 52509.7448 ]
2028:(40,2,2,25,23,25,2) [ 52509.459800000004 ]
2029:(40,2,3,26,23,24,1) [ 25209.7778 ]
2030:(39,2,4,26,23,24,1) [ 25209.9894 ]
2031:(41,2,3,27,22,23,1) [ 24159.7952 ]
2032:(40,2,4,27,22,23,1) [ 24160.0178 ]
2033:(41,2,2,27,22,23,1) [ 24159.4882 ]
2034:(41,2,1,27,22,23,1) [ 24159.1812 ]
2035:(41,2,2,28,21,22,1) [ 23109.4102 ]
2036:(40,2,3,28,21,22,1) [ 23109.643799999998 ]
2037:(41,2,3,29,20,21,1) [ 22059.6612 ]
2038:(40,2,4,29,20,21,1) [ 22059.9058 ]
2039:(42,2,2,29,20,21,1) [ 22059.4166 ]
2040:(42,2,3,30,19,20,1) [ 21009.678600000003 ]
2041:(41,2,4,30,19,20,1) [ 21009.9342 ]
2042:(44,2,3,31,18,19,1) [ 19959.7804 ]
2043:(43,2,4,31,18,19,1) [ 19960.047 ]
2044:(44,2,4,32,17,18,1) [ 18910.0754 ]
2045:(43,2,5,32,17,18,1) [ 18910.353 ]
2046:(44,2,3,32,17,18,1) [ 18909.7134 ]
2047:(44,2,4,33,16,17,1) [ 17860.019399999997 ]
2048:(43,2,5,33,16,17,1) [ 17860.307999999997 ]
2049:(44,2,5,34,15,16,1) [ 16810.3474 ]
2050:(43,2,6,34,15,16,1) [ 16810.647 ]
2051:(44,2,4,34,15,16,1) [ 16809.9634 ]
2052:(45,2,3,34,15,16,1) [ 16809.6638 ]
2053:(44,2,2,34,15,16,1) [ 16809.1954 ]
2054:(44,2,1,34,15,16,1) [ 16808.8114 ]
2055:(44,2,0,34,15,16,1) [ 16808.4274 ]
2056:(44,2,1,35,14,15,1) [ 15758.722399999999 ]
2057:(43,2,2,35,14,15,1) [ 15759.033 ]
2058:(45,2,0,35,14,15,1) [ 15758.4118 ]
2059:(45,2,1,36,13,14,1) [ 14708.717799999999 ]
2060:(44,2,2,36,13,14,1) [ 14709.0394 ]
2061:(46,2,0,36,13,14,1) [ 14708.3962 ]
2062:(46,2,1,37,12,13,1) [ 13658.7132 ]
2063:(45,2,2,37,12,13,1) [ 13659.0458 ]
2064:(46,2,2,38,11,12,1) [ 12609.0522 ]
2065:(45,2,3,38,11,12,1) [ 12609.3958 ]
2066:(47,2,1,38,11,12,1) [ 12608.7086 ]
2067:(47,2,2,39,10,11,1) [ 11559.0586 ]
2068:(46,2,3,39,10,11,1) [ 11559.4132 ]
2069:(47,2,1,39,10,11,1) [ 11558.6196 ]
2070:(47,2,2,40,9,10,1) [ 10508.980599999999 ]
2071:(46,2,3,40,9,10,1) [ 10509.3462 ]
2072:(48,2,1,40,9,10,1) [ 10508.615 ]
2073:(48,2,0,40,9,10,1) [ 10508.164999999999 ]
2074:(48,2,1,41,8,9,1) [ 9458.526 ]
2075:(47,2,2,41,8,9,1) [ 9458.9026 ]
2076:(49,2,0,41,8,9,1) [ 9458.149399999998 ]
2077:(49,2,1,42,7,8,1) [ 8408.521400000001 ]
2078:(48,2,2,42,7,8,1) [ 8408.909000000001 ]
2079:(50,2,0,42,7,8,1) [ 8408.133800000001 ]
2080:(50,2,1,43,6,7,1) [ 7358.5168 ]
2081:(49,2,2,43,6,7,1) [ 7358.915400000001 ]
2082:(50,2,2,44,5,6,1) [ 6308.9218 ]
2083:(49,2,3,44,5,6,1) [ 6309.3314 ]
2084:(50,2,3,45,4,5,1) [ 5259.3488 ]
2085:(49,2,4,45,4,5,1) [ 5259.769399999999 ]
2086:(51,2,2,45,4,5,1) [ 5258.928199999999 ]
2087:(51,2,3,46,3,4,1) [ 4209.3662 ]
2088:(50,2,4,46,3,4,1) [ 4209.7978 ]
2089:(51,2,2,46,3,4,1) [ 4208.8502 ]
2090:(52,2,1,46,3,4,1) [ 4208.4186 ]
2091:(53,2,0,46,3,4,1) [ 4207.987 ]
2092:(53,2,1,47,2,3,1) [ 3158.4139999999998 ]
2093:(52,2,2,47,2,3,1) [ 3158.8565999999996 ]
2094:(53,2,2,48,1,2,1) [ 2108.863 ]
2095:(52,2,3,48,1,2,1) [ 2109.3166 ]
2096:(53,2,1,48,1,2,1) [ 2108.325 ]
2097:(52,2,3,49,0,1,1) [ 1059.2496 ]
2098:(51,2,4,49,0,1,1) [ 1059.7142 ]
2099:(52,2,2,49,0,1,1) [ 1058.7006 ]
2100:(53,2,1,49,0,1,1) [ 1058.236 ]
2101:(53,2,1,49,1,1,0) [ 8.336 ]
2102:(52,2,2,49,1,1,0) [ 8.800600000000001 ]
2103:(53,2,0,49,1,1,0) [ 7.787 ]
2104:(53,2,1,50,0,0,0) [ 8.247 ]
2105:(52,2,2,50,0,0,0) [ 8.7226 ]
2106:(54,2,0,50,0,0,0) [ 7.771400000000001 ]
2107:(23,2,16,0,49,50,1) [ 52510.215000000004 TARGET ]
2108:(23,2,17,1,48,49,1) [ 51460.312000000005 ]
2109:(23,2,18,2,47,48,1) [ 50410.431 ]
2110:(24,2,17,3,46,47,1) [ 49360.5704 ]
2111:(25,2,16,4,45,46,1) [ 48310.6878 ]
2112:(26,2,16,5,44,45,1) [ 47260.8482 ]
2113:(26,2,16,6,43,44,1) [ 46210.9242 ]
2114:(26,2,16,7,42,43,1) [ 45161.000199999995 ]
2115:(26,2,16,6,42,44,2) [ 92410.8242 ]
2116:(27,2,14,7,41,43,2) [ 90310.81060000001 ]
2117:(27,2,14,8,40,42,2) [ 88210.8646 ]
2118:(28,2,13,9,39,41,2) [ 86110.894 ]
2119:(28,2,13,9,40,41,1) [ 43060.994 ]
2120:(28,2,13,10,39,40,1) [ 42011.037000000004 ]
2121:(28,2,13,11,38,39,1) [ 40961.08 ]
2122:(28,2,14,12,37,38,1) [ 39911.265 ]
2123:(28,2,12,13,36,37,1) [ 38861.013 ]
2124:(28,2,13,14,35,36,1) [ 37811.209 ]
2125:(30,2,12,15,34,35,1) [ 36761.245800000004 ]
2126:(31,2,12,16,33,34,1) [ 35711.3622 ]
2127:(32,2,10,17,32,33,1) [ 34661.084599999995 ]
2128:(33,2,9,18,31,32,1) [ 33610.971 ]
2129:(33,2,9,19,30,31,1) [ 32560.97 ]
2130:(33,2,10,20,29,30,1) [ 31511.199 ]
2131:(33,2,9,21,28,29,1) [ 30460.968 ]
2132:(32,2,10,22,27,28,1) [ 29411.1346 ]
2133:(36,2,7,23,26,27,1) [ 28360.693199999998 ]
2134:(36,2,8,24,25,26,1) [ 27310.9442 ]
2135:(36,2,9,25,24,25,1) [ 26261.217200000003 ]
2136:(37,2,8,24,24,26,2) [ 54610.9286 ]
2137:(37,2,8,25,23,25,2) [ 52510.916600000004 ]
2138:(38,2,5,26,23,24,1) [ 25210.201 ]
2139:(39,2,5,27,22,23,1) [ 24160.240400000002 ]
2140:(39,2,4,28,21,22,1) [ 23109.877399999998 ]
2141:(39,2,5,29,20,21,1) [ 22060.1504 ]
2142:(40,2,5,30,19,20,1) [ 21010.1898 ]
2143:(40,2,6,31,18,19,1) [ 19960.4958 ]
2144:(42,2,5,31,18,19,1) [ 19960.313599999998 ]
2145:(42,2,6,32,17,18,1) [ 18910.6306 ]
2146:(42,2,6,33,16,17,1) [ 17860.596599999997 ]
2147:(42,2,7,34,15,16,1) [ 16810.9466 ]
2148:(42,2,3,35,14,15,1) [ 15759.3436 ]
2149:(43,2,3,36,13,14,1) [ 14709.360999999999 ]
2150:(44,2,3,37,12,13,1) [ 13659.378400000001 ]
2151:(44,2,4,38,11,12,1) [ 12609.7394 ]
2152:(45,2,4,39,10,11,1) [ 11559.7678 ]
2153:(45,2,4,40,9,10,1) [ 10509.7118 ]
2154:(46,2,3,41,8,9,1) [ 9459.279199999999 ]
2155:(47,2,3,42,7,8,1) [ 8409.296600000001 ]
2156:(48,2,3,43,6,7,1) [ 7359.314 ]
2157:(48,2,4,44,5,6,1) [ 6309.741 ]
2158:(48,2,5,45,4,5,1) [ 5260.19 ]
2159:(49,2,5,46,3,4,1) [ 4210.2294 ]
2160:(51,2,3,47,2,3,1) [ 3159.2992 ]
2161:(51,2,4,48,1,2,1) [ 2109.7702 ]
2162:(50,2,5,49,0,1,1) [ 1060.1788 ]
2163:(51,2,3,49,1,1,0) [ 9.265200000000002 ]
2164:(51,2,3,50,0,0,0) [ 9.198200000000002 ]
2165:(25,2,3,0,49,50,1) [ 52510.2538 TARGET ]
2166:(24,2,4,0,49,50,1) [ 52510.1794 TARGET ]
2167:(25,2,4,1,48,49,1) [ 51460.207800000004 ]
2168:(24,2,5,1,48,49,1) [ 51460.144400000005 ]
2169:(26,2,3,1,48,49,1) [ 51460.2712 ]
2170:(27,2,2,1,48,49,1) [ 51460.3346 ]
2171:(28,2,1,1,48,49,1) [ 51460.398 ]
2172:(28,2,0,1,48,49,1) [ 51460.377 ]
2173:(28,2,1,2,47,48,1) [ 50410.308999999994 ]
2174:(27,2,2,2,47,48,1) [ 50410.2566 ]
2175:(28,2,2,3,46,47,1) [ 49360.263 ]
2176:(27,2,3,3,46,47,1) [ 49360.2216 ]
2177:(29,2,1,3,46,47,1) [ 49360.3044 ]
2178:(30,2,0,3,46,47,1) [ 49360.345799999996 ]
2179:(30,2,1,4,45,46,1) [ 48310.2998 ]
2180:(29,2,2,4,45,46,1) [ 48310.2694 ]
2181:(30,2,0,4,45,46,1) [ 48310.2458 ]
2182:(30,2,1,5,44,45,1) [ 47260.2108 ]
2183:(29,2,2,5,44,45,1) [ 47260.1914 ]
2184:(30,2,2,6,43,44,1) [ 46210.1978 ]
2185:(29,2,3,6,43,44,1) [ 46210.1894 ]
2186:(31,2,1,6,43,44,1) [ 46210.2062 ]
2187:(31,2,0,6,43,44,1) [ 46210.1302 ]
2188:(30,2,1,7,42,43,1) [ 45160.03279999999 ]
2189:(29,2,2,7,42,43,1) [ 45160.0354 ]
2190:(30,2,2,8,41,42,1) [ 44110.0418 ]
2191:(29,2,3,8,41,42,1) [ 44110.0554 ]
2192:(31,2,1,8,41,42,1) [ 44110.0282 ]
2193:(31,2,0,8,41,42,1) [ 44109.930199999995 ]
2194:(31,2,1,9,40,41,1) [ 43059.9392 ]
2195:(30,2,2,9,40,41,1) [ 43059.9638 ]
2196:(32,2,0,9,40,41,1) [ 43059.9146 ]
2197:(32,2,1,10,39,40,1) [ 42009.9346 ]
2198:(31,2,2,10,39,40,1) [ 42009.9702 ]
2199:(33,2,0,10,39,40,1) [ 42009.899000000005 ]
2200:(33,2,1,11,38,39,1) [ 40959.93 ]
2201:(32,2,2,11,38,39,1) [ 40959.9766 ]
2202:(33,2,2,12,37,38,1) [ 39909.983 ]
2203:(32,2,3,12,37,38,1) [ 39910.0406 ]
2204:(33,2,3,13,36,37,1) [ 38860.058 ]
2205:(32,2,4,13,36,37,1) [ 38860.126599999996 ]
2206:(33,2,4,14,35,36,1) [ 37810.155 ]
2207:(32,2,5,14,35,36,1) [ 37810.2346 ]
2208:(33,2,5,15,34,35,1) [ 36760.274000000005 ]
2209:(32,2,6,15,34,35,1) [ 36760.3646 ]
2210:(33,2,6,16,33,34,1) [ 35710.415 ]
2211:(33,2,5,16,33,34,1) [ 35710.229 ]
2212:(34,2,4,16,33,34,1) [ 35710.127400000005 ]
2213:(34,2,3,16,33,34,1) [ 35709.9414 ]
2214:(34,2,4,17,32,33,1) [ 34660.0714 ]
2215:(33,2,5,17,32,33,1) [ 34660.183999999994 ]
2216:(35,2,3,17,32,33,1) [ 34659.9588 ]
2217:(35,2,4,18,31,32,1) [ 33610.099799999996 ]
2218:(34,2,5,18,31,32,1) [ 33610.223399999995 ]
2219:(35,2,3,18,31,32,1) [ 33609.8918 ]
2220:(36,2,2,18,31,32,1) [ 33609.7682 ]
2221:(36,2,3,19,30,31,1) [ 32559.9092 ]
2222:(35,2,4,19,30,31,1) [ 32560.0438 ]
2223:(36,2,4,20,29,30,1) [ 31510.072200000002 ]
2224:(35,2,5,20,29,30,1) [ 31510.217800000002 ]
2225:(37,2,3,20,29,30,1) [ 31509.926600000003 ]
2226:(37,2,4,21,28,29,1) [ 30460.100599999998 ]
2227:(36,2,5,21,28,29,1) [ 30460.2572 ]
2228:(38,2,3,21,28,29,1) [ 30459.944 ]
2229:(39,2,3,22,27,28,1) [ 29409.9614 ]
2230:(39,2,4,23,26,27,1) [ 28360.1574 ]
2231:(39,2,5,24,25,26,1) [ 27310.3754 ]
2232:(39,2,4,24,25,26,1) [ 27310.1014 ]
2233:(39,2,5,25,24,25,1) [ 26260.330400000003 ]
2234:(40,2,4,25,24,25,1) [ 26260.129800000002 ]
2235:(40,2,3,25,24,25,1) [ 26259.844800000003 ]
2236:(41,2,2,25,24,25,1) [ 26259.644200000002 ]
2237:(43,2,0,25,24,25,1) [ 26259.243000000002 ]
2238:(42,2,1,25,24,25,1) [ 26259.443600000002 ]
2239:(43,2,1,26,23,24,1) [ 25209.439 ]
2240:(42,2,2,26,23,24,1) [ 25209.6506 ]
2241:(44,2,0,26,23,24,1) [ 25209.2274 ]
2242:(44,2,0,26,24,24,0) [ 9.3274 ]
2243:(43,2,1,26,24,24,0) [ 9.539 ]
2244:(44,2,1,27,23,23,0) [ 9.5344 ]
2245:(43,2,2,27,23,23,0) [ 9.757 ]
2246:(44,2,2,28,22,22,0) [ 9.7634 ]
2247:(43,2,3,28,22,22,0) [ 9.997 ]
2248:(44,2,3,29,21,21,0) [ 10.0144 ]
2249:(43,2,4,29,21,21,0) [ 10.258999999999999 ]
2250:(44,2,2,29,21,21,0) [ 9.6854 ]
2251:(45,2,1,29,21,21,0) [ 9.4408 ]
2252:(44,2,2,30,20,20,0) [ 9.6074 ]
2253:(43,2,3,30,20,20,0) [ 9.863 ]
2254:(44,2,1,30,20,20,0) [ 9.267399999999999 ]
2255:(44,2,0,30,20,20,0) [ 8.9274 ]
2256:(44,2,1,31,19,19,0) [ 9.1784 ]
2257:(43,2,2,31,19,19,0) [ 9.445 ]
2258:(44,2,0,31,19,19,0) [ 8.8274 ]
2259:(44,2,1,32,18,18,0) [ 9.0894 ]
2260:(43,2,2,32,18,18,0) [ 9.367 ]
2261:(44,2,2,33,17,17,0) [ 9.3734 ]
2262:(43,2,3,33,17,17,0) [ 9.661999999999999 ]
2263:(44,2,3,34,16,16,0) [ 9.6794 ]
2264:(43,2,4,34,16,16,0) [ 9.979000000000001 ]
2265:(44,2,2,34,16,16,0) [ 9.2954 ]
2266:(44,2,3,35,15,15,0) [ 9.612400000000001 ]
2267:(43,2,4,35,15,15,0) [ 9.923 ]
2268:(44,2,2,35,15,15,0) [ 9.2174 ]
2269:(45,2,1,35,15,15,0) [ 8.9068 ]
2270:(45,2,2,36,14,14,0) [ 9.2238 ]
2271:(44,2,3,36,14,14,0) [ 9.545399999999999 ]
2272:(45,2,3,37,13,13,0) [ 9.5628 ]
2273:(44,2,4,37,13,13,0) [ 9.8954 ]
2274:(45,2,2,37,13,13,0) [ 9.1458 ]
2275:(46,2,1,37,13,13,0) [ 8.8132 ]
2276:(46,2,0,37,13,13,0) [ 8.3962 ]
2277:(46,2,1,38,12,12,0) [ 8.7242 ]
2278:(45,2,2,38,12,12,0) [ 9.0678 ]
2279:(46,2,0,38,12,12,0) [ 8.2962 ]
2280:(46,2,1,39,11,11,0) [ 8.635200000000001 ]
2281:(45,2,2,39,11,11,0) [ 8.9898 ]
2282:(47,2,0,39,11,11,0) [ 8.2806 ]
2283:(47,2,1,40,10,10,0) [ 8.630600000000001 ]
2284:(46,2,2,40,10,10,0) [ 8.996200000000002 ]
2285:(47,2,0,40,10,10,0) [ 8.1806 ]
2286:(47,2,1,41,9,9,0) [ 8.5416 ]
2287:(46,2,2,41,9,9,0) [ 8.9182 ]
2288:(47,2,2,42,8,8,0) [ 8.924600000000002 ]
2289:(46,2,3,42,8,8,0) [ 9.3122 ]
2290:(47,2,1,42,8,8,0) [ 8.4526 ]
2291:(47,2,2,43,7,7,0) [ 8.846599999999999 ]
2292:(46,2,3,43,7,7,0) [ 9.2452 ]
2293:(48,2,1,43,7,7,0) [ 8.447999999999999 ]
2294:(48,2,0,43,7,7,0) [ 7.965 ]
2295:(48,2,1,44,6,6,0) [ 8.359 ]
2296:(47,2,2,44,6,6,0) [ 8.768600000000001 ]
2297:(48,2,2,45,5,5,0) [ 8.774999999999999 ]
2298:(47,2,3,45,5,5,0) [ 9.1956 ]
2299:(48,2,1,45,5,5,0) [ 8.27 ]
2300:(49,2,0,45,5,5,0) [ 7.8494 ]
2301:(49,2,1,46,4,4,0) [ 8.2654 ]
2302:(48,2,2,46,4,4,0) [ 8.697000000000001 ]
2303:(49,2,2,47,3,3,0) [ 8.7034 ]
2304:(48,2,3,47,3,3,0) [ 9.146 ]
2305:(49,2,3,48,2,2,0) [ 9.1634 ]
2306:(48,2,4,48,2,2,0) [ 9.616999999999999 ]
2307:(47,2,5,48,2,2,0) [ 10.070599999999999 ]
2308:(49,2,2,48,2,2,0) [ 8.625399999999999 ]
2309:(48,2,4,49,1,1,0) [ 9.560999999999998 ]
2310:(53,2,0,49,0,1,1) [ 1057.687 ]
2311:(-1,-1,-1,-1,-1,-1,-1) [ 0.0 ]