(R_,L,RL,G_,G_a,G_bg,G_d)
0:(50,2,0,50,0,0,0) [ 7.4338 ]
1:(49,2,1,50,0,0,0) [ 7.9094 ]
2:(49,2,0,49,1,1,0) [ 7.4494 ]
3:(49,2,1,49,1,1,0) [ 7.998399999999999 ]
4:(49,2,2,49,1,1,0) [ 8.547399999999998 ]
5:(49,2,1,48,2,2,0) [ 8.0874 ]
6:(49,2,0,47,3,3,0) [ 7.6494 ]
7:(49,2,1,47,3,3,0) [ 8.176400000000001 ]
8:(49,2,0,46,4,4,0) [ 7.7494000000000005 ]
9:(48,2,1,46,4,4,0) [ 8.181 ]
10:(48,2,0,45,5,5,0) [ 7.765 ]
11:(48,2,1,45,5,5,0) [ 8.27 ]
12:(48,2,0,44,6,6,0) [ 7.865 ]
13:(48,2,1,44,6,6,0) [ 8.359 ]
14:(47,2,2,44,6,6,0) [ 8.768600000000001 ]
15:(47,2,1,43,7,7,0) [ 8.3636 ]
16:(47,2,0,42,8,8,0) [ 7.9806 ]
17:(46,2,1,42,8,8,0) [ 8.3682 ]
18:(46,2,2,42,8,8,0) [ 8.840200000000001 ]
19:(45,2,3,42,8,8,0) [ 9.227800000000002 ]
20:(45,2,2,41,9,9,0) [ 8.8338 ]
21:(45,2,1,40,10,10,0) [ 8.4618 ]
22:(45,2,2,40,10,10,0) [ 8.9118 ]
23:(44,2,3,40,10,10,0) [ 9.2774 ]
24:(44,2,2,39,11,11,0) [ 8.9054 ]
25:(44,2,1,38,12,12,0) [ 8.555399999999999 ]
26:(44,2,0,37,13,13,0) [ 8.227400000000001 ]
27:(43,2,1,37,13,13,0) [ 8.56 ]
28:(43,2,2,37,13,13,0) [ 8.977 ]
29:(43,2,3,37,13,13,0) [ 9.394000000000002 ]
30:(43,2,4,37,13,13,0) [ 9.811 ]
31:(42,2,5,37,13,13,0) [ 10.1436 ]
32:(42,2,6,37,13,13,0) [ 10.5606 ]
33:(41,2,7,37,13,13,0) [ 10.8932 ]
34:(41,2,8,37,13,13,0) [ 11.310200000000002 ]
35:(41,2,7,36,14,14,0) [ 10.916200000000002 ]
36:(40,2,8,36,14,14,0) [ 11.237800000000002 ]
37:(40,2,7,35,15,15,0) [ 10.854800000000001 ]
38:(40,2,6,34,16,16,0) [ 10.4938 ]
39:(40,2,5,33,17,17,0) [ 10.154799999999998 ]
40:(40,2,4,32,18,18,0) [ 9.837800000000001 ]
41:(40,2,5,32,18,18,0) [ 10.1998 ]
42:(40,2,4,31,19,19,0) [ 9.8938 ]
43:(39,2,5,31,19,19,0) [ 10.160400000000001 ]
44:(39,2,4,30,20,20,0) [ 9.865400000000001 ]
45:(39,2,3,29,21,21,0) [ 9.5924 ]
46:(39,2,4,29,21,21,0) [ 9.9214 ]
47:(38,2,5,29,21,21,0) [ 10.165999999999999 ]
48:(38,2,6,29,21,21,0) [ 10.495 ]
49:(38,2,5,28,22,22,0) [ 10.210999999999999 ]
50:(38,2,4,27,23,23,0) [ 9.949 ]
51:(37,2,5,27,23,23,0) [ 10.1716 ]
52:(37,2,6,27,23,23,0) [ 10.4786 ]
53:(36,2,7,27,23,23,0) [ 10.7012 ]
54:(36,2,8,27,23,23,0) [ 11.008200000000002 ]
55:(36,2,7,26,24,24,0) [ 10.724200000000002 ]
56:(36,2,8,26,24,24,0) [ 11.0202 ]
57:(36,2,7,25,25,25,0) [ 10.7472 ]
58:(35,2,8,25,25,25,0) [ 10.9478 ]
59:(35,2,7,24,26,26,0) [ 10.685799999999999 ]
60:(35,2,6,23,27,27,0) [ 10.4458 ]
61:(34,2,7,23,27,27,0) [ 10.6244 ]
62:(33,2,8,23,27,27,0) [ 10.803 ]
63:(33,2,7,22,28,28,0) [ 10.563 ]
64:(33,2,6,21,29,29,0) [ 10.345 ]
65:(33,2,7,21,29,29,0) [ 10.586 ]
66:(33,2,6,20,30,30,0) [ 10.379000000000001 ]
67:(33,2,5,19,31,31,0) [ 10.193999999999999 ]
68:(33,2,6,19,31,31,0) [ 10.413 ]
69:(32,2,7,19,31,31,0) [ 10.547600000000001 ]
70:(32,2,6,18,32,32,0) [ 10.3626 ]
71:(32,2,5,17,33,33,0) [ 10.1996 ]
72:(32,2,6,17,33,33,0) [ 10.396600000000001 ]
73:(31,2,7,17,33,33,0) [ 10.5092 ]
74:(31,2,8,17,33,33,0) [ 10.7062 ]
75:(31,2,9,17,33,33,0) [ 10.9032 ]
76:(31,2,8,16,34,34,0) [ 10.7182 ]
77:(31,2,9,16,34,34,0) [ 10.9042 ]
78:(31,2,8,15,35,35,0) [ 10.7302 ]
79:(30,2,9,15,35,35,0) [ 10.820799999999998 ]
80:(30,2,10,15,35,35,0) [ 10.9958 ]
81:(30,2,9,14,36,36,0) [ 10.8218 ]
82:(29,2,10,14,36,36,0) [ 10.9014 ]
83:(28,2,11,14,36,36,0) [ 10.981 ]
84:(28,2,12,14,36,36,0) [ 11.145000000000001 ]
85:(28,2,11,13,37,37,0) [ 10.96 ]
86:(28,2,10,12,38,38,0) [ 10.797 ]
87:(28,2,9,11,39,39,0) [ 10.656 ]
88:(28,2,10,11,39,39,0) [ 10.787 ]
89:(28,2,9,10,40,40,0) [ 10.657 ]
90:(28,2,10,10,40,40,0) [ 10.777000000000001 ]
91:(28,2,11,10,40,40,0) [ 10.897 ]
92:(28,2,10,9,41,41,0) [ 10.767 ]
93:(28,2,9,8,42,42,0) [ 10.658999999999999 ]
94:(28,2,8,7,43,43,0) [ 10.573 ]
95:(28,2,7,6,44,44,0) [ 10.509 ]
96:(28,2,6,5,45,45,0) [ 10.467 ]
97:(28,2,5,4,46,46,0) [ 10.447000000000001 ]
98:(28,2,4,3,47,47,0) [ 10.449000000000002 ]
99:(28,2,3,2,48,48,0) [ 10.473 ]
100:(28,2,2,1,49,49,0) [ 10.519 ]
101:(28,2,1,0,50,50,0) [ 10.587 TARGET ]
102:(29,2,1,0,50,50,0) [ 10.6714 TARGET ]
103:(27,2,1,0,50,50,0) [ 10.502600000000001 TARGET ]
104:(27,2,2,0,50,50,0) [ 10.5126 TARGET ]
105:(28,2,2,0,50,50,0) [ 10.597000000000001 TARGET ]
106:(29,2,2,1,49,49,0) [ 10.6034 ]
107:(27,2,2,1,49,49,0) [ 10.4346 ]
108:(27,2,3,1,49,49,0) [ 10.4556 ]
109:(28,2,3,1,49,49,0) [ 10.540000000000001 ]
110:(29,2,3,2,48,48,0) [ 10.557400000000001 ]
111:(27,2,3,2,48,48,0) [ 10.3886 ]
112:(27,2,4,2,48,48,0) [ 10.4206 ]
113:(28,2,4,2,48,48,0) [ 10.505 ]
114:(29,2,4,3,47,47,0) [ 10.5334 ]
115:(27,2,4,3,47,47,0) [ 10.3646 ]
116:(27,2,5,3,47,47,0) [ 10.4076 ]
117:(28,2,5,3,47,47,0) [ 10.492 ]
118:(29,2,5,4,46,46,0) [ 10.531400000000001 ]
119:(27,2,5,4,46,46,0) [ 10.3626 ]
120:(27,2,6,4,46,46,0) [ 10.4166 ]
121:(28,2,6,4,46,46,0) [ 10.501000000000001 ]
122:(29,2,6,5,45,45,0) [ 10.551400000000001 ]
123:(27,2,6,5,45,45,0) [ 10.3826 ]
124:(27,2,7,5,45,45,0) [ 10.447600000000001 ]
125:(28,2,7,5,45,45,0) [ 10.532 ]
126:(29,2,7,6,44,44,0) [ 10.593399999999999 ]
127:(27,2,7,6,44,44,0) [ 10.424600000000002 ]
128:(27,2,8,6,44,44,0) [ 10.5006 ]
129:(28,2,8,6,44,44,0) [ 10.585 ]
130:(29,2,8,7,43,43,0) [ 10.657399999999999 ]
131:(27,2,8,7,43,43,0) [ 10.488600000000002 ]
132:(27,2,9,7,43,43,0) [ 10.575600000000001 ]
133:(28,2,9,7,43,43,0) [ 10.66 ]
134:(29,2,9,8,42,42,0) [ 10.743400000000001 ]
135:(27,2,9,8,42,42,0) [ 10.5746 ]
136:(27,2,10,8,42,42,0) [ 10.6726 ]
137:(28,2,10,8,42,42,0) [ 10.757000000000001 ]
138:(29,2,10,9,41,41,0) [ 10.851400000000002 ]
139:(27,2,10,9,41,41,0) [ 10.6826 ]
140:(27,2,11,9,41,41,0) [ 10.7916 ]
141:(28,2,11,9,41,41,0) [ 10.876000000000001 ]
142:(29,2,11,10,40,40,0) [ 10.9814 ]
143:(27,2,11,10,40,40,0) [ 10.8126 ]
144:(27,2,12,10,40,40,0) [ 10.9326 ]
145:(28,2,12,10,40,40,0) [ 11.017 ]
146:(29,2,10,10,40,40,0) [ 10.8614 ]
147:(27,2,10,10,40,40,0) [ 10.6926 ]
148:(29,2,9,10,40,40,0) [ 10.741399999999999 ]
149:(27,2,9,10,40,40,0) [ 10.5726 ]
150:(29,2,10,11,39,39,0) [ 10.871400000000001 ]
151:(27,2,10,11,39,39,0) [ 10.7026 ]
152:(27,2,11,11,39,39,0) [ 10.8336 ]
153:(28,2,11,11,39,39,0) [ 10.918000000000001 ]
154:(29,2,9,11,39,39,0) [ 10.740400000000001 ]
155:(27,2,9,11,39,39,0) [ 10.5716 ]
156:(29,2,10,12,38,38,0) [ 10.881400000000001 ]
157:(27,2,10,12,38,38,0) [ 10.7126 ]
158:(27,2,11,12,38,38,0) [ 10.854600000000001 ]
159:(28,2,11,12,38,38,0) [ 10.939 ]
160:(29,2,11,13,37,37,0) [ 11.0444 ]
161:(27,2,11,13,37,37,0) [ 10.8756 ]
162:(27,2,12,13,37,37,0) [ 11.0286 ]
163:(28,2,12,13,37,37,0) [ 11.113000000000001 ]
164:(29,2,12,14,36,36,0) [ 11.2294 ]
165:(27,2,12,14,36,36,0) [ 11.0606 ]
166:(27,2,13,14,36,36,0) [ 11.2246 ]
167:(28,2,13,14,36,36,0) [ 11.309000000000001 ]
168:(29,2,11,14,36,36,0) [ 11.0654 ]
169:(27,2,11,14,36,36,0) [ 10.896600000000001 ]
170:(30,2,10,14,36,36,0) [ 10.9858 ]
171:(28,2,10,14,36,36,0) [ 10.817 ]
172:(31,2,9,14,36,36,0) [ 10.9062 ]
173:(29,2,9,14,36,36,0) [ 10.7374 ]
174:(31,2,10,15,35,35,0) [ 11.080200000000001 ]
175:(29,2,10,15,35,35,0) [ 10.9114 ]
176:(29,2,11,15,35,35,0) [ 11.086400000000001 ]
177:(30,2,11,15,35,35,0) [ 11.1708 ]
178:(31,2,9,15,35,35,0) [ 10.9052 ]
179:(29,2,9,15,35,35,0) [ 10.7364 ]
180:(32,2,8,15,35,35,0) [ 10.814599999999999 ]
181:(30,2,8,15,35,35,0) [ 10.6458 ]
182:(32,2,9,16,34,34,0) [ 10.9886 ]
183:(30,2,9,16,34,34,0) [ 10.8198 ]
184:(30,2,10,16,34,34,0) [ 11.0058 ]
185:(31,2,10,16,34,34,0) [ 11.0902 ]
186:(32,2,8,16,34,34,0) [ 10.802600000000002 ]
187:(30,2,8,16,34,34,0) [ 10.6338 ]
188:(32,2,9,17,33,33,0) [ 10.9876 ]
189:(30,2,9,17,33,33,0) [ 10.8188 ]
190:(30,2,10,17,33,33,0) [ 11.0158 ]
191:(31,2,10,17,33,33,0) [ 11.1002 ]
192:(32,2,8,17,33,33,0) [ 10.7906 ]
193:(30,2,8,17,33,33,0) [ 10.6218 ]
194:(32,2,7,17,33,33,0) [ 10.5936 ]
195:(30,2,7,17,33,33,0) [ 10.4248 ]
196:(33,2,6,17,33,33,0) [ 10.481 ]
197:(31,2,6,17,33,33,0) [ 10.3122 ]
198:(33,2,5,17,33,33,0) [ 10.284 ]
199:(31,2,5,17,33,33,0) [ 10.1152 ]
200:(33,2,6,18,32,32,0) [ 10.447000000000001 ]
201:(31,2,6,18,32,32,0) [ 10.278200000000002 ]
202:(31,2,7,18,32,32,0) [ 10.4862 ]
203:(32,2,7,18,32,32,0) [ 10.570599999999999 ]
204:(33,2,7,19,31,31,0) [ 10.632 ]
205:(31,2,7,19,31,31,0) [ 10.4632 ]
206:(31,2,8,19,31,31,0) [ 10.6822 ]
207:(32,2,8,19,31,31,0) [ 10.7666 ]
208:(34,2,6,19,31,31,0) [ 10.4974 ]
209:(32,2,6,19,31,31,0) [ 10.3286 ]
210:(34,2,5,19,31,31,0) [ 10.2784 ]
211:(32,2,5,19,31,31,0) [ 10.1096 ]
212:(34,2,6,20,30,30,0) [ 10.4634 ]
213:(32,2,6,20,30,30,0) [ 10.294599999999999 ]
214:(32,2,7,20,30,30,0) [ 10.5246 ]
215:(33,2,7,20,30,30,0) [ 10.609 ]
216:(34,2,7,21,29,29,0) [ 10.6704 ]
217:(32,2,7,21,29,29,0) [ 10.5016 ]
218:(32,2,8,21,29,29,0) [ 10.7426 ]
219:(33,2,8,21,29,29,0) [ 10.827000000000002 ]
220:(34,2,6,21,29,29,0) [ 10.429400000000001 ]
221:(32,2,6,21,29,29,0) [ 10.2606 ]
222:(34,2,7,22,28,28,0) [ 10.6474 ]
223:(32,2,7,22,28,28,0) [ 10.4786 ]
224:(32,2,8,22,28,28,0) [ 10.7306 ]
225:(33,2,8,22,28,28,0) [ 10.815000000000001 ]
226:(34,2,8,23,27,27,0) [ 10.8874 ]
227:(32,2,8,23,27,27,0) [ 10.718599999999999 ]
228:(32,2,9,23,27,27,0) [ 10.9816 ]
229:(33,2,9,23,27,27,0) [ 11.065999999999999 ]
230:(35,2,7,23,27,27,0) [ 10.7088 ]
231:(33,2,7,23,27,27,0) [ 10.54 ]
232:(36,2,6,23,27,27,0) [ 10.5302 ]
233:(34,2,6,23,27,27,0) [ 10.3614 ]
234:(36,2,7,24,26,26,0) [ 10.7702 ]
235:(34,2,7,24,26,26,0) [ 10.6014 ]
236:(34,2,8,24,26,26,0) [ 10.8754 ]
237:(35,2,8,24,26,26,0) [ 10.9598 ]
238:(36,2,8,25,25,25,0) [ 11.0322 ]
239:(34,2,8,25,25,25,0) [ 10.863399999999999 ]
240:(34,2,9,25,25,25,0) [ 11.148399999999999 ]
241:(35,2,9,25,25,25,0) [ 11.232800000000001 ]
242:(37,2,7,25,25,25,0) [ 10.8316 ]
243:(35,2,7,25,25,25,0) [ 10.6628 ]
244:(37,2,8,26,24,24,0) [ 11.1046 ]
245:(35,2,8,26,24,24,0) [ 10.9358 ]
246:(35,2,9,26,24,24,0) [ 11.231800000000002 ]
247:(36,2,9,26,24,24,0) [ 11.3162 ]
248:(37,2,7,26,24,24,0) [ 10.8086 ]
249:(35,2,7,26,24,24,0) [ 10.6398 ]
250:(37,2,8,27,23,23,0) [ 11.092600000000001 ]
251:(35,2,8,27,23,23,0) [ 10.9238 ]
252:(35,2,9,27,23,23,0) [ 11.2308 ]
253:(36,2,9,27,23,23,0) [ 11.3152 ]
254:(37,2,7,27,23,23,0) [ 10.785600000000002 ]
255:(35,2,7,27,23,23,0) [ 10.616800000000001 ]
256:(38,2,6,27,23,23,0) [ 10.563000000000002 ]
257:(36,2,6,27,23,23,0) [ 10.394200000000001 ]
258:(38,2,5,27,23,23,0) [ 10.256 ]
259:(36,2,5,27,23,23,0) [ 10.0872 ]
260:(39,2,4,27,23,23,0) [ 10.0334 ]
261:(37,2,4,27,23,23,0) [ 9.864600000000001 ]
262:(39,2,5,28,22,22,0) [ 10.2954 ]
263:(37,2,5,28,22,22,0) [ 10.1266 ]
264:(37,2,6,28,22,22,0) [ 10.444600000000001 ]
265:(38,2,6,28,22,22,0) [ 10.529 ]
266:(39,2,6,29,21,21,0) [ 10.579400000000001 ]
267:(37,2,6,29,21,21,0) [ 10.4106 ]
268:(37,2,7,29,21,21,0) [ 10.739600000000001 ]
269:(38,2,7,29,21,21,0) [ 10.824 ]
270:(39,2,5,29,21,21,0) [ 10.2504 ]
271:(37,2,5,29,21,21,0) [ 10.0816 ]
272:(40,2,4,29,21,21,0) [ 10.0058 ]
273:(38,2,4,29,21,21,0) [ 9.837 ]
274:(40,2,3,29,21,21,0) [ 9.6768 ]
275:(38,2,3,29,21,21,0) [ 9.508000000000001 ]
276:(40,2,4,30,20,20,0) [ 9.9498 ]
277:(38,2,4,30,20,20,0) [ 9.780999999999999 ]
278:(38,2,5,30,20,20,0) [ 10.120999999999999 ]
279:(39,2,5,30,20,20,0) [ 10.205400000000001 ]
280:(40,2,5,31,19,19,0) [ 10.2448 ]
281:(38,2,5,31,19,19,0) [ 10.076 ]
282:(38,2,6,31,19,19,0) [ 10.427000000000001 ]
283:(39,2,6,31,19,19,0) [ 10.5114 ]
284:(41,2,4,31,19,19,0) [ 9.9782 ]
285:(39,2,4,31,19,19,0) [ 9.8094 ]
286:(41,2,5,32,18,18,0) [ 10.284200000000002 ]
287:(39,2,5,32,18,18,0) [ 10.115400000000001 ]
288:(39,2,6,32,18,18,0) [ 10.477400000000001 ]
289:(40,2,6,32,18,18,0) [ 10.561800000000002 ]
290:(41,2,4,32,18,18,0) [ 9.9222 ]
291:(39,2,4,32,18,18,0) [ 9.753400000000001 ]
292:(41,2,5,33,17,17,0) [ 10.2392 ]
293:(39,2,5,33,17,17,0) [ 10.0704 ]
294:(39,2,6,33,17,17,0) [ 10.4434 ]
295:(40,2,6,33,17,17,0) [ 10.5278 ]
296:(41,2,6,34,16,16,0) [ 10.5782 ]
297:(39,2,6,34,16,16,0) [ 10.4094 ]
298:(39,2,7,34,16,16,0) [ 10.7934 ]
299:(40,2,7,34,16,16,0) [ 10.877799999999999 ]
300:(41,2,7,35,15,15,0) [ 10.9392 ]
301:(39,2,7,35,15,15,0) [ 10.770399999999999 ]
302:(39,2,8,35,15,15,0) [ 11.1654 ]
303:(40,2,8,35,15,15,0) [ 11.2498 ]
304:(41,2,8,36,14,14,0) [ 11.3222 ]
305:(39,2,8,36,14,14,0) [ 11.1534 ]
306:(39,2,9,36,14,14,0) [ 11.5594 ]
307:(40,2,9,36,14,14,0) [ 11.6438 ]
308:(42,2,7,36,14,14,0) [ 11.0006 ]
309:(40,2,7,36,14,14,0) [ 10.8318 ]
310:(42,2,8,37,13,13,0) [ 11.3946 ]
311:(40,2,8,37,13,13,0) [ 11.2258 ]
312:(40,2,9,37,13,13,0) [ 11.642800000000001 ]
313:(41,2,9,37,13,13,0) [ 11.7272 ]
314:(42,2,7,37,13,13,0) [ 10.977599999999999 ]
315:(40,2,7,37,13,13,0) [ 10.808800000000002 ]
316:(43,2,6,37,13,13,0) [ 10.645 ]
317:(41,2,6,37,13,13,0) [ 10.476200000000002 ]
318:(43,2,5,37,13,13,0) [ 10.228000000000002 ]
319:(41,2,5,37,13,13,0) [ 10.0592 ]
320:(44,2,4,37,13,13,0) [ 9.8954 ]
321:(42,2,4,37,13,13,0) [ 9.726600000000001 ]
322:(44,2,3,37,13,13,0) [ 9.4784 ]
323:(42,2,3,37,13,13,0) [ 9.3096 ]
324:(44,2,2,37,13,13,0) [ 9.0614 ]
325:(42,2,2,37,13,13,0) [ 8.8926 ]
326:(44,2,1,37,13,13,0) [ 8.6444 ]
327:(42,2,1,37,13,13,0) [ 8.4756 ]
328:(45,2,0,37,13,13,0) [ 8.3118 ]
329:(43,2,0,37,13,13,0) [ 8.143 ]
330:(45,2,1,38,12,12,0) [ 8.639800000000001 ]
331:(43,2,1,38,12,12,0) [ 8.471 ]
332:(43,2,2,38,12,12,0) [ 8.899000000000001 ]
333:(44,2,2,38,12,12,0) [ 8.9834 ]
334:(45,2,2,39,11,11,0) [ 8.9898 ]
335:(43,2,2,39,11,11,0) [ 8.821 ]
336:(43,2,3,39,11,11,0) [ 9.26 ]
337:(44,2,3,39,11,11,0) [ 9.344399999999998 ]
338:(45,2,3,40,10,10,0) [ 9.361799999999999 ]
339:(43,2,3,40,10,10,0) [ 9.193 ]
340:(43,2,4,40,10,10,0) [ 9.643 ]
341:(44,2,4,40,10,10,0) [ 9.7274 ]
342:(46,2,2,40,10,10,0) [ 8.996200000000002 ]
343:(44,2,2,40,10,10,0) [ 8.8274 ]
344:(46,2,1,40,10,10,0) [ 8.546199999999999 ]
345:(44,2,1,40,10,10,0) [ 8.3774 ]
346:(46,2,2,41,9,9,0) [ 8.9182 ]
347:(44,2,2,41,9,9,0) [ 8.7494 ]
348:(44,2,3,41,9,9,0) [ 9.2104 ]
349:(45,2,3,41,9,9,0) [ 9.2948 ]
350:(46,2,3,42,8,8,0) [ 9.3122 ]
351:(44,2,3,42,8,8,0) [ 9.1434 ]
352:(44,2,4,42,8,8,0) [ 9.615400000000001 ]
353:(45,2,4,42,8,8,0) [ 9.6998 ]
354:(47,2,2,42,8,8,0) [ 8.924600000000002 ]
355:(45,2,2,42,8,8,0) [ 8.7558 ]
356:(47,2,1,42,8,8,0) [ 8.4526 ]
357:(45,2,1,42,8,8,0) [ 8.2838 ]
358:(48,2,0,42,8,8,0) [ 8.065 ]
359:(46,2,0,42,8,8,0) [ 7.8962 ]
360:(48,2,1,43,7,7,0) [ 8.447999999999999 ]
361:(46,2,1,43,7,7,0) [ 8.2792 ]
362:(46,2,2,43,7,7,0) [ 8.7622 ]
363:(47,2,2,43,7,7,0) [ 8.846599999999999 ]
364:(48,2,2,44,6,6,0) [ 8.853 ]
365:(46,2,2,44,6,6,0) [ 8.684199999999999 ]
366:(46,2,3,44,6,6,0) [ 9.178199999999999 ]
367:(47,2,3,44,6,6,0) [ 9.2626 ]
368:(49,2,1,44,6,6,0) [ 8.4434 ]
369:(47,2,1,44,6,6,0) [ 8.274600000000001 ]
370:(49,2,0,44,6,6,0) [ 7.949400000000001 ]
371:(47,2,0,44,6,6,0) [ 7.7806 ]
372:(49,2,1,45,5,5,0) [ 8.3544 ]
373:(47,2,1,45,5,5,0) [ 8.1856 ]
374:(47,2,2,45,5,5,0) [ 8.6906 ]
375:(48,2,2,45,5,5,0) [ 8.774999999999999 ]
376:(49,2,0,45,5,5,0) [ 7.8494 ]
377:(47,2,0,45,5,5,0) [ 7.6806 ]
378:(49,2,1,46,4,4,0) [ 8.2654 ]
379:(47,2,1,46,4,4,0) [ 8.0966 ]
380:(47,2,2,46,4,4,0) [ 8.612600000000002 ]
381:(48,2,2,46,4,4,0) [ 8.697000000000001 ]
382:(50,2,0,46,4,4,0) [ 7.8338 ]
383:(48,2,0,46,4,4,0) [ 7.665 ]
384:(50,2,1,47,3,3,0) [ 8.2608 ]
385:(48,2,1,47,3,3,0) [ 8.092 ]
386:(48,2,2,47,3,3,0) [ 8.619 ]
387:(49,2,2,47,3,3,0) [ 8.7034 ]
388:(50,2,0,47,3,3,0) [ 7.7338 ]
389:(48,2,0,47,3,3,0) [ 7.5649999999999995 ]
390:(50,2,1,48,2,2,0) [ 8.1718 ]
391:(48,2,1,48,2,2,0) [ 8.003 ]
392:(48,2,2,48,2,2,0) [ 8.540999999999999 ]
393:(49,2,2,48,2,2,0) [ 8.625399999999999 ]
394:(50,2,2,49,1,1,0) [ 8.6318 ]
395:(48,2,2,49,1,1,0) [ 8.463 ]
396:(48,2,3,49,1,1,0) [ 9.011999999999999 ]
397:(49,2,3,49,1,1,0) [ 9.096400000000001 ]
398:(50,2,1,49,1,1,0) [ 8.082799999999999 ]
399:(48,2,1,49,1,1,0) [ 7.913999999999999 ]
400:(50,2,0,49,1,1,0) [ 7.533799999999999 ]
401:(48,2,0,49,1,1,0) [ 7.364999999999999 ]
402:(50,2,1,50,0,0,0) [ 7.993799999999999 ]
403:(48,2,1,50,0,0,0) [ 7.824999999999999 ]
404:(48,2,2,50,0,0,0) [ 8.384999999999998 ]
405:(49,2,2,50,0,0,0) [ 8.4694 ]
406:(51,2,0,50,0,0,0) [ 7.518200000000001 ]
407:(49,2,0,50,0,0,0) [ 7.3494 ]
408:(30,2,1,0,50,50,0) [ 10.7558 TARGET ]
409:(29,2,2,0,50,50,0) [ 10.6814 TARGET ]
410:(30,2,2,1,49,49,0) [ 10.6878 ]
411:(29,2,3,1,49,49,0) [ 10.6244 ]
412:(30,2,3,2,48,48,0) [ 10.6418 ]
413:(29,2,4,2,48,48,0) [ 10.589400000000001 ]
414:(30,2,4,3,47,47,0) [ 10.617799999999999 ]
415:(29,2,5,3,47,47,0) [ 10.5764 ]
416:(30,2,5,4,46,46,0) [ 10.6158 ]
417:(29,2,6,4,46,46,0) [ 10.5854 ]
418:(30,2,6,5,45,45,0) [ 10.6358 ]
419:(29,2,7,5,45,45,0) [ 10.616399999999999 ]
420:(30,2,7,6,44,44,0) [ 10.677800000000001 ]
421:(29,2,8,6,44,44,0) [ 10.6694 ]
422:(30,2,8,7,43,43,0) [ 10.741800000000001 ]
423:(29,2,9,7,43,43,0) [ 10.744399999999999 ]
424:(30,2,9,8,42,42,0) [ 10.8278 ]
425:(29,2,10,8,42,42,0) [ 10.8414 ]
426:(30,2,10,9,41,41,0) [ 10.9358 ]
427:(29,2,11,9,41,41,0) [ 10.9604 ]
428:(30,2,11,10,40,40,0) [ 11.0658 ]
429:(29,2,12,10,40,40,0) [ 11.1014 ]
430:(30,2,10,10,40,40,0) [ 10.9458 ]
431:(30,2,9,10,40,40,0) [ 10.8258 ]
432:(30,2,10,11,39,39,0) [ 10.9558 ]
433:(29,2,11,11,39,39,0) [ 11.0024 ]
434:(30,2,9,11,39,39,0) [ 10.8248 ]
435:(30,2,10,12,38,38,0) [ 10.9658 ]
436:(29,2,11,12,38,38,0) [ 11.0234 ]
437:(30,2,11,13,37,37,0) [ 11.1288 ]
438:(29,2,12,13,37,37,0) [ 11.1974 ]
439:(30,2,12,14,36,36,0) [ 11.3138 ]
440:(29,2,13,14,36,36,0) [ 11.3934 ]
441:(30,2,11,14,36,36,0) [ 11.1498 ]
442:(31,2,10,14,36,36,0) [ 11.0702 ]
443:(32,2,9,14,36,36,0) [ 10.9906 ]
444:(32,2,10,15,35,35,0) [ 11.1646 ]
445:(31,2,11,15,35,35,0) [ 11.255199999999999 ]
446:(32,2,9,15,35,35,0) [ 10.9896 ]
447:(33,2,8,15,35,35,0) [ 10.899000000000001 ]
448:(33,2,9,16,34,34,0) [ 11.073 ]
449:(32,2,10,16,34,34,0) [ 11.174600000000002 ]
450:(33,2,8,16,34,34,0) [ 10.887 ]
451:(33,2,9,17,33,33,0) [ 11.072 ]
452:(32,2,10,17,33,33,0) [ 11.1846 ]
453:(33,2,8,17,33,33,0) [ 10.875 ]
454:(33,2,7,17,33,33,0) [ 10.678 ]
455:(34,2,6,17,33,33,0) [ 10.5654 ]
456:(34,2,5,17,33,33,0) [ 10.3684 ]
457:(34,2,6,18,32,32,0) [ 10.531400000000001 ]
458:(33,2,7,18,32,32,0) [ 10.655000000000001 ]
459:(34,2,7,19,31,31,0) [ 10.7164 ]
460:(33,2,8,19,31,31,0) [ 10.851 ]
461:(35,2,6,19,31,31,0) [ 10.581800000000001 ]
462:(35,2,5,19,31,31,0) [ 10.3628 ]
463:(35,2,6,20,30,30,0) [ 10.5478 ]
464:(34,2,7,20,30,30,0) [ 10.6934 ]
465:(35,2,7,21,29,29,0) [ 10.7548 ]
466:(34,2,8,21,29,29,0) [ 10.9114 ]
467:(35,2,6,21,29,29,0) [ 10.5138 ]
468:(35,2,7,22,28,28,0) [ 10.7318 ]
469:(34,2,8,22,28,28,0) [ 10.8994 ]
470:(35,2,8,23,27,27,0) [ 10.971799999999998 ]
471:(34,2,9,23,27,27,0) [ 11.150399999999998 ]
472:(36,2,7,23,27,27,0) [ 10.793199999999999 ]
473:(37,2,6,23,27,27,0) [ 10.6146 ]
474:(37,2,7,24,26,26,0) [ 10.8546 ]
475:(36,2,8,24,26,26,0) [ 11.0442 ]
476:(37,2,8,25,25,25,0) [ 11.1166 ]
477:(36,2,9,25,25,25,0) [ 11.3172 ]
478:(38,2,7,25,25,25,0) [ 10.916 ]
479:(38,2,8,26,24,24,0) [ 11.189000000000002 ]
480:(37,2,9,26,24,24,0) [ 11.400599999999999 ]
481:(38,2,7,26,24,24,0) [ 10.892999999999999 ]
482:(38,2,8,27,23,23,0) [ 11.177 ]
483:(37,2,9,27,23,23,0) [ 11.3996 ]
484:(38,2,7,27,23,23,0) [ 10.870000000000001 ]
485:(39,2,6,27,23,23,0) [ 10.647400000000001 ]
486:(39,2,5,27,23,23,0) [ 10.3404 ]
487:(40,2,4,27,23,23,0) [ 10.1178 ]
488:(40,2,5,28,22,22,0) [ 10.3798 ]
489:(39,2,6,28,22,22,0) [ 10.613399999999999 ]
490:(40,2,6,29,21,21,0) [ 10.6638 ]
491:(39,2,7,29,21,21,0) [ 10.908399999999999 ]
492:(40,2,5,29,21,21,0) [ 10.3348 ]
493:(41,2,4,29,21,21,0) [ 10.090200000000001 ]
494:(41,2,3,29,21,21,0) [ 9.7612 ]
495:(41,2,4,30,20,20,0) [ 10.0342 ]
496:(40,2,5,30,20,20,0) [ 10.2898 ]
497:(41,2,5,31,19,19,0) [ 10.3292 ]
498:(40,2,6,31,19,19,0) [ 10.595800000000002 ]
499:(42,2,4,31,19,19,0) [ 10.062600000000002 ]
500:(42,2,5,32,18,18,0) [ 10.3686 ]
501:(41,2,6,32,18,18,0) [ 10.6462 ]
502:(42,2,4,32,18,18,0) [ 10.0066 ]
503:(42,2,5,33,17,17,0) [ 10.323599999999999 ]
504:(41,2,6,33,17,17,0) [ 10.612200000000001 ]
505:(42,2,6,34,16,16,0) [ 10.6626 ]
506:(41,2,7,34,16,16,0) [ 10.962200000000001 ]
507:(42,2,7,35,15,15,0) [ 11.023599999999998 ]
508:(41,2,8,35,15,15,0) [ 11.3342 ]
509:(42,2,8,36,14,14,0) [ 11.4066 ]
510:(41,2,9,36,14,14,0) [ 11.7282 ]
511:(43,2,7,36,14,14,0) [ 11.084999999999999 ]
512:(43,2,8,37,13,13,0) [ 11.479 ]
513:(42,2,9,37,13,13,0) [ 11.8116 ]
514:(43,2,7,37,13,13,0) [ 11.062000000000001 ]
515:(44,2,6,37,13,13,0) [ 10.729400000000002 ]
516:(44,2,5,37,13,13,0) [ 10.3124 ]
517:(45,2,4,37,13,13,0) [ 9.979800000000001 ]
518:(45,2,3,37,13,13,0) [ 9.5628 ]
519:(45,2,2,37,13,13,0) [ 9.1458 ]
520:(45,2,1,37,13,13,0) [ 8.7288 ]
521:(46,2,0,37,13,13,0) [ 8.3962 ]
522:(46,2,1,38,12,12,0) [ 8.7242 ]
523:(45,2,2,38,12,12,0) [ 9.0678 ]
524:(46,2,2,39,11,11,0) [ 9.074200000000001 ]
525:(45,2,3,39,11,11,0) [ 9.4288 ]
526:(46,2,3,40,10,10,0) [ 9.446200000000001 ]
527:(45,2,4,40,10,10,0) [ 9.8118 ]
528:(47,2,2,40,10,10,0) [ 9.0806 ]
529:(47,2,1,40,10,10,0) [ 8.630600000000001 ]
530:(47,2,2,41,9,9,0) [ 9.002600000000001 ]
531:(46,2,3,41,9,9,0) [ 9.3792 ]
532:(47,2,3,42,8,8,0) [ 9.396600000000001 ]
533:(46,2,4,42,8,8,0) [ 9.784200000000002 ]
534:(48,2,2,42,8,8,0) [ 9.009 ]
535:(48,2,1,42,8,8,0) [ 8.536999999999999 ]
536:(49,2,0,42,8,8,0) [ 8.1494 ]
537:(49,2,1,43,7,7,0) [ 8.532399999999999 ]
538:(48,2,2,43,7,7,0) [ 8.930999999999997 ]
539:(49,2,2,44,6,6,0) [ 8.937399999999998 ]
540:(48,2,3,44,6,6,0) [ 9.347 ]
541:(50,2,1,44,6,6,0) [ 8.5278 ]
542:(50,2,0,44,6,6,0) [ 8.0338 ]
543:(50,2,1,45,5,5,0) [ 8.4388 ]
544:(49,2,2,45,5,5,0) [ 8.8594 ]
545:(50,2,0,45,5,5,0) [ 7.9338 ]
546:(50,2,1,46,4,4,0) [ 8.3498 ]
547:(49,2,2,46,4,4,0) [ 8.7814 ]
548:(51,2,0,46,4,4,0) [ 7.9182000000000015 ]
549:(51,2,1,47,3,3,0) [ 8.345200000000002 ]
550:(50,2,2,47,3,3,0) [ 8.7878 ]
551:(51,2,0,47,3,3,0) [ 7.818200000000001 ]
552:(51,2,1,48,2,2,0) [ 8.2562 ]
553:(50,2,2,48,2,2,0) [ 8.709799999999998 ]
554:(51,2,2,49,1,1,0) [ 8.716199999999999 ]
555:(50,2,3,49,1,1,0) [ 9.1808 ]
556:(51,2,1,49,1,1,0) [ 8.1672 ]
557:(51,2,0,49,1,1,0) [ 7.618200000000001 ]
558:(51,2,1,50,0,0,0) [ 8.0782 ]
559:(50,2,2,50,0,0,0) [ 8.553799999999999 ]
560:(52,2,0,50,0,0,0) [ 7.602600000000001 ]
561:(26,2,1,0,50,50,0) [ 10.4182 TARGET ]
562:(26,2,2,0,50,50,0) [ 10.4282 TARGET ]
563:(26,2,2,1,49,49,0) [ 10.350200000000001 ]
564:(26,2,3,1,49,49,0) [ 10.3712 ]
565:(26,2,3,2,48,48,0) [ 10.304200000000002 ]
566:(26,2,4,2,48,48,0) [ 10.336200000000002 ]
567:(26,2,4,3,47,47,0) [ 10.2802 ]
568:(26,2,5,3,47,47,0) [ 10.3232 ]
569:(26,2,5,4,46,46,0) [ 10.278200000000002 ]
570:(26,2,6,4,46,46,0) [ 10.3322 ]
571:(26,2,6,5,45,45,0) [ 10.298200000000001 ]
572:(26,2,7,5,45,45,0) [ 10.363199999999999 ]
573:(26,2,7,6,44,44,0) [ 10.3402 ]
574:(26,2,8,6,44,44,0) [ 10.4162 ]
575:(26,2,8,7,43,43,0) [ 10.4042 ]
576:(26,2,9,7,43,43,0) [ 10.4912 ]
577:(26,2,9,8,42,42,0) [ 10.490200000000002 ]
578:(26,2,10,8,42,42,0) [ 10.5882 ]
579:(26,2,10,9,41,41,0) [ 10.598200000000002 ]
580:(26,2,11,9,41,41,0) [ 10.7072 ]
581:(26,2,11,10,40,40,0) [ 10.728200000000001 ]
582:(26,2,12,10,40,40,0) [ 10.8482 ]
583:(26,2,10,10,40,40,0) [ 10.6082 ]
584:(26,2,9,10,40,40,0) [ 10.488199999999999 ]
585:(26,2,10,11,39,39,0) [ 10.618200000000002 ]
586:(26,2,11,11,39,39,0) [ 10.7492 ]
587:(26,2,9,11,39,39,0) [ 10.487200000000001 ]
588:(26,2,10,12,38,38,0) [ 10.628200000000001 ]
589:(26,2,11,12,38,38,0) [ 10.7702 ]
590:(26,2,11,13,37,37,0) [ 10.7912 ]
591:(26,2,12,13,37,37,0) [ 10.9442 ]
592:(26,2,12,14,36,36,0) [ 10.9762 ]
593:(26,2,13,14,36,36,0) [ 11.1402 ]
594:(26,2,11,14,36,36,0) [ 10.8122 ]
595:(27,2,10,14,36,36,0) [ 10.7326 ]
596:(28,2,9,14,36,36,0) [ 10.653 ]
597:(28,2,10,15,35,35,0) [ 10.827000000000002 ]
598:(28,2,11,15,35,35,0) [ 11.001999999999999 ]
599:(28,2,9,15,35,35,0) [ 10.652000000000001 ]
600:(29,2,8,15,35,35,0) [ 10.561399999999999 ]
601:(29,2,9,16,34,34,0) [ 10.7354 ]
602:(29,2,10,16,34,34,0) [ 10.9214 ]
603:(29,2,8,16,34,34,0) [ 10.5494 ]
604:(29,2,9,17,33,33,0) [ 10.734399999999999 ]
605:(29,2,10,17,33,33,0) [ 10.9314 ]
606:(29,2,8,17,33,33,0) [ 10.5374 ]
607:(29,2,7,17,33,33,0) [ 10.3404 ]
608:(30,2,6,17,33,33,0) [ 10.2278 ]
609:(30,2,5,17,33,33,0) [ 10.0308 ]
610:(30,2,6,18,32,32,0) [ 10.1938 ]
611:(30,2,7,18,32,32,0) [ 10.4018 ]
612:(30,2,7,19,31,31,0) [ 10.3788 ]
613:(30,2,8,19,31,31,0) [ 10.5978 ]
614:(31,2,6,19,31,31,0) [ 10.2442 ]
615:(31,2,5,19,31,31,0) [ 10.0252 ]
616:(31,2,6,20,30,30,0) [ 10.2102 ]
617:(31,2,7,20,30,30,0) [ 10.4402 ]
618:(31,2,7,21,29,29,0) [ 10.417200000000001 ]
619:(31,2,8,21,29,29,0) [ 10.6582 ]
620:(31,2,6,21,29,29,0) [ 10.176200000000001 ]
621:(31,2,7,22,28,28,0) [ 10.3942 ]
622:(31,2,8,22,28,28,0) [ 10.6462 ]
623:(31,2,8,23,27,27,0) [ 10.6342 ]
624:(31,2,9,23,27,27,0) [ 10.897199999999998 ]
625:(32,2,7,23,27,27,0) [ 10.4556 ]
626:(33,2,6,23,27,27,0) [ 10.277000000000001 ]
627:(33,2,7,24,26,26,0) [ 10.517 ]
628:(33,2,8,24,26,26,0) [ 10.790999999999999 ]
629:(33,2,8,25,25,25,0) [ 10.779 ]
630:(33,2,9,25,25,25,0) [ 11.064 ]
631:(34,2,7,25,25,25,0) [ 10.5784 ]
632:(34,2,8,26,24,24,0) [ 10.8514 ]
633:(34,2,9,26,24,24,0) [ 11.1474 ]
634:(34,2,7,26,24,24,0) [ 10.5554 ]
635:(34,2,8,27,23,23,0) [ 10.839400000000001 ]
636:(34,2,9,27,23,23,0) [ 11.1464 ]
637:(34,2,7,27,23,23,0) [ 10.5324 ]
638:(35,2,6,27,23,23,0) [ 10.309800000000001 ]
639:(35,2,5,27,23,23,0) [ 10.0028 ]
640:(36,2,4,27,23,23,0) [ 9.7802 ]
641:(36,2,5,28,22,22,0) [ 10.042200000000001 ]
642:(36,2,6,28,22,22,0) [ 10.360199999999999 ]
643:(36,2,6,29,21,21,0) [ 10.3262 ]
644:(36,2,7,29,21,21,0) [ 10.655199999999999 ]
645:(36,2,5,29,21,21,0) [ 9.9972 ]
646:(37,2,4,29,21,21,0) [ 9.752600000000001 ]
647:(37,2,3,29,21,21,0) [ 9.4236 ]
648:(37,2,4,30,20,20,0) [ 9.6966 ]
649:(37,2,5,30,20,20,0) [ 10.0366 ]
650:(37,2,5,31,19,19,0) [ 9.9916 ]
651:(37,2,6,31,19,19,0) [ 10.342600000000001 ]
652:(38,2,4,31,19,19,0) [ 9.725 ]
653:(38,2,5,32,18,18,0) [ 10.031 ]
654:(38,2,6,32,18,18,0) [ 10.393 ]
655:(38,2,4,32,18,18,0) [ 9.669 ]
656:(38,2,5,33,17,17,0) [ 9.986 ]
657:(38,2,6,33,17,17,0) [ 10.358999999999998 ]
658:(38,2,6,34,16,16,0) [ 10.325000000000001 ]
659:(38,2,7,34,16,16,0) [ 10.709 ]
660:(38,2,7,35,15,15,0) [ 10.686 ]
661:(38,2,8,35,15,15,0) [ 11.081 ]
662:(38,2,8,36,14,14,0) [ 11.069 ]
663:(38,2,9,36,14,14,0) [ 11.475 ]
664:(39,2,7,36,14,14,0) [ 10.7474 ]
665:(39,2,8,37,13,13,0) [ 11.1414 ]
666:(39,2,9,37,13,13,0) [ 11.5584 ]
667:(39,2,7,37,13,13,0) [ 10.7244 ]
668:(40,2,6,37,13,13,0) [ 10.3918 ]
669:(40,2,5,37,13,13,0) [ 9.974800000000002 ]
670:(41,2,4,37,13,13,0) [ 9.6422 ]
671:(41,2,3,37,13,13,0) [ 9.225200000000001 ]
672:(41,2,2,37,13,13,0) [ 8.808200000000001 ]
673:(41,2,1,37,13,13,0) [ 8.391200000000001 ]
674:(42,2,0,37,13,13,0) [ 8.0586 ]
675:(42,2,1,38,12,12,0) [ 8.386600000000001 ]
676:(42,2,2,38,12,12,0) [ 8.8146 ]
677:(42,2,2,39,11,11,0) [ 8.7366 ]
678:(42,2,3,39,11,11,0) [ 9.1756 ]
679:(42,2,3,40,10,10,0) [ 9.1086 ]
680:(42,2,4,40,10,10,0) [ 9.558599999999998 ]
681:(43,2,2,40,10,10,0) [ 8.742999999999999 ]
682:(43,2,1,40,10,10,0) [ 8.293 ]
683:(43,2,2,41,9,9,0) [ 8.665 ]
684:(43,2,3,41,9,9,0) [ 9.126 ]
685:(43,2,3,42,8,8,0) [ 9.059000000000001 ]
686:(43,2,4,42,8,8,0) [ 9.531 ]
687:(44,2,2,42,8,8,0) [ 8.6714 ]
688:(44,2,1,42,8,8,0) [ 8.1994 ]
689:(45,2,0,42,8,8,0) [ 7.8118 ]
690:(45,2,1,43,7,7,0) [ 8.194799999999999 ]
691:(45,2,2,43,7,7,0) [ 8.6778 ]
692:(45,2,2,44,6,6,0) [ 8.5998 ]
693:(45,2,3,44,6,6,0) [ 9.0938 ]
694:(46,2,1,44,6,6,0) [ 8.1902 ]
695:(46,2,0,44,6,6,0) [ 7.696200000000001 ]
696:(46,2,1,45,5,5,0) [ 8.1012 ]
697:(46,2,2,45,5,5,0) [ 8.606200000000001 ]
698:(46,2,0,45,5,5,0) [ 7.5962000000000005 ]
699:(46,2,1,46,4,4,0) [ 8.0122 ]
700:(46,2,2,46,4,4,0) [ 8.5282 ]
701:(47,2,0,46,4,4,0) [ 7.5806000000000004 ]
702:(47,2,1,47,3,3,0) [ 8.0076 ]
703:(47,2,2,47,3,3,0) [ 8.534600000000001 ]
704:(47,2,0,47,3,3,0) [ 7.4806 ]
705:(47,2,1,48,2,2,0) [ 7.9186000000000005 ]
706:(47,2,2,48,2,2,0) [ 8.4566 ]
707:(47,2,2,49,1,1,0) [ 8.3786 ]
708:(47,2,3,49,1,1,0) [ 8.9276 ]
709:(47,2,1,49,1,1,0) [ 7.8296 ]
710:(47,2,0,49,1,1,0) [ 7.2806 ]
711:(47,2,1,50,0,0,0) [ 7.740600000000001 ]
712:(47,2,2,50,0,0,0) [ 8.3006 ]
713:(48,2,0,50,0,0,0) [ 7.265 ]
714:(36,2,3,29,21,21,0) [ 9.3392 ]
715:(43,2,2,42,8,8,0) [ 8.587 ]
716:(45,2,1,44,6,6,0) [ 8.1058 ]
717:(45,2,2,45,5,5,0) [ 8.521799999999999 ]
718:(46,2,2,47,3,3,0) [ 8.450200000000002 ]
719:(41,2,3,38,12,12,0) [ 9.1582 ]
720:(45,2,3,46,4,4,0) [ 8.9598 ]
721:(46,2,3,47,3,3,0) [ 8.9772 ]
722:(46,2,3,48,2,2,0) [ 8.9102 ]
723:(45,2,0,43,7,7,0) [ 7.7118 ]
724:(43,2,1,41,9,9,0) [ 8.203999999999999 ]
725:(43,2,0,40,10,10,0) [ 7.843 ]
726:(43,2,0,39,11,11,0) [ 7.943 ]
727:(43,2,1,39,11,11,0) [ 8.382 ]
728:(43,2,0,38,12,12,0) [ 8.043 ]
729:(41,2,1,36,14,14,0) [ 8.4802 ]
730:(40,2,2,36,14,14,0) [ 8.8018 ]
731:(40,2,1,35,15,15,0) [ 8.4848 ]
732:(40,2,2,35,15,15,0) [ 8.8798 ]
733:(40,2,1,34,16,16,0) [ 8.5738 ]
734:(40,2,0,33,17,17,0) [ 8.2898 ]
735:(39,2,1,33,17,17,0) [ 8.5784 ]
736:(38,2,2,33,17,17,0) [ 8.867 ]
737:(38,2,1,32,18,18,0) [ 8.583 ]
738:(38,2,2,32,18,18,0) [ 8.945 ]
739:(38,2,3,32,18,18,0) [ 9.307 ]
740:(38,2,2,31,19,19,0) [ 9.023 ]
741:(38,2,1,30,20,20,0) [ 8.761 ]
742:(38,2,0,29,21,21,0) [ 8.521 ]
743:(37,2,1,29,21,21,0) [ 8.7656 ]
744:(37,2,2,29,21,21,0) [ 9.0946 ]
745:(36,2,2,28,22,22,0) [ 9.0882 ]
746:(35,2,3,28,22,22,0) [ 9.3218 ]
747:(35,2,2,27,23,23,0) [ 9.081800000000001 ]
748:(35,2,3,27,23,23,0) [ 9.3888 ]
749:(35,2,2,26,24,24,0) [ 9.1598 ]
750:(35,2,3,26,24,24,0) [ 9.4558 ]
751:(35,2,4,26,24,24,0) [ 9.7518 ]
752:(35,2,3,25,25,25,0) [ 9.5228 ]
753:(35,2,2,24,26,26,0) [ 9.3158 ]
754:(35,2,3,24,26,26,0) [ 9.5898 ]
755:(34,2,4,24,26,26,0) [ 9.7794 ]
756:(33,2,5,24,26,26,0) [ 9.969 ]
757:(33,2,4,23,27,27,0) [ 9.751000000000001 ]
758:(33,2,3,22,28,28,0) [ 9.555 ]
759:(33,2,2,21,29,29,0) [ 9.381 ]
760:(33,2,1,20,30,30,0) [ 9.229 ]
761:(33,2,0,19,31,31,0) [ 9.099 ]
762:(32,2,1,19,31,31,0) [ 9.2336 ]
763:(32,2,2,19,31,31,0) [ 9.4526 ]
764:(32,2,1,18,32,32,0) [ 9.322600000000001 ]
765:(31,2,2,18,32,32,0) [ 9.446200000000001 ]
766:(31,2,1,17,33,33,0) [ 9.3272 ]
767:(30,2,2,17,33,33,0) [ 9.4398 ]
768:(30,2,1,16,34,34,0) [ 9.331800000000001 ]
769:(30,2,0,15,35,35,0) [ 9.2458 ]
770:(30,2,1,15,35,35,0) [ 9.4208 ]
771:(29,2,2,15,35,35,0) [ 9.5114 ]
772:(29,2,1,14,36,36,0) [ 9.4254 ]
773:(29,2,2,14,36,36,0) [ 9.5894 ]
774:(29,2,1,13,37,37,0) [ 9.514399999999998 ]
775:(29,2,0,12,38,38,0) [ 9.461400000000001 ]
776:(28,2,1,12,38,38,0) [ 9.519 ]
777:(27,2,2,12,38,38,0) [ 9.576600000000001 ]
778:(27,2,1,11,39,39,0) [ 9.5236 ]
779:(27,2,0,10,40,40,0) [ 9.4926 ]
780:(27,2,1,10,40,40,0) [ 9.6126 ]
781:(27,2,0,9,41,41,0) [ 9.592600000000001 ]
782:(27,2,1,9,41,41,0) [ 9.701600000000001 ]
783:(27,2,0,8,42,42,0) [ 9.6926 ]
784:(26,2,1,8,42,42,0) [ 9.706199999999999 ]
785:(26,2,0,7,43,43,0) [ 9.708200000000001 ]
786:(26,2,1,7,43,43,0) [ 9.795200000000001 ]
787:(26,2,2,7,43,43,0) [ 9.882200000000001 ]
788:(26,2,1,6,44,44,0) [ 9.8842 ]
789:(26,2,2,6,44,44,0) [ 9.9602 ]
790:(25,2,3,6,44,44,0) [ 9.9518 ]
791:(25,2,2,5,45,45,0) [ 9.9538 ]
792:(25,2,1,4,46,46,0) [ 9.9778 ]
793:(25,2,2,4,46,46,0) [ 10.0318 ]
794:(25,2,3,4,46,46,0) [ 10.085799999999999 ]
795:(25,2,2,3,47,47,0) [ 10.1098 ]
796:(24,2,3,3,47,47,0) [ 10.0684 ]
797:(24,2,4,3,47,47,0) [ 10.1114 ]
798:(24,2,3,2,48,48,0) [ 10.1354 ]
799:(24,2,2,1,49,49,0) [ 10.1814 ]
800:(24,2,1,0,50,50,0) [ 10.2494 TARGET ]
801:(-1,-1,-1,-1,-1,-1,-1) [ 0.0 ]