(R_,L,RL,G_,G_a,G_bg,G_d)
0:(50,2,0,50,0,0,0) [ 7.4338 ]
1:(49,2,1,50,0,0,0) [ 7.9094 ]
2:(49,2,0,49,1,1,0) [ 7.4494 ]
3:(48,2,1,49,1,1,0) [ 7.913999999999999 ]
4:(48,2,0,48,2,2,0) [ 7.465 ]
5:(48,2,1,48,2,2,0) [ 8.003 ]
6:(47,2,2,48,2,2,0) [ 8.4566 ]
7:(47,2,1,47,3,3,0) [ 8.0076 ]
8:(46,2,2,47,3,3,0) [ 8.450200000000002 ]
9:(46,2,3,47,3,3,0) [ 8.9772 ]
10:(46,2,2,46,4,4,0) [ 8.5282 ]
11:(46,2,1,45,5,5,0) [ 8.1012 ]
12:(45,2,2,45,5,5,0) [ 8.521799999999999 ]
13:(44,2,3,45,5,5,0) [ 8.9424 ]
14:(44,2,2,44,6,6,0) [ 8.5154 ]
15:(44,2,1,43,7,7,0) [ 8.1104 ]
16:(43,2,2,43,7,7,0) [ 8.509 ]
17:(43,2,1,42,8,8,0) [ 8.115 ]
18:(43,2,2,42,8,8,0) [ 8.587 ]
19:(43,2,3,42,8,8,0) [ 9.059000000000001 ]
20:(43,2,2,41,9,9,0) [ 8.665 ]
21:(43,2,1,40,10,10,0) [ 8.293 ]
22:(42,2,2,40,10,10,0) [ 8.6586 ]
23:(41,2,3,40,10,10,0) [ 9.0242 ]
24:(41,2,2,39,11,11,0) [ 8.6522 ]
25:(41,2,1,38,12,12,0) [ 8.3022 ]
26:(41,2,0,37,13,13,0) [ 7.974200000000001 ]
27:(40,2,1,37,13,13,0) [ 8.3068 ]
28:(40,2,2,37,13,13,0) [ 8.7238 ]
29:(40,2,1,36,14,14,0) [ 8.3958 ]
30:(40,2,0,35,15,15,0) [ 8.0898 ]
31:(39,2,1,35,15,15,0) [ 8.4004 ]
32:(39,2,0,34,16,16,0) [ 8.1054 ]
33:(39,2,1,34,16,16,0) [ 8.4894 ]
34:(38,2,2,34,16,16,0) [ 8.789 ]
35:(38,2,1,33,17,17,0) [ 8.494 ]
36:(37,2,2,33,17,17,0) [ 8.7826 ]
37:(37,2,1,32,18,18,0) [ 8.4986 ]
38:(37,2,0,31,19,19,0) [ 8.236600000000001 ]
39:(37,2,1,31,19,19,0) [ 8.5876 ]
40:(37,2,2,31,19,19,0) [ 8.938600000000001 ]
41:(36,2,3,31,19,19,0) [ 9.2052 ]
42:(36,2,4,31,19,19,0) [ 9.5562 ]
43:(36,2,3,30,20,20,0) [ 9.2722 ]
44:(36,2,4,30,20,20,0) [ 9.612200000000001 ]
45:(36,2,3,29,21,21,0) [ 9.3392 ]
46:(35,2,4,29,21,21,0) [ 9.5838 ]
47:(35,2,3,28,22,22,0) [ 9.3218 ]
48:(34,2,4,28,22,22,0) [ 9.5554 ]
49:(33,2,5,28,22,22,0) [ 9.789 ]
50:(33,2,6,28,22,22,0) [ 10.107 ]
51:(33,2,7,28,22,22,0) [ 10.425 ]
52:(33,2,6,27,23,23,0) [ 10.141 ]
53:(33,2,5,26,24,24,0) [ 9.879000000000001 ]
54:(32,2,6,26,24,24,0) [ 10.090600000000002 ]
55:(32,2,7,26,24,24,0) [ 10.386600000000001 ]
56:(32,2,6,25,25,25,0) [ 10.124600000000001 ]
57:(31,2,7,25,25,25,0) [ 10.325199999999999 ]
58:(31,2,6,24,26,26,0) [ 10.074200000000001 ]
59:(31,2,7,24,26,26,0) [ 10.3482 ]
60:(30,2,8,24,26,26,0) [ 10.5378 ]
61:(29,2,9,24,26,26,0) [ 10.7274 ]
62:(28,2,10,24,26,26,0) [ 10.917 ]
63:(28,2,11,24,26,26,0) [ 11.191 ]
64:(28,2,10,23,27,27,0) [ 10.907 ]
65:(27,2,11,23,27,27,0) [ 11.0856 ]
66:(27,2,12,23,27,27,0) [ 11.348600000000001 ]
67:(27,2,11,22,28,28,0) [ 11.064600000000002 ]
68:(26,2,12,22,28,28,0) [ 11.232200000000002 ]
69:(26,2,11,21,29,29,0) [ 10.959200000000001 ]
70:(26,2,10,20,30,30,0) [ 10.708200000000001 ]
71:(26,2,9,19,31,31,0) [ 10.4792 ]
72:(26,2,10,19,31,31,0) [ 10.6982 ]
73:(25,2,11,19,31,31,0) [ 10.8328 ]
74:(25,2,12,19,31,31,0) [ 11.0518 ]
75:(24,2,13,19,31,31,0) [ 11.186399999999999 ]
76:(23,2,14,19,31,31,0) [ 11.321 ]
77:(23,2,15,19,31,31,0) [ 11.540000000000001 ]
78:(23,2,14,18,32,32,0) [ 11.267 ]
79:(23,2,13,17,33,33,0) [ 11.016 ]
80:(23,2,12,16,34,34,0) [ 10.786999999999999 ]
81:(23,2,13,16,34,34,0) [ 10.972999999999999 ]
82:(23,2,12,15,35,35,0) [ 10.754999999999999 ]
83:(22,2,13,15,35,35,0) [ 10.845600000000001 ]
84:(22,2,12,14,36,36,0) [ 10.6386 ]
85:(22,2,13,14,36,36,0) [ 10.8026 ]
86:(22,2,14,14,36,36,0) [ 10.9666 ]
87:(22,2,13,13,37,37,0) [ 10.759599999999999 ]
88:(22,2,12,12,38,38,0) [ 10.5746 ]
89:(21,2,13,12,38,38,0) [ 10.632200000000001 ]
90:(21,2,12,11,39,39,0) [ 10.4582 ]
91:(21,2,11,10,40,40,0) [ 10.3062 ]
92:(21,2,10,9,41,41,0) [ 10.176200000000001 ]
93:(21,2,9,8,42,42,0) [ 10.068200000000001 ]
94:(21,2,8,7,43,43,0) [ 9.982199999999999 ]
95:(21,2,7,6,44,44,0) [ 9.9182 ]
96:(21,2,6,5,45,45,0) [ 9.8762 ]
97:(21,2,5,4,46,46,0) [ 9.856200000000001 ]
98:(21,2,4,3,47,47,0) [ 9.8582 ]
99:(21,2,3,2,48,48,0) [ 9.882200000000001 ]
100:(21,2,2,1,49,49,0) [ 9.9282 ]
101:(21,2,1,0,50,50,0) [ 9.9962 TARGET ]
102:(22,2,1,0,50,50,0) [ 10.0806 TARGET ]
103:(20,2,1,0,50,50,0) [ 9.9118 TARGET ]
104:(20,2,2,0,50,50,0) [ 9.921800000000001 TARGET ]
105:(21,2,2,0,50,50,0) [ 10.0062 TARGET ]
106:(22,2,2,1,49,49,0) [ 10.0126 ]
107:(20,2,2,1,49,49,0) [ 9.843800000000002 ]
108:(20,2,3,1,49,49,0) [ 9.8648 ]
109:(21,2,3,1,49,49,0) [ 9.949200000000001 ]
110:(22,2,3,2,48,48,0) [ 9.9666 ]
111:(20,2,3,2,48,48,0) [ 9.7978 ]
112:(20,2,4,2,48,48,0) [ 9.8298 ]
113:(21,2,4,2,48,48,0) [ 9.914200000000001 ]
114:(22,2,4,3,47,47,0) [ 9.942599999999999 ]
115:(20,2,4,3,47,47,0) [ 9.773800000000001 ]
116:(20,2,5,3,47,47,0) [ 9.8168 ]
117:(21,2,5,3,47,47,0) [ 9.9012 ]
118:(22,2,5,4,46,46,0) [ 9.9406 ]
119:(20,2,5,4,46,46,0) [ 9.7718 ]
120:(20,2,6,4,46,46,0) [ 9.825800000000001 ]
121:(21,2,6,4,46,46,0) [ 9.9102 ]
122:(22,2,6,5,45,45,0) [ 9.9606 ]
123:(20,2,6,5,45,45,0) [ 9.7918 ]
124:(20,2,7,5,45,45,0) [ 9.8568 ]
125:(21,2,7,5,45,45,0) [ 9.9412 ]
126:(22,2,7,6,44,44,0) [ 10.002600000000001 ]
127:(20,2,7,6,44,44,0) [ 9.8338 ]
128:(20,2,8,6,44,44,0) [ 9.9098 ]
129:(21,2,8,6,44,44,0) [ 9.9942 ]
130:(22,2,8,7,43,43,0) [ 10.066600000000001 ]
131:(20,2,8,7,43,43,0) [ 9.8978 ]
132:(20,2,9,7,43,43,0) [ 9.9848 ]
133:(21,2,9,7,43,43,0) [ 10.069199999999999 ]
134:(22,2,9,8,42,42,0) [ 10.1526 ]
135:(20,2,9,8,42,42,0) [ 9.9838 ]
136:(20,2,10,8,42,42,0) [ 10.081800000000001 ]
137:(21,2,10,8,42,42,0) [ 10.1662 ]
138:(22,2,10,9,41,41,0) [ 10.2606 ]
139:(20,2,10,9,41,41,0) [ 10.0918 ]
140:(20,2,11,9,41,41,0) [ 10.200800000000001 ]
141:(21,2,11,9,41,41,0) [ 10.2852 ]
142:(22,2,11,10,40,40,0) [ 10.3906 ]
143:(20,2,11,10,40,40,0) [ 10.2218 ]
144:(20,2,12,10,40,40,0) [ 10.3418 ]
145:(21,2,12,10,40,40,0) [ 10.4262 ]
146:(22,2,12,11,39,39,0) [ 10.5426 ]
147:(20,2,12,11,39,39,0) [ 10.373800000000001 ]
148:(20,2,13,11,39,39,0) [ 10.5048 ]
149:(21,2,13,11,39,39,0) [ 10.5892 ]
150:(22,2,13,12,38,38,0) [ 10.7166 ]
151:(20,2,13,12,38,38,0) [ 10.5478 ]
152:(20,2,14,12,38,38,0) [ 10.6898 ]
153:(21,2,14,12,38,38,0) [ 10.7742 ]
154:(23,2,12,12,38,38,0) [ 10.659 ]
155:(21,2,12,12,38,38,0) [ 10.4902 ]
156:(23,2,13,13,37,37,0) [ 10.844000000000001 ]
157:(21,2,13,13,37,37,0) [ 10.6752 ]
158:(21,2,14,13,37,37,0) [ 10.828199999999999 ]
159:(22,2,14,13,37,37,0) [ 10.9126 ]
160:(23,2,14,14,36,36,0) [ 11.051 ]
161:(21,2,14,14,36,36,0) [ 10.882200000000001 ]
162:(21,2,15,14,36,36,0) [ 11.046199999999999 ]
163:(22,2,15,14,36,36,0) [ 11.1306 ]
164:(23,2,13,14,36,36,0) [ 10.887 ]
165:(21,2,13,14,36,36,0) [ 10.7182 ]
166:(23,2,12,14,36,36,0) [ 10.723 ]
167:(21,2,12,14,36,36,0) [ 10.5542 ]
168:(23,2,13,15,35,35,0) [ 10.93 ]
169:(21,2,13,15,35,35,0) [ 10.761199999999999 ]
170:(21,2,14,15,35,35,0) [ 10.9362 ]
171:(22,2,14,15,35,35,0) [ 11.0206 ]
172:(24,2,12,15,35,35,0) [ 10.839400000000001 ]
173:(22,2,12,15,35,35,0) [ 10.6706 ]
174:(24,2,13,16,34,34,0) [ 11.057400000000001 ]
175:(22,2,13,16,34,34,0) [ 10.8886 ]
176:(22,2,14,16,34,34,0) [ 11.0746 ]
177:(23,2,14,16,34,34,0) [ 11.158999999999999 ]
178:(24,2,12,16,34,34,0) [ 10.871400000000001 ]
179:(22,2,12,16,34,34,0) [ 10.7026 ]
180:(24,2,13,17,33,33,0) [ 11.100399999999999 ]
181:(22,2,13,17,33,33,0) [ 10.9316 ]
182:(22,2,14,17,33,33,0) [ 11.1286 ]
183:(23,2,14,17,33,33,0) [ 11.213 ]
184:(24,2,14,18,32,32,0) [ 11.351399999999998 ]
185:(22,2,14,18,32,32,0) [ 11.1826 ]
186:(22,2,15,18,32,32,0) [ 11.3906 ]
187:(23,2,15,18,32,32,0) [ 11.474999999999998 ]
188:(24,2,15,19,31,31,0) [ 11.6244 ]
189:(22,2,15,19,31,31,0) [ 11.455599999999999 ]
190:(22,2,16,19,31,31,0) [ 11.6746 ]
191:(23,2,16,19,31,31,0) [ 11.758999999999999 ]
192:(24,2,14,19,31,31,0) [ 11.405399999999998 ]
193:(22,2,14,19,31,31,0) [ 11.236600000000001 ]
194:(25,2,13,19,31,31,0) [ 11.2708 ]
195:(23,2,13,19,31,31,0) [ 11.101999999999999 ]
196:(26,2,12,19,31,31,0) [ 11.1362 ]
197:(24,2,12,19,31,31,0) [ 10.9674 ]
198:(26,2,11,19,31,31,0) [ 10.917200000000001 ]
199:(24,2,11,19,31,31,0) [ 10.7484 ]
200:(27,2,10,19,31,31,0) [ 10.7826 ]
201:(25,2,10,19,31,31,0) [ 10.6138 ]
202:(27,2,9,19,31,31,0) [ 10.563600000000001 ]
203:(25,2,9,19,31,31,0) [ 10.3948 ]
204:(27,2,10,20,30,30,0) [ 10.7926 ]
205:(25,2,10,20,30,30,0) [ 10.6238 ]
206:(25,2,11,20,30,30,0) [ 10.8538 ]
207:(26,2,11,20,30,30,0) [ 10.9382 ]
208:(27,2,11,21,29,29,0) [ 11.0436 ]
209:(25,2,11,21,29,29,0) [ 10.8748 ]
210:(25,2,12,21,29,29,0) [ 11.115800000000002 ]
211:(26,2,12,21,29,29,0) [ 11.2002 ]
212:(27,2,12,22,28,28,0) [ 11.316600000000001 ]
213:(25,2,12,22,28,28,0) [ 11.1478 ]
214:(25,2,13,22,28,28,0) [ 11.399799999999999 ]
215:(26,2,13,22,28,28,0) [ 11.484200000000001 ]
216:(28,2,11,22,28,28,0) [ 11.149000000000001 ]
217:(26,2,11,22,28,28,0) [ 10.9802 ]
218:(28,2,12,23,27,27,0) [ 11.433 ]
219:(26,2,12,23,27,27,0) [ 11.264199999999999 ]
220:(26,2,13,23,27,27,0) [ 11.5272 ]
221:(27,2,13,23,27,27,0) [ 11.6116 ]
222:(28,2,11,23,27,27,0) [ 11.169999999999998 ]
223:(26,2,11,23,27,27,0) [ 11.0012 ]
224:(29,2,10,23,27,27,0) [ 10.991399999999999 ]
225:(27,2,10,23,27,27,0) [ 10.822600000000001 ]
226:(29,2,11,24,26,26,0) [ 11.2754 ]
227:(27,2,11,24,26,26,0) [ 11.106599999999998 ]
228:(27,2,12,24,26,26,0) [ 11.3806 ]
229:(28,2,12,24,26,26,0) [ 11.465000000000002 ]
230:(29,2,10,24,26,26,0) [ 11.001399999999999 ]
231:(27,2,10,24,26,26,0) [ 10.832600000000001 ]
232:(30,2,9,24,26,26,0) [ 10.8118 ]
233:(28,2,9,24,26,26,0) [ 10.642999999999999 ]
234:(31,2,8,24,26,26,0) [ 10.622200000000001 ]
235:(29,2,8,24,26,26,0) [ 10.4534 ]
236:(32,2,7,24,26,26,0) [ 10.4326 ]
237:(30,2,7,24,26,26,0) [ 10.2638 ]
238:(32,2,6,24,26,26,0) [ 10.1586 ]
239:(30,2,6,24,26,26,0) [ 9.9898 ]
240:(32,2,7,25,25,25,0) [ 10.409600000000001 ]
241:(30,2,7,25,25,25,0) [ 10.2408 ]
242:(30,2,8,25,25,25,0) [ 10.5258 ]
243:(31,2,8,25,25,25,0) [ 10.610199999999999 ]
244:(33,2,6,25,25,25,0) [ 10.209 ]
245:(31,2,6,25,25,25,0) [ 10.0402 ]
246:(33,2,7,26,24,24,0) [ 10.471 ]
247:(31,2,7,26,24,24,0) [ 10.3022 ]
248:(31,2,8,26,24,24,0) [ 10.5982 ]
249:(32,2,8,26,24,24,0) [ 10.682599999999999 ]
250:(33,2,6,26,24,24,0) [ 10.175 ]
251:(31,2,6,26,24,24,0) [ 10.0062 ]
252:(34,2,5,26,24,24,0) [ 9.9634 ]
253:(32,2,5,26,24,24,0) [ 9.794599999999999 ]
254:(34,2,6,27,23,23,0) [ 10.2254 ]
255:(32,2,6,27,23,23,0) [ 10.0566 ]
256:(32,2,7,27,23,23,0) [ 10.363600000000002 ]
257:(33,2,7,27,23,23,0) [ 10.448 ]
258:(34,2,7,28,22,22,0) [ 10.5094 ]
259:(32,2,7,28,22,22,0) [ 10.340599999999998 ]
260:(32,2,8,28,22,22,0) [ 10.6586 ]
261:(33,2,8,28,22,22,0) [ 10.742999999999999 ]
262:(34,2,6,28,22,22,0) [ 10.191400000000002 ]
263:(32,2,6,28,22,22,0) [ 10.0226 ]
264:(34,2,5,28,22,22,0) [ 9.8734 ]
265:(32,2,5,28,22,22,0) [ 9.7046 ]
266:(35,2,4,28,22,22,0) [ 9.639800000000001 ]
267:(33,2,4,28,22,22,0) [ 9.471 ]
268:(36,2,3,28,22,22,0) [ 9.4062 ]
269:(34,2,3,28,22,22,0) [ 9.237400000000001 ]
270:(36,2,4,29,21,21,0) [ 9.6682 ]
271:(34,2,4,29,21,21,0) [ 9.4994 ]
272:(34,2,5,29,21,21,0) [ 9.8284 ]
273:(35,2,5,29,21,21,0) [ 9.9128 ]
274:(37,2,3,29,21,21,0) [ 9.4236 ]
275:(35,2,3,29,21,21,0) [ 9.2548 ]
276:(37,2,4,30,20,20,0) [ 9.6966 ]
277:(35,2,4,30,20,20,0) [ 9.5278 ]
278:(35,2,5,30,20,20,0) [ 9.867799999999999 ]
279:(36,2,5,30,20,20,0) [ 9.952200000000001 ]
280:(37,2,3,30,20,20,0) [ 9.3566 ]
281:(35,2,3,30,20,20,0) [ 9.1878 ]
282:(37,2,4,31,19,19,0) [ 9.6406 ]
283:(35,2,4,31,19,19,0) [ 9.4718 ]
284:(35,2,5,31,19,19,0) [ 9.822799999999999 ]
285:(36,2,5,31,19,19,0) [ 9.907200000000001 ]
286:(37,2,3,31,19,19,0) [ 9.2896 ]
287:(35,2,3,31,19,19,0) [ 9.1208 ]
288:(38,2,2,31,19,19,0) [ 9.023 ]
289:(36,2,2,31,19,19,0) [ 8.8542 ]
290:(38,2,1,31,19,19,0) [ 8.672 ]
291:(36,2,1,31,19,19,0) [ 8.5032 ]
292:(38,2,0,31,19,19,0) [ 8.321 ]
293:(36,2,0,31,19,19,0) [ 8.1522 ]
294:(38,2,1,32,18,18,0) [ 8.583 ]
295:(36,2,1,32,18,18,0) [ 8.414200000000001 ]
296:(36,2,2,32,18,18,0) [ 8.776200000000001 ]
297:(37,2,2,32,18,18,0) [ 8.8606 ]
298:(38,2,2,33,17,17,0) [ 8.867 ]
299:(36,2,2,33,17,17,0) [ 8.6982 ]
300:(36,2,3,33,17,17,0) [ 9.071200000000001 ]
301:(37,2,3,33,17,17,0) [ 9.1556 ]
302:(39,2,1,33,17,17,0) [ 8.5784 ]
303:(37,2,1,33,17,17,0) [ 8.409600000000001 ]
304:(39,2,2,34,16,16,0) [ 8.8734 ]
305:(37,2,2,34,16,16,0) [ 8.704600000000001 ]
306:(37,2,3,34,16,16,0) [ 9.0886 ]
307:(38,2,3,34,16,16,0) [ 9.173 ]
308:(40,2,1,34,16,16,0) [ 8.5738 ]
309:(38,2,1,34,16,16,0) [ 8.405 ]
310:(40,2,0,34,16,16,0) [ 8.1898 ]
311:(38,2,0,34,16,16,0) [ 8.021 ]
312:(40,2,1,35,15,15,0) [ 8.4848 ]
313:(38,2,1,35,15,15,0) [ 8.315999999999999 ]
314:(38,2,2,35,15,15,0) [ 8.711 ]
315:(39,2,2,35,15,15,0) [ 8.7954 ]
316:(41,2,0,35,15,15,0) [ 8.1742 ]
317:(39,2,0,35,15,15,0) [ 8.0054 ]
318:(41,2,1,36,14,14,0) [ 8.4802 ]
319:(39,2,1,36,14,14,0) [ 8.3114 ]
320:(39,2,2,36,14,14,0) [ 8.7174 ]
321:(40,2,2,36,14,14,0) [ 8.8018 ]
322:(41,2,2,37,13,13,0) [ 8.808200000000001 ]
323:(39,2,2,37,13,13,0) [ 8.6394 ]
324:(39,2,3,37,13,13,0) [ 9.0564 ]
325:(40,2,3,37,13,13,0) [ 9.1408 ]
326:(41,2,1,37,13,13,0) [ 8.391200000000001 ]
327:(39,2,1,37,13,13,0) [ 8.2224 ]
328:(42,2,0,37,13,13,0) [ 8.0586 ]
329:(40,2,0,37,13,13,0) [ 7.8898 ]
330:(42,2,1,38,12,12,0) [ 8.386600000000001 ]
331:(40,2,1,38,12,12,0) [ 8.2178 ]
332:(40,2,2,38,12,12,0) [ 8.645800000000001 ]
333:(41,2,2,38,12,12,0) [ 8.7302 ]
334:(42,2,2,39,11,11,0) [ 8.7366 ]
335:(40,2,2,39,11,11,0) [ 8.5678 ]
336:(40,2,3,39,11,11,0) [ 9.0068 ]
337:(41,2,3,39,11,11,0) [ 9.0912 ]
338:(42,2,3,40,10,10,0) [ 9.1086 ]
339:(40,2,3,40,10,10,0) [ 8.9398 ]
340:(40,2,4,40,10,10,0) [ 9.389800000000001 ]
341:(41,2,4,40,10,10,0) [ 9.4742 ]
342:(43,2,2,40,10,10,0) [ 8.742999999999999 ]
343:(41,2,2,40,10,10,0) [ 8.574200000000001 ]
344:(44,2,1,40,10,10,0) [ 8.3774 ]
345:(42,2,1,40,10,10,0) [ 8.2086 ]
346:(44,2,2,41,9,9,0) [ 8.7494 ]
347:(42,2,2,41,9,9,0) [ 8.5806 ]
348:(42,2,3,41,9,9,0) [ 9.0416 ]
349:(43,2,3,41,9,9,0) [ 9.126 ]
350:(44,2,3,42,8,8,0) [ 9.1434 ]
351:(42,2,3,42,8,8,0) [ 8.9746 ]
352:(42,2,4,42,8,8,0) [ 9.4466 ]
353:(43,2,4,42,8,8,0) [ 9.531 ]
354:(44,2,2,42,8,8,0) [ 8.6714 ]
355:(42,2,2,42,8,8,0) [ 8.5026 ]
356:(44,2,1,42,8,8,0) [ 8.1994 ]
357:(42,2,1,42,8,8,0) [ 8.0306 ]
358:(44,2,2,43,7,7,0) [ 8.593399999999999 ]
359:(42,2,2,43,7,7,0) [ 8.4246 ]
360:(42,2,3,43,7,7,0) [ 8.907599999999999 ]
361:(43,2,3,43,7,7,0) [ 8.991999999999999 ]
362:(45,2,1,43,7,7,0) [ 8.194799999999999 ]
363:(43,2,1,43,7,7,0) [ 8.026 ]
364:(45,2,2,44,6,6,0) [ 8.5998 ]
365:(43,2,2,44,6,6,0) [ 8.431000000000001 ]
366:(43,2,3,44,6,6,0) [ 8.924999999999999 ]
367:(44,2,3,44,6,6,0) [ 9.0094 ]
368:(45,2,3,45,5,5,0) [ 9.0268 ]
369:(43,2,3,45,5,5,0) [ 8.858 ]
370:(43,2,4,45,5,5,0) [ 9.363 ]
371:(44,2,4,45,5,5,0) [ 9.4474 ]
372:(46,2,2,45,5,5,0) [ 8.606200000000001 ]
373:(44,2,2,45,5,5,0) [ 8.4374 ]
374:(47,2,1,45,5,5,0) [ 8.1856 ]
375:(45,2,1,45,5,5,0) [ 8.0168 ]
376:(47,2,2,46,4,4,0) [ 8.612600000000002 ]
377:(45,2,2,46,4,4,0) [ 8.443800000000001 ]
378:(45,2,3,46,4,4,0) [ 8.9598 ]
379:(46,2,3,46,4,4,0) [ 9.044200000000002 ]
380:(47,2,3,47,3,3,0) [ 9.061600000000002 ]
381:(45,2,3,47,3,3,0) [ 8.892800000000001 ]
382:(45,2,4,47,3,3,0) [ 9.419800000000002 ]
383:(46,2,4,47,3,3,0) [ 9.5042 ]
384:(47,2,2,47,3,3,0) [ 8.534600000000001 ]
385:(45,2,2,47,3,3,0) [ 8.3658 ]
386:(48,2,1,47,3,3,0) [ 8.092 ]
387:(46,2,1,47,3,3,0) [ 7.9232000000000005 ]
388:(48,2,2,48,2,2,0) [ 8.540999999999999 ]
389:(46,2,2,48,2,2,0) [ 8.3722 ]
390:(46,2,3,48,2,2,0) [ 8.9102 ]
391:(47,2,3,48,2,2,0) [ 8.994599999999998 ]
392:(49,2,1,48,2,2,0) [ 8.0874 ]
393:(47,2,1,48,2,2,0) [ 7.9186000000000005 ]
394:(49,2,0,48,2,2,0) [ 7.5494 ]
395:(47,2,0,48,2,2,0) [ 7.3806 ]
396:(49,2,1,49,1,1,0) [ 7.998399999999999 ]
397:(47,2,1,49,1,1,0) [ 7.8296 ]
398:(47,2,2,49,1,1,0) [ 8.3786 ]
399:(48,2,2,49,1,1,0) [ 8.463 ]
400:(50,2,0,49,1,1,0) [ 7.533799999999999 ]
401:(48,2,0,49,1,1,0) [ 7.364999999999999 ]
402:(50,2,1,50,0,0,0) [ 7.993799999999999 ]
403:(48,2,1,50,0,0,0) [ 7.824999999999999 ]
404:(48,2,2,50,0,0,0) [ 8.384999999999998 ]
405:(49,2,2,50,0,0,0) [ 8.4694 ]
406:(51,2,0,50,0,0,0) [ 7.518200000000001 ]
407:(49,2,0,50,0,0,0) [ 7.3494 ]
408:(23,2,1,0,50,50,0) [ 10.165 TARGET ]
409:(22,2,2,0,50,50,0) [ 10.0906 TARGET ]
410:(23,2,2,1,49,49,0) [ 10.097000000000001 ]
411:(22,2,3,1,49,49,0) [ 10.0336 ]
412:(23,2,3,2,48,48,0) [ 10.051 ]
413:(22,2,4,2,48,48,0) [ 9.9986 ]
414:(23,2,4,3,47,47,0) [ 10.027000000000001 ]
415:(22,2,5,3,47,47,0) [ 9.985600000000002 ]
416:(23,2,5,4,46,46,0) [ 10.025 ]
417:(22,2,6,4,46,46,0) [ 9.994600000000002 ]
418:(23,2,6,5,45,45,0) [ 10.045 ]
419:(22,2,7,5,45,45,0) [ 10.0256 ]
420:(23,2,7,6,44,44,0) [ 10.087 ]
421:(22,2,8,6,44,44,0) [ 10.078600000000002 ]
422:(23,2,8,7,43,43,0) [ 10.151 ]
423:(22,2,9,7,43,43,0) [ 10.1536 ]
424:(23,2,9,8,42,42,0) [ 10.237 ]
425:(22,2,10,8,42,42,0) [ 10.2506 ]
426:(23,2,10,9,41,41,0) [ 10.344999999999999 ]
427:(22,2,11,9,41,41,0) [ 10.369600000000002 ]
428:(23,2,11,10,40,40,0) [ 10.475 ]
429:(22,2,12,10,40,40,0) [ 10.5106 ]
430:(23,2,12,11,39,39,0) [ 10.627 ]
431:(22,2,13,11,39,39,0) [ 10.6736 ]
432:(23,2,13,12,38,38,0) [ 10.801 ]
433:(22,2,14,12,38,38,0) [ 10.858600000000001 ]
434:(24,2,12,12,38,38,0) [ 10.743400000000001 ]
435:(24,2,13,13,37,37,0) [ 10.9284 ]
436:(23,2,14,13,37,37,0) [ 10.997 ]
437:(24,2,14,14,36,36,0) [ 11.1354 ]
438:(23,2,15,14,36,36,0) [ 11.215 ]
439:(24,2,13,14,36,36,0) [ 10.9714 ]
440:(24,2,12,14,36,36,0) [ 10.8074 ]
441:(24,2,13,15,35,35,0) [ 11.014399999999998 ]
442:(23,2,14,15,35,35,0) [ 11.105 ]
443:(25,2,12,15,35,35,0) [ 10.9238 ]
444:(25,2,13,16,34,34,0) [ 11.1418 ]
445:(24,2,14,16,34,34,0) [ 11.243400000000001 ]
446:(25,2,12,16,34,34,0) [ 10.9558 ]
447:(25,2,13,17,33,33,0) [ 11.1848 ]
448:(24,2,14,17,33,33,0) [ 11.2974 ]
449:(25,2,14,18,32,32,0) [ 11.4358 ]
450:(24,2,15,18,32,32,0) [ 11.5594 ]
451:(25,2,15,19,31,31,0) [ 11.708799999999998 ]
452:(24,2,16,19,31,31,0) [ 11.8434 ]
453:(25,2,14,19,31,31,0) [ 11.4898 ]
454:(26,2,13,19,31,31,0) [ 11.355199999999998 ]
455:(27,2,12,19,31,31,0) [ 11.2206 ]
456:(27,2,11,19,31,31,0) [ 11.0016 ]
457:(28,2,10,19,31,31,0) [ 10.867 ]
458:(28,2,9,19,31,31,0) [ 10.648 ]
459:(28,2,10,20,30,30,0) [ 10.876999999999999 ]
460:(27,2,11,20,30,30,0) [ 11.0226 ]
461:(28,2,11,21,29,29,0) [ 11.128000000000002 ]
462:(27,2,12,21,29,29,0) [ 11.284600000000001 ]
463:(28,2,12,22,28,28,0) [ 11.401 ]
464:(27,2,13,22,28,28,0) [ 11.5686 ]
465:(29,2,11,22,28,28,0) [ 11.2334 ]
466:(29,2,12,23,27,27,0) [ 11.517399999999999 ]
467:(28,2,13,23,27,27,0) [ 11.695999999999998 ]
468:(29,2,11,23,27,27,0) [ 11.2544 ]
469:(30,2,10,23,27,27,0) [ 11.075800000000001 ]
470:(30,2,11,24,26,26,0) [ 11.359799999999998 ]
471:(29,2,12,24,26,26,0) [ 11.5494 ]
472:(30,2,10,24,26,26,0) [ 11.0858 ]
473:(31,2,9,24,26,26,0) [ 10.896199999999999 ]
474:(32,2,8,24,26,26,0) [ 10.7066 ]
475:(33,2,7,24,26,26,0) [ 10.517 ]
476:(33,2,6,24,26,26,0) [ 10.243 ]
477:(33,2,7,25,25,25,0) [ 10.494 ]
478:(32,2,8,25,25,25,0) [ 10.694600000000001 ]
479:(34,2,6,25,25,25,0) [ 10.2934 ]
480:(34,2,7,26,24,24,0) [ 10.5554 ]
481:(33,2,8,26,24,24,0) [ 10.767000000000001 ]
482:(34,2,6,26,24,24,0) [ 10.2594 ]
483:(35,2,5,26,24,24,0) [ 10.047799999999999 ]
484:(35,2,6,27,23,23,0) [ 10.309800000000001 ]
485:(34,2,7,27,23,23,0) [ 10.5324 ]
486:(35,2,7,28,22,22,0) [ 10.593799999999998 ]
487:(34,2,8,28,22,22,0) [ 10.8274 ]
488:(35,2,6,28,22,22,0) [ 10.2758 ]
489:(35,2,5,28,22,22,0) [ 9.957799999999999 ]
490:(36,2,4,28,22,22,0) [ 9.7242 ]
491:(37,2,3,28,22,22,0) [ 9.4906 ]
492:(37,2,4,29,21,21,0) [ 9.752600000000001 ]
493:(36,2,5,29,21,21,0) [ 9.9972 ]
494:(38,2,3,29,21,21,0) [ 9.508000000000001 ]
495:(38,2,4,30,20,20,0) [ 9.780999999999999 ]
496:(37,2,5,30,20,20,0) [ 10.0366 ]
497:(38,2,3,30,20,20,0) [ 9.440999999999999 ]
498:(38,2,4,31,19,19,0) [ 9.725 ]
499:(37,2,5,31,19,19,0) [ 9.9916 ]
500:(38,2,3,31,19,19,0) [ 9.374 ]
501:(39,2,2,31,19,19,0) [ 9.1074 ]
502:(39,2,1,31,19,19,0) [ 8.7564 ]
503:(39,2,0,31,19,19,0) [ 8.4054 ]
504:(39,2,1,32,18,18,0) [ 8.6674 ]
505:(38,2,2,32,18,18,0) [ 8.945 ]
506:(39,2,2,33,17,17,0) [ 8.9514 ]
507:(38,2,3,33,17,17,0) [ 9.24 ]
508:(40,2,1,33,17,17,0) [ 8.6628 ]
509:(40,2,2,34,16,16,0) [ 8.9578 ]
510:(39,2,3,34,16,16,0) [ 9.2574 ]
511:(41,2,1,34,16,16,0) [ 8.6582 ]
512:(41,2,0,34,16,16,0) [ 8.2742 ]
513:(41,2,1,35,15,15,0) [ 8.5692 ]
514:(40,2,2,35,15,15,0) [ 8.8798 ]
515:(42,2,0,35,15,15,0) [ 8.2586 ]
516:(42,2,1,36,14,14,0) [ 8.5646 ]
517:(41,2,2,36,14,14,0) [ 8.8862 ]
518:(42,2,2,37,13,13,0) [ 8.8926 ]
519:(41,2,3,37,13,13,0) [ 9.225200000000001 ]
520:(42,2,1,37,13,13,0) [ 8.4756 ]
521:(43,2,0,37,13,13,0) [ 8.143 ]
522:(43,2,1,38,12,12,0) [ 8.471 ]
523:(42,2,2,38,12,12,0) [ 8.8146 ]
524:(43,2,2,39,11,11,0) [ 8.821 ]
525:(42,2,3,39,11,11,0) [ 9.1756 ]
526:(43,2,3,40,10,10,0) [ 9.193 ]
527:(42,2,4,40,10,10,0) [ 9.558599999999998 ]
528:(44,2,2,40,10,10,0) [ 8.8274 ]
529:(45,2,1,40,10,10,0) [ 8.4618 ]
530:(45,2,2,41,9,9,0) [ 8.8338 ]
531:(44,2,3,41,9,9,0) [ 9.2104 ]
532:(45,2,3,42,8,8,0) [ 9.227800000000002 ]
533:(44,2,4,42,8,8,0) [ 9.615400000000001 ]
534:(45,2,2,42,8,8,0) [ 8.7558 ]
535:(45,2,1,42,8,8,0) [ 8.2838 ]
536:(45,2,2,43,7,7,0) [ 8.6778 ]
537:(44,2,3,43,7,7,0) [ 9.0764 ]
538:(46,2,1,43,7,7,0) [ 8.2792 ]
539:(46,2,2,44,6,6,0) [ 8.684199999999999 ]
540:(45,2,3,44,6,6,0) [ 9.0938 ]
541:(46,2,3,45,5,5,0) [ 9.1112 ]
542:(45,2,4,45,5,5,0) [ 9.5318 ]
543:(47,2,2,45,5,5,0) [ 8.6906 ]
544:(48,2,1,45,5,5,0) [ 8.27 ]
545:(48,2,2,46,4,4,0) [ 8.697000000000001 ]
546:(47,2,3,46,4,4,0) [ 9.1286 ]
547:(48,2,3,47,3,3,0) [ 9.146 ]
548:(47,2,4,47,3,3,0) [ 9.5886 ]
549:(48,2,2,47,3,3,0) [ 8.619 ]
550:(49,2,1,47,3,3,0) [ 8.176400000000001 ]
551:(49,2,2,48,2,2,0) [ 8.625399999999999 ]
552:(48,2,3,48,2,2,0) [ 9.079 ]
553:(50,2,1,48,2,2,0) [ 8.1718 ]
554:(50,2,0,48,2,2,0) [ 7.6338 ]
555:(50,2,1,49,1,1,0) [ 8.082799999999999 ]
556:(49,2,2,49,1,1,0) [ 8.547399999999998 ]
557:(51,2,0,49,1,1,0) [ 7.618200000000001 ]
558:(51,2,1,50,0,0,0) [ 8.0782 ]
559:(50,2,2,50,0,0,0) [ 8.553799999999999 ]
560:(52,2,0,50,0,0,0) [ 7.602600000000001 ]
561:(29,2,9,19,31,31,0) [ 10.7324 ]
562:(29,2,10,20,30,30,0) [ 10.961400000000001 ]
563:(29,2,11,21,29,29,0) [ 11.2124 ]
564:(36,2,5,28,22,22,0) [ 10.042200000000001 ]
565:(37,2,4,28,22,22,0) [ 9.8086 ]
566:(38,2,3,28,22,22,0) [ 9.575 ]
567:(38,2,4,29,21,21,0) [ 9.837 ]
568:(39,2,3,29,21,21,0) [ 9.5924 ]
569:(39,2,3,30,20,20,0) [ 9.525400000000001 ]
570:(39,2,4,31,19,19,0) [ 9.8094 ]
571:(40,2,2,31,19,19,0) [ 9.1918 ]
572:(42,2,1,35,15,15,0) [ 8.653599999999999 ]
573:(43,2,1,36,14,14,0) [ 8.649 ]
574:(42,2,2,36,14,14,0) [ 8.9706 ]
575:(43,2,2,37,13,13,0) [ 8.977 ]
576:(43,2,1,37,13,13,0) [ 8.56 ]
577:(44,2,1,38,12,12,0) [ 8.555399999999999 ]
578:(43,2,2,38,12,12,0) [ 8.899000000000001 ]
579:(44,2,2,39,11,11,0) [ 8.9054 ]
580:(43,2,3,39,11,11,0) [ 9.26 ]
581:(44,2,3,40,10,10,0) [ 9.2774 ]
582:(43,2,4,40,10,10,0) [ 9.643 ]
583:(45,2,2,40,10,10,0) [ 8.9118 ]
584:(46,2,2,41,9,9,0) [ 8.9182 ]
585:(45,2,3,41,9,9,0) [ 9.2948 ]
586:(46,2,3,42,8,8,0) [ 9.3122 ]
587:(46,2,1,42,8,8,0) [ 8.3682 ]
588:(46,2,4,45,5,5,0) [ 9.6162 ]
589:(49,2,3,48,2,2,0) [ 9.1634 ]
590:(50,2,2,49,1,1,0) [ 8.6318 ]
591:(30,2,9,25,25,25,0) [ 10.8108 ]
592:(32,2,9,26,24,24,0) [ 10.9786 ]
593:(33,2,9,28,22,22,0) [ 11.061 ]
594:(38,2,3,35,15,15,0) [ 9.106 ]
595:(39,2,3,35,15,15,0) [ 9.1904 ]
596:(40,2,4,39,11,11,0) [ 9.4458 ]
597:(40,2,5,40,10,10,0) [ 9.8398 ]
598:(42,2,4,41,9,9,0) [ 9.5026 ]
599:(43,2,5,42,8,8,0) [ 10.003 ]
600:(43,2,4,43,7,7,0) [ 9.474999999999998 ]
601:(45,2,4,46,4,4,0) [ 9.475800000000001 ]
602:(46,2,4,46,4,4,0) [ 9.5602 ]
603:(47,2,4,48,2,2,0) [ 9.532599999999999 ]
604:(32,2,9,25,25,25,0) [ 10.9796 ]
605:(44,2,4,41,9,9,0) [ 9.6714 ]
606:(44,2,5,42,8,8,0) [ 10.087399999999999 ]
607:(45,2,5,45,5,5,0) [ 10.0368 ]
608:(47,2,4,46,4,4,0) [ 9.6446 ]
609:(49,2,3,49,1,1,0) [ 9.096400000000001 ]
610:(19,2,1,0,50,50,0) [ 9.8274 TARGET ]
611:(19,2,2,0,50,50,0) [ 9.8374 TARGET ]
612:(19,2,2,1,49,49,0) [ 9.7594 ]
613:(19,2,3,1,49,49,0) [ 9.7804 ]
614:(19,2,3,2,48,48,0) [ 9.7134 ]
615:(19,2,4,2,48,48,0) [ 9.7454 ]
616:(19,2,4,3,47,47,0) [ 9.6894 ]
617:(19,2,5,3,47,47,0) [ 9.7324 ]
618:(19,2,5,4,46,46,0) [ 9.6874 ]
619:(19,2,6,4,46,46,0) [ 9.7414 ]
620:(19,2,6,5,45,45,0) [ 9.7074 ]
621:(19,2,7,5,45,45,0) [ 9.772400000000001 ]
622:(19,2,7,6,44,44,0) [ 9.749400000000001 ]
623:(19,2,8,6,44,44,0) [ 9.8254 ]
624:(19,2,8,7,43,43,0) [ 9.813400000000001 ]
625:(19,2,9,7,43,43,0) [ 9.900400000000001 ]
626:(19,2,9,8,42,42,0) [ 9.8994 ]
627:(19,2,10,8,42,42,0) [ 9.997399999999999 ]
628:(19,2,10,9,41,41,0) [ 10.0074 ]
629:(19,2,11,9,41,41,0) [ 10.1164 ]
630:(19,2,11,10,40,40,0) [ 10.1374 ]
631:(19,2,12,10,40,40,0) [ 10.2574 ]
632:(19,2,12,11,39,39,0) [ 10.2894 ]
633:(19,2,13,11,39,39,0) [ 10.4204 ]
634:(19,2,13,12,38,38,0) [ 10.4634 ]
635:(19,2,14,12,38,38,0) [ 10.605400000000001 ]
636:(20,2,12,12,38,38,0) [ 10.405800000000001 ]
637:(20,2,13,13,37,37,0) [ 10.5908 ]
638:(20,2,14,13,37,37,0) [ 10.7438 ]
639:(20,2,14,14,36,36,0) [ 10.7978 ]
640:(20,2,15,14,36,36,0) [ 10.9618 ]
641:(20,2,13,14,36,36,0) [ 10.633799999999999 ]
642:(20,2,12,14,36,36,0) [ 10.469800000000001 ]
643:(20,2,13,15,35,35,0) [ 10.6768 ]
644:(20,2,14,15,35,35,0) [ 10.8518 ]
645:(21,2,12,15,35,35,0) [ 10.5862 ]
646:(21,2,13,16,34,34,0) [ 10.804200000000002 ]
647:(21,2,14,16,34,34,0) [ 10.990200000000002 ]
648:(21,2,12,16,34,34,0) [ 10.618200000000002 ]
649:(21,2,13,17,33,33,0) [ 10.847199999999999 ]
650:(21,2,14,17,33,33,0) [ 11.0442 ]
651:(21,2,14,18,32,32,0) [ 11.0982 ]
652:(21,2,15,18,32,32,0) [ 11.3062 ]
653:(21,2,15,19,31,31,0) [ 11.3712 ]
654:(21,2,16,19,31,31,0) [ 11.5902 ]
655:(21,2,14,19,31,31,0) [ 11.152199999999999 ]
656:(22,2,13,19,31,31,0) [ 11.0176 ]
657:(23,2,12,19,31,31,0) [ 10.883000000000001 ]
658:(23,2,11,19,31,31,0) [ 10.664 ]
659:(24,2,10,19,31,31,0) [ 10.5294 ]
660:(24,2,9,19,31,31,0) [ 10.3104 ]
661:(24,2,10,20,30,30,0) [ 10.5394 ]
662:(24,2,11,20,30,30,0) [ 10.769400000000001 ]
663:(24,2,11,21,29,29,0) [ 10.7904 ]
664:(24,2,12,21,29,29,0) [ 11.0314 ]
665:(24,2,12,22,28,28,0) [ 11.063400000000001 ]
666:(24,2,13,22,28,28,0) [ 11.3154 ]
667:(25,2,11,22,28,28,0) [ 10.895800000000001 ]
668:(25,2,12,23,27,27,0) [ 11.1798 ]
669:(25,2,13,23,27,27,0) [ 11.442799999999998 ]
670:(25,2,11,23,27,27,0) [ 10.916799999999999 ]
671:(26,2,10,23,27,27,0) [ 10.738199999999999 ]
672:(26,2,11,24,26,26,0) [ 11.0222 ]
673:(26,2,12,24,26,26,0) [ 11.2962 ]
674:(26,2,10,24,26,26,0) [ 10.748199999999999 ]
675:(27,2,9,24,26,26,0) [ 10.5586 ]
676:(28,2,8,24,26,26,0) [ 10.369000000000002 ]
677:(29,2,7,24,26,26,0) [ 10.1794 ]
678:(29,2,6,24,26,26,0) [ 9.9054 ]
679:(29,2,7,25,25,25,0) [ 10.1564 ]
680:(29,2,8,25,25,25,0) [ 10.4414 ]
681:(30,2,6,25,25,25,0) [ 9.9558 ]
682:(30,2,7,26,24,24,0) [ 10.2178 ]
683:(30,2,8,26,24,24,0) [ 10.513800000000002 ]
684:(30,2,6,26,24,24,0) [ 9.921800000000001 ]
685:(31,2,5,26,24,24,0) [ 9.7102 ]
686:(31,2,6,27,23,23,0) [ 9.9722 ]
687:(31,2,7,27,23,23,0) [ 10.2792 ]
688:(31,2,7,28,22,22,0) [ 10.2562 ]
689:(31,2,8,28,22,22,0) [ 10.574200000000001 ]
690:(31,2,6,28,22,22,0) [ 9.9382 ]
691:(31,2,5,28,22,22,0) [ 9.6202 ]
692:(32,2,4,28,22,22,0) [ 9.386600000000001 ]
693:(33,2,3,28,22,22,0) [ 9.152999999999999 ]
694:(33,2,4,29,21,21,0) [ 9.415000000000001 ]
695:(33,2,5,29,21,21,0) [ 9.744 ]
696:(34,2,3,29,21,21,0) [ 9.1704 ]
697:(34,2,4,30,20,20,0) [ 9.4434 ]
698:(34,2,5,30,20,20,0) [ 9.7834 ]
699:(34,2,3,30,20,20,0) [ 9.1034 ]
700:(34,2,4,31,19,19,0) [ 9.3874 ]
701:(34,2,5,31,19,19,0) [ 9.7384 ]
702:(34,2,3,31,19,19,0) [ 9.0364 ]
703:(35,2,2,31,19,19,0) [ 8.7698 ]
704:(35,2,1,31,19,19,0) [ 8.4188 ]
705:(35,2,0,31,19,19,0) [ 8.0678 ]
706:(35,2,1,32,18,18,0) [ 8.3298 ]
707:(35,2,2,32,18,18,0) [ 8.6918 ]
708:(35,2,2,33,17,17,0) [ 8.613800000000001 ]
709:(35,2,3,33,17,17,0) [ 8.9868 ]
710:(36,2,1,33,17,17,0) [ 8.325199999999999 ]
711:(36,2,2,34,16,16,0) [ 8.6202 ]
712:(36,2,3,34,16,16,0) [ 9.0042 ]
713:(37,2,1,34,16,16,0) [ 8.3206 ]
714:(37,2,0,34,16,16,0) [ 7.9366 ]
715:(37,2,1,35,15,15,0) [ 8.2316 ]
716:(37,2,2,35,15,15,0) [ 8.6266 ]
717:(38,2,0,35,15,15,0) [ 7.921 ]
718:(38,2,1,36,14,14,0) [ 8.227 ]
719:(38,2,2,36,14,14,0) [ 8.633000000000001 ]
720:(38,2,2,37,13,13,0) [ 8.555 ]
721:(38,2,3,37,13,13,0) [ 8.972 ]
722:(38,2,1,37,13,13,0) [ 8.138 ]
723:(39,2,0,37,13,13,0) [ 7.8054 ]
724:(39,2,1,38,12,12,0) [ 8.133400000000002 ]
725:(39,2,2,38,12,12,0) [ 8.5614 ]
726:(39,2,2,39,11,11,0) [ 8.4834 ]
727:(39,2,3,39,11,11,0) [ 8.9224 ]
728:(39,2,3,40,10,10,0) [ 8.8554 ]
729:(39,2,4,40,10,10,0) [ 9.305399999999999 ]
730:(40,2,2,40,10,10,0) [ 8.489799999999999 ]
731:(41,2,1,40,10,10,0) [ 8.1242 ]
732:(41,2,2,41,9,9,0) [ 8.4962 ]
733:(41,2,3,41,9,9,0) [ 8.9572 ]
734:(41,2,3,42,8,8,0) [ 8.8902 ]
735:(41,2,4,42,8,8,0) [ 9.362200000000001 ]
736:(41,2,2,42,8,8,0) [ 8.4182 ]
737:(41,2,1,42,8,8,0) [ 7.9462 ]
738:(41,2,2,43,7,7,0) [ 8.3402 ]
739:(41,2,3,43,7,7,0) [ 8.8232 ]
740:(42,2,1,43,7,7,0) [ 7.9416 ]
741:(42,2,2,44,6,6,0) [ 8.3466 ]
742:(42,2,3,44,6,6,0) [ 8.8406 ]
743:(42,2,3,45,5,5,0) [ 8.7736 ]
744:(42,2,4,45,5,5,0) [ 9.2786 ]
745:(43,2,2,45,5,5,0) [ 8.353 ]
746:(44,2,1,45,5,5,0) [ 7.9323999999999995 ]
747:(44,2,2,46,4,4,0) [ 8.359399999999999 ]
748:(44,2,3,46,4,4,0) [ 8.8754 ]
749:(44,2,3,47,3,3,0) [ 8.8084 ]
750:(44,2,4,47,3,3,0) [ 9.3354 ]
751:(44,2,2,47,3,3,0) [ 8.2814 ]
752:(45,2,1,47,3,3,0) [ 7.8388 ]
753:(45,2,2,48,2,2,0) [ 8.2878 ]
754:(45,2,3,48,2,2,0) [ 8.8258 ]
755:(46,2,1,48,2,2,0) [ 7.834200000000001 ]
756:(46,2,0,48,2,2,0) [ 7.296200000000001 ]
757:(46,2,1,49,1,1,0) [ 7.7452 ]
758:(46,2,2,49,1,1,0) [ 8.2942 ]
759:(47,2,0,49,1,1,0) [ 7.2806 ]
760:(47,2,1,50,0,0,0) [ 7.740600000000001 ]
761:(47,2,2,50,0,0,0) [ 8.3006 ]
762:(48,2,0,50,0,0,0) [ 7.265 ]
763:(33,2,6,31,19,19,0) [ 10.005 ]
764:(38,2,4,37,13,13,0) [ 9.389000000000001 ]
765:(39,2,4,39,11,11,0) [ 9.3614 ]
766:(39,2,5,40,10,10,0) [ 9.7554 ]
767:(41,2,4,41,9,9,0) [ 9.4182 ]
768:(41,2,5,42,8,8,0) [ 9.8342 ]
769:(48,2,0,47,3,3,0) [ 7.5649999999999995 ]
770:(45,2,1,41,9,9,0) [ 8.3728 ]
771:(45,2,1,39,11,11,0) [ 8.5508 ]
772:(45,2,0,38,12,12,0) [ 8.2118 ]
773:(45,2,1,38,12,12,0) [ 8.639800000000001 ]
774:(44,2,2,38,12,12,0) [ 8.9834 ]
775:(44,2,3,38,12,12,0) [ 9.4114 ]
776:(44,2,2,37,13,13,0) [ 9.0614 ]
777:(44,2,1,36,14,14,0) [ 8.7334 ]
778:(43,2,2,36,14,14,0) [ 9.055 ]
779:(43,2,1,35,15,15,0) [ 8.738 ]
780:(43,2,2,35,15,15,0) [ 9.133 ]
781:(43,2,1,34,16,16,0) [ 8.827 ]
782:(43,2,0,33,17,17,0) [ 8.543 ]
783:(42,2,1,33,17,17,0) [ 8.8316 ]
784:(42,2,0,32,18,18,0) [ 8.5586 ]
785:(41,2,1,32,18,18,0) [ 8.8362 ]
786:(41,2,2,32,18,18,0) [ 9.1982 ]
787:(41,2,3,32,18,18,0) [ 9.5602 ]
788:(41,2,2,31,19,19,0) [ 9.2762 ]
789:(40,2,3,31,19,19,0) [ 9.5428 ]
790:(40,2,2,30,20,20,0) [ 9.2698 ]
791:(40,2,3,30,20,20,0) [ 9.6098 ]
792:(40,2,2,29,21,21,0) [ 9.347800000000001 ]
793:(39,2,2,28,22,22,0) [ 9.3414 ]
794:(39,2,1,27,23,23,0) [ 9.112400000000001 ]
795:(39,2,2,27,23,23,0) [ 9.419400000000001 ]
796:(39,2,1,26,24,24,0) [ 9.2014 ]
797:(38,2,2,26,24,24,0) [ 9.413 ]
798:(38,2,1,25,25,25,0) [ 9.206 ]
799:(38,2,0,24,26,26,0) [ 9.021 ]
800:(38,2,1,24,26,26,0) [ 9.295 ]
801:(38,2,0,23,27,27,0) [ 9.121 ]
802:(38,2,1,23,27,27,0) [ 9.384 ]
803:(38,2,2,23,27,27,0) [ 9.647 ]
804:(37,2,3,23,27,27,0) [ 9.825600000000001 ]
805:(37,2,2,22,28,28,0) [ 9.640600000000001 ]
806:(37,2,3,22,28,28,0) [ 9.8926 ]
807:(37,2,4,22,28,28,0) [ 10.1446 ]
808:(37,2,5,22,28,28,0) [ 10.3966 ]
809:(36,2,6,22,28,28,0) [ 10.5642 ]
810:(36,2,7,22,28,28,0) [ 10.816200000000002 ]
811:(36,2,6,21,29,29,0) [ 10.598200000000002 ]
812:(36,2,5,20,30,30,0) [ 10.4022 ]
813:(36,2,6,20,30,30,0) [ 10.632200000000001 ]
814:(35,2,7,20,30,30,0) [ 10.7778 ]
815:(35,2,6,19,31,31,0) [ 10.581800000000001 ]
816:(34,2,7,19,31,31,0) [ 10.7164 ]
817:(34,2,6,18,32,32,0) [ 10.531400000000001 ]
818:(34,2,7,18,32,32,0) [ 10.7394 ]
819:(34,2,6,17,33,33,0) [ 10.5654 ]
820:(34,2,5,16,34,34,0) [ 10.4134 ]
821:(33,2,6,16,34,34,0) [ 10.515 ]
822:(32,2,7,16,34,34,0) [ 10.6166 ]
823:(32,2,8,16,34,34,0) [ 10.802600000000002 ]
824:(32,2,9,16,34,34,0) [ 10.9886 ]
825:(31,2,10,16,34,34,0) [ 11.0902 ]
826:(31,2,9,15,35,35,0) [ 10.9052 ]
827:(31,2,8,14,36,36,0) [ 10.7422 ]
828:(30,2,9,14,36,36,0) [ 10.8218 ]
829:(30,2,8,13,37,37,0) [ 10.6698 ]
830:(29,2,9,13,37,37,0) [ 10.738399999999999 ]
831:(29,2,10,13,37,37,0) [ 10.8914 ]
832:(28,2,11,13,37,37,0) [ 10.96 ]
833:(28,2,10,12,38,38,0) [ 10.797 ]
834:(27,2,11,12,38,38,0) [ 10.854600000000001 ]
835:(27,2,12,12,38,38,0) [ 10.9966 ]
836:(27,2,11,11,39,39,0) [ 10.8336 ]
837:(26,2,12,11,39,39,0) [ 10.8802 ]
838:(26,2,11,10,40,40,0) [ 10.728200000000001 ]
839:(26,2,10,9,41,41,0) [ 10.598200000000002 ]
840:(26,2,9,8,42,42,0) [ 10.490200000000002 ]
841:(26,2,8,7,43,43,0) [ 10.4042 ]
842:(26,2,7,6,44,44,0) [ 10.3402 ]
843:(26,2,6,5,45,45,0) [ 10.298200000000001 ]
844:(26,2,5,4,46,46,0) [ 10.278200000000002 ]
845:(26,2,4,3,47,47,0) [ 10.2802 ]
846:(26,2,3,2,48,48,0) [ 10.304200000000002 ]
847:(26,2,2,1,49,49,0) [ 10.350200000000001 ]
848:(26,2,1,0,50,50,0) [ 10.4182 TARGET ]
849:(25,2,1,0,50,50,0) [ 10.3338 TARGET ]
850:(25,2,2,1,49,49,0) [ 10.2658 ]
851:(25,2,3,2,48,48,0) [ 10.2198 ]
852:(25,2,4,3,47,47,0) [ 10.1958 ]
853:(25,2,5,4,46,46,0) [ 10.1938 ]
854:(38,2,3,22,28,28,0) [ 9.977 ]
855:(37,2,2,25,25,25,0) [ 9.406600000000001 ]
856:(38,2,1,26,24,24,0) [ 9.117 ]
857:(38,2,2,27,23,23,0) [ 9.335 ]
858:(38,2,2,28,22,22,0) [ 9.257000000000001 ]
859:(39,2,2,29,21,21,0) [ 9.2634 ]
860:(42,2,2,31,19,19,0) [ 9.3606 ]
861:(40,2,3,32,18,18,0) [ 9.4758 ]
862:(40,2,4,32,18,18,0) [ 9.837800000000001 ]
863:(40,2,2,32,18,18,0) [ 9.113800000000001 ]
864:(42,2,1,32,18,18,0) [ 8.9206 ]
865:(41,2,2,33,17,17,0) [ 9.1202 ]
866:(42,2,2,33,17,17,0) [ 9.2046 ]
867:(42,2,2,34,16,16,0) [ 9.1266 ]
868:(43,2,2,34,16,16,0) [ 9.211 ]
869:(42,2,2,35,15,15,0) [ 9.0486 ]
870:(43,2,3,35,15,15,0) [ 9.527999999999999 ]
871:(44,2,2,36,14,14,0) [ 9.1394 ]
872:(43,2,3,36,14,14,0) [ 9.461 ]
873:(44,2,3,37,13,13,0) [ 9.4784 ]
874:(45,2,2,38,12,12,0) [ 9.0678 ]
875:(45,2,2,39,11,11,0) [ 8.9898 ]
876:(49,2,0,47,3,3,0) [ 7.6494 ]
877:(47,2,0,47,3,3,0) [ 7.4806 ]
878:(45,2,6,45,5,5,0) [ 10.5418 ]
879:(45,2,5,44,6,6,0) [ 10.0818 ]
880:(45,2,4,43,7,7,0) [ 9.643799999999999 ]
881:(44,2,1,37,13,13,0) [ 8.6444 ]
882:(39,2,5,32,18,18,0) [ 10.115400000000001 ]
883:(38,2,0,25,25,25,0) [ 8.921 ]
884:(36,2,3,25,25,25,0) [ 9.6072 ]
885:(36,2,2,24,26,26,0) [ 9.4002 ]
886:(36,2,3,24,26,26,0) [ 9.6742 ]
887:(36,2,2,23,27,27,0) [ 9.478200000000001 ]
888:(35,2,3,23,27,27,0) [ 9.6568 ]
889:(35,2,2,22,28,28,0) [ 9.4718 ]
890:(34,2,3,22,28,28,0) [ 9.6394 ]
891:(34,2,4,22,28,28,0) [ 9.8914 ]
892:(34,2,3,21,29,29,0) [ 9.7064 ]
893:(34,2,4,21,29,29,0) [ 9.9474 ]
894:(33,2,5,21,29,29,0) [ 10.104 ]
895:(32,2,6,21,29,29,0) [ 10.2606 ]
896:(32,2,5,20,30,30,0) [ 10.064599999999999 ]
897:(31,2,6,20,30,30,0) [ 10.2102 ]
898:(31,2,7,20,30,30,0) [ 10.4402 ]
899:(31,2,6,19,31,31,0) [ 10.2442 ]
900:(30,2,7,19,31,31,0) [ 10.3788 ]
901:(30,2,8,19,31,31,0) [ 10.5978 ]
902:(30,2,9,19,31,31,0) [ 10.8168 ]
903:(30,2,8,18,32,32,0) [ 10.6098 ]
904:(29,2,9,18,32,32,0) [ 10.7334 ]
905:(29,2,8,17,33,33,0) [ 10.5374 ]
906:(29,2,7,16,34,34,0) [ 10.3634 ]
907:(29,2,6,15,35,35,0) [ 10.211400000000001 ]
908:(29,2,5,14,36,36,0) [ 10.0814 ]
909:(29,2,6,14,36,36,0) [ 10.2454 ]
910:(29,2,5,13,37,37,0) [ 10.1264 ]
911:(29,2,4,12,38,38,0) [ 10.0294 ]
912:(29,2,3,11,39,39,0) [ 9.9544 ]
913:(29,2,2,10,40,40,0) [ 9.901399999999999 ]
914:(28,2,3,10,40,40,0) [ 9.937000000000001 ]
915:(28,2,2,9,41,41,0) [ 9.895 ]
916:(28,2,3,9,41,41,0) [ 10.004000000000001 ]
917:(27,2,4,9,41,41,0) [ 10.0286 ]
918:(27,2,3,8,42,42,0) [ 9.9866 ]
919:(27,2,4,8,42,42,0) [ 10.084600000000002 ]
920:(27,2,3,7,43,43,0) [ 10.0536 ]
921:(26,2,4,7,43,43,0) [ 10.0562 ]
922:(26,2,3,6,44,44,0) [ 10.036200000000001 ]
923:(26,2,2,5,45,45,0) [ 10.0382 ]
924:(26,2,1,4,46,46,0) [ 10.0622 ]
925:(25,2,2,4,46,46,0) [ 10.0318 ]
926:(24,2,3,4,46,46,0) [ 10.0014 ]
927:(24,2,2,3,47,47,0) [ 10.025400000000001 ]
928:(24,2,1,2,48,48,0) [ 10.0714 ]
929:(24,2,0,1,49,49,0) [ 10.1394 ]
930:(23,2,1,1,49,49,0) [ 10.076 ]
931:(23,2,3,4,46,46,0) [ 9.917000000000002 ]
932:(26,2,3,5,45,45,0) [ 10.103200000000001 ]
933:(26,2,4,6,44,44,0) [ 10.112200000000001 ]
934:(27,2,4,7,43,43,0) [ 10.1406 ]
935:(26,2,5,7,43,43,0) [ 10.1432 ]
936:(28,2,3,7,43,43,0) [ 10.138 ]
937:(28,2,3,8,42,42,0) [ 10.071000000000002 ]
938:(28,2,4,9,41,41,0) [ 10.113 ]
939:(26,2,4,9,41,41,0) [ 9.944200000000002 ]
940:(27,2,3,10,40,40,0) [ 9.8526 ]
941:(28,2,4,10,40,40,0) [ 10.057 ]
942:(29,2,4,11,39,39,0) [ 10.0854 ]
943:(29,2,5,12,38,38,0) [ 10.1714 ]
944:(29,2,6,13,37,37,0) [ 10.279399999999999 ]
945:(28,2,5,14,36,36,0) [ 9.997 ]
946:(28,2,6,15,35,35,0) [ 10.127 ]
947:(28,2,10,18,32,32,0) [ 10.857 ]
948:(29,2,8,18,32,32,0) [ 10.525400000000001 ]
949:(30,2,6,19,31,31,0) [ 10.1598 ]
950:(30,2,7,20,30,30,0) [ 10.355799999999999 ]
951:(34,2,2,22,28,28,0) [ 9.387400000000001 ]
952:(34,2,3,23,27,27,0) [ 9.5724 ]
953:(35,2,3,24,26,26,0) [ 9.5898 ]
954:(35,2,3,25,25,25,0) [ 9.5228 ]
955:(35,2,4,25,25,25,0) [ 9.8078 ]
956:(37,2,3,27,23,23,0) [ 9.5576 ]
957:(43,2,1,32,18,18,0) [ 9.005 ]
958:(41,2,3,34,16,16,0) [ 9.4262 ]
959:(42,2,3,34,16,16,0) [ 9.5106 ]
960:(43,2,4,36,14,14,0) [ 9.866999999999999 ]
961:(45,2,1,37,13,13,0) [ 8.7288 ]
962:(43,2,5,41,9,9,0) [ 10.048 ]
963:(43,2,6,42,8,8,0) [ 10.475000000000001 ]
964:(46,2,4,43,7,7,0) [ 9.728200000000001 ]
965:(45,2,6,44,6,6,0) [ 10.5758 ]
966:(45,2,7,45,5,5,0) [ 11.046800000000001 ]
967:(46,2,5,45,5,5,0) [ 10.1212 ]
968:(47,2,4,45,5,5,0) [ 9.700600000000001 ]
969:(47,2,0,46,4,4,0) [ 7.5806000000000004 ]
970:(46,2,1,46,4,4,0) [ 8.0122 ]
971:(46,2,0,45,5,5,0) [ 7.5962000000000005 ]
972:(46,2,0,44,6,6,0) [ 7.696200000000001 ]
973:(45,2,1,44,6,6,0) [ 8.1058 ]
974:(45,2,0,43,7,7,0) [ 7.7118 ]
975:(41,2,5,41,9,9,0) [ 9.879199999999999 ]
976:(40,2,5,39,11,11,0) [ 9.8848 ]
977:(39,2,6,39,11,11,0) [ 10.239400000000002 ]
978:(39,2,7,39,11,11,0) [ 10.6784 ]
979:(39,2,6,38,12,12,0) [ 10.273399999999999 ]
980:(39,2,5,37,13,13,0) [ 9.8904 ]
981:(39,2,4,36,14,14,0) [ 9.5294 ]
982:(38,2,1,30,20,20,0) [ 8.761 ]
983:(38,2,0,29,21,21,0) [ 8.521 ]
984:(38,2,1,29,21,21,0) [ 8.85 ]
985:(38,2,0,28,22,22,0) [ 8.621 ]
986:(37,2,1,28,22,22,0) [ 8.854600000000001 ]
987:(36,2,2,28,22,22,0) [ 9.0882 ]
988:(35,2,2,27,23,23,0) [ 9.081800000000001 ]
989:(35,2,3,27,23,23,0) [ 9.3888 ]
990:(34,2,4,27,23,23,0) [ 9.6114 ]
991:(34,2,3,26,24,24,0) [ 9.371400000000001 ]
992:(34,2,2,25,25,25,0) [ 9.1534 ]
993:(34,2,1,24,26,26,0) [ 8.9574 ]
994:(34,2,0,23,27,27,0) [ 8.7834 ]
995:(33,2,1,23,27,27,0) [ 8.962 ]
996:(32,2,2,23,27,27,0) [ 9.1406 ]
997:(32,2,1,22,28,28,0) [ 8.9666 ]
998:(31,2,2,22,28,28,0) [ 9.1342 ]
999:(31,2,1,21,29,29,0) [ 8.9712 ]
1000:(31,2,0,20,30,30,0) [ 8.8302 ]
1001:(30,2,1,20,30,30,0) [ 8.9758 ]
1002:(30,2,0,19,31,31,0) [ 8.8458 ]
1003:(29,2,1,19,31,31,0) [ 8.9804 ]
1004:(28,2,2,19,31,31,0) [ 9.115 ]
1005:(28,2,1,18,32,32,0) [ 8.985 ]
1006:(27,2,2,18,32,32,0) [ 9.1086 ]
1007:(27,2,1,17,33,33,0) [ 8.989600000000001 ]
1008:(27,2,0,16,34,34,0) [ 8.892600000000002 ]
1009:(27,2,1,16,34,34,0) [ 9.078600000000002 ]
1010:(26,2,2,16,34,34,0) [ 9.180200000000001 ]
1011:(26,2,1,15,35,35,0) [ 9.0832 ]
1012:(26,2,0,14,36,36,0) [ 9.0082 ]
1013:(25,2,1,14,36,36,0) [ 9.0878 ]
1014:(25,2,0,13,37,37,0) [ 9.023800000000001 ]
1015:(25,2,1,13,37,37,0) [ 9.1768 ]
1016:(25,2,2,13,37,37,0) [ 9.329799999999999 ]
1017:(25,2,1,12,38,38,0) [ 9.2658 ]
1018:(24,2,2,12,38,38,0) [ 9.3234 ]
1019:(24,2,3,12,38,38,0) [ 9.4654 ]
1020:(24,2,2,11,39,39,0) [ 9.4014 ]
1021:(23,2,3,11,39,39,0) [ 9.448 ]
1022:(23,2,2,10,40,40,0) [ 9.395 ]
1023:(22,2,3,10,40,40,0) [ 9.4306 ]
1024:(22,2,2,9,41,41,0) [ 9.3886 ]
1025:(22,2,1,8,42,42,0) [ 9.3686 ]
1026:(22,2,0,7,43,43,0) [ 9.3706 ]
1027:(21,2,1,7,43,43,0) [ 9.3732 ]
1028:(21,2,2,7,43,43,0) [ 9.4602 ]
1029:(21,2,1,6,44,44,0) [ 9.4622 ]
1030:(21,2,2,6,44,44,0) [ 9.5382 ]
1031:(20,2,3,6,44,44,0) [ 9.529800000000002 ]
1032:(19,2,4,6,44,44,0) [ 9.5214 ]
1033:(19,2,5,6,44,44,0) [ 9.5974 ]
1034:(19,2,6,6,44,44,0) [ 9.6734 ]
1035:(19,2,5,5,45,45,0) [ 9.6424 ]
1036:(39,2,1,29,21,21,0) [ 8.9344 ]
1037:(38,2,4,35,15,15,0) [ 9.501000000000001 ]
1038:(38,2,4,36,14,14,0) [ 9.445 ]
1039:(38,2,5,37,13,13,0) [ 9.806000000000001 ]
1040:(38,2,6,38,12,12,0) [ 10.189 ]
1041:(38,2,7,39,11,11,0) [ 10.594 ]
1042:(39,2,5,39,11,11,0) [ 9.800399999999998 ]
1043:(39,2,6,40,10,10,0) [ 10.205400000000001 ]
1044:(40,2,5,41,9,9,0) [ 9.7948 ]
1045:(44,2,0,43,7,7,0) [ 7.627400000000001 ]
1046:(44,2,1,44,6,6,0) [ 8.0214 ]
1047:(47,2,0,44,6,6,0) [ 7.7806 ]
1048:(45,2,0,44,6,6,0) [ 7.611800000000001 ]
1049:(47,2,1,46,4,4,0) [ 8.0966 ]
1050:(48,2,0,46,4,4,0) [ 7.665 ]
1051:(46,2,0,46,4,4,0) [ 7.496200000000001 ]
1052:(43,2,0,42,8,8,0) [ 7.643 ]
1053:(42,2,0,41,9,9,0) [ 7.6586 ]
1054:(42,2,1,41,9,9,0) [ 8.1196 ]
1055:(40,2,1,39,11,11,0) [ 8.1288 ]
1056:(37,2,5,35,15,15,0) [ 9.811599999999999 ]
1057:(37,2,6,35,15,15,0) [ 10.206600000000002 ]
1058:(36,2,7,35,15,15,0) [ 10.517199999999999 ]
1059:(36,2,8,35,15,15,0) [ 10.912199999999999 ]
1060:(35,2,9,35,15,15,0) [ 11.2228 ]
1061:(35,2,8,34,16,16,0) [ 10.839799999999999 ]
1062:(34,2,9,34,16,16,0) [ 11.1394 ]
1063:(34,2,8,33,17,17,0) [ 10.767399999999999 ]
1064:(34,2,7,32,18,18,0) [ 10.4174 ]
1065:(34,2,8,32,18,18,0) [ 10.7794 ]
1066:(34,2,9,32,18,18,0) [ 11.1414 ]
1067:(34,2,8,31,19,19,0) [ 10.791400000000001 ]
1068:(34,2,9,31,19,19,0) [ 11.1424 ]
1069:(33,2,10,31,19,19,0) [ 11.409 ]
1070:(33,2,11,31,19,19,0) [ 11.76 ]
1071:(33,2,12,31,19,19,0) [ 12.111000000000002 ]
1072:(33,2,11,30,20,20,0) [ 11.739 ]
1073:(33,2,10,29,21,21,0) [ 11.389 ]
1074:(33,2,10,28,22,22,0) [ 11.378999999999998 ]
1075:(33,2,9,27,23,23,0) [ 11.062000000000001 ]
1076:(31,2,8,23,27,27,0) [ 10.6342 ]
1077:(31,2,7,22,28,28,0) [ 10.3942 ]
1078:(30,2,8,22,28,28,0) [ 10.5618 ]
1079:(30,2,7,21,29,29,0) [ 10.332799999999999 ]
1080:(30,2,8,21,29,29,0) [ 10.5738 ]
1081:(30,2,5,18,32,32,0) [ 9.985800000000001 ]
1082:(30,2,4,17,33,33,0) [ 9.8338 ]
1083:(30,2,3,16,34,34,0) [ 9.703800000000001 ]
1084:(30,2,4,16,34,34,0) [ 9.889800000000001 ]
1085:(29,2,5,16,34,34,0) [ 9.9914 ]
1086:(29,2,4,15,35,35,0) [ 9.8614 ]
1087:(29,2,3,14,36,36,0) [ 9.7534 ]
1088:(28,2,4,14,36,36,0) [ 9.833 ]
1089:(28,2,3,13,37,37,0) [ 9.736 ]
1090:(28,2,2,12,38,38,0) [ 9.661000000000001 ]
1091:(28,2,3,12,38,38,0) [ 9.803 ]
1092:(28,2,2,11,39,39,0) [ 9.739 ]
1093:(28,2,1,10,40,40,0) [ 9.697 ]
1094:(28,2,0,9,41,41,0) [ 9.677 ]
1095:(27,2,1,9,41,41,0) [ 9.701600000000001 ]
1096:(26,2,2,9,41,41,0) [ 9.726200000000002 ]
1097:(26,2,3,9,41,41,0) [ 9.8352 ]
1098:(25,2,4,9,41,41,0) [ 9.8598 ]
1099:(25,2,3,8,42,42,0) [ 9.8178 ]
1100:(25,2,2,7,43,43,0) [ 9.797799999999999 ]
1101:(25,2,1,6,44,44,0) [ 9.7998 ]
1102:(25,2,0,5,45,45,0) [ 9.8238 ]
1103:(25,2,1,5,45,45,0) [ 9.8888 ]
1104:(24,2,2,5,45,45,0) [ 9.869399999999999 ]
1105:(24,2,1,4,46,46,0) [ 9.8934 ]
1106:(23,2,2,4,46,46,0) [ 9.863 ]
1107:(22,2,4,4,46,46,0) [ 9.886600000000001 ]
1108:(22,2,3,3,47,47,0) [ 9.8996 ]
1109:(21,2,3,3,47,47,0) [ 9.8152 ]
1110:(21,2,4,4,46,46,0) [ 9.8022 ]
1111:(24,2,4,9,41,41,0) [ 9.775400000000001 ]
1112:(24,2,5,9,41,41,0) [ 9.8844 ]
1113:(25,2,5,9,41,41,0) [ 9.968800000000002 ]
1114:(27,2,3,11,39,39,0) [ 9.7856 ]
1115:(28,2,4,13,37,37,0) [ 9.889 ]
1116:(29,2,5,15,35,35,0) [ 10.0364 ]
1117:(29,2,6,19,31,31,0) [ 10.0754 ]
1118:(30,2,9,21,29,29,0) [ 10.8148 ]
1119:(30,2,9,22,28,28,0) [ 10.8138 ]
1120:(30,2,7,22,28,28,0) [ 10.3098 ]
1121:(30,2,9,23,27,27,0) [ 10.8128 ]
1122:(33,2,8,31,19,19,0) [ 10.706999999999999 ]
1123:(33,2,7,32,18,18,0) [ 10.333000000000002 ]
1124:(33,2,8,33,17,17,0) [ 10.683 ]
1125:(36,2,6,35,15,15,0) [ 10.1222 ]
1126:(37,2,4,36,14,14,0) [ 9.3606 ]
1127:(37,2,5,36,14,14,0) [ 9.7666 ]
1128:(37,2,5,37,13,13,0) [ 9.7216 ]
1129:(43,2,0,36,14,14,0) [ 8.243 ]
1130:(41,2,3,35,15,15,0) [ 9.359200000000001 ]
1131:(41,2,4,35,15,15,0) [ 9.7542 ]
1132:(41,2,3,33,17,17,0) [ 9.4932 ]
1133:(40,2,1,30,20,20,0) [ 8.9298 ]
1134:(40,2,0,29,21,21,0) [ 8.6898 ]
1135:(40,2,1,29,21,21,0) [ 9.0188 ]
1136:(40,2,0,28,22,22,0) [ 8.7898 ]
1137:(39,2,1,28,22,22,0) [ 9.023399999999999 ]
1138:(36,2,4,27,23,23,0) [ 9.7802 ]
1139:(35,2,5,27,23,23,0) [ 10.0028 ]
1140:(35,2,4,26,24,24,0) [ 9.7518 ]
1141:(34,2,4,24,26,26,0) [ 9.7794 ]
1142:(34,2,2,21,29,29,0) [ 9.4654 ]
1143:(34,2,1,20,30,30,0) [ 9.3134 ]
1144:(34,2,0,19,31,31,0) [ 9.1834 ]
1145:(33,2,1,19,31,31,0) [ 9.318 ]
1146:(32,2,2,19,31,31,0) [ 9.4526 ]
1147:(32,2,3,19,31,31,0) [ 9.6716 ]
1148:(32,2,2,18,32,32,0) [ 9.5306 ]
1149:(31,2,3,18,32,32,0) [ 9.6542 ]
1150:(30,2,4,18,32,32,0) [ 9.7778 ]
1151:(30,2,3,15,35,35,0) [ 9.7708 ]
1152:(27,2,4,11,39,39,0) [ 9.9166 ]
1153:(26,2,4,10,40,40,0) [ 9.888200000000001 ]
1154:(26,2,5,10,40,40,0) [ 10.0082 ]
1155:(24,2,6,9,41,41,0) [ 9.993400000000001 ]
1156:(24,2,5,8,42,42,0) [ 9.929400000000001 ]
1157:(24,2,4,7,43,43,0) [ 9.8874 ]
1158:(23,2,5,7,43,43,0) [ 9.89 ]
1159:(23,2,4,6,44,44,0) [ 9.859 ]
1160:(22,2,5,6,44,44,0) [ 9.8506 ]
1161:(22,2,4,5,45,45,0) [ 9.8306 ]
1162:(22,2,5,5,45,45,0) [ 9.8956 ]
1163:(21,2,5,5,45,45,0) [ 9.8112 ]
1164:(33,2,4,23,27,27,0) [ 9.751000000000001 ]
1165:(33,2,5,24,26,26,0) [ 9.969 ]
1166:(34,2,3,24,26,26,0) [ 9.5054 ]
1167:(34,2,4,25,25,25,0) [ 9.7234 ]
1168:(40,2,3,33,17,17,0) [ 9.4088 ]
1169:(42,2,4,35,15,15,0) [ 9.8386 ]
1170:(43,2,7,42,8,8,0) [ 10.947 ]
1171:(47,2,1,44,6,6,0) [ 8.274600000000001 ]
1172:(47,2,0,43,7,7,0) [ 7.8806 ]
1173:(46,2,0,42,8,8,0) [ 7.8962 ]
1174:(46,2,0,41,9,9,0) [ 7.996200000000001 ]
1175:(45,2,0,40,10,10,0) [ 8.011800000000001 ]
1176:(43,2,0,34,16,16,0) [ 8.443 ]
1177:(36,2,3,26,24,24,0) [ 9.5402 ]
1178:(32,2,5,23,27,27,0) [ 9.9296 ]
1179:(32,2,4,22,28,28,0) [ 9.7226 ]
1180:(31,2,5,22,28,28,0) [ 9.8902 ]
1181:(30,2,6,22,28,28,0) [ 10.0578 ]
1182:(30,2,6,21,29,29,0) [ 10.091800000000001 ]
1183:(30,2,5,20,30,30,0) [ 9.8958 ]
1184:(30,2,4,19,31,31,0) [ 9.7218 ]
1185:(29,2,5,19,31,31,0) [ 9.856399999999999 ]
1186:(28,2,7,19,31,31,0) [ 10.21 ]
1187:(27,2,8,19,31,31,0) [ 10.3446 ]
1188:(26,2,10,18,32,32,0) [ 10.6882 ]
1189:(26,2,9,17,33,33,0) [ 10.481200000000001 ]
1190:(25,2,10,17,33,33,0) [ 10.5938 ]
1191:(25,2,11,17,33,33,0) [ 10.790799999999999 ]
1192:(25,2,10,16,34,34,0) [ 10.5838 ]
1193:(25,2,9,15,35,35,0) [ 10.3988 ]
1194:(25,2,8,14,36,36,0) [ 10.2358 ]
1195:(24,2,9,14,36,36,0) [ 10.3154 ]
1196:(24,2,8,13,37,37,0) [ 10.1634 ]
1197:(24,2,7,12,38,38,0) [ 10.0334 ]
1198:(24,2,6,11,39,39,0) [ 9.9254 ]
1199:(24,2,5,10,40,40,0) [ 9.8394 ]
1200:(24,2,3,6,44,44,0) [ 9.8674 ]
1201:(47,2,5,48,2,2,0) [ 10.070599999999999 ]
1202:(47,2,5,46,4,4,0) [ 10.1606 ]
1203:(46,2,6,46,4,4,0) [ 10.5922 ]
1204:(46,2,4,44,6,6,0) [ 9.6722 ]
1205:(46,2,3,43,7,7,0) [ 9.2452 ]
1206:(43,2,3,34,16,16,0) [ 9.595 ]
1207:(43,2,2,33,17,17,0) [ 9.289 ]
1208:(43,2,0,31,19,19,0) [ 8.743 ]
1209:(43,2,1,31,19,19,0) [ 9.094 ]
1210:(42,2,1,30,20,20,0) [ 9.0986 ]
1211:(42,2,2,30,20,20,0) [ 9.438600000000001 ]
1212:(42,2,1,29,21,21,0) [ 9.1876 ]
1213:(42,2,2,29,21,21,0) [ 9.5166 ]
1214:(42,2,3,29,21,21,0) [ 9.8456 ]
1215:(41,2,4,29,21,21,0) [ 10.090200000000001 ]
1216:(41,2,5,29,21,21,0) [ 10.419199999999998 ]
1217:(40,2,6,29,21,21,0) [ 10.6638 ]
1218:(40,2,5,28,22,22,0) [ 10.3798 ]
1219:(40,2,6,28,22,22,0) [ 10.6978 ]
1220:(39,2,7,28,22,22,0) [ 10.9314 ]
1221:(39,2,6,27,23,23,0) [ 10.647400000000001 ]
1222:(38,2,7,27,23,23,0) [ 10.870000000000001 ]
1223:(38,2,6,26,24,24,0) [ 10.597 ]
1224:(38,2,7,26,24,24,0) [ 10.892999999999999 ]
1225:(38,2,6,25,25,25,0) [ 10.631 ]
1226:(38,2,5,24,26,26,0) [ 10.391 ]
1227:(38,2,4,23,27,27,0) [ 10.173 ]
1228:(38,2,2,21,29,29,0) [ 9.803 ]
1229:(38,2,1,20,30,30,0) [ 9.651 ]
1230:(37,2,2,20,30,30,0) [ 9.7966 ]
1231:(37,2,1,19,31,31,0) [ 9.6556 ]
1232:(36,2,2,19,31,31,0) [ 9.7902 ]
1233:(35,2,3,19,31,31,0) [ 9.9248 ]
1234:(35,2,2,18,32,32,0) [ 9.7838 ]
1235:(35,2,1,17,33,33,0) [ 9.6648 ]
1236:(35,2,2,17,33,33,0) [ 9.8618 ]
1237:(34,2,3,17,33,33,0) [ 9.974400000000001 ]
1238:(34,2,2,16,34,34,0) [ 9.8554 ]
1239:(33,2,3,16,34,34,0) [ 9.957 ]
1240:(33,2,2,15,35,35,0) [ 9.849 ]
1241:(33,2,1,14,36,36,0) [ 9.763 ]
1242:(32,2,2,14,36,36,0) [ 9.8426 ]
1243:(31,2,3,14,36,36,0) [ 9.9222 ]
1244:(31,2,4,14,36,36,0) [ 10.0862 ]
1245:(31,2,3,13,37,37,0) [ 9.9892 ]
1246:(30,2,4,13,37,37,0) [ 10.0578 ]
1247:(28,2,5,11,39,39,0) [ 10.132000000000001 ]
1248:(28,2,2,7,43,43,0) [ 10.051 ]
1249:(26,2,4,5,45,45,0) [ 10.1682 ]
1250:(26,2,3,4,46,46,0) [ 10.170200000000001 ]
1251:(25,2,4,4,46,46,0) [ 10.139800000000001 ]
1252:(32,2,4,14,36,36,0) [ 10.1706 ]
1253:(34,2,2,15,35,35,0) [ 9.9334 ]
1254:(35,2,2,16,34,34,0) [ 9.9398 ]
1255:(35,2,3,18,32,32,0) [ 9.991800000000001 ]
1256:(36,2,3,19,31,31,0) [ 10.0092 ]
1257:(35,2,4,19,31,31,0) [ 10.1438 ]
1258:(36,2,2,20,30,30,0) [ 9.7122 ]
1259:(36,2,3,20,30,30,0) [ 9.9422 ]
1260:(42,2,5,36,14,14,0) [ 10.1886 ]
1261:(48,2,4,46,4,4,0) [ 9.729000000000001 ]
1262:(39,2,4,38,12,12,0) [ 9.4174 ]
1263:(38,2,5,38,12,12,0) [ 9.761 ]
1264:(37,2,6,36,14,14,0) [ 10.172600000000001 ]
1265:(36,2,7,36,14,14,0) [ 10.494200000000001 ]
1266:(36,2,6,34,16,16,0) [ 10.1562 ]
1267:(36,2,5,33,17,17,0) [ 9.8172 ]
1268:(35,2,6,33,17,17,0) [ 10.105799999999999 ]
1269:(34,2,7,33,17,17,0) [ 10.394400000000001 ]
1270:(33,2,7,31,19,19,0) [ 10.356 ]
1271:(33,2,7,30,20,20,0) [ 10.379000000000001 ]
1272:(33,2,8,30,20,20,0) [ 10.719000000000001 ]
1273:(32,2,9,30,20,20,0) [ 10.974599999999999 ]
1274:(32,2,10,30,20,20,0) [ 11.314599999999999 ]
1275:(32,2,9,29,21,21,0) [ 10.975599999999998 ]
1276:(30,2,10,25,25,25,0) [ 11.0958 ]
1277:(30,2,11,25,25,25,0) [ 11.3808 ]
1278:(30,2,10,22,28,28,0) [ 11.0658 ]
1279:(29,2,10,21,29,29,0) [ 10.971400000000001 ]
1280:(27,2,11,18,32,32,0) [ 10.9806 ]
1281:(27,2,12,18,32,32,0) [ 11.188600000000001 ]
1282:(27,2,11,17,33,33,0) [ 10.9596 ]
1283:(26,2,12,17,33,33,0) [ 11.0722 ]
1284:(24,2,11,14,36,36,0) [ 10.6434 ]
1285:(24,2,11,13,37,37,0) [ 10.622399999999999 ]
1286:(23,2,12,13,37,37,0) [ 10.690999999999999 ]
1287:(23,2,11,12,38,38,0) [ 10.517000000000001 ]
1288:(23,2,10,11,39,39,0) [ 10.365 ]
1289:(22,2,11,11,39,39,0) [ 10.4116 ]
1290:(22,2,10,10,40,40,0) [ 10.2706 ]
1291:(22,2,9,9,41,41,0) [ 10.151600000000002 ]
1292:(22,2,8,8,42,42,0) [ 10.0546 ]
1293:(49,2,4,48,2,2,0) [ 9.7014 ]
1294:(49,2,5,48,2,2,0) [ 10.2394 ]
1295:(49,2,4,47,3,3,0) [ 9.7574 ]
1296:(48,2,5,47,3,3,0) [ 10.2 ]
1297:(44,2,7,44,6,6,0) [ 10.9854 ]
1298:(44,2,6,43,7,7,0) [ 10.5254 ]
1299:(43,2,7,43,7,7,0) [ 10.924 ]
1300:(43,2,8,43,7,7,0) [ 11.407 ]
1301:(42,2,8,42,8,8,0) [ 11.334600000000002 ]
1302:(42,2,7,41,9,9,0) [ 10.8856 ]
1303:(42,2,6,40,10,10,0) [ 10.4586 ]
1304:(42,2,7,40,10,10,0) [ 10.9086 ]
1305:(42,2,6,39,11,11,0) [ 10.492600000000001 ]
1306:(42,2,7,39,11,11,0) [ 10.9316 ]
1307:(42,2,6,38,12,12,0) [ 10.526599999999998 ]
1308:(42,2,7,38,12,12,0) [ 10.9546 ]
1309:(42,2,6,37,13,13,0) [ 10.5606 ]
1310:(41,2,1,31,19,19,0) [ 8.9252 ]
1311:(41,2,0,30,20,20,0) [ 8.6742 ]
1312:(38,2,0,22,28,28,0) [ 9.221 ]
1313:(38,2,1,22,28,28,0) [ 9.473 ]
1314:(37,2,1,21,29,29,0) [ 9.4776 ]
1315:(37,2,0,20,30,30,0) [ 9.3366 ]
1316:(36,2,1,20,30,30,0) [ 9.482199999999999 ]
1317:(35,2,1,16,34,34,0) [ 9.7538 ]
1318:(35,2,1,15,35,35,0) [ 9.8428 ]
1319:(34,2,3,15,35,35,0) [ 10.1084 ]
1320:(33,2,4,15,35,35,0) [ 10.199 ]
1321:(33,2,3,14,36,36,0) [ 10.091 ]
1322:(32,2,5,14,36,36,0) [ 10.3346 ]
1323:(32,2,4,13,37,37,0) [ 10.226600000000001 ]
1324:(32,2,3,12,38,38,0) [ 10.140600000000001 ]
1325:(32,2,4,12,38,38,0) [ 10.2826 ]
1326:(31,2,5,12,38,38,0) [ 10.3402 ]
1327:(31,2,6,12,38,38,0) [ 10.4822 ]
1328:(31,2,7,12,38,38,0) [ 10.6242 ]
1329:(31,2,6,11,39,39,0) [ 10.516200000000001 ]
1330:(31,2,5,10,40,40,0) [ 10.4302 ]
1331:(31,2,6,10,40,40,0) [ 10.5502 ]
1332:(31,2,5,9,41,41,0) [ 10.475200000000001 ]
1333:(31,2,4,8,42,42,0) [ 10.4222 ]
1334:(31,2,5,8,42,42,0) [ 10.520199999999999 ]
1335:(31,2,4,7,43,43,0) [ 10.478200000000001 ]
1336:(30,2,5,7,43,43,0) [ 10.480799999999999 ]
1337:(30,2,4,6,44,44,0) [ 10.4498 ]
1338:(30,2,3,5,45,45,0) [ 10.4408 ]
1339:(30,2,4,5,45,45,0) [ 10.5058 ]
1340:(29,2,5,5,45,45,0) [ 10.4864 ]
1341:(29,2,4,4,46,46,0) [ 10.4774 ]
1342:(29,2,3,3,47,47,0) [ 10.490400000000001 ]
1343:(29,2,4,3,47,47,0) [ 10.5334 ]
1344:(29,2,3,2,48,48,0) [ 10.557400000000001 ]
1345:(29,2,2,1,49,49,0) [ 10.6034 ]
1346:(29,2,1,0,50,50,0) [ 10.6714 TARGET ]
1347:(-1,-1,-1,-1,-1,-1,-1) [ 0.0 ]