(R_,L,RL,G_,G_a,G_bg,G_d)
0:(50,2,0,50,0,0,0) [ 7.4338 ]
1:(49,2,1,50,0,0,0) [ 7.9094 ]
2:(49,2,0,49,1,1,0) [ 7.4494 ]
3:(49,2,0,49,0,1,1) [ 1057.3494 ]
4:(48,2,1,49,0,1,1) [ 1057.814 ]
5:(47,2,1,49,0,1,1) [ 1057.7296 ]
6:(47,2,0,48,1,2,1) [ 2107.2806 ]
7:(46,2,1,48,1,2,1) [ 2107.7342 ]
8:(46,2,0,47,2,3,1) [ 3157.2961999999998 ]
9:(47,2,0,47,2,3,1) [ 3157.3806 ]
10:(47,2,1,47,2,3,1) [ 3157.9076 ]
11:(48,2,0,47,2,3,1) [ 3157.4649999999997 ]
12:(47,2,1,48,2,2,0) [ 7.9186000000000005 ]
13:(47,2,0,47,3,3,0) [ 7.4806 ]
14:(46,2,1,47,3,3,0) [ 7.9232000000000005 ]
15:(46,2,2,47,3,3,0) [ 8.450200000000002 ]
16:(46,2,1,46,4,4,0) [ 8.0122 ]
17:(46,2,0,45,5,5,0) [ 7.5962000000000005 ]
18:(46,2,1,45,5,5,0) [ 8.1012 ]
19:(46,2,0,44,6,6,0) [ 7.696200000000001 ]
20:(45,2,1,44,6,6,0) [ 8.1058 ]
21:(45,2,2,44,6,6,0) [ 8.5998 ]
22:(44,2,3,44,6,6,0) [ 9.0094 ]
23:(43,2,4,44,6,6,0) [ 9.418999999999999 ]
24:(43,2,5,44,6,6,0) [ 9.912999999999998 ]
25:(42,2,6,44,6,6,0) [ 10.3226 ]
26:(41,2,7,44,6,6,0) [ 10.7322 ]
27:(41,2,6,43,7,7,0) [ 10.2722 ]
28:(41,2,5,42,8,8,0) [ 9.8342 ]
29:(41,2,6,42,8,8,0) [ 10.3062 ]
30:(40,2,7,42,8,8,0) [ 10.6938 ]
31:(40,2,6,41,9,9,0) [ 10.2558 ]
32:(40,2,5,40,10,10,0) [ 9.8398 ]
33:(40,2,4,39,11,11,0) [ 9.4458 ]
34:(40,2,5,39,11,11,0) [ 9.8848 ]
35:(39,2,6,39,11,11,0) [ 10.239400000000002 ]
36:(39,2,5,38,12,12,0) [ 9.845399999999998 ]
37:(39,2,4,37,13,13,0) [ 9.473400000000002 ]
38:(39,2,3,36,14,14,0) [ 9.1234 ]
39:(38,2,4,36,14,14,0) [ 9.445 ]
40:(38,2,5,36,14,14,0) [ 9.851 ]
41:(38,2,6,36,14,14,0) [ 10.257 ]
42:(37,2,7,36,14,14,0) [ 10.5786 ]
43:(37,2,6,35,15,15,0) [ 10.206600000000002 ]
44:(36,2,7,35,15,15,0) [ 10.517199999999999 ]
45:(36,2,6,34,16,16,0) [ 10.1562 ]
46:(36,2,5,33,17,17,0) [ 9.8172 ]
47:(36,2,4,32,18,18,0) [ 9.5002 ]
48:(35,2,5,32,18,18,0) [ 9.7778 ]
49:(34,2,5,32,18,18,0) [ 9.6934 ]
50:(34,2,4,31,19,19,0) [ 9.3874 ]
51:(34,2,3,30,20,20,0) [ 9.1034 ]
52:(34,2,4,30,20,20,0) [ 9.4434 ]
53:(34,2,3,29,21,21,0) [ 9.1704 ]
54:(33,2,4,29,21,21,0) [ 9.415000000000001 ]
55:(34,2,4,29,21,21,0) [ 9.4994 ]
56:(34,2,5,29,21,21,0) [ 9.8284 ]
57:(34,2,6,29,21,21,0) [ 10.1574 ]
58:(34,2,5,28,22,22,0) [ 9.8734 ]
59:(34,2,4,27,23,23,0) [ 9.6114 ]
60:(34,2,3,26,24,24,0) [ 9.371400000000001 ]
61:(34,2,2,25,25,25,0) [ 9.1534 ]
62:(33,2,3,25,25,25,0) [ 9.354 ]
63:(33,2,2,24,26,26,0) [ 9.147 ]
64:(34,2,1,24,26,26,0) [ 8.9574 ]
65:(33,2,1,23,27,27,0) [ 8.962 ]
66:(33,2,2,23,27,27,0) [ 9.225000000000001 ]
67:(33,2,1,22,28,28,0) [ 9.051 ]
68:(33,2,1,22,27,28,1) [ 29408.951 ]
69:(32,2,2,22,27,28,1) [ 29409.1186 ]
70:(32,2,1,21,28,29,1) [ 30458.955599999998 ]
71:(32,2,2,21,28,29,1) [ 30459.1966 ]
72:(32,2,1,20,29,30,1) [ 31509.0446 ]
73:(32,2,0,19,30,31,1) [ 32558.9146 ]
74:(31,2,1,19,30,31,1) [ 32559.0492 ]
75:(30,2,2,19,30,31,1) [ 32559.1838 ]
76:(30,2,3,19,30,31,1) [ 32559.4028 ]
77:(29,2,4,19,30,31,1) [ 32559.5374 ]
78:(29,2,3,18,31,32,1) [ 33609.3854 ]
79:(29,2,2,17,32,33,1) [ 34659.255399999995 ]
80:(29,2,3,17,32,33,1) [ 34659.452399999995 ]
81:(29,2,2,16,33,34,1) [ 35709.3334 ]
82:(28,2,3,16,33,34,1) [ 35709.435000000005 ]
83:(28,2,2,15,34,35,1) [ 36759.327000000005 ]
84:(28,2,1,14,35,36,1) [ 37809.241 ]
85:(28,2,2,14,35,36,1) [ 37809.405 ]
86:(28,2,1,13,36,37,1) [ 38859.33 ]
87:(28,2,0,12,37,38,1) [ 39909.276999999995 ]
88:(27,2,1,12,37,38,1) [ 39909.334599999995 ]
89:(27,2,0,11,38,39,1) [ 40959.2926 ]
90:(27,2,1,11,38,39,1) [ 40959.4236 ]
91:(26,2,2,11,38,39,1) [ 40959.4702 ]
92:(26,2,1,10,39,40,1) [ 42009.4282 ]
93:(26,2,0,9,40,41,1) [ 43059.4082 ]
94:(26,2,1,9,40,41,1) [ 43059.5172 ]
95:(26,2,0,8,41,42,1) [ 44109.5082 ]
96:(26,2,1,8,41,42,1) [ 44109.6062 ]
97:(25,2,2,8,41,42,1) [ 44109.6198 ]
98:(24,2,3,8,41,42,1) [ 44109.6334 ]
99:(24,2,2,7,42,43,1) [ 45159.613399999995 ]
100:(23,2,3,7,42,43,1) [ 45159.615999999995 ]
101:(23,2,2,6,43,44,1) [ 46209.607 ]
102:(23,2,1,5,44,45,1) [ 47259.62 ]
103:(23,2,0,4,45,46,1) [ 48309.655 ]
104:(23,2,1,4,45,46,1) [ 48309.709 ]
105:(23,2,0,3,46,47,1) [ 49359.755 ]
106:(24,2,0,3,46,47,1) [ 49359.8394 ]
107:(23,2,1,3,46,47,1) [ 49359.797999999995 ]
108:(22,2,2,3,46,47,1) [ 49359.7566 ]
109:(22,2,3,3,46,47,1) [ 49359.7996 ]
110:(22,2,4,3,46,47,1) [ 49359.842599999996 ]
111:(22,2,3,2,47,48,1) [ 50409.866599999994 ]
112:(22,2,2,1,48,49,1) [ 51459.9126 ]
113:(22,2,3,1,48,49,1) [ 51459.933600000004 ]
114:(22,2,2,0,49,50,1) [ 52509.990600000005 TARGET ]
115:(23,2,2,0,49,50,1) [ 52510.075000000004 TARGET ]
116:(21,2,2,0,49,50,1) [ 52509.906200000005 TARGET ]
117:(21,2,3,0,49,50,1) [ 52509.9162 TARGET ]
118:(22,2,3,0,49,50,1) [ 52510.0006 TARGET ]
119:(23,2,3,1,48,49,1) [ 51460.018000000004 ]
120:(21,2,3,1,48,49,1) [ 51459.849200000004 ]
121:(21,2,4,1,48,49,1) [ 51459.870200000005 ]
122:(22,2,4,1,48,49,1) [ 51459.954600000005 ]
123:(23,2,2,1,48,49,1) [ 51459.997 ]
124:(21,2,2,1,48,49,1) [ 51459.8282 ]
125:(23,2,3,2,47,48,1) [ 50409.950999999994 ]
126:(21,2,3,2,47,48,1) [ 50409.782199999994 ]
127:(21,2,4,2,47,48,1) [ 50409.8142 ]
128:(22,2,4,2,47,48,1) [ 50409.8986 ]
129:(23,2,4,3,46,47,1) [ 49359.926999999996 ]
130:(21,2,4,3,46,47,1) [ 49359.7582 ]
131:(21,2,5,3,46,47,1) [ 49359.8012 ]
132:(22,2,5,3,46,47,1) [ 49359.8856 ]
133:(23,2,3,3,46,47,1) [ 49359.884 ]
134:(21,2,3,3,46,47,1) [ 49359.7152 ]
135:(23,2,2,3,46,47,1) [ 49359.841 ]
136:(21,2,2,3,46,47,1) [ 49359.6722 ]
137:(24,2,1,3,46,47,1) [ 49359.882399999995 ]
138:(22,2,1,3,46,47,1) [ 49359.713599999995 ]
139:(25,2,0,3,46,47,1) [ 49359.9238 ]
140:(22,2,0,3,46,47,1) [ 49359.6706 ]
141:(24,2,1,4,45,46,1) [ 48309.7934 ]
142:(22,2,1,4,45,46,1) [ 48309.6246 ]
143:(22,2,2,4,45,46,1) [ 48309.6786 ]
144:(23,2,2,4,45,46,1) [ 48309.763 ]
145:(24,2,0,4,45,46,1) [ 48309.7394 ]
146:(22,2,0,4,45,46,1) [ 48309.5706 ]
147:(24,2,1,5,44,45,1) [ 47259.7044 ]
148:(22,2,1,5,44,45,1) [ 47259.5356 ]
149:(22,2,2,5,44,45,1) [ 47259.6006 ]
150:(23,2,2,5,44,45,1) [ 47259.685000000005 ]
151:(24,2,2,6,43,44,1) [ 46209.6914 ]
152:(22,2,2,6,43,44,1) [ 46209.522600000004 ]
153:(22,2,3,6,43,44,1) [ 46209.598600000005 ]
154:(23,2,3,6,43,44,1) [ 46209.683000000005 ]
155:(24,2,3,7,42,43,1) [ 45159.700399999994 ]
156:(22,2,3,7,42,43,1) [ 45159.531599999995 ]
157:(22,2,4,7,42,43,1) [ 45159.618599999994 ]
158:(23,2,4,7,42,43,1) [ 45159.702999999994 ]
159:(25,2,2,7,42,43,1) [ 45159.697799999994 ]
160:(23,2,2,7,42,43,1) [ 45159.528999999995 ]
161:(25,2,3,8,41,42,1) [ 44109.7178 ]
162:(23,2,3,8,41,42,1) [ 44109.549 ]
163:(23,2,4,8,41,42,1) [ 44109.647 ]
164:(24,2,4,8,41,42,1) [ 44109.7314 ]
165:(26,2,2,8,41,42,1) [ 44109.7042 ]
166:(24,2,2,8,41,42,1) [ 44109.5354 ]
167:(27,2,1,8,41,42,1) [ 44109.6906 ]
168:(25,2,1,8,41,42,1) [ 44109.521799999995 ]
169:(27,2,0,8,41,42,1) [ 44109.592599999996 ]
170:(25,2,0,8,41,42,1) [ 44109.4238 ]
171:(27,2,1,9,40,41,1) [ 43059.6016 ]
172:(25,2,1,9,40,41,1) [ 43059.4328 ]
173:(25,2,2,9,40,41,1) [ 43059.5418 ]
174:(26,2,2,9,40,41,1) [ 43059.6262 ]
175:(27,2,0,9,40,41,1) [ 43059.4926 ]
176:(25,2,0,9,40,41,1) [ 43059.3238 ]
177:(27,2,1,10,39,40,1) [ 42009.5126 ]
178:(25,2,1,10,39,40,1) [ 42009.3438 ]
179:(25,2,2,10,39,40,1) [ 42009.463800000005 ]
180:(26,2,2,10,39,40,1) [ 42009.548200000005 ]
181:(27,2,2,11,38,39,1) [ 40959.5546 ]
182:(25,2,2,11,38,39,1) [ 40959.385800000004 ]
183:(25,2,3,11,38,39,1) [ 40959.516800000005 ]
184:(26,2,3,11,38,39,1) [ 40959.601200000005 ]
185:(28,2,1,11,38,39,1) [ 40959.508 ]
186:(26,2,1,11,38,39,1) [ 40959.3392 ]
187:(28,2,0,11,38,39,1) [ 40959.377 ]
188:(26,2,0,11,38,39,1) [ 40959.2082 ]
189:(28,2,1,12,37,38,1) [ 39909.418999999994 ]
190:(26,2,1,12,37,38,1) [ 39909.250199999995 ]
191:(26,2,2,12,37,38,1) [ 39909.392199999995 ]
192:(27,2,2,12,37,38,1) [ 39909.476599999995 ]
193:(29,2,0,12,37,38,1) [ 39909.361399999994 ]
194:(27,2,0,12,37,38,1) [ 39909.192599999995 ]
195:(29,2,1,13,36,37,1) [ 38859.4144 ]
196:(27,2,1,13,36,37,1) [ 38859.2456 ]
197:(27,2,2,13,36,37,1) [ 38859.3986 ]
198:(28,2,2,13,36,37,1) [ 38859.483 ]
199:(29,2,2,14,35,36,1) [ 37809.4894 ]
200:(27,2,2,14,35,36,1) [ 37809.3206 ]
201:(27,2,3,14,35,36,1) [ 37809.4846 ]
202:(28,2,3,14,35,36,1) [ 37809.569 ]
203:(29,2,1,14,35,36,1) [ 37809.3254 ]
204:(27,2,1,14,35,36,1) [ 37809.1566 ]
205:(29,2,2,15,34,35,1) [ 36759.411400000005 ]
206:(27,2,2,15,34,35,1) [ 36759.242600000005 ]
207:(27,2,3,15,34,35,1) [ 36759.4176 ]
208:(28,2,3,15,34,35,1) [ 36759.502 ]
209:(29,2,3,16,33,34,1) [ 35709.519400000005 ]
210:(27,2,3,16,33,34,1) [ 35709.350600000005 ]
211:(27,2,4,16,33,34,1) [ 35709.5366 ]
212:(28,2,4,16,33,34,1) [ 35709.62100000001 ]
213:(30,2,2,16,33,34,1) [ 35709.4178 ]
214:(28,2,2,16,33,34,1) [ 35709.249 ]
215:(30,2,3,17,32,33,1) [ 34659.536799999994 ]
216:(28,2,3,17,32,33,1) [ 34659.367999999995 ]
217:(28,2,4,17,32,33,1) [ 34659.564999999995 ]
218:(29,2,4,17,32,33,1) [ 34659.649399999995 ]
219:(30,2,2,17,32,33,1) [ 34659.339799999994 ]
220:(28,2,2,17,32,33,1) [ 34659.170999999995 ]
221:(30,2,3,18,31,32,1) [ 33609.4698 ]
222:(28,2,3,18,31,32,1) [ 33609.301 ]
223:(28,2,4,18,31,32,1) [ 33609.509 ]
224:(29,2,4,18,31,32,1) [ 33609.5934 ]
225:(30,2,4,19,30,31,1) [ 32559.6218 ]
226:(28,2,4,19,30,31,1) [ 32559.453 ]
227:(28,2,5,19,30,31,1) [ 32559.672 ]
228:(29,2,5,19,30,31,1) [ 32559.7564 ]
229:(31,2,3,19,30,31,1) [ 32559.4872 ]
230:(29,2,3,19,30,31,1) [ 32559.3184 ]
231:(31,2,2,19,30,31,1) [ 32559.2682 ]
232:(29,2,2,19,30,31,1) [ 32559.0994 ]
233:(32,2,1,19,30,31,1) [ 32559.1336 ]
234:(30,2,1,19,30,31,1) [ 32558.9648 ]
235:(33,2,0,19,30,31,1) [ 32558.999 ]
236:(31,2,0,19,30,31,1) [ 32558.8302 ]
237:(33,2,1,20,29,30,1) [ 31509.129 ]
238:(31,2,1,20,29,30,1) [ 31508.9602 ]
239:(31,2,2,20,29,30,1) [ 31509.1902 ]
240:(32,2,2,20,29,30,1) [ 31509.2746 ]
241:(33,2,2,21,28,29,1) [ 30459.281 ]
242:(31,2,2,21,28,29,1) [ 30459.1122 ]
243:(31,2,3,21,28,29,1) [ 30459.353199999998 ]
244:(32,2,3,21,28,29,1) [ 30459.437599999997 ]
245:(33,2,1,21,28,29,1) [ 30459.04 ]
246:(31,2,1,21,28,29,1) [ 30458.871199999998 ]
247:(33,2,2,22,27,28,1) [ 29409.203 ]
248:(31,2,2,22,27,28,1) [ 29409.034200000002 ]
249:(31,2,3,22,27,28,1) [ 29409.286200000002 ]
250:(32,2,3,22,27,28,1) [ 29409.370600000002 ]
251:(34,2,1,22,27,28,1) [ 29409.0354 ]
252:(32,2,1,22,27,28,1) [ 29408.8666 ]
253:(34,2,1,22,28,28,0) [ 9.1354 ]
254:(32,2,1,22,28,28,0) [ 8.9666 ]
255:(32,2,2,22,28,28,0) [ 9.2186 ]
256:(33,2,2,22,28,28,0) [ 9.303 ]
257:(34,2,2,23,27,27,0) [ 9.3094 ]
258:(32,2,2,23,27,27,0) [ 9.1406 ]
259:(32,2,3,23,27,27,0) [ 9.4036 ]
260:(33,2,3,23,27,27,0) [ 9.488 ]
261:(34,2,1,23,27,27,0) [ 9.0464 ]
262:(32,2,1,23,27,27,0) [ 8.877600000000001 ]
263:(34,2,2,24,26,26,0) [ 9.2314 ]
264:(32,2,2,24,26,26,0) [ 9.0626 ]
265:(32,2,3,24,26,26,0) [ 9.3366 ]
266:(33,2,3,24,26,26,0) [ 9.421 ]
267:(35,2,1,24,26,26,0) [ 9.0418 ]
268:(33,2,1,24,26,26,0) [ 8.873 ]
269:(34,2,3,25,25,25,0) [ 9.4384 ]
270:(32,2,3,25,25,25,0) [ 9.2696 ]
271:(32,2,4,25,25,25,0) [ 9.5546 ]
272:(33,2,4,25,25,25,0) [ 9.639 ]
273:(35,2,2,25,25,25,0) [ 9.2378 ]
274:(33,2,2,25,25,25,0) [ 9.068999999999999 ]
275:(35,2,3,26,24,24,0) [ 9.4558 ]
276:(33,2,3,26,24,24,0) [ 9.287 ]
277:(33,2,4,26,24,24,0) [ 9.583 ]
278:(34,2,4,26,24,24,0) [ 9.6674 ]
279:(35,2,4,27,23,23,0) [ 9.6958 ]
280:(33,2,4,27,23,23,0) [ 9.527000000000001 ]
281:(33,2,5,27,23,23,0) [ 9.834 ]
282:(34,2,5,27,23,23,0) [ 9.9184 ]
283:(35,2,5,28,22,22,0) [ 9.957799999999999 ]
284:(33,2,5,28,22,22,0) [ 9.789 ]
285:(33,2,6,28,22,22,0) [ 10.107 ]
286:(34,2,6,28,22,22,0) [ 10.191400000000002 ]
287:(35,2,6,29,21,21,0) [ 10.2418 ]
288:(33,2,6,29,21,21,0) [ 10.073 ]
289:(33,2,7,29,21,21,0) [ 10.402 ]
290:(34,2,7,29,21,21,0) [ 10.4864 ]
291:(35,2,5,29,21,21,0) [ 9.9128 ]
292:(33,2,5,29,21,21,0) [ 9.744 ]
293:(35,2,4,29,21,21,0) [ 9.5838 ]
294:(32,2,4,29,21,21,0) [ 9.3306 ]
295:(32,2,5,29,21,21,0) [ 9.6596 ]
296:(35,2,3,29,21,21,0) [ 9.2548 ]
297:(33,2,3,29,21,21,0) [ 9.086 ]
298:(35,2,4,30,20,20,0) [ 9.5278 ]
299:(33,2,4,30,20,20,0) [ 9.359 ]
300:(33,2,5,30,20,20,0) [ 9.699 ]
301:(34,2,5,30,20,20,0) [ 9.7834 ]
302:(35,2,3,30,20,20,0) [ 9.1878 ]
303:(33,2,3,30,20,20,0) [ 9.019 ]
304:(35,2,4,31,19,19,0) [ 9.4718 ]
305:(33,2,4,31,19,19,0) [ 9.302999999999999 ]
306:(33,2,5,31,19,19,0) [ 9.654 ]
307:(34,2,5,31,19,19,0) [ 9.7384 ]
308:(33,2,5,32,18,18,0) [ 9.609 ]
309:(33,2,6,32,18,18,0) [ 9.971 ]
310:(34,2,6,32,18,18,0) [ 10.055400000000002 ]
311:(36,2,5,32,18,18,0) [ 9.862200000000001 ]
312:(35,2,6,32,18,18,0) [ 10.139800000000001 ]
313:(37,2,4,32,18,18,0) [ 9.5846 ]
314:(35,2,4,32,18,18,0) [ 9.4158 ]
315:(37,2,5,33,17,17,0) [ 9.901599999999998 ]
316:(35,2,5,33,17,17,0) [ 9.732800000000001 ]
317:(35,2,6,33,17,17,0) [ 10.105799999999999 ]
318:(36,2,6,33,17,17,0) [ 10.1902 ]
319:(37,2,6,34,16,16,0) [ 10.240599999999999 ]
320:(35,2,6,34,16,16,0) [ 10.071800000000001 ]
321:(35,2,7,34,16,16,0) [ 10.455799999999998 ]
322:(36,2,7,34,16,16,0) [ 10.5402 ]
323:(37,2,7,35,15,15,0) [ 10.601600000000001 ]
324:(35,2,7,35,15,15,0) [ 10.4328 ]
325:(35,2,8,35,15,15,0) [ 10.8278 ]
326:(36,2,8,35,15,15,0) [ 10.912199999999999 ]
327:(38,2,6,35,15,15,0) [ 10.291 ]
328:(36,2,6,35,15,15,0) [ 10.1222 ]
329:(38,2,7,36,14,14,0) [ 10.663 ]
330:(36,2,7,36,14,14,0) [ 10.494200000000001 ]
331:(36,2,8,36,14,14,0) [ 10.9002 ]
332:(37,2,8,36,14,14,0) [ 10.9846 ]
333:(39,2,6,36,14,14,0) [ 10.341400000000002 ]
334:(37,2,6,36,14,14,0) [ 10.172600000000001 ]
335:(39,2,5,36,14,14,0) [ 9.9354 ]
336:(37,2,5,36,14,14,0) [ 9.7666 ]
337:(39,2,4,36,14,14,0) [ 9.5294 ]
338:(37,2,4,36,14,14,0) [ 9.3606 ]
339:(40,2,3,36,14,14,0) [ 9.2078 ]
340:(38,2,3,36,14,14,0) [ 9.039 ]
341:(40,2,4,37,13,13,0) [ 9.5578 ]
342:(38,2,4,37,13,13,0) [ 9.389000000000001 ]
343:(38,2,5,37,13,13,0) [ 9.806000000000001 ]
344:(39,2,5,37,13,13,0) [ 9.8904 ]
345:(40,2,5,38,12,12,0) [ 9.9298 ]
346:(38,2,5,38,12,12,0) [ 9.761 ]
347:(38,2,6,38,12,12,0) [ 10.189 ]
348:(39,2,6,38,12,12,0) [ 10.273399999999999 ]
349:(40,2,6,39,11,11,0) [ 10.3238 ]
350:(38,2,6,39,11,11,0) [ 10.155 ]
351:(38,2,7,39,11,11,0) [ 10.594 ]
352:(39,2,7,39,11,11,0) [ 10.6784 ]
353:(41,2,5,39,11,11,0) [ 9.969199999999999 ]
354:(39,2,5,39,11,11,0) [ 9.800399999999998 ]
355:(41,2,4,39,11,11,0) [ 9.530199999999999 ]
356:(39,2,4,39,11,11,0) [ 9.3614 ]
357:(41,2,5,40,10,10,0) [ 9.924199999999999 ]
358:(39,2,5,40,10,10,0) [ 9.7554 ]
359:(39,2,6,40,10,10,0) [ 10.205400000000001 ]
360:(40,2,6,40,10,10,0) [ 10.2898 ]
361:(41,2,6,41,9,9,0) [ 10.340200000000001 ]
362:(39,2,6,41,9,9,0) [ 10.1714 ]
363:(39,2,7,41,9,9,0) [ 10.6324 ]
364:(40,2,7,41,9,9,0) [ 10.716800000000001 ]
365:(41,2,7,42,8,8,0) [ 10.778200000000002 ]
366:(39,2,7,42,8,8,0) [ 10.6094 ]
367:(39,2,8,42,8,8,0) [ 11.081400000000002 ]
368:(40,2,8,42,8,8,0) [ 11.1658 ]
369:(42,2,6,42,8,8,0) [ 10.390600000000001 ]
370:(40,2,6,42,8,8,0) [ 10.221800000000002 ]
371:(42,2,5,42,8,8,0) [ 9.918600000000001 ]
372:(40,2,5,42,8,8,0) [ 9.7498 ]
373:(42,2,6,43,7,7,0) [ 10.3566 ]
374:(40,2,6,43,7,7,0) [ 10.1878 ]
375:(40,2,7,43,7,7,0) [ 10.6708 ]
376:(41,2,7,43,7,7,0) [ 10.755199999999999 ]
377:(42,2,7,44,6,6,0) [ 10.8166 ]
378:(40,2,7,44,6,6,0) [ 10.647799999999998 ]
379:(40,2,8,44,6,6,0) [ 11.1418 ]
380:(41,2,8,44,6,6,0) [ 11.2262 ]
381:(43,2,6,44,6,6,0) [ 10.406999999999998 ]
382:(41,2,6,44,6,6,0) [ 10.2382 ]
383:(44,2,5,44,6,6,0) [ 9.9974 ]
384:(42,2,5,44,6,6,0) [ 9.8286 ]
385:(44,2,4,44,6,6,0) [ 9.503400000000001 ]
386:(42,2,4,44,6,6,0) [ 9.3346 ]
387:(45,2,3,44,6,6,0) [ 9.0938 ]
388:(43,2,3,44,6,6,0) [ 8.924999999999999 ]
389:(46,2,2,44,6,6,0) [ 8.684199999999999 ]
390:(44,2,2,44,6,6,0) [ 8.5154 ]
391:(46,2,1,44,6,6,0) [ 8.1902 ]
392:(44,2,1,44,6,6,0) [ 8.0214 ]
393:(47,2,0,44,6,6,0) [ 7.7806 ]
394:(45,2,0,44,6,6,0) [ 7.611800000000001 ]
395:(47,2,1,45,5,5,0) [ 8.1856 ]
396:(45,2,1,45,5,5,0) [ 8.0168 ]
397:(45,2,2,45,5,5,0) [ 8.521799999999999 ]
398:(46,2,2,45,5,5,0) [ 8.606200000000001 ]
399:(47,2,0,45,5,5,0) [ 7.6806 ]
400:(45,2,0,45,5,5,0) [ 7.5118 ]
401:(47,2,1,46,4,4,0) [ 8.0966 ]
402:(45,2,1,46,4,4,0) [ 7.9278 ]
403:(45,2,2,46,4,4,0) [ 8.443800000000001 ]
404:(46,2,2,46,4,4,0) [ 8.5282 ]
405:(47,2,2,47,3,3,0) [ 8.534600000000001 ]
406:(45,2,2,47,3,3,0) [ 8.3658 ]
407:(45,2,3,47,3,3,0) [ 8.892800000000001 ]
408:(46,2,3,47,3,3,0) [ 8.9772 ]
409:(47,2,1,47,3,3,0) [ 8.0076 ]
410:(45,2,1,47,3,3,0) [ 7.8388 ]
411:(48,2,0,47,3,3,0) [ 7.5649999999999995 ]
412:(46,2,0,47,3,3,0) [ 7.3962 ]
413:(48,2,1,48,2,2,0) [ 8.003 ]
414:(46,2,1,48,2,2,0) [ 7.834200000000001 ]
415:(46,2,2,48,2,2,0) [ 8.3722 ]
416:(47,2,2,48,2,2,0) [ 8.4566 ]
417:(48,2,1,47,2,3,1) [ 3157.9919999999997 ]
418:(46,2,1,47,2,3,1) [ 3157.8232 ]
419:(46,2,2,47,2,3,1) [ 3158.3502 ]
420:(47,2,2,47,2,3,1) [ 3158.4345999999996 ]
421:(49,2,0,47,2,3,1) [ 3157.5494 ]
422:(45,2,0,47,2,3,1) [ 3157.2118 ]
423:(45,2,1,47,2,3,1) [ 3157.7387999999996 ]
424:(47,2,1,48,1,2,1) [ 2107.8186 ]
425:(45,2,1,48,1,2,1) [ 2107.6497999999997 ]
426:(45,2,2,48,1,2,1) [ 2108.1877999999997 ]
427:(46,2,2,48,1,2,1) [ 2108.2722 ]
428:(48,2,0,48,1,2,1) [ 2107.365 ]
429:(46,2,0,48,1,2,1) [ 2107.1962 ]
430:(46,2,1,49,0,1,1) [ 1057.6452 ]
431:(46,2,2,49,0,1,1) [ 1058.1942 ]
432:(47,2,2,49,0,1,1) [ 1058.2786 ]
433:(49,2,1,49,0,1,1) [ 1057.8984 ]
434:(48,2,2,49,0,1,1) [ 1058.363 ]
435:(50,2,0,49,0,1,1) [ 1057.4338 ]
436:(48,2,0,49,0,1,1) [ 1057.265 ]
437:(50,2,0,49,1,1,0) [ 7.533799999999999 ]
438:(48,2,0,49,1,1,0) [ 7.364999999999999 ]
439:(48,2,1,49,1,1,0) [ 7.913999999999999 ]
440:(49,2,1,49,1,1,0) [ 7.998399999999999 ]
441:(50,2,1,50,0,0,0) [ 7.993799999999999 ]
442:(48,2,1,50,0,0,0) [ 7.824999999999999 ]
443:(48,2,2,50,0,0,0) [ 8.384999999999998 ]
444:(49,2,2,50,0,0,0) [ 8.4694 ]
445:(51,2,0,50,0,0,0) [ 7.518200000000001 ]
446:(49,2,0,50,0,0,0) [ 7.3494 ]
447:(24,2,2,0,49,50,1) [ 52510.159400000004 TARGET ]
448:(23,2,3,0,49,50,1) [ 52510.085 TARGET ]
449:(24,2,3,1,48,49,1) [ 51460.1024 ]
450:(23,2,4,1,48,49,1) [ 51460.039000000004 ]
451:(24,2,2,1,48,49,1) [ 51460.0814 ]
452:(24,2,3,2,47,48,1) [ 50410.0354 ]
453:(23,2,4,2,47,48,1) [ 50409.983 ]
454:(24,2,4,3,46,47,1) [ 49360.011399999996 ]
455:(23,2,5,3,46,47,1) [ 49359.97 ]
456:(24,2,3,3,46,47,1) [ 49359.9684 ]
457:(24,2,2,3,46,47,1) [ 49359.9254 ]
458:(25,2,1,3,46,47,1) [ 49359.9668 ]
459:(26,2,0,3,46,47,1) [ 49360.0082 ]
460:(25,2,1,4,45,46,1) [ 48309.8778 ]
461:(24,2,2,4,45,46,1) [ 48309.8474 ]
462:(25,2,0,4,45,46,1) [ 48309.8238 ]
463:(25,2,1,5,44,45,1) [ 47259.7888 ]
464:(24,2,2,5,44,45,1) [ 47259.769400000005 ]
465:(25,2,2,6,43,44,1) [ 46209.7758 ]
466:(24,2,3,6,43,44,1) [ 46209.767400000004 ]
467:(25,2,3,7,42,43,1) [ 45159.784799999994 ]
468:(24,2,4,7,42,43,1) [ 45159.787399999994 ]
469:(26,2,2,7,42,43,1) [ 45159.782199999994 ]
470:(26,2,3,8,41,42,1) [ 44109.8022 ]
471:(25,2,4,8,41,42,1) [ 44109.8158 ]
472:(27,2,2,8,41,42,1) [ 44109.7886 ]
473:(28,2,1,8,41,42,1) [ 44109.775 ]
474:(28,2,0,8,41,42,1) [ 44109.676999999996 ]
475:(28,2,1,9,40,41,1) [ 43059.686 ]
476:(27,2,2,9,40,41,1) [ 43059.7106 ]
477:(28,2,0,9,40,41,1) [ 43059.577 ]
478:(28,2,1,10,39,40,1) [ 42009.597 ]
479:(27,2,2,10,39,40,1) [ 42009.632600000004 ]
480:(28,2,2,11,38,39,1) [ 40959.639 ]
481:(27,2,3,11,38,39,1) [ 40959.685600000004 ]
482:(29,2,1,11,38,39,1) [ 40959.5924 ]
483:(29,2,0,11,38,39,1) [ 40959.4614 ]
484:(29,2,1,12,37,38,1) [ 39909.503399999994 ]
485:(28,2,2,12,37,38,1) [ 39909.560999999994 ]
486:(30,2,0,12,37,38,1) [ 39909.445799999994 ]
487:(30,2,1,13,36,37,1) [ 38859.4988 ]
488:(29,2,2,13,36,37,1) [ 38859.5674 ]
489:(30,2,2,14,35,36,1) [ 37809.5738 ]
490:(29,2,3,14,35,36,1) [ 37809.6534 ]
491:(30,2,1,14,35,36,1) [ 37809.4098 ]
492:(30,2,2,15,34,35,1) [ 36759.495800000004 ]
493:(29,2,3,15,34,35,1) [ 36759.5864 ]
494:(30,2,3,16,33,34,1) [ 35709.603800000004 ]
495:(29,2,4,16,33,34,1) [ 35709.705400000006 ]
496:(31,2,2,16,33,34,1) [ 35709.5022 ]
497:(31,2,3,17,32,33,1) [ 34659.621199999994 ]
498:(30,2,4,17,32,33,1) [ 34659.733799999995 ]
499:(31,2,2,17,32,33,1) [ 34659.424199999994 ]
500:(31,2,3,18,31,32,1) [ 33609.5542 ]
501:(30,2,4,18,31,32,1) [ 33609.6778 ]
502:(31,2,4,19,30,31,1) [ 32559.7062 ]
503:(30,2,5,19,30,31,1) [ 32559.8408 ]
504:(32,2,3,19,30,31,1) [ 32559.5716 ]
505:(32,2,2,19,30,31,1) [ 32559.3526 ]
506:(33,2,1,19,30,31,1) [ 32559.218 ]
507:(34,2,0,19,30,31,1) [ 32559.0834 ]
508:(34,2,1,20,29,30,1) [ 31509.2134 ]
509:(33,2,2,20,29,30,1) [ 31509.359 ]
510:(34,2,2,21,28,29,1) [ 30459.3654 ]
511:(33,2,3,21,28,29,1) [ 30459.522 ]
512:(34,2,1,21,28,29,1) [ 30459.1244 ]
513:(34,2,2,22,27,28,1) [ 29409.2874 ]
514:(33,2,3,22,27,28,1) [ 29409.455 ]
515:(35,2,1,22,27,28,1) [ 29409.1198 ]
516:(35,2,1,22,28,28,0) [ 9.219800000000001 ]
517:(34,2,2,22,28,28,0) [ 9.387400000000001 ]
518:(35,2,2,23,27,27,0) [ 9.3938 ]
519:(34,2,3,23,27,27,0) [ 9.5724 ]
520:(35,2,1,23,27,27,0) [ 9.1308 ]
521:(35,2,2,24,26,26,0) [ 9.3158 ]
522:(34,2,3,24,26,26,0) [ 9.5054 ]
523:(36,2,1,24,26,26,0) [ 9.1262 ]
524:(35,2,3,25,25,25,0) [ 9.5228 ]
525:(34,2,4,25,25,25,0) [ 9.7234 ]
526:(36,2,2,25,25,25,0) [ 9.3222 ]
527:(36,2,3,26,24,24,0) [ 9.5402 ]
528:(35,2,4,26,24,24,0) [ 9.7518 ]
529:(36,2,4,27,23,23,0) [ 9.7802 ]
530:(35,2,5,27,23,23,0) [ 10.0028 ]
531:(36,2,5,28,22,22,0) [ 10.042200000000001 ]
532:(35,2,6,28,22,22,0) [ 10.2758 ]
533:(36,2,6,29,21,21,0) [ 10.3262 ]
534:(35,2,7,29,21,21,0) [ 10.5708 ]
535:(36,2,5,29,21,21,0) [ 9.9972 ]
536:(36,2,4,29,21,21,0) [ 9.6682 ]
537:(36,2,3,29,21,21,0) [ 9.3392 ]
538:(36,2,4,30,20,20,0) [ 9.612200000000001 ]
539:(35,2,5,30,20,20,0) [ 9.867799999999999 ]
540:(36,2,3,30,20,20,0) [ 9.2722 ]
541:(36,2,4,31,19,19,0) [ 9.5562 ]
542:(35,2,5,31,19,19,0) [ 9.822799999999999 ]
543:(37,2,5,32,18,18,0) [ 9.9466 ]
544:(36,2,6,32,18,18,0) [ 10.2242 ]
545:(38,2,4,32,18,18,0) [ 9.669 ]
546:(38,2,5,33,17,17,0) [ 9.986 ]
547:(37,2,6,33,17,17,0) [ 10.2746 ]
548:(38,2,6,34,16,16,0) [ 10.325000000000001 ]
549:(37,2,7,34,16,16,0) [ 10.6246 ]
550:(38,2,7,35,15,15,0) [ 10.686 ]
551:(37,2,8,35,15,15,0) [ 10.9966 ]
552:(39,2,6,35,15,15,0) [ 10.375399999999999 ]
553:(39,2,7,36,14,14,0) [ 10.7474 ]
554:(38,2,8,36,14,14,0) [ 11.069 ]
555:(40,2,6,36,14,14,0) [ 10.4258 ]
556:(40,2,5,36,14,14,0) [ 10.0198 ]
557:(40,2,4,36,14,14,0) [ 9.6138 ]
558:(41,2,3,36,14,14,0) [ 9.2922 ]
559:(41,2,4,37,13,13,0) [ 9.6422 ]
560:(40,2,5,37,13,13,0) [ 9.974800000000002 ]
561:(41,2,5,38,12,12,0) [ 10.014199999999999 ]
562:(40,2,6,38,12,12,0) [ 10.357800000000001 ]
563:(41,2,6,39,11,11,0) [ 10.408199999999999 ]
564:(40,2,7,39,11,11,0) [ 10.7628 ]
565:(42,2,5,39,11,11,0) [ 10.053599999999998 ]
566:(42,2,4,39,11,11,0) [ 9.6146 ]
567:(42,2,5,40,10,10,0) [ 10.0086 ]
568:(41,2,6,40,10,10,0) [ 10.374200000000002 ]
569:(42,2,6,41,9,9,0) [ 10.4246 ]
570:(41,2,7,41,9,9,0) [ 10.8012 ]
571:(42,2,7,42,8,8,0) [ 10.8626 ]
572:(41,2,8,42,8,8,0) [ 11.2502 ]
573:(43,2,6,42,8,8,0) [ 10.475000000000001 ]
574:(43,2,5,42,8,8,0) [ 10.003 ]
575:(43,2,6,43,7,7,0) [ 10.440999999999999 ]
576:(42,2,7,43,7,7,0) [ 10.839599999999999 ]
577:(43,2,7,44,6,6,0) [ 10.900999999999998 ]
578:(42,2,8,44,6,6,0) [ 11.310599999999999 ]
579:(44,2,6,44,6,6,0) [ 10.4914 ]
580:(45,2,5,44,6,6,0) [ 10.0818 ]
581:(45,2,4,44,6,6,0) [ 9.5878 ]
582:(46,2,3,44,6,6,0) [ 9.178199999999999 ]
583:(47,2,2,44,6,6,0) [ 8.768600000000001 ]
584:(47,2,1,44,6,6,0) [ 8.274600000000001 ]
585:(48,2,0,44,6,6,0) [ 7.865 ]
586:(48,2,1,45,5,5,0) [ 8.27 ]
587:(47,2,2,45,5,5,0) [ 8.6906 ]
588:(48,2,0,45,5,5,0) [ 7.765 ]
589:(48,2,1,46,4,4,0) [ 8.181 ]
590:(47,2,2,46,4,4,0) [ 8.612600000000002 ]
591:(48,2,2,47,3,3,0) [ 8.619 ]
592:(47,2,3,47,3,3,0) [ 9.061600000000002 ]
593:(48,2,1,47,3,3,0) [ 8.092 ]
594:(49,2,0,47,3,3,0) [ 7.6494 ]
595:(49,2,1,48,2,2,0) [ 8.0874 ]
596:(48,2,2,48,2,2,0) [ 8.540999999999999 ]
597:(49,2,1,47,2,3,1) [ 3158.0764 ]
598:(48,2,2,47,2,3,1) [ 3158.519 ]
599:(50,2,0,47,2,3,1) [ 3157.6337999999996 ]
600:(48,2,1,48,1,2,1) [ 2107.903 ]
601:(47,2,2,48,1,2,1) [ 2108.3566 ]
602:(49,2,0,48,1,2,1) [ 2107.4494 ]
603:(50,2,1,49,0,1,1) [ 1057.9828 ]
604:(49,2,2,49,0,1,1) [ 1058.4474 ]
605:(51,2,0,49,0,1,1) [ 1057.5182 ]
606:(51,2,0,49,1,1,0) [ 7.618200000000001 ]
607:(50,2,1,49,1,1,0) [ 8.082799999999999 ]
608:(51,2,1,50,0,0,0) [ 8.0782 ]
609:(50,2,2,50,0,0,0) [ 8.553799999999999 ]
610:(52,2,0,50,0,0,0) [ 7.602600000000001 ]
611:(25,2,3,2,47,48,1) [ 50410.1198 ]
612:(24,2,4,2,47,48,1) [ 50410.0674 ]
613:(35,2,0,19,30,31,1) [ 32559.1678 ]
614:(35,2,1,20,29,30,1) [ 31509.2978 ]
615:(35,2,2,21,28,29,1) [ 30459.4498 ]
616:(35,2,1,21,28,29,1) [ 30459.2088 ]
617:(35,2,2,22,27,28,1) [ 29409.3718 ]
618:(36,2,1,22,27,28,1) [ 29409.2042 ]
619:(37,2,3,26,24,24,0) [ 9.624600000000001 ]
620:(37,2,5,29,21,21,0) [ 10.0816 ]
621:(37,2,4,29,21,21,0) [ 9.752600000000001 ]
622:(37,2,4,30,20,20,0) [ 9.6966 ]
623:(37,2,3,30,20,20,0) [ 9.3566 ]
624:(37,2,4,31,19,19,0) [ 9.6406 ]
625:(36,2,5,31,19,19,0) [ 9.907200000000001 ]
626:(38,2,5,32,18,18,0) [ 10.031 ]
627:(43,2,4,39,11,11,0) [ 9.699 ]
628:(43,2,5,40,10,10,0) [ 10.093 ]
629:(47,2,3,44,6,6,0) [ 9.2626 ]
630:(48,2,2,46,4,4,0) [ 8.697000000000001 ]
631:(48,2,3,47,3,3,0) [ 9.146 ]
632:(50,2,1,48,2,2,0) [ 8.1718 ]
633:(49,2,2,48,2,2,0) [ 8.625399999999999 ]
634:(51,2,2,50,0,0,0) [ 8.638200000000001 ]
635:(21,2,5,2,47,48,1) [ 50409.8462 ]
636:(21,2,6,3,46,47,1) [ 49359.8442 ]
637:(28,2,3,13,36,37,1) [ 38859.636 ]
638:(28,2,4,14,35,36,1) [ 37809.733 ]
639:(28,2,5,16,33,34,1) [ 35709.807 ]
640:(28,2,5,17,32,33,1) [ 34659.761999999995 ]
641:(29,2,5,18,31,32,1) [ 33609.8014 ]
642:(29,2,6,19,30,31,1) [ 32559.9754 ]
643:(31,2,3,20,29,30,1) [ 31509.4202 ]
644:(32,2,3,20,29,30,1) [ 31509.5046 ]
645:(32,2,4,21,28,29,1) [ 30459.6786 ]
646:(32,2,4,23,27,27,0) [ 9.666599999999999 ]
647:(33,2,4,23,27,27,0) [ 9.751000000000001 ]
648:(34,2,5,26,24,24,0) [ 9.9634 ]
649:(34,2,6,27,23,23,0) [ 10.2254 ]
650:(33,2,7,28,22,22,0) [ 10.425 ]
651:(34,2,7,28,22,22,0) [ 10.5094 ]
652:(33,2,8,29,21,21,0) [ 10.731 ]
653:(34,2,8,29,21,21,0) [ 10.815399999999999 ]
654:(32,2,6,29,21,21,0) [ 9.9886 ]
655:(35,2,7,33,17,17,0) [ 10.4788 ]
656:(36,2,7,33,17,17,0) [ 10.563199999999998 ]
657:(36,2,8,34,16,16,0) [ 10.9242 ]
658:(46,2,3,45,5,5,0) [ 9.1112 ]
659:(45,2,3,46,4,4,0) [ 8.9598 ]
660:(46,2,3,46,4,4,0) [ 9.044200000000002 ]
661:(45,2,4,47,3,3,0) [ 9.419800000000002 ]
662:(45,2,2,47,2,3,1) [ 3158.2657999999997 ]
663:(49,2,2,49,1,1,0) [ 8.547399999999998 ]
664:(23,2,5,2,47,48,1) [ 50410.015 ]
665:(23,2,6,3,46,47,1) [ 49360.013 ]
666:(24,2,3,4,45,46,1) [ 48309.9014 ]
667:(28,2,3,12,37,38,1) [ 39909.702999999994 ]
668:(33,2,4,22,27,28,1) [ 29409.707000000002 ]
669:(34,2,5,25,25,25,0) [ 10.0084 ]
670:(47,2,4,47,3,3,0) [ 9.5886 ]
671:(48,2,3,48,2,2,0) [ 9.079 ]
672:(50,2,2,49,1,1,0) [ 8.6318 ]
673:(50,2,3,50,0,0,0) [ 9.113800000000001 ]
674:(20,2,2,0,49,50,1) [ 52509.8218 TARGET ]
675:(20,2,3,0,49,50,1) [ 52509.8318 TARGET ]
676:(20,2,3,1,48,49,1) [ 51459.764800000004 ]
677:(20,2,4,1,48,49,1) [ 51459.785800000005 ]
678:(20,2,2,1,48,49,1) [ 51459.743800000004 ]
679:(20,2,3,2,47,48,1) [ 50409.697799999994 ]
680:(20,2,4,2,47,48,1) [ 50409.729799999994 ]
681:(20,2,4,3,46,47,1) [ 49359.6738 ]
682:(20,2,5,3,46,47,1) [ 49359.7168 ]
683:(20,2,3,3,46,47,1) [ 49359.6308 ]
684:(20,2,2,3,46,47,1) [ 49359.5878 ]
685:(21,2,1,3,46,47,1) [ 49359.629199999996 ]
686:(21,2,0,3,46,47,1) [ 49359.5862 ]
687:(21,2,1,4,45,46,1) [ 48309.5402 ]
688:(21,2,2,4,45,46,1) [ 48309.5942 ]
689:(21,2,0,4,45,46,1) [ 48309.4862 ]
690:(21,2,1,5,44,45,1) [ 47259.4512 ]
691:(21,2,2,5,44,45,1) [ 47259.5162 ]
692:(21,2,2,6,43,44,1) [ 46209.438200000004 ]
693:(21,2,3,6,43,44,1) [ 46209.514200000005 ]
694:(21,2,3,7,42,43,1) [ 45159.447199999995 ]
695:(21,2,4,7,42,43,1) [ 45159.534199999995 ]
696:(22,2,2,7,42,43,1) [ 45159.444599999995 ]
697:(22,2,3,8,41,42,1) [ 44109.4646 ]
698:(22,2,4,8,41,42,1) [ 44109.5626 ]
699:(23,2,2,8,41,42,1) [ 44109.451 ]
700:(24,2,1,8,41,42,1) [ 44109.437399999995 ]
701:(24,2,0,8,41,42,1) [ 44109.3394 ]
702:(24,2,1,9,40,41,1) [ 43059.3484 ]
703:(24,2,2,9,40,41,1) [ 43059.4574 ]
704:(24,2,0,9,40,41,1) [ 43059.2394 ]
705:(24,2,1,10,39,40,1) [ 42009.2594 ]
706:(24,2,2,10,39,40,1) [ 42009.3794 ]
707:(24,2,2,11,38,39,1) [ 40959.301400000004 ]
708:(24,2,3,11,38,39,1) [ 40959.432400000005 ]
709:(25,2,1,11,38,39,1) [ 40959.2548 ]
710:(25,2,0,11,38,39,1) [ 40959.1238 ]
711:(25,2,1,12,37,38,1) [ 39909.165799999995 ]
712:(25,2,2,12,37,38,1) [ 39909.307799999995 ]
713:(26,2,0,12,37,38,1) [ 39909.108199999995 ]
714:(26,2,1,13,36,37,1) [ 38859.161199999995 ]
715:(26,2,2,13,36,37,1) [ 38859.3142 ]
716:(26,2,2,14,35,36,1) [ 37809.2362 ]
717:(26,2,3,14,35,36,1) [ 37809.4002 ]
718:(26,2,1,14,35,36,1) [ 37809.0722 ]
719:(26,2,2,15,34,35,1) [ 36759.1582 ]
720:(26,2,3,15,34,35,1) [ 36759.3332 ]
721:(26,2,3,16,33,34,1) [ 35709.266200000005 ]
722:(26,2,4,16,33,34,1) [ 35709.4522 ]
723:(27,2,2,16,33,34,1) [ 35709.164600000004 ]
724:(27,2,3,17,32,33,1) [ 34659.283599999995 ]
725:(27,2,4,17,32,33,1) [ 34659.480599999995 ]
726:(27,2,2,17,32,33,1) [ 34659.086599999995 ]
727:(27,2,3,18,31,32,1) [ 33609.2166 ]
728:(27,2,4,18,31,32,1) [ 33609.4246 ]
729:(27,2,4,19,30,31,1) [ 32559.3686 ]
730:(27,2,5,19,30,31,1) [ 32559.5876 ]
731:(28,2,3,19,30,31,1) [ 32559.234 ]
732:(28,2,2,19,30,31,1) [ 32559.015 ]
733:(29,2,1,19,30,31,1) [ 32558.8804 ]
734:(30,2,0,19,30,31,1) [ 32558.7458 ]
735:(30,2,1,20,29,30,1) [ 31508.8758 ]
736:(30,2,2,20,29,30,1) [ 31509.1058 ]
737:(30,2,2,21,28,29,1) [ 30459.0278 ]
738:(30,2,3,21,28,29,1) [ 30459.268799999998 ]
739:(30,2,1,21,28,29,1) [ 30458.786799999998 ]
740:(30,2,2,22,27,28,1) [ 29408.949800000002 ]
741:(30,2,3,22,27,28,1) [ 29409.2018 ]
742:(31,2,1,22,27,28,1) [ 29408.7822 ]
743:(31,2,1,22,28,28,0) [ 8.882200000000001 ]
744:(31,2,2,22,28,28,0) [ 9.1342 ]
745:(31,2,2,23,27,27,0) [ 9.0562 ]
746:(31,2,3,23,27,27,0) [ 9.319199999999999 ]
747:(31,2,1,23,27,27,0) [ 8.793199999999999 ]
748:(31,2,2,24,26,26,0) [ 8.9782 ]
749:(31,2,3,24,26,26,0) [ 9.2522 ]
750:(32,2,1,24,26,26,0) [ 8.7886 ]
751:(31,2,3,25,25,25,0) [ 9.1852 ]
752:(31,2,4,25,25,25,0) [ 9.4702 ]
753:(32,2,2,25,25,25,0) [ 8.9846 ]
754:(32,2,3,26,24,24,0) [ 9.2026 ]
755:(32,2,4,26,24,24,0) [ 9.4986 ]
756:(32,2,4,27,23,23,0) [ 9.4426 ]
757:(32,2,5,27,23,23,0) [ 9.7496 ]
758:(32,2,5,28,22,22,0) [ 9.7046 ]
759:(32,2,6,28,22,22,0) [ 10.0226 ]
760:(32,2,7,29,21,21,0) [ 10.3176 ]
761:(31,2,4,29,21,21,0) [ 9.2462 ]
762:(31,2,5,29,21,21,0) [ 9.5752 ]
763:(32,2,3,29,21,21,0) [ 9.0016 ]
764:(32,2,4,30,20,20,0) [ 9.2746 ]
765:(32,2,5,30,20,20,0) [ 9.6146 ]
766:(32,2,3,30,20,20,0) [ 8.9346 ]
767:(32,2,4,31,19,19,0) [ 9.2186 ]
768:(32,2,5,31,19,19,0) [ 9.5696 ]
769:(32,2,5,32,18,18,0) [ 9.5246 ]
770:(32,2,6,32,18,18,0) [ 9.886600000000001 ]
771:(34,2,4,32,18,18,0) [ 9.3314 ]
772:(34,2,5,33,17,17,0) [ 9.648399999999999 ]
773:(34,2,6,33,17,17,0) [ 10.0214 ]
774:(34,2,6,34,16,16,0) [ 9.9874 ]
775:(34,2,7,34,16,16,0) [ 10.3714 ]
776:(34,2,7,35,15,15,0) [ 10.3484 ]
777:(34,2,8,35,15,15,0) [ 10.743400000000001 ]
778:(35,2,6,35,15,15,0) [ 10.0378 ]
779:(35,2,7,36,14,14,0) [ 10.409799999999999 ]
780:(35,2,8,36,14,14,0) [ 10.815800000000001 ]
781:(36,2,6,36,14,14,0) [ 10.088200000000002 ]
782:(36,2,5,36,14,14,0) [ 9.6822 ]
783:(36,2,4,36,14,14,0) [ 9.2762 ]
784:(37,2,3,36,14,14,0) [ 8.9546 ]
785:(37,2,4,37,13,13,0) [ 9.3046 ]
786:(37,2,5,37,13,13,0) [ 9.7216 ]
787:(37,2,5,38,12,12,0) [ 9.6766 ]
788:(37,2,6,38,12,12,0) [ 10.104600000000001 ]
789:(37,2,6,39,11,11,0) [ 10.0706 ]
790:(37,2,7,39,11,11,0) [ 10.5096 ]
791:(38,2,5,39,11,11,0) [ 9.716 ]
792:(38,2,4,39,11,11,0) [ 9.277 ]
793:(38,2,5,40,10,10,0) [ 9.671 ]
794:(38,2,6,40,10,10,0) [ 10.121 ]
795:(38,2,6,41,9,9,0) [ 10.087000000000002 ]
796:(38,2,7,41,9,9,0) [ 10.548 ]
797:(38,2,7,42,8,8,0) [ 10.525000000000002 ]
798:(38,2,8,42,8,8,0) [ 10.997 ]
799:(39,2,6,42,8,8,0) [ 10.137400000000001 ]
800:(39,2,5,42,8,8,0) [ 9.665400000000002 ]
801:(39,2,6,43,7,7,0) [ 10.1034 ]
802:(39,2,7,43,7,7,0) [ 10.5864 ]
803:(39,2,7,44,6,6,0) [ 10.5634 ]
804:(39,2,8,44,6,6,0) [ 11.0574 ]
805:(40,2,6,44,6,6,0) [ 10.153799999999999 ]
806:(41,2,5,44,6,6,0) [ 9.744200000000001 ]
807:(41,2,4,44,6,6,0) [ 9.250200000000001 ]
808:(42,2,3,44,6,6,0) [ 8.8406 ]
809:(43,2,2,44,6,6,0) [ 8.431000000000001 ]
810:(43,2,1,44,6,6,0) [ 7.936999999999999 ]
811:(44,2,0,44,6,6,0) [ 7.5274 ]
812:(44,2,1,45,5,5,0) [ 7.9323999999999995 ]
813:(44,2,2,45,5,5,0) [ 8.4374 ]
814:(44,2,0,45,5,5,0) [ 7.4274000000000004 ]
815:(44,2,1,46,4,4,0) [ 7.8434 ]
816:(44,2,2,46,4,4,0) [ 8.359399999999999 ]
817:(44,2,2,47,3,3,0) [ 8.2814 ]
818:(44,2,3,47,3,3,0) [ 8.8084 ]
819:(44,2,1,47,3,3,0) [ 7.7543999999999995 ]
820:(45,2,0,47,3,3,0) [ 7.3118 ]
821:(45,2,1,48,2,2,0) [ 7.7498000000000005 ]
822:(45,2,2,48,2,2,0) [ 8.2878 ]
823:(44,2,0,47,2,3,1) [ 3157.1274 ]
824:(44,2,1,47,2,3,1) [ 3157.6544 ]
825:(44,2,1,48,1,2,1) [ 2107.5654 ]
826:(44,2,2,48,1,2,1) [ 2108.1034 ]
827:(45,2,0,48,1,2,1) [ 2107.1118 ]
828:(45,2,1,49,0,1,1) [ 1057.5608 ]
829:(45,2,2,49,0,1,1) [ 1058.1098 ]
830:(47,2,0,49,0,1,1) [ 1057.1806 ]
831:(47,2,0,49,1,1,0) [ 7.2806 ]
832:(47,2,1,49,1,1,0) [ 7.8296 ]
833:(47,2,1,50,0,0,0) [ 7.740600000000001 ]
834:(47,2,2,50,0,0,0) [ 8.3006 ]
835:(48,2,0,50,0,0,0) [ 7.265 ]
836:(19,2,4,3,46,47,1) [ 49359.5894 ]
837:(21,2,5,8,41,42,1) [ 44109.576199999996 ]
838:(24,2,3,9,40,41,1) [ 43059.5664 ]
839:(30,2,3,20,29,30,1) [ 31509.3358 ]
840:(47,2,2,49,1,1,0) [ 8.3786 ]
841:(48,2,0,48,2,2,0) [ 7.465 ]
842:(46,2,2,43,7,7,0) [ 8.7622 ]
843:(46,2,1,42,8,8,0) [ 8.3682 ]
844:(45,2,2,42,8,8,0) [ 8.7558 ]
845:(45,2,1,41,9,9,0) [ 8.3728 ]
846:(44,2,2,41,9,9,0) [ 8.7494 ]
847:(44,2,1,40,10,10,0) [ 8.3774 ]
848:(44,2,2,40,10,10,0) [ 8.8274 ]
849:(44,2,1,39,11,11,0) [ 8.4664 ]
850:(44,2,0,38,12,12,0) [ 8.127400000000002 ]
851:(43,2,1,38,12,12,0) [ 8.471 ]
852:(42,2,2,38,12,12,0) [ 8.8146 ]
853:(42,2,1,37,13,13,0) [ 8.4756 ]
854:(42,2,0,36,14,14,0) [ 8.1586 ]
855:(41,2,1,36,14,14,0) [ 8.4802 ]
856:(41,2,0,35,15,15,0) [ 8.1742 ]
857:(41,2,1,35,15,15,0) [ 8.5692 ]
858:(41,2,0,34,16,16,0) [ 8.2742 ]
859:(41,2,0,34,15,16,1) [ 16808.1742 ]
860:(40,2,1,34,15,16,1) [ 16808.4738 ]
861:(40,2,0,33,16,17,1) [ 17858.1898 ]
862:(39,2,1,33,16,17,1) [ 17858.4784 ]
863:(39,2,0,32,17,18,1) [ 18908.2054 ]
864:(39,2,1,32,17,18,1) [ 18908.5674 ]
865:(39,2,0,31,18,19,1) [ 19958.305399999997 ]
866:(38,2,1,31,18,19,1) [ 19958.572 ]
867:(38,2,1,32,18,18,0) [ 8.583 ]
868:(37,2,2,32,18,18,0) [ 8.8606 ]
869:(37,2,3,32,18,18,0) [ 9.2226 ]
870:(37,2,2,31,19,19,0) [ 8.938600000000001 ]
871:(36,2,3,31,19,19,0) [ 9.2052 ]
872:(37,2,5,30,20,20,0) [ 10.0366 ]
873:(36,2,6,30,20,20,0) [ 10.292200000000001 ]
874:(35,2,7,30,20,20,0) [ 10.547799999999999 ]
875:(34,2,8,30,20,20,0) [ 10.8034 ]
876:(34,2,9,30,20,20,0) [ 11.1434 ]
877:(34,2,6,26,24,24,0) [ 10.2594 ]
878:(33,2,6,25,25,25,0) [ 10.209 ]
879:(33,2,5,24,26,26,0) [ 9.969 ]
880:(32,2,5,23,27,27,0) [ 9.9296 ]
881:(32,2,4,22,28,28,0) [ 9.7226 ]
882:(32,2,5,22,28,28,0) [ 9.9746 ]
883:(32,2,6,22,28,28,0) [ 10.2266 ]
884:(31,2,7,22,28,28,0) [ 10.3942 ]
885:(31,2,6,21,29,29,0) [ 10.176200000000001 ]
886:(31,2,7,21,29,29,0) [ 10.417200000000001 ]
887:(31,2,6,20,30,30,0) [ 10.2102 ]
888:(31,2,5,19,31,31,0) [ 10.0252 ]
889:(31,2,4,18,32,32,0) [ 9.862200000000001 ]
890:(31,2,5,18,32,32,0) [ 10.0702 ]
891:(31,2,4,17,33,33,0) [ 9.9182 ]
892:(30,2,5,17,33,33,0) [ 10.0308 ]
893:(30,2,6,17,33,33,0) [ 10.2278 ]
894:(30,2,5,16,34,34,0) [ 10.075800000000001 ]
895:(31,2,4,16,34,34,0) [ 9.9742 ]
896:(31,2,4,16,33,34,1) [ 35709.874200000006 ]
897:(30,2,5,16,33,34,1) [ 35709.9758 ]
898:(30,2,6,16,33,34,1) [ 35710.1618 ]
899:(30,2,7,16,33,34,1) [ 35710.3478 ]
900:(30,2,6,15,34,35,1) [ 36760.1958 ]
901:(30,2,5,14,35,36,1) [ 37810.0658 ]
902:(30,2,4,13,36,37,1) [ 38859.9578 ]
903:(30,2,3,12,37,38,1) [ 39909.87179999999 ]
904:(29,2,4,12,37,38,1) [ 39909.92939999999 ]
905:(29,2,5,12,37,38,1) [ 39910.0714 ]
906:(29,2,4,11,38,39,1) [ 40959.985400000005 ]
907:(29,2,3,10,39,40,1) [ 42009.9214 ]
908:(29,2,2,9,40,41,1) [ 43059.8794 ]
909:(29,2,3,9,40,41,1) [ 43059.9884 ]
910:(29,2,2,8,41,42,1) [ 44109.9574 ]
911:(29,2,1,7,42,43,1) [ 45159.948399999994 ]
912:(29,2,2,7,42,43,1) [ 45160.0354 ]
913:(30,2,2,7,42,43,1) [ 45160.1198 ]
914:(29,2,3,7,42,43,1) [ 45160.1224 ]
915:(29,2,2,6,43,44,1) [ 46210.1134 ]
916:(29,2,1,5,44,45,1) [ 47260.1264 ]
917:(29,2,0,4,45,46,1) [ 48310.1614 ]
918:(29,2,1,4,45,46,1) [ 48310.2154 ]
919:(29,2,0,3,46,47,1) [ 49360.261399999996 ]
920:(28,2,1,3,46,47,1) [ 49360.22 ]
921:(28,2,0,2,47,48,1) [ 50410.276999999995 ]
922:(27,2,1,2,47,48,1) [ 50410.224599999994 ]
923:(27,2,2,2,47,48,1) [ 50410.2566 ]
924:(26,2,3,2,47,48,1) [ 50410.2042 ]
925:(26,2,2,1,48,49,1) [ 51460.2502 ]
926:(26,2,1,0,49,50,1) [ 52510.3182 TARGET ]
927:(26,2,2,2,47,48,1) [ 50410.17219999999 ]
928:(28,2,4,7,42,43,1) [ 45160.125 ]
929:(29,2,3,8,41,42,1) [ 44110.0554 ]
930:(30,2,3,9,40,41,1) [ 43060.0728 ]
931:(29,2,4,9,40,41,1) [ 43060.0974 ]
932:(30,2,2,9,40,41,1) [ 43059.9638 ]
933:(29,2,5,14,35,36,1) [ 37809.9814 ]
934:(29,2,6,14,35,36,1) [ 37810.1454 ]
935:(29,2,6,15,34,35,1) [ 36760.1114 ]
936:(29,2,7,15,34,35,1) [ 36760.286400000005 ]
937:(29,2,7,16,33,34,1) [ 35710.2634 ]
938:(29,2,8,16,33,34,1) [ 35710.449400000005 ]
939:(31,2,6,16,33,34,1) [ 35710.2462 ]
940:(31,2,5,16,33,34,1) [ 35710.0602 ]
941:(32,2,4,16,33,34,1) [ 35709.958600000005 ]
942:(33,2,8,28,22,22,0) [ 10.742999999999999 ]
943:(34,2,7,30,20,20,0) [ 10.4634 ]
944:(38,2,5,30,20,20,0) [ 10.120999999999999 ]
945:(36,2,3,32,18,18,0) [ 9.1382 ]
946:(37,2,1,32,18,18,0) [ 8.4986 ]
947:(40,2,0,34,16,16,0) [ 8.1898 ]
948:(40,2,1,35,15,15,0) [ 8.4848 ]
949:(41,2,2,35,15,15,0) [ 8.9642 ]
950:(42,2,0,35,15,15,0) [ 8.2586 ]
951:(40,2,0,35,15,15,0) [ 8.0898 ]
952:(42,2,1,36,14,14,0) [ 8.5646 ]
953:(40,2,1,36,14,14,0) [ 8.3958 ]
954:(41,2,2,36,14,14,0) [ 8.8862 ]
955:(43,2,1,37,13,13,0) [ 8.56 ]
956:(41,2,1,37,13,13,0) [ 8.391200000000001 ]
957:(41,2,2,38,12,12,0) [ 8.7302 ]
958:(44,2,1,38,12,12,0) [ 8.555399999999999 ]
959:(42,2,1,38,12,12,0) [ 8.386600000000001 ]
960:(43,2,2,39,11,11,0) [ 8.821 ]
961:(44,2,2,39,11,11,0) [ 8.9054 ]
962:(43,2,3,40,10,10,0) [ 9.193 ]
963:(44,2,3,40,10,10,0) [ 9.2774 ]
964:(45,2,2,41,9,9,0) [ 8.8338 ]
965:(43,2,3,41,9,9,0) [ 9.126 ]
966:(44,2,3,41,9,9,0) [ 9.2104 ]
967:(44,2,1,41,9,9,0) [ 8.2884 ]
968:(46,2,2,42,8,8,0) [ 8.840200000000001 ]
969:(44,2,3,42,8,8,0) [ 9.1434 ]
970:(45,2,3,42,8,8,0) [ 9.227800000000002 ]
971:(45,2,1,42,8,8,0) [ 8.2838 ]
972:(47,2,2,43,7,7,0) [ 8.846599999999999 ]
973:(45,2,2,43,7,7,0) [ 8.6778 ]
974:(45,2,3,43,7,7,0) [ 9.160799999999998 ]
975:(46,2,3,43,7,7,0) [ 9.2452 ]
976:(45,2,4,45,5,5,0) [ 9.5318 ]
977:(45,2,4,46,4,4,0) [ 9.475800000000001 ]
978:(49,2,0,48,2,2,0) [ 7.5494 ]
979:(47,2,0,48,2,2,0) [ 7.3806 ]
980:(44,2,0,43,7,7,0) [ 7.627400000000001 ]
981:(43,2,1,43,7,7,0) [ 8.026 ]
982:(43,2,2,43,7,7,0) [ 8.509 ]
983:(43,2,3,43,7,7,0) [ 8.991999999999999 ]
984:(43,2,4,43,7,7,0) [ 9.474999999999998 ]
985:(42,2,5,43,7,7,0) [ 9.8736 ]
986:(42,2,4,42,8,8,0) [ 9.4466 ]
987:(42,2,3,41,9,9,0) [ 9.0416 ]
988:(42,2,2,40,10,10,0) [ 8.6586 ]
989:(42,2,3,40,10,10,0) [ 9.1086 ]
990:(43,2,0,37,13,13,0) [ 8.143 ]
991:(41,2,3,35,15,15,0) [ 9.359200000000001 ]
992:(41,2,2,34,16,16,0) [ 9.042200000000001 ]
993:(40,2,3,34,16,16,0) [ 9.341800000000001 ]
994:(40,2,2,33,17,17,0) [ 9.0358 ]
995:(40,2,3,33,17,17,0) [ 9.4088 ]
996:(39,2,4,33,17,17,0) [ 9.6974 ]
997:(39,2,3,32,18,18,0) [ 9.3914 ]
998:(39,2,2,31,19,19,0) [ 9.1074 ]
999:(39,2,1,30,20,20,0) [ 8.8454 ]
1000:(38,2,2,30,20,20,0) [ 9.100999999999999 ]
1001:(38,2,1,29,21,21,0) [ 8.85 ]
1002:(37,2,2,29,21,21,0) [ 9.0946 ]
1003:(37,2,1,28,22,22,0) [ 8.854600000000001 ]
1004:(37,2,2,28,22,22,0) [ 9.1726 ]
1005:(37,2,3,28,22,22,0) [ 9.4906 ]
1006:(37,2,2,27,23,23,0) [ 9.2506 ]
1007:(36,2,3,27,23,23,0) [ 9.4732 ]
1008:(36,2,0,24,26,26,0) [ 8.8522 ]
1009:(35,2,1,24,25,26,1) [ 27308.9418 ]
1010:(34,2,2,24,25,26,1) [ 27309.1314 ]
1011:(34,2,1,23,26,27,1) [ 28358.946399999997 ]
1012:(34,2,2,23,26,27,1) [ 28359.2094 ]
1013:(34,2,3,23,26,27,1) [ 28359.4724 ]
1014:(31,2,4,20,29,30,1) [ 31509.6502 ]
1015:(28,2,6,18,31,32,1) [ 33609.924999999996 ]
1016:(28,2,6,16,33,34,1) [ 35709.993 ]
1017:(27,2,7,16,33,34,1) [ 35710.094600000004 ]
1018:(28,2,7,16,33,34,1) [ 35710.179000000004 ]
1019:(28,2,6,15,34,35,1) [ 36760.027 ]
1020:(28,2,5,14,35,36,1) [ 37809.897 ]
1021:(28,2,6,14,35,36,1) [ 37810.061 ]
1022:(27,2,7,14,35,36,1) [ 37810.1406 ]
1023:(27,2,8,14,35,36,1) [ 37810.3046 ]
1024:(26,2,9,14,35,36,1) [ 37810.3842 ]
1025:(25,2,10,14,35,36,1) [ 37810.4638 ]
1026:(25,2,11,14,35,36,1) [ 37810.6278 ]
1027:(25,2,10,13,36,37,1) [ 38860.453799999996 ]
1028:(25,2,9,12,37,38,1) [ 39910.301799999994 ]
1029:(25,2,8,11,38,39,1) [ 40960.171800000004 ]
1030:(24,2,9,11,38,39,1) [ 40960.218400000005 ]
1031:(24,2,8,10,39,40,1) [ 42010.0994 ]
1032:(24,2,9,10,39,40,1) [ 42010.2194 ]
1033:(24,2,8,9,40,41,1) [ 43060.1114 ]
1034:(24,2,7,8,41,42,1) [ 44110.0254 ]
1035:(24,2,6,7,42,43,1) [ 45159.9614 ]
1036:(24,2,5,6,43,44,1) [ 46209.919400000006 ]
1037:(24,2,4,5,44,45,1) [ 47259.8994 ]
1038:(24,2,4,4,45,46,1) [ 48309.9554 ]
1039:(23,2,5,4,45,46,1) [ 48309.925 ]
1040:(23,2,6,4,45,46,1) [ 48309.979 ]
1041:(23,2,7,4,45,46,1) [ 48310.033 ]
1042:(23,2,6,4,46,46,0) [ 10.079 ]
1043:(23,2,5,3,47,47,0) [ 10.07 ]
1044:(23,2,4,2,48,48,0) [ 10.083 ]
1045:(23,2,5,2,48,48,0) [ 10.115 ]
1046:(22,2,6,2,48,48,0) [ 10.0626 ]
1047:(21,2,7,2,48,48,0) [ 10.010200000000001 ]
1048:(21,2,8,2,48,48,0) [ 10.042200000000001 ]
1049:(20,2,9,2,48,48,0) [ 9.9898 ]
1050:(20,2,8,1,49,49,0) [ 9.969800000000001 ]
1051:(20,2,7,0,50,50,0) [ 9.9718 TARGET ]
1052:(20,2,8,2,48,48,0) [ 9.9578 ]
1053:(25,2,4,5,44,45,1) [ 47259.9838 ]
1054:(25,2,5,6,43,44,1) [ 46210.003800000006 ]
1055:(25,2,6,7,42,43,1) [ 45160.0458 ]
1056:(25,2,7,8,41,42,1) [ 44110.1098 ]
1057:(24,2,8,8,41,42,1) [ 44110.1234 ]
1058:(25,2,8,9,40,41,1) [ 43060.1958 ]
1059:(24,2,9,9,40,41,1) [ 43060.2204 ]
1060:(25,2,9,10,39,40,1) [ 42010.3038 ]
1061:(25,2,8,10,39,40,1) [ 42010.1838 ]
1062:(26,2,8,11,38,39,1) [ 40960.2562 ]
1063:(26,2,9,12,37,38,1) [ 39910.38619999999 ]
1064:(26,2,10,13,36,37,1) [ 38860.538199999995 ]
1065:(26,2,11,14,35,36,1) [ 37810.7122 ]
1066:(26,2,10,14,35,36,1) [ 37810.5482 ]
1067:(28,2,7,14,35,36,1) [ 37810.225 ]
1068:(30,2,4,20,29,30,1) [ 31509.5658 ]
1069:(33,2,3,23,26,27,1) [ 28359.388 ]
1070:(33,2,2,23,26,27,1) [ 28359.125 ]
1071:(33,2,1,23,26,27,1) [ 28358.861999999997 ]
1072:(33,2,2,24,25,26,1) [ 27309.047 ]
1073:(36,2,1,24,25,26,1) [ 27309.0262 ]
1074:(37,2,3,27,23,23,0) [ 9.5576 ]
1075:(37,2,4,28,22,22,0) [ 9.8086 ]
1076:(36,2,2,28,22,22,0) [ 9.0882 ]
1077:(40,2,2,31,19,19,0) [ 9.1918 ]
1078:(41,2,2,33,17,17,0) [ 9.1202 ]
1079:(41,2,3,34,16,16,0) [ 9.4262 ]
1080:(42,2,2,34,16,16,0) [ 9.1266 ]
1081:(42,2,3,35,15,15,0) [ 9.4436 ]
1082:(40,2,3,35,15,15,0) [ 9.274799999999999 ]
1083:(43,2,0,35,15,15,0) [ 8.343 ]
1084:(43,2,1,36,14,14,0) [ 8.649 ]
1085:(44,2,0,37,13,13,0) [ 8.227400000000001 ]
1086:(42,2,0,37,13,13,0) [ 8.0586 ]
1087:(42,2,2,39,11,11,0) [ 8.7366 ]
1088:(42,2,4,41,9,9,0) [ 9.5026 ]
1089:(43,2,4,42,8,8,0) [ 9.531 ]
1090:(44,2,4,43,7,7,0) [ 9.5594 ]
1091:(44,2,3,43,7,7,0) [ 9.0764 ]
1092:(46,2,1,46,3,4,1) [ 4207.9122 ]
1093:(47,2,0,46,3,4,1) [ 4207.4806 ]
1094:(47,2,1,46,3,4,1) [ 4207.9966 ]
1095:(46,2,2,46,3,4,1) [ 4208.4282 ]
1096:(46,2,3,46,3,4,1) [ 4208.9442 ]
1097:(46,2,0,43,7,7,0) [ 7.796200000000001 ]
1098:(45,2,1,43,7,7,0) [ 8.194799999999999 ]
1099:(45,2,0,41,9,9,0) [ 7.9118 ]
1100:(39,2,1,34,16,16,0) [ 8.4894 ]
1101:(38,2,1,34,16,16,0) [ 8.405 ]
1102:(38,2,2,34,16,16,0) [ 8.789 ]
1103:(38,2,1,33,17,17,0) [ 8.494 ]
1104:(38,2,0,32,18,18,0) [ 8.221 ]
1105:(37,2,0,31,19,19,0) [ 8.236600000000001 ]
1106:(37,2,1,31,19,19,0) [ 8.5876 ]
1107:(37,2,1,30,20,20,0) [ 8.6766 ]
1108:(37,2,0,29,21,21,0) [ 8.4366 ]
1109:(36,2,1,29,21,21,0) [ 8.6812 ]
1110:(36,2,0,28,22,22,0) [ 8.452200000000001 ]
1111:(35,2,1,28,22,22,0) [ 8.6858 ]
1112:(35,2,2,28,22,22,0) [ 9.003800000000002 ]
1113:(35,2,3,28,22,22,0) [ 9.3218 ]
1114:(35,2,3,28,21,22,1) [ 23109.2218 ]
1115:(34,2,4,28,21,22,1) [ 23109.4554 ]
1116:(34,2,3,27,22,23,1) [ 24159.204400000002 ]
1117:(33,2,4,27,22,23,1) [ 24159.427 ]
1118:(33,2,3,26,23,24,1) [ 25209.186999999998 ]
1119:(33,2,4,26,23,24,1) [ 25209.483 ]
1120:(33,2,3,25,24,25,1) [ 26259.254 ]
1121:(31,2,1,18,31,32,1) [ 33609.1382 ]
1122:(31,2,0,17,32,33,1) [ 34659.030199999994 ]
1123:(31,2,1,17,32,33,1) [ 34659.227199999994 ]
1124:(30,2,1,16,33,34,1) [ 35709.2318 ]
1125:(30,2,0,15,34,35,1) [ 36759.1458 ]
1126:(30,2,1,15,34,35,1) [ 36759.3208 ]
1127:(30,2,0,14,35,36,1) [ 37809.2458 ]
1128:(28,2,4,13,36,37,1) [ 38859.789 ]
1129:(27,2,2,10,38,40,2) [ 84009.5326 ]
1130:(27,2,1,9,39,41,2) [ 86109.50159999999 ]
1131:(27,2,0,8,40,42,2) [ 88209.4926 ]
1132:(26,2,1,8,40,42,2) [ 88209.5062 ]
1133:(26,2,2,8,40,42,2) [ 88209.6042 ]
1134:(26,2,1,7,41,43,2) [ 90309.59520000001 ]
1135:(26,2,2,7,41,43,2) [ 90309.68220000001 ]
1136:(26,2,1,6,42,44,2) [ 92409.6842 ]
1137:(26,2,2,6,42,44,2) [ 92409.7602 ]
1138:(25,2,3,6,42,44,2) [ 92409.7518 ]
1139:(24,2,3,6,42,44,2) [ 92409.66739999999 ]
1140:(24,2,4,6,42,44,2) [ 92409.74339999999 ]
1141:(24,2,3,5,43,45,2) [ 94509.7344 ]
1142:(24,2,4,5,43,45,2) [ 94509.7994 ]
1143:(23,2,5,5,43,45,2) [ 94509.78 ]
1144:(23,2,4,4,44,46,2) [ 96609.771 ]
1145:(23,2,5,4,44,46,2) [ 96609.825 ]
1146:(22,2,6,4,44,46,2) [ 96609.7946 ]
1147:(22,2,5,3,45,47,2) [ 98709.7856 ]
1148:(22,2,4,2,46,48,2) [ 100809.79860000001 ]
1149:(22,2,3,1,47,49,2) [ 102909.8336 ]
1150:(22,2,2,0,48,50,2) [ 105009.8906 TARGET ]
1151:(23,2,6,4,44,46,2) [ 96609.879 ]
1152:(24,2,5,4,44,46,2) [ 96609.90939999999 ]
1153:(24,2,5,5,43,45,2) [ 94509.8644 ]
1154:(25,2,4,5,43,45,2) [ 94509.8838 ]
1155:(37,2,2,33,17,17,0) [ 8.7826 ]
1156:(39,2,2,35,15,15,0) [ 8.7954 ]
1157:(41,2,1,38,12,12,0) [ 8.3022 ]
1158:(43,2,4,41,9,9,0) [ 9.587000000000002 ]
1159:(46,2,1,43,7,7,0) [ 8.2792 ]
1160:(47,2,0,43,7,7,0) [ 7.8806 ]
1161:(46,2,4,46,4,4,0) [ 9.5602 ]
1162:(48,2,0,46,4,4,0) [ 7.665 ]
1163:(44,2,4,42,8,8,0) [ 9.615400000000001 ]
1164:(44,2,1,37,13,13,0) [ 8.6444 ]
1165:(44,2,0,36,14,14,0) [ 8.3274 ]
1166:(44,2,1,36,14,14,0) [ 8.7334 ]
1167:(44,2,0,35,15,15,0) [ 8.4274 ]
1168:(43,2,1,35,15,15,0) [ 8.738 ]
1169:(43,2,2,35,15,15,0) [ 9.133 ]
1170:(43,2,1,34,16,16,0) [ 8.827 ]
1171:(43,2,0,33,17,17,0) [ 8.543 ]
1172:(42,2,1,33,17,17,0) [ 8.8316 ]
1173:(42,2,0,32,18,18,0) [ 8.5586 ]
1174:(42,2,1,32,18,18,0) [ 8.9206 ]
1175:(41,2,2,32,18,18,0) [ 9.1982 ]
1176:(40,2,2,32,18,18,0) [ 9.113800000000001 ]
1177:(38,2,6,32,18,18,0) [ 10.393 ]
1178:(37,2,7,32,18,18,0) [ 10.6706 ]
1179:(37,2,6,31,19,19,0) [ 10.342600000000001 ]
1180:(37,2,2,26,24,24,0) [ 9.328600000000002 ]
1181:(36,2,3,26,23,24,1) [ 25209.4402 ]
1182:(36,2,2,25,24,25,1) [ 26259.2222 ]
1183:(36,2,2,24,25,26,1) [ 27309.3002 ]
1184:(36,2,1,23,26,27,1) [ 28359.1152 ]
1185:(36,2,0,22,27,28,1) [ 29408.9522 ]
1186:(35,2,1,19,30,31,1) [ 32559.3868 ]
1187:(35,2,0,18,31,32,1) [ 33609.2678 ]
1188:(34,2,1,18,31,32,1) [ 33609.3914 ]
1189:(34,2,2,18,31,32,1) [ 33609.5994 ]
1190:(34,2,1,17,32,33,1) [ 34659.4804 ]
1191:(34,2,0,16,33,34,1) [ 35709.383400000006 ]
1192:(34,2,1,16,33,34,1) [ 35709.5694 ]
1193:(34,2,0,15,34,35,1) [ 36759.483400000005 ]
1194:(34,2,1,15,34,35,1) [ 36759.6584 ]
1195:(34,2,0,14,35,36,1) [ 37809.5834 ]
1196:(33,2,1,14,35,36,1) [ 37809.663 ]
1197:(33,2,0,13,36,37,1) [ 38859.599 ]
1198:(32,2,1,13,36,37,1) [ 38859.6676 ]
1199:(32,2,0,12,37,38,1) [ 39909.61459999999 ]
1200:(32,2,1,12,37,38,1) [ 39909.7566 ]
1201:(33,2,0,12,37,38,1) [ 39909.699 ]
1202:(32,2,2,12,37,38,1) [ 39909.8986 ]
1203:(32,2,1,11,38,39,1) [ 40959.8456 ]
1204:(32,2,0,10,39,40,1) [ 42009.8146 ]
1205:(31,2,1,10,39,40,1) [ 42009.8502 ]
1206:(31,2,2,10,39,40,1) [ 42009.9702 ]
1207:(31,2,1,9,40,41,1) [ 43059.9392 ]
1208:(29,2,4,8,41,42,1) [ 44110.153399999996 ]
1209:(27,2,5,7,42,43,1) [ 45160.1276 ]
1210:(27,2,5,8,42,42,0) [ 10.1826 ]
1211:(27,2,6,8,42,42,0) [ 10.2806 ]
1212:(27,2,5,7,43,43,0) [ 10.227599999999999 ]
1213:(27,2,4,6,44,44,0) [ 10.1966 ]
1214:(27,2,3,5,45,45,0) [ 10.1876 ]
1215:(27,2,2,4,46,46,0) [ 10.200600000000001 ]
1216:(26,2,2,4,46,46,0) [ 10.116200000000001 ]
1217:(26,2,1,3,47,47,0) [ 10.1512 ]
1218:(26,2,0,2,48,48,0) [ 10.208200000000001 ]
1219:(26,2,1,2,48,48,0) [ 10.240200000000002 ]
1220:(26,2,2,2,48,48,0) [ 10.272200000000002 ]
1221:(33,2,0,10,39,40,1) [ 42009.899000000005 ]
1222:(33,2,1,11,38,39,1) [ 40959.93 ]
1223:(35,2,3,21,28,29,1) [ 30459.6908 ]
1224:(36,2,2,22,27,28,1) [ 29409.4562 ]
1225:(35,2,3,22,27,28,1) [ 29409.6238 ]
1226:(38,2,2,26,24,24,0) [ 9.413 ]
1227:(38,2,3,27,23,23,0) [ 9.642 ]
1228:(38,2,4,28,22,22,0) [ 9.893 ]
1229:(38,2,5,29,21,21,0) [ 10.165999999999999 ]
1230:(38,2,4,29,21,21,0) [ 9.837 ]
1231:(41,2,1,32,18,18,0) [ 8.8362 ]
1232:(42,2,1,34,16,16,0) [ 8.7426 ]
1233:(45,2,0,35,15,15,0) [ 8.511800000000001 ]
1234:(45,2,1,36,14,14,0) [ 8.8178 ]
1235:(43,2,2,36,14,14,0) [ 9.055 ]
1236:(43,2,2,37,13,13,0) [ 8.977 ]
1237:(44,2,2,38,12,12,0) [ 8.9834 ]
1238:(44,2,3,39,11,11,0) [ 9.344399999999998 ]
1239:(45,2,3,41,9,9,0) [ 9.2948 ]
1240:(44,2,4,41,9,9,0) [ 9.6714 ]
1241:(47,2,4,48,2,2,0) [ 9.532599999999999 ]
1242:(48,2,3,46,4,4,0) [ 9.213 ]
1243:(47,2,4,46,4,4,0) [ 9.6446 ]
1244:(47,2,5,46,4,4,0) [ 10.1606 ]
1245:(47,2,4,45,5,5,0) [ 9.700600000000001 ]
1246:(44,2,4,40,10,10,0) [ 9.7274 ]
1247:(43,2,3,38,12,12,0) [ 9.326999999999998 ]
1248:(41,2,1,31,19,19,0) [ 8.9252 ]
1249:(41,2,2,31,19,19,0) [ 9.2762 ]
1250:(41,2,3,31,19,19,0) [ 9.6272 ]
1251:(41,2,2,30,20,20,0) [ 9.3542 ]
1252:(40,2,3,30,20,20,0) [ 9.6098 ]
1253:(40,2,4,30,20,20,0) [ 9.9498 ]
1254:(40,2,3,29,21,21,0) [ 9.6768 ]
1255:(39,2,4,29,21,21,0) [ 9.9214 ]
1256:(38,2,3,26,24,24,0) [ 9.709 ]
1257:(38,2,4,26,24,24,0) [ 10.005 ]
1258:(37,2,5,26,24,24,0) [ 10.2166 ]
1259:(37,2,4,25,25,25,0) [ 9.976600000000001 ]
1260:(37,2,4,25,24,25,1) [ 26259.876600000003 ]
1261:(37,2,3,24,25,26,1) [ 27309.6586 ]
1262:(36,2,4,24,25,26,1) [ 27309.8482 ]
1263:(36,2,3,23,26,27,1) [ 28359.6412 ]
1264:(35,2,4,22,27,28,1) [ 29409.8758 ]
1265:(35,2,4,21,28,29,1) [ 30459.9318 ]
1266:(34,2,5,21,28,29,1) [ 30460.0884 ]
1267:(34,2,4,20,29,30,1) [ 31509.903400000003 ]
1268:(33,2,5,20,29,30,1) [ 31510.049000000003 ]
1269:(33,2,6,20,29,30,1) [ 31510.279000000002 ]
1270:(33,2,5,19,30,31,1) [ 32560.094 ]
1271:(33,2,4,18,31,32,1) [ 33609.931 ]
1272:(33,2,3,17,32,33,1) [ 34659.78999999999 ]
1273:(32,2,4,17,32,33,1) [ 34659.902599999994 ]
1274:(32,2,5,17,32,33,1) [ 34660.099599999994 ]
1275:(28,2,8,15,34,35,1) [ 36760.377 ]
1276:(27,2,9,15,34,35,1) [ 36760.4676 ]
1277:(27,2,10,15,34,35,1) [ 36760.6426 ]
1278:(26,2,11,15,34,35,1) [ 36760.7332 ]
1279:(26,2,9,11,38,39,1) [ 40960.387200000005 ]
1280:(25,2,10,11,38,39,1) [ 40960.433800000006 ]
1281:(24,2,6,5,43,45,2) [ 94509.92940000001 ]
1282:(23,2,7,4,44,46,2) [ 96609.93299999999 ]
1283:(23,2,8,4,44,46,2) [ 96609.987 ]
1284:(22,2,8,4,44,46,2) [ 96609.9026 ]
1285:(23,2,9,8,41,42,1) [ 44110.136999999995 ]
1286:(24,2,9,8,41,42,1) [ 44110.2214 ]
1287:(26,2,11,13,36,37,1) [ 38860.6912 ]
1288:(26,2,12,14,35,36,1) [ 37810.8762 ]
1289:(38,2,6,29,21,21,0) [ 10.495 ]
1290:(39,2,4,30,20,20,0) [ 9.865400000000001 ]
1291:(39,2,3,30,20,20,0) [ 9.525400000000001 ]
1292:(40,2,3,31,19,19,0) [ 9.5428 ]
1293:(40,2,1,31,19,19,0) [ 8.8408 ]
1294:(48,2,2,43,7,7,0) [ 8.930999999999997 ]
1295:(49,2,3,46,4,4,0) [ 9.297400000000001 ]
1296:(49,2,2,46,4,4,0) [ 8.7814 ]
1297:(46,2,5,47,3,3,0) [ 10.031200000000002 ]
1298:(48,2,4,48,2,2,0) [ 9.616999999999999 ]
1299:(47,2,5,48,2,2,0) [ 10.070599999999999 ]
1300:(50,2,2,48,2,2,0) [ 8.709799999999998 ]
1301:(50,2,0,48,2,2,0) [ 7.6338 ]
1302:(50,2,1,48,1,2,1) [ 2108.0717999999997 ]
1303:(39,2,4,35,15,15,0) [ 9.5854 ]
1304:(38,2,5,35,15,15,0) [ 9.896 ]
1305:(34,2,8,33,17,17,0) [ 10.767399999999999 ]
1306:(34,2,9,33,17,17,0) [ 11.1404 ]
1307:(34,2,10,33,17,17,0) [ 11.5134 ]
1308:(34,2,9,32,18,18,0) [ 11.1414 ]
1309:(34,2,8,31,19,19,0) [ 10.791400000000001 ]
1310:(32,2,9,28,22,22,0) [ 10.976599999999998 ]
1311:(32,2,9,28,21,22,1) [ 23110.8766 ]
1312:(32,2,8,27,22,23,1) [ 24160.5706 ]
1313:(32,2,9,27,22,23,1) [ 24160.8776 ]
1314:(32,2,10,27,22,23,1) [ 24161.1846 ]
1315:(32,2,11,27,22,23,1) [ 24161.4916 ]
1316:(32,2,10,26,23,24,1) [ 25211.1746 ]
1317:(32,2,11,26,23,24,1) [ 25211.4706 ]
1318:(31,2,12,26,23,24,1) [ 25211.6822 ]
1319:(31,2,13,26,23,24,1) [ 25211.978199999998 ]
1320:(31,2,12,25,24,25,1) [ 26261.6502 ]
1321:(31,2,11,24,25,26,1) [ 27311.3442 ]
1322:(32,2,11,24,25,26,1) [ 27311.4286 ]
1323:(31,2,12,24,25,26,1) [ 27311.6182 ]
1324:(30,2,13,24,25,26,1) [ 27311.8078 ]
1325:(30,2,12,23,26,27,1) [ 28361.5018 ]
1326:(30,2,11,22,27,28,1) [ 29411.217800000002 ]
1327:(30,2,12,22,27,28,1) [ 29411.4698 ]
1328:(30,2,11,21,28,29,1) [ 30461.196799999998 ]
1329:(30,2,10,20,29,30,1) [ 31510.9458 ]
1330:(29,2,11,20,29,30,1) [ 31511.0914 ]
1331:(29,2,10,19,30,31,1) [ 32560.8514 ]
1332:(29,2,9,18,31,32,1) [ 33610.6334 ]
1333:(29,2,8,17,32,33,1) [ 34660.437399999995 ]
1334:(28,2,6,13,36,37,1) [ 38860.095 ]
1335:(28,2,7,13,36,37,1) [ 38860.248 ]
1336:(27,2,8,13,36,37,1) [ 38860.3166 ]
1337:(27,2,7,12,37,38,1) [ 39910.18659999999 ]
1338:(26,2,8,12,37,38,1) [ 39910.244199999994 ]
1339:(26,2,7,11,38,39,1) [ 40960.1252 ]
1340:(26,2,6,10,39,40,1) [ 42010.0282 ]
1341:(26,2,7,10,39,40,1) [ 42010.1482 ]
1342:(25,2,7,9,40,41,1) [ 43060.0868 ]
1343:(22,2,10,8,41,42,1) [ 44110.1506 ]
1344:(22,2,9,7,42,43,1) [ 45160.0536 ]
1345:(22,2,8,6,43,44,1) [ 46209.9786 ]
1346:(21,2,9,6,43,44,1) [ 46209.9702 ]
1347:(21,2,8,5,44,45,1) [ 47259.906200000005 ]
1348:(21,2,7,4,45,46,1) [ 48309.8642 ]
1349:(20,2,6,2,47,48,1) [ 50409.7938 ]
1350:(19,2,7,2,47,48,1) [ 50409.7414 ]
1351:(19,2,6,1,48,49,1) [ 51459.7434 ]
1352:(19,2,7,1,48,49,1) [ 51459.7644 ]
1353:(19,2,7,2,48,48,0) [ 9.8414 ]
1354:(19,2,8,2,48,48,0) [ 9.8734 ]
1355:(20,2,7,1,49,49,0) [ 9.9488 ]
1356:(45,2,5,46,4,4,0) [ 9.9918 ]
1357:(45,2,5,47,3,3,0) [ 9.9468 ]
1358:(46,2,6,48,2,2,0) [ 10.5242 ]
1359:(42,2,1,39,11,11,0) [ 8.2976 ]
1360:(42,2,0,38,12,12,0) [ 7.9586 ]
1361:(40,2,2,37,13,13,0) [ 8.7238 ]
1362:(39,2,0,33,17,17,0) [ 8.205400000000001 ]
1363:(36,2,1,27,23,23,0) [ 8.859200000000001 ]
1364:(36,2,1,27,22,23,1) [ 24158.7592 ]
1365:(36,2,0,26,23,24,1) [ 25208.5522 ]
1366:(35,2,1,26,23,24,1) [ 25208.7638 ]
1367:(35,2,2,26,23,24,1) [ 25209.0598 ]
1368:(35,2,1,25,24,25,1) [ 26258.8528 ]
1369:(35,2,0,24,25,26,1) [ 27308.6678 ]
1370:(35,2,0,23,26,27,1) [ 28358.767799999998 ]
1371:(34,2,0,21,28,29,1) [ 30458.8834 ]
1372:(33,2,0,20,29,30,1) [ 31508.899 ]
1373:(27,2,0,10,39,40,1) [ 42009.3926 ]
1374:(23,2,4,9,40,41,1) [ 43059.591 ]
1375:(20,2,6,8,41,42,1) [ 44109.5898 ]
1376:(20,2,7,8,41,42,1) [ 44109.6878 ]
1377:(20,2,6,7,42,43,1) [ 45159.623799999994 ]
1378:(19,2,7,7,42,43,1) [ 45159.626399999994 ]
1379:(19,2,6,6,43,44,1) [ 46209.5734 ]
1380:(19,2,7,6,43,44,1) [ 46209.6494 ]
1381:(19,2,6,5,44,45,1) [ 47259.6074 ]
1382:(19,2,5,4,45,46,1) [ 48309.5874 ]
1383:(20,2,4,2,48,48,0) [ 9.8298 ]
1384:(20,2,3,1,49,49,0) [ 9.8648 ]
1385:(20,2,2,0,50,50,0) [ 9.921800000000001 TARGET ]
1386:(43,2,0,34,16,16,0) [ 8.443 ]
1387:(39,2,4,31,19,19,0) [ 9.8094 ]
1388:(38,2,6,30,20,20,0) [ 10.461 ]
1389:(37,2,7,30,20,20,0) [ 10.7166 ]
1390:(38,2,7,30,20,20,0) [ 10.801 ]
1391:(37,2,7,29,21,21,0) [ 10.739600000000001 ]
1392:(37,2,8,29,21,21,0) [ 11.0686 ]
1393:(37,2,7,28,22,22,0) [ 10.762599999999999 ]
1394:(37,2,8,28,22,22,0) [ 11.0806 ]
1395:(37,2,8,28,21,22,1) [ 23110.9806 ]
1396:(37,2,7,27,22,23,1) [ 24160.6856 ]
1397:(36,2,8,27,22,23,1) [ 24160.9082 ]
1398:(35,2,9,27,22,23,1) [ 24161.1308 ]
1399:(35,2,8,26,23,24,1) [ 25210.8358 ]
1400:(35,2,7,25,24,25,1) [ 26260.5628 ]
1401:(35,2,8,25,24,25,1) [ 26260.847800000003 ]
1402:(35,2,7,24,25,26,1) [ 27310.5858 ]
1403:(34,2,7,24,25,26,1) [ 27310.5014 ]
1404:(33,2,8,24,25,26,1) [ 27310.691 ]
1405:(33,2,7,23,26,27,1) [ 28360.44 ]
1406:(33,2,6,22,27,28,1) [ 29410.211 ]
1407:(32,2,7,22,27,28,1) [ 29410.3786 ]
1408:(32,2,8,22,27,28,1) [ 29410.6306 ]
1409:(32,2,9,22,27,28,1) [ 29410.8826 ]
1410:(32,2,8,21,28,29,1) [ 30460.6426 ]
1411:(32,2,9,21,28,29,1) [ 30460.8836 ]
1412:(32,2,8,20,29,30,1) [ 31510.6546 ]
1413:(32,2,9,20,29,30,1) [ 31510.8846 ]
1414:(32,2,10,20,29,30,1) [ 31511.1146 ]
1415:(31,2,11,20,29,30,1) [ 31511.2602 ]
1416:(30,2,12,20,29,30,1) [ 31511.4058 ]
1417:(29,2,13,20,29,30,1) [ 31511.5514 ]
1418:(28,2,14,20,29,30,1) [ 31511.697 ]
1419:(28,2,13,19,30,31,1) [ 32561.424 ]
1420:(27,2,14,19,30,31,1) [ 32561.5586 ]
1421:(28,2,14,19,30,31,1) [ 32561.643 ]
1422:(28,2,13,18,31,32,1) [ 33611.381 ]
1423:(28,2,12,17,32,33,1) [ 34661.140999999996 ]
1424:(28,2,13,17,32,33,1) [ 34661.337999999996 ]
1425:(27,2,14,17,32,33,1) [ 34661.4506 ]
1426:(27,2,13,16,33,34,1) [ 35711.210600000006 ]
1427:(26,2,14,16,33,34,1) [ 35711.3122 ]
1428:(26,2,13,15,34,35,1) [ 36761.0832 ]
1429:(26,2,12,13,36,37,1) [ 38860.8442 ]
1430:(25,2,13,13,36,37,1) [ 38860.9128 ]
1431:(25,2,12,12,37,38,1) [ 39910.7278 ]
1432:(24,2,13,12,37,38,1) [ 39910.7854 ]
1433:(24,2,14,12,37,38,1) [ 39910.9274 ]
1434:(24,2,13,11,38,39,1) [ 40960.7424 ]
1435:(24,2,12,10,39,40,1) [ 42010.5794 ]
1436:(25,2,12,10,39,40,1) [ 42010.6638 ]
1437:(25,2,11,9,40,41,1) [ 43060.5228 ]
1438:(25,2,10,8,41,42,1) [ 44110.4038 ]
1439:(25,2,9,7,42,43,1) [ 45160.3068 ]
1440:(25,2,10,7,42,43,1) [ 45160.3938 ]
1441:(25,2,9,6,43,44,1) [ 46210.3078 ]
1442:(25,2,8,5,44,45,1) [ 47260.243800000004 ]
1443:(25,2,9,5,44,45,1) [ 47260.3088 ]
1444:(24,2,10,5,44,45,1) [ 47260.2894 ]
1445:(24,2,9,4,45,46,1) [ 48310.2254 ]
1446:(23,2,10,4,45,46,1) [ 48310.195 ]
1447:(22,2,10,4,45,46,1) [ 48310.1106 ]
1448:(22,2,9,3,46,47,1) [ 49360.0576 ]
1449:(22,2,8,2,47,48,1) [ 50410.0266 ]
1450:(21,2,9,2,47,48,1) [ 50409.9742 ]
1451:(21,2,8,1,48,49,1) [ 51459.9542 ]
1452:(21,2,9,1,48,49,1) [ 51459.9752 ]
1453:(21,2,10,1,48,49,1) [ 51459.9962 ]
1454:(21,2,9,0,49,50,1) [ 52509.976200000005 TARGET ]
1455:(50,2,1,47,3,3,0) [ 8.2608 ]
1456:(50,2,0,46,4,4,0) [ 7.8338 ]
1457:(50,2,1,46,4,4,0) [ 8.3498 ]
1458:(49,2,2,45,5,5,0) [ 8.8594 ]
1459:(49,2,3,45,5,5,0) [ 9.3644 ]
1460:(49,2,2,44,6,6,0) [ 8.937399999999998 ]
1461:(49,2,1,43,7,7,0) [ 8.532399999999999 ]
1462:(48,2,1,42,8,8,0) [ 8.536999999999999 ]
1463:(48,2,2,42,8,8,0) [ 9.009 ]
1464:(48,2,3,42,8,8,0) [ 9.481000000000002 ]
1465:(48,2,2,41,9,9,0) [ 9.087 ]
1466:(48,2,1,40,10,10,0) [ 8.715 ]
1467:(48,2,0,39,11,11,0) [ 8.365 ]
1468:(47,2,1,39,11,11,0) [ 8.7196 ]
1469:(47,2,0,38,12,12,0) [ 8.380600000000001 ]
1470:(47,2,1,38,12,12,0) [ 8.8086 ]
1471:(47,2,0,37,13,13,0) [ 8.4806 ]
1472:(46,2,1,37,13,13,0) [ 8.8132 ]
1473:(45,2,2,37,13,13,0) [ 9.1458 ]
1474:(45,2,1,35,15,15,0) [ 8.9068 ]
1475:(45,2,2,35,15,15,0) [ 9.3018 ]
1476:(45,2,3,35,15,15,0) [ 9.6968 ]
1477:(44,2,4,35,15,15,0) [ 10.0074 ]
1478:(45,2,4,35,15,15,0) [ 10.0918 ]
1479:(44,2,5,35,15,15,0) [ 10.4024 ]
1480:(44,2,4,34,16,16,0) [ 10.0634 ]
1481:(44,2,5,34,16,16,0) [ 10.4474 ]
1482:(44,2,4,33,17,17,0) [ 10.119399999999999 ]
1483:(44,2,3,32,18,18,0) [ 9.813400000000001 ]
1484:(44,2,2,31,19,19,0) [ 9.529399999999999 ]
1485:(43,2,3,31,19,19,0) [ 9.796 ]
1486:(43,2,2,30,20,20,0) [ 9.523 ]
1487:(43,2,1,29,21,21,0) [ 9.272 ]
1488:(43,2,2,29,21,21,0) [ 9.601 ]
1489:(43,2,1,28,22,22,0) [ 9.361 ]
1490:(43,2,2,28,22,22,0) [ 9.679 ]
1491:(42,2,3,28,22,22,0) [ 9.912600000000001 ]
1492:(42,2,4,28,22,22,0) [ 10.230599999999999 ]
1493:(42,2,3,27,23,23,0) [ 9.9796 ]
1494:(41,2,4,27,23,23,0) [ 10.202200000000001 ]
1495:(41,2,3,26,24,24,0) [ 9.9622 ]
1496:(40,2,3,26,24,24,0) [ 9.8778 ]
1497:(40,2,2,25,25,25,0) [ 9.6598 ]
1498:(40,2,3,25,25,25,0) [ 9.9448 ]
1499:(40,2,2,24,26,26,0) [ 9.7378 ]
1500:(40,2,2,24,25,26,1) [ 27309.6378 ]
1501:(39,2,3,24,25,26,1) [ 27309.8274 ]
1502:(39,2,4,24,25,26,1) [ 27310.1014 ]
1503:(39,2,3,23,26,27,1) [ 28359.894399999997 ]
1504:(39,2,4,23,26,27,1) [ 28360.1574 ]
1505:(39,2,3,22,27,28,1) [ 29409.9614 ]
1506:(38,2,4,22,27,28,1) [ 29410.129 ]
1507:(38,2,5,22,27,28,1) [ 29410.381 ]
1508:(37,2,6,22,27,28,1) [ 29410.548600000002 ]
1509:(37,2,5,21,28,29,1) [ 30460.3416 ]
1510:(37,2,4,20,29,30,1) [ 31510.156600000002 ]
1511:(36,2,5,20,29,30,1) [ 31510.302200000002 ]
1512:(36,2,4,19,30,31,1) [ 32560.1282 ]
1513:(36,2,3,18,31,32,1) [ 33609.9762 ]
1514:(36,2,2,17,32,33,1) [ 34659.8462 ]
1515:(36,2,1,16,33,34,1) [ 35709.7382 ]
1516:(35,2,2,16,33,34,1) [ 35709.8398 ]
1517:(34,2,3,16,33,34,1) [ 35709.9414 ]
1518:(34,2,4,16,33,34,1) [ 35710.127400000005 ]
1519:(34,2,3,15,34,35,1) [ 36760.0084 ]
1520:(34,2,2,14,35,36,1) [ 37809.9114 ]
1521:(35,2,1,14,35,36,1) [ 37809.8318 ]
1522:(35,2,2,14,35,36,1) [ 37809.9958 ]
1523:(35,2,1,13,36,37,1) [ 38859.9208 ]
1524:(35,2,0,12,37,38,1) [ 39909.8678 ]
1525:(34,2,1,12,37,38,1) [ 39909.9254 ]
1526:(34,2,0,11,38,39,1) [ 40959.883400000006 ]
1527:(33,2,1,10,39,40,1) [ 42010.019 ]
1528:(33,2,0,9,40,41,1) [ 43059.999 ]
1529:(33,2,1,9,40,41,1) [ 43060.108 ]
1530:(33,2,2,9,40,41,1) [ 43060.217 ]
1531:(33,2,1,8,41,42,1) [ 44110.197 ]
1532:(32,2,2,8,41,42,1) [ 44110.2106 ]
1533:(32,2,3,8,41,42,1) [ 44110.3086 ]
1534:(32,2,2,7,42,43,1) [ 45160.2886 ]
1535:(31,2,3,7,42,43,1) [ 45160.2912 ]
1536:(31,2,4,7,42,43,1) [ 45160.3782 ]
1537:(31,2,3,6,43,44,1) [ 46210.3582 ]
1538:(32,2,3,6,43,44,1) [ 46210.4426 ]
1539:(32,2,2,5,44,45,1) [ 47260.4446 ]
1540:(31,2,3,5,44,45,1) [ 47260.4252 ]
1541:(31,2,2,4,45,46,1) [ 48310.4382 ]
1542:(31,2,1,3,46,47,1) [ 49360.4732 ]
1543:(30,2,2,3,46,47,1) [ 49360.4318 ]
1544:(30,2,3,3,46,47,1) [ 49360.474799999996 ]
1545:(30,2,4,3,46,47,1) [ 49360.5178 ]
1546:(30,2,3,2,47,48,1) [ 50410.5418 ]
1547:(30,2,4,2,47,48,1) [ 50410.5738 ]
1548:(30,2,3,1,48,49,1) [ 51460.6088 ]
1549:(30,2,2,0,49,50,1) [ 52510.6658 TARGET ]
1550:(-1,-1,-1,-1,-1,-1,-1) [ 0.0 ]