(R_,L,RL,G_,G_a,G_bg,G_d)
0:(50,2,0,50,0,0,0) [ 7.4338 ]
1:(49,2,1,50,0,0,0) [ 7.9094 ]
2:(49,2,0,49,1,1,0) [ 7.4494 ]
3:(48,2,1,49,1,1,0) [ 7.913999999999999 ]
4:(48,2,2,49,1,1,0) [ 8.463 ]
5:(48,2,3,49,1,1,0) [ 9.011999999999999 ]
6:(48,2,2,48,2,2,0) [ 8.540999999999999 ]
7:(48,2,1,47,3,3,0) [ 8.092 ]
8:(47,2,2,47,3,3,0) [ 8.534600000000001 ]
9:(47,2,1,46,4,4,0) [ 8.0966 ]
10:(47,2,2,46,4,4,0) [ 8.612600000000002 ]
11:(47,2,1,45,5,5,0) [ 8.1856 ]
12:(47,2,0,44,6,6,0) [ 7.7806 ]
13:(46,2,1,44,6,6,0) [ 8.1902 ]
14:(46,2,2,44,6,6,0) [ 8.684199999999999 ]
15:(45,2,3,44,6,6,0) [ 9.0938 ]
16:(45,2,2,43,7,7,0) [ 8.6778 ]
17:(44,2,3,43,7,7,0) [ 9.0764 ]
18:(43,2,4,43,7,7,0) [ 9.474999999999998 ]
19:(43,2,3,42,8,8,0) [ 9.059000000000001 ]
20:(43,2,2,41,9,9,0) [ 8.665 ]
21:(43,2,1,40,10,10,0) [ 8.293 ]
22:(43,2,2,40,10,10,0) [ 8.742999999999999 ]
23:(42,2,3,40,10,10,0) [ 9.1086 ]
24:(42,2,2,39,11,11,0) [ 8.7366 ]
25:(42,2,3,39,11,11,0) [ 9.1756 ]
26:(42,2,2,38,12,12,0) [ 8.8146 ]
27:(42,2,1,37,13,13,0) [ 8.4756 ]
28:(42,2,2,37,13,13,0) [ 8.8926 ]
29:(41,2,3,37,13,13,0) [ 9.225200000000001 ]
30:(41,2,2,36,14,14,0) [ 8.8862 ]
31:(40,2,3,36,14,14,0) [ 9.2078 ]
32:(40,2,2,35,15,15,0) [ 8.8798 ]
33:(40,2,1,34,16,16,0) [ 8.5738 ]
34:(40,2,0,33,17,17,0) [ 8.2898 ]
35:(40,2,1,33,17,17,0) [ 8.6628 ]
36:(39,2,2,33,17,17,0) [ 8.9514 ]
37:(38,2,3,33,17,17,0) [ 9.24 ]
38:(38,2,4,33,17,17,0) [ 9.613 ]
39:(37,2,5,33,17,17,0) [ 9.901599999999998 ]
40:(37,2,4,32,18,18,0) [ 9.5846 ]
41:(36,2,5,32,18,18,0) [ 9.862200000000001 ]
42:(36,2,4,31,19,19,0) [ 9.5562 ]
43:(35,2,5,31,19,19,0) [ 9.822799999999999 ]
44:(35,2,6,31,19,19,0) [ 10.173800000000002 ]
45:(35,2,5,30,20,20,0) [ 9.867799999999999 ]
46:(35,2,4,29,21,21,0) [ 9.5838 ]
47:(35,2,5,29,21,21,0) [ 9.9128 ]
48:(34,2,6,29,21,21,0) [ 10.1574 ]
49:(34,2,5,28,22,22,0) [ 9.8734 ]
50:(34,2,6,28,22,22,0) [ 10.191400000000002 ]
51:(33,2,7,28,22,22,0) [ 10.425 ]
52:(33,2,6,27,23,23,0) [ 10.141 ]
53:(33,2,5,26,24,24,0) [ 9.879000000000001 ]
54:(33,2,4,25,25,25,0) [ 9.639 ]
55:(33,2,3,24,26,26,0) [ 9.421 ]
56:(32,2,4,24,26,26,0) [ 9.6106 ]
57:(31,2,5,24,26,26,0) [ 9.8002 ]
58:(31,2,6,24,26,26,0) [ 10.074200000000001 ]
59:(31,2,5,23,27,27,0) [ 9.8452 ]
60:(31,2,6,23,27,27,0) [ 10.1082 ]
61:(30,2,7,23,27,27,0) [ 10.2868 ]
62:(30,2,6,22,28,28,0) [ 10.0578 ]
63:(29,2,7,22,28,28,0) [ 10.2254 ]
64:(29,2,8,22,28,28,0) [ 10.4774 ]
65:(29,2,7,21,29,29,0) [ 10.2484 ]
66:(29,2,6,20,30,30,0) [ 10.0414 ]
67:(28,2,7,20,30,30,0) [ 10.187000000000001 ]
68:(28,2,6,19,31,31,0) [ 9.991 ]
69:(28,2,5,18,32,32,0) [ 9.817 ]
70:(28,2,4,17,33,33,0) [ 9.665000000000001 ]
71:(27,2,5,17,33,33,0) [ 9.7776 ]
72:(27,2,4,16,34,34,0) [ 9.636600000000001 ]
73:(27,2,5,16,34,34,0) [ 9.822600000000001 ]
74:(27,2,4,15,35,35,0) [ 9.6926 ]
75:(27,2,5,15,35,35,0) [ 9.8676 ]
76:(26,2,6,15,35,35,0) [ 9.958200000000001 ]
77:(25,2,7,15,35,35,0) [ 10.0488 ]
78:(25,2,6,14,36,36,0) [ 9.9078 ]
79:(25,2,5,13,37,37,0) [ 9.788799999999998 ]
80:(25,2,4,12,38,38,0) [ 9.6918 ]
81:(24,2,5,12,38,38,0) [ 9.7494 ]
82:(24,2,6,12,38,38,0) [ 9.8914 ]
83:(24,2,5,11,39,39,0) [ 9.7944 ]
84:(24,2,6,11,39,39,0) [ 9.9254 ]
85:(23,2,7,11,39,39,0) [ 9.972000000000001 ]
86:(23,2,6,10,40,40,0) [ 9.875 ]
87:(23,2,5,9,41,41,0) [ 9.8 ]
88:(23,2,4,8,42,42,0) [ 9.747 ]
89:(22,2,5,8,42,42,0) [ 9.7606 ]
90:(22,2,6,8,42,42,0) [ 9.8586 ]
91:(21,2,7,8,42,42,0) [ 9.8722 ]
92:(21,2,6,7,43,43,0) [ 9.8082 ]
93:(21,2,7,7,43,43,0) [ 9.895199999999999 ]
94:(21,2,6,6,44,44,0) [ 9.8422 ]
95:(21,2,7,6,44,44,0) [ 9.9182 ]
96:(21,2,6,5,45,45,0) [ 9.8762 ]
97:(21,2,5,4,46,46,0) [ 9.856200000000001 ]
98:(21,2,4,3,47,47,0) [ 9.8582 ]
99:(21,2,3,2,48,48,0) [ 9.882200000000001 ]
100:(21,2,2,1,49,49,0) [ 9.9282 ]
101:(21,2,1,0,50,50,0) [ 9.9962 TARGET ]
102:(22,2,1,0,50,50,0) [ 10.0806 TARGET ]
103:(20,2,1,0,50,50,0) [ 9.9118 TARGET ]
104:(20,2,2,0,50,50,0) [ 9.921800000000001 TARGET ]
105:(21,2,2,0,50,50,0) [ 10.0062 TARGET ]
106:(22,2,2,1,49,49,0) [ 10.0126 ]
107:(20,2,2,1,49,49,0) [ 9.843800000000002 ]
108:(20,2,3,1,49,49,0) [ 9.8648 ]
109:(21,2,3,1,49,49,0) [ 9.949200000000001 ]
110:(22,2,3,2,48,48,0) [ 9.9666 ]
111:(20,2,3,2,48,48,0) [ 9.7978 ]
112:(20,2,4,2,48,48,0) [ 9.8298 ]
113:(21,2,4,2,48,48,0) [ 9.914200000000001 ]
114:(22,2,4,3,47,47,0) [ 9.942599999999999 ]
115:(20,2,4,3,47,47,0) [ 9.773800000000001 ]
116:(20,2,5,3,47,47,0) [ 9.8168 ]
117:(21,2,5,3,47,47,0) [ 9.9012 ]
118:(22,2,5,4,46,46,0) [ 9.9406 ]
119:(20,2,5,4,46,46,0) [ 9.7718 ]
120:(20,2,6,4,46,46,0) [ 9.825800000000001 ]
121:(21,2,6,4,46,46,0) [ 9.9102 ]
122:(22,2,6,5,45,45,0) [ 9.9606 ]
123:(20,2,6,5,45,45,0) [ 9.7918 ]
124:(20,2,7,5,45,45,0) [ 9.8568 ]
125:(21,2,7,5,45,45,0) [ 9.9412 ]
126:(22,2,7,6,44,44,0) [ 10.002600000000001 ]
127:(20,2,7,6,44,44,0) [ 9.8338 ]
128:(20,2,8,6,44,44,0) [ 9.9098 ]
129:(21,2,8,6,44,44,0) [ 9.9942 ]
130:(22,2,6,6,44,44,0) [ 9.9266 ]
131:(20,2,6,6,44,44,0) [ 9.7578 ]
132:(22,2,7,7,43,43,0) [ 9.979600000000001 ]
133:(20,2,7,7,43,43,0) [ 9.8108 ]
134:(20,2,8,7,43,43,0) [ 9.8978 ]
135:(21,2,8,7,43,43,0) [ 9.982199999999999 ]
136:(22,2,6,7,43,43,0) [ 9.8926 ]
137:(20,2,6,7,43,43,0) [ 9.7238 ]
138:(22,2,7,8,42,42,0) [ 9.956600000000002 ]
139:(20,2,7,8,42,42,0) [ 9.7878 ]
140:(20,2,8,8,42,42,0) [ 9.8858 ]
141:(21,2,8,8,42,42,0) [ 9.9702 ]
142:(23,2,6,8,42,42,0) [ 9.943000000000001 ]
143:(21,2,6,8,42,42,0) [ 9.7742 ]
144:(23,2,5,8,42,42,0) [ 9.844999999999999 ]
145:(21,2,5,8,42,42,0) [ 9.676200000000001 ]
146:(24,2,4,8,42,42,0) [ 9.831399999999999 ]
147:(22,2,4,8,42,42,0) [ 9.662600000000001 ]
148:(24,2,5,9,41,41,0) [ 9.8844 ]
149:(22,2,5,9,41,41,0) [ 9.715600000000002 ]
150:(22,2,6,9,41,41,0) [ 9.8246 ]
151:(23,2,6,9,41,41,0) [ 9.909 ]
152:(24,2,6,10,40,40,0) [ 9.9594 ]
153:(22,2,6,10,40,40,0) [ 9.7906 ]
154:(22,2,7,10,40,40,0) [ 9.9106 ]
155:(23,2,7,10,40,40,0) [ 9.995000000000001 ]
156:(24,2,7,11,39,39,0) [ 10.0564 ]
157:(22,2,7,11,39,39,0) [ 9.8876 ]
158:(22,2,8,11,39,39,0) [ 10.0186 ]
159:(23,2,8,11,39,39,0) [ 10.103 ]
160:(25,2,6,11,39,39,0) [ 10.0098 ]
161:(23,2,6,11,39,39,0) [ 9.841000000000001 ]
162:(25,2,5,11,39,39,0) [ 9.8788 ]
163:(23,2,5,11,39,39,0) [ 9.71 ]
164:(25,2,6,12,38,38,0) [ 9.9758 ]
165:(23,2,6,12,38,38,0) [ 9.807 ]
166:(23,2,7,12,38,38,0) [ 9.949 ]
167:(24,2,7,12,38,38,0) [ 10.0334 ]
168:(25,2,5,12,38,38,0) [ 9.8338 ]
169:(23,2,5,12,38,38,0) [ 9.665000000000001 ]
170:(26,2,4,12,38,38,0) [ 9.776200000000001 ]
171:(24,2,4,12,38,38,0) [ 9.6074 ]
172:(26,2,5,13,37,37,0) [ 9.8732 ]
173:(24,2,5,13,37,37,0) [ 9.7044 ]
174:(24,2,6,13,37,37,0) [ 9.8574 ]
175:(25,2,6,13,37,37,0) [ 9.9418 ]
176:(26,2,6,14,36,36,0) [ 9.9922 ]
177:(24,2,6,14,36,36,0) [ 9.8234 ]
178:(24,2,7,14,36,36,0) [ 9.9874 ]
179:(25,2,7,14,36,36,0) [ 10.0718 ]
180:(26,2,7,15,35,35,0) [ 10.1332 ]
181:(24,2,7,15,35,35,0) [ 9.9644 ]
182:(24,2,8,15,35,35,0) [ 10.1394 ]
183:(25,2,8,15,35,35,0) [ 10.2238 ]
184:(27,2,6,15,35,35,0) [ 10.0426 ]
185:(25,2,6,15,35,35,0) [ 9.8738 ]
186:(28,2,5,15,35,35,0) [ 9.952 ]
187:(26,2,5,15,35,35,0) [ 9.7832 ]
188:(28,2,4,15,35,35,0) [ 9.777000000000001 ]
189:(26,2,4,15,35,35,0) [ 9.6082 ]
190:(28,2,5,16,34,34,0) [ 9.907 ]
191:(26,2,5,16,34,34,0) [ 9.7382 ]
192:(26,2,6,16,34,34,0) [ 9.9242 ]
193:(27,2,6,16,34,34,0) [ 10.008600000000001 ]
194:(28,2,4,16,34,34,0) [ 9.721 ]
195:(26,2,4,16,34,34,0) [ 9.552200000000001 ]
196:(28,2,5,17,33,33,0) [ 9.862 ]
197:(26,2,5,17,33,33,0) [ 9.693200000000001 ]
198:(26,2,6,17,33,33,0) [ 9.8902 ]
199:(27,2,6,17,33,33,0) [ 9.9746 ]
200:(29,2,4,17,33,33,0) [ 9.7494 ]
201:(27,2,4,17,33,33,0) [ 9.5806 ]
202:(29,2,5,18,32,32,0) [ 9.901399999999999 ]
203:(27,2,5,18,32,32,0) [ 9.732600000000001 ]
204:(27,2,6,18,32,32,0) [ 9.9406 ]
205:(28,2,6,18,32,32,0) [ 10.025000000000002 ]
206:(29,2,6,19,31,31,0) [ 10.0754 ]
207:(27,2,6,19,31,31,0) [ 9.906600000000001 ]
208:(27,2,7,19,31,31,0) [ 10.1256 ]
209:(28,2,7,19,31,31,0) [ 10.21 ]
210:(29,2,7,20,30,30,0) [ 10.2714 ]
211:(27,2,7,20,30,30,0) [ 10.1026 ]
212:(27,2,8,20,30,30,0) [ 10.3326 ]
213:(28,2,8,20,30,30,0) [ 10.417000000000002 ]
214:(30,2,6,20,30,30,0) [ 10.1258 ]
215:(28,2,6,20,30,30,0) [ 9.957 ]
216:(30,2,7,21,29,29,0) [ 10.332799999999999 ]
217:(28,2,7,21,29,29,0) [ 10.164000000000001 ]
218:(28,2,8,21,29,29,0) [ 10.405000000000001 ]
219:(29,2,8,21,29,29,0) [ 10.4894 ]
220:(30,2,8,22,28,28,0) [ 10.5618 ]
221:(28,2,8,22,28,28,0) [ 10.393 ]
222:(28,2,9,22,28,28,0) [ 10.645 ]
223:(29,2,9,22,28,28,0) [ 10.7294 ]
224:(30,2,7,22,28,28,0) [ 10.3098 ]
225:(28,2,7,22,28,28,0) [ 10.141 ]
226:(31,2,6,22,28,28,0) [ 10.1422 ]
227:(29,2,6,22,28,28,0) [ 9.9734 ]
228:(31,2,7,23,27,27,0) [ 10.3712 ]
229:(29,2,7,23,27,27,0) [ 10.2024 ]
230:(29,2,8,23,27,27,0) [ 10.4654 ]
231:(30,2,8,23,27,27,0) [ 10.549800000000001 ]
232:(32,2,6,23,27,27,0) [ 10.1926 ]
233:(30,2,6,23,27,27,0) [ 10.023800000000001 ]
234:(32,2,5,23,27,27,0) [ 9.9296 ]
235:(30,2,5,23,27,27,0) [ 9.7608 ]
236:(32,2,6,24,26,26,0) [ 10.1586 ]
237:(30,2,6,24,26,26,0) [ 9.9898 ]
238:(30,2,7,24,26,26,0) [ 10.2638 ]
239:(31,2,7,24,26,26,0) [ 10.3482 ]
240:(32,2,5,24,26,26,0) [ 9.8846 ]
241:(30,2,5,24,26,26,0) [ 9.7158 ]
242:(33,2,4,24,26,26,0) [ 9.695 ]
243:(31,2,4,24,26,26,0) [ 9.5262 ]
244:(34,2,3,24,26,26,0) [ 9.5054 ]
245:(32,2,3,24,26,26,0) [ 9.3366 ]
246:(34,2,4,25,25,25,0) [ 9.7234 ]
247:(32,2,4,25,25,25,0) [ 9.5546 ]
248:(32,2,5,25,25,25,0) [ 9.8396 ]
249:(33,2,5,25,25,25,0) [ 9.924 ]
250:(34,2,5,26,24,24,0) [ 9.9634 ]
251:(32,2,5,26,24,24,0) [ 9.794599999999999 ]
252:(32,2,6,26,24,24,0) [ 10.090600000000002 ]
253:(33,2,6,26,24,24,0) [ 10.175 ]
254:(34,2,6,27,23,23,0) [ 10.2254 ]
255:(32,2,6,27,23,23,0) [ 10.0566 ]
256:(32,2,7,27,23,23,0) [ 10.363600000000002 ]
257:(33,2,7,27,23,23,0) [ 10.448 ]
258:(34,2,7,28,22,22,0) [ 10.5094 ]
259:(32,2,7,28,22,22,0) [ 10.340599999999998 ]
260:(32,2,8,28,22,22,0) [ 10.6586 ]
261:(33,2,8,28,22,22,0) [ 10.742999999999999 ]
262:(35,2,6,28,22,22,0) [ 10.2758 ]
263:(33,2,6,28,22,22,0) [ 10.107 ]
264:(35,2,5,28,22,22,0) [ 9.957799999999999 ]
265:(33,2,5,28,22,22,0) [ 9.789 ]
266:(35,2,6,29,21,21,0) [ 10.2418 ]
267:(33,2,6,29,21,21,0) [ 10.073 ]
268:(33,2,7,29,21,21,0) [ 10.402 ]
269:(34,2,7,29,21,21,0) [ 10.4864 ]
270:(36,2,5,29,21,21,0) [ 9.9972 ]
271:(34,2,5,29,21,21,0) [ 9.8284 ]
272:(36,2,4,29,21,21,0) [ 9.6682 ]
273:(34,2,4,29,21,21,0) [ 9.4994 ]
274:(36,2,5,30,20,20,0) [ 9.952200000000001 ]
275:(34,2,5,30,20,20,0) [ 9.7834 ]
276:(34,2,6,30,20,20,0) [ 10.1234 ]
277:(35,2,6,30,20,20,0) [ 10.207799999999999 ]
278:(36,2,6,31,19,19,0) [ 10.2582 ]
279:(34,2,6,31,19,19,0) [ 10.0894 ]
280:(34,2,7,31,19,19,0) [ 10.4404 ]
281:(35,2,7,31,19,19,0) [ 10.5248 ]
282:(36,2,5,31,19,19,0) [ 9.907200000000001 ]
283:(34,2,5,31,19,19,0) [ 9.7384 ]
284:(37,2,4,31,19,19,0) [ 9.6406 ]
285:(35,2,4,31,19,19,0) [ 9.4718 ]
286:(37,2,5,32,18,18,0) [ 9.9466 ]
287:(35,2,5,32,18,18,0) [ 9.7778 ]
288:(35,2,6,32,18,18,0) [ 10.139800000000001 ]
289:(36,2,6,32,18,18,0) [ 10.2242 ]
290:(38,2,4,32,18,18,0) [ 9.669 ]
291:(36,2,4,32,18,18,0) [ 9.5002 ]
292:(38,2,5,33,17,17,0) [ 9.986 ]
293:(36,2,5,33,17,17,0) [ 9.8172 ]
294:(36,2,6,33,17,17,0) [ 10.1902 ]
295:(37,2,6,33,17,17,0) [ 10.2746 ]
296:(39,2,4,33,17,17,0) [ 9.6974 ]
297:(37,2,4,33,17,17,0) [ 9.5286 ]
298:(39,2,3,33,17,17,0) [ 9.3244 ]
299:(37,2,3,33,17,17,0) [ 9.1556 ]
300:(40,2,2,33,17,17,0) [ 9.0358 ]
301:(38,2,2,33,17,17,0) [ 8.867 ]
302:(41,2,1,33,17,17,0) [ 8.7472 ]
303:(39,2,1,33,17,17,0) [ 8.5784 ]
304:(41,2,0,33,17,17,0) [ 8.374200000000002 ]
305:(39,2,0,33,17,17,0) [ 8.205400000000001 ]
306:(41,2,1,34,16,16,0) [ 8.6582 ]
307:(39,2,1,34,16,16,0) [ 8.4894 ]
308:(39,2,2,34,16,16,0) [ 8.8734 ]
309:(40,2,2,34,16,16,0) [ 8.9578 ]
310:(41,2,2,35,15,15,0) [ 8.9642 ]
311:(39,2,2,35,15,15,0) [ 8.7954 ]
312:(39,2,3,35,15,15,0) [ 9.1904 ]
313:(40,2,3,35,15,15,0) [ 9.274799999999999 ]
314:(41,2,3,36,14,14,0) [ 9.2922 ]
315:(39,2,3,36,14,14,0) [ 9.1234 ]
316:(39,2,4,36,14,14,0) [ 9.5294 ]
317:(40,2,4,36,14,14,0) [ 9.6138 ]
318:(42,2,2,36,14,14,0) [ 8.9706 ]
319:(40,2,2,36,14,14,0) [ 8.8018 ]
320:(42,2,3,37,13,13,0) [ 9.3096 ]
321:(40,2,3,37,13,13,0) [ 9.1408 ]
322:(40,2,4,37,13,13,0) [ 9.5578 ]
323:(41,2,4,37,13,13,0) [ 9.6422 ]
324:(43,2,2,37,13,13,0) [ 8.977 ]
325:(41,2,2,37,13,13,0) [ 8.808200000000001 ]
326:(43,2,1,37,13,13,0) [ 8.56 ]
327:(41,2,1,37,13,13,0) [ 8.391200000000001 ]
328:(43,2,2,38,12,12,0) [ 8.899000000000001 ]
329:(41,2,2,38,12,12,0) [ 8.7302 ]
330:(41,2,3,38,12,12,0) [ 9.1582 ]
331:(42,2,3,38,12,12,0) [ 9.2426 ]
332:(43,2,3,39,11,11,0) [ 9.26 ]
333:(41,2,3,39,11,11,0) [ 9.0912 ]
334:(41,2,4,39,11,11,0) [ 9.530199999999999 ]
335:(42,2,4,39,11,11,0) [ 9.6146 ]
336:(43,2,2,39,11,11,0) [ 8.821 ]
337:(41,2,2,39,11,11,0) [ 8.6522 ]
338:(43,2,3,40,10,10,0) [ 9.193 ]
339:(41,2,3,40,10,10,0) [ 9.0242 ]
340:(41,2,4,40,10,10,0) [ 9.4742 ]
341:(42,2,4,40,10,10,0) [ 9.558599999999998 ]
342:(44,2,2,40,10,10,0) [ 8.8274 ]
343:(42,2,2,40,10,10,0) [ 8.6586 ]
344:(44,2,1,40,10,10,0) [ 8.3774 ]
345:(42,2,1,40,10,10,0) [ 8.2086 ]
346:(44,2,2,41,9,9,0) [ 8.7494 ]
347:(42,2,2,41,9,9,0) [ 8.5806 ]
348:(42,2,3,41,9,9,0) [ 9.0416 ]
349:(43,2,3,41,9,9,0) [ 9.126 ]
350:(44,2,3,42,8,8,0) [ 9.1434 ]
351:(42,2,3,42,8,8,0) [ 8.9746 ]
352:(42,2,4,42,8,8,0) [ 9.4466 ]
353:(43,2,4,42,8,8,0) [ 9.531 ]
354:(44,2,4,43,7,7,0) [ 9.5594 ]
355:(42,2,4,43,7,7,0) [ 9.3906 ]
356:(42,2,5,43,7,7,0) [ 9.8736 ]
357:(43,2,5,43,7,7,0) [ 9.957999999999998 ]
358:(45,2,3,43,7,7,0) [ 9.160799999999998 ]
359:(43,2,3,43,7,7,0) [ 8.991999999999999 ]
360:(46,2,2,43,7,7,0) [ 8.7622 ]
361:(44,2,2,43,7,7,0) [ 8.593399999999999 ]
362:(46,2,3,44,6,6,0) [ 9.178199999999999 ]
363:(44,2,3,44,6,6,0) [ 9.0094 ]
364:(44,2,4,44,6,6,0) [ 9.503400000000001 ]
365:(45,2,4,44,6,6,0) [ 9.5878 ]
366:(47,2,2,44,6,6,0) [ 8.768600000000001 ]
367:(45,2,2,44,6,6,0) [ 8.5998 ]
368:(47,2,1,44,6,6,0) [ 8.274600000000001 ]
369:(45,2,1,44,6,6,0) [ 8.1058 ]
370:(48,2,0,44,6,6,0) [ 7.865 ]
371:(46,2,0,44,6,6,0) [ 7.696200000000001 ]
372:(48,2,1,45,5,5,0) [ 8.27 ]
373:(46,2,1,45,5,5,0) [ 8.1012 ]
374:(46,2,2,45,5,5,0) [ 8.606200000000001 ]
375:(47,2,2,45,5,5,0) [ 8.6906 ]
376:(48,2,2,46,4,4,0) [ 8.697000000000001 ]
377:(46,2,2,46,4,4,0) [ 8.5282 ]
378:(46,2,3,46,4,4,0) [ 9.044200000000002 ]
379:(47,2,3,46,4,4,0) [ 9.1286 ]
380:(48,2,1,46,4,4,0) [ 8.181 ]
381:(46,2,1,46,4,4,0) [ 8.0122 ]
382:(48,2,2,47,3,3,0) [ 8.619 ]
383:(46,2,2,47,3,3,0) [ 8.450200000000002 ]
384:(46,2,3,47,3,3,0) [ 8.9772 ]
385:(47,2,3,47,3,3,0) [ 9.061600000000002 ]
386:(49,2,1,47,3,3,0) [ 8.176400000000001 ]
387:(47,2,1,47,3,3,0) [ 8.0076 ]
388:(49,2,2,48,2,2,0) [ 8.625399999999999 ]
389:(47,2,2,48,2,2,0) [ 8.4566 ]
390:(47,2,3,48,2,2,0) [ 8.994599999999998 ]
391:(48,2,3,48,2,2,0) [ 9.079 ]
392:(49,2,3,49,1,1,0) [ 9.096400000000001 ]
393:(47,2,3,49,1,1,0) [ 8.9276 ]
394:(47,2,4,49,1,1,0) [ 9.4766 ]
395:(48,2,4,49,1,1,0) [ 9.560999999999998 ]
396:(49,2,2,49,1,1,0) [ 8.547399999999998 ]
397:(47,2,2,49,1,1,0) [ 8.3786 ]
398:(49,2,1,49,1,1,0) [ 7.998399999999999 ]
399:(47,2,1,49,1,1,0) [ 7.8296 ]
400:(50,2,0,49,1,1,0) [ 7.533799999999999 ]
401:(48,2,0,49,1,1,0) [ 7.364999999999999 ]
402:(50,2,1,50,0,0,0) [ 7.993799999999999 ]
403:(48,2,1,50,0,0,0) [ 7.824999999999999 ]
404:(48,2,2,50,0,0,0) [ 8.384999999999998 ]
405:(49,2,2,50,0,0,0) [ 8.4694 ]
406:(51,2,0,50,0,0,0) [ 7.518200000000001 ]
407:(49,2,0,50,0,0,0) [ 7.3494 ]
408:(23,2,1,0,50,50,0) [ 10.165 TARGET ]
409:(22,2,2,0,50,50,0) [ 10.0906 TARGET ]
410:(23,2,2,1,49,49,0) [ 10.097000000000001 ]
411:(22,2,3,1,49,49,0) [ 10.0336 ]
412:(23,2,3,2,48,48,0) [ 10.051 ]
413:(22,2,4,2,48,48,0) [ 9.9986 ]
414:(23,2,4,3,47,47,0) [ 10.027000000000001 ]
415:(22,2,5,3,47,47,0) [ 9.985600000000002 ]
416:(23,2,5,4,46,46,0) [ 10.025 ]
417:(22,2,6,4,46,46,0) [ 9.994600000000002 ]
418:(23,2,6,5,45,45,0) [ 10.045 ]
419:(22,2,7,5,45,45,0) [ 10.0256 ]
420:(23,2,7,6,44,44,0) [ 10.087 ]
421:(22,2,8,6,44,44,0) [ 10.078600000000002 ]
422:(23,2,6,6,44,44,0) [ 10.011 ]
423:(23,2,7,7,43,43,0) [ 10.064 ]
424:(22,2,8,7,43,43,0) [ 10.066600000000001 ]
425:(23,2,6,7,43,43,0) [ 9.977 ]
426:(23,2,7,8,42,42,0) [ 10.041 ]
427:(22,2,8,8,42,42,0) [ 10.0546 ]
428:(24,2,6,8,42,42,0) [ 10.0274 ]
429:(24,2,5,8,42,42,0) [ 9.929400000000001 ]
430:(25,2,4,8,42,42,0) [ 9.9158 ]
431:(25,2,5,9,41,41,0) [ 9.968800000000002 ]
432:(24,2,6,9,41,41,0) [ 9.993400000000001 ]
433:(25,2,6,10,40,40,0) [ 10.043800000000001 ]
434:(24,2,7,10,40,40,0) [ 10.0794 ]
435:(25,2,7,11,39,39,0) [ 10.1408 ]
436:(24,2,8,11,39,39,0) [ 10.1874 ]
437:(26,2,6,11,39,39,0) [ 10.0942 ]
438:(26,2,5,11,39,39,0) [ 9.9632 ]
439:(26,2,6,12,38,38,0) [ 10.0602 ]
440:(25,2,7,12,38,38,0) [ 10.1178 ]
441:(26,2,5,12,38,38,0) [ 9.9182 ]
442:(27,2,4,12,38,38,0) [ 9.860600000000002 ]
443:(27,2,5,13,37,37,0) [ 9.9576 ]
444:(26,2,6,13,37,37,0) [ 10.0262 ]
445:(27,2,6,14,36,36,0) [ 10.076600000000001 ]
446:(26,2,7,14,36,36,0) [ 10.1562 ]
447:(27,2,7,15,35,35,0) [ 10.217600000000001 ]
448:(26,2,8,15,35,35,0) [ 10.3082 ]
449:(28,2,6,15,35,35,0) [ 10.127 ]
450:(29,2,5,15,35,35,0) [ 10.0364 ]
451:(29,2,4,15,35,35,0) [ 9.8614 ]
452:(29,2,5,16,34,34,0) [ 9.9914 ]
453:(28,2,6,16,34,34,0) [ 10.093 ]
454:(29,2,4,16,34,34,0) [ 9.8054 ]
455:(29,2,5,17,33,33,0) [ 9.9464 ]
456:(28,2,6,17,33,33,0) [ 10.059000000000001 ]
457:(30,2,4,17,33,33,0) [ 9.8338 ]
458:(30,2,5,18,32,32,0) [ 9.985800000000001 ]
459:(29,2,6,18,32,32,0) [ 10.1094 ]
460:(30,2,6,19,31,31,0) [ 10.1598 ]
461:(29,2,7,19,31,31,0) [ 10.2944 ]
462:(30,2,7,20,30,30,0) [ 10.355799999999999 ]
463:(29,2,8,20,30,30,0) [ 10.5014 ]
464:(31,2,6,20,30,30,0) [ 10.2102 ]
465:(31,2,7,21,29,29,0) [ 10.417200000000001 ]
466:(30,2,8,21,29,29,0) [ 10.5738 ]
467:(31,2,8,22,28,28,0) [ 10.6462 ]
468:(30,2,9,22,28,28,0) [ 10.8138 ]
469:(31,2,7,22,28,28,0) [ 10.3942 ]
470:(32,2,6,22,28,28,0) [ 10.2266 ]
471:(32,2,7,23,27,27,0) [ 10.4556 ]
472:(31,2,8,23,27,27,0) [ 10.6342 ]
473:(33,2,6,23,27,27,0) [ 10.277000000000001 ]
474:(33,2,5,23,27,27,0) [ 10.014 ]
475:(33,2,6,24,26,26,0) [ 10.243 ]
476:(32,2,7,24,26,26,0) [ 10.4326 ]
477:(33,2,5,24,26,26,0) [ 9.969 ]
478:(34,2,4,24,26,26,0) [ 9.7794 ]
479:(35,2,3,24,26,26,0) [ 9.5898 ]
480:(35,2,4,25,25,25,0) [ 9.8078 ]
481:(34,2,5,25,25,25,0) [ 10.0084 ]
482:(35,2,5,26,24,24,0) [ 10.047799999999999 ]
483:(34,2,6,26,24,24,0) [ 10.2594 ]
484:(35,2,6,27,23,23,0) [ 10.309800000000001 ]
485:(34,2,7,27,23,23,0) [ 10.5324 ]
486:(35,2,7,28,22,22,0) [ 10.593799999999998 ]
487:(34,2,8,28,22,22,0) [ 10.8274 ]
488:(36,2,6,28,22,22,0) [ 10.360199999999999 ]
489:(36,2,5,28,22,22,0) [ 10.042200000000001 ]
490:(36,2,6,29,21,21,0) [ 10.3262 ]
491:(35,2,7,29,21,21,0) [ 10.5708 ]
492:(37,2,5,29,21,21,0) [ 10.0816 ]
493:(37,2,4,29,21,21,0) [ 9.752600000000001 ]
494:(37,2,5,30,20,20,0) [ 10.0366 ]
495:(36,2,6,30,20,20,0) [ 10.292200000000001 ]
496:(37,2,6,31,19,19,0) [ 10.342600000000001 ]
497:(36,2,7,31,19,19,0) [ 10.6092 ]
498:(37,2,5,31,19,19,0) [ 9.9916 ]
499:(38,2,4,31,19,19,0) [ 9.725 ]
500:(38,2,5,32,18,18,0) [ 10.031 ]
501:(37,2,6,32,18,18,0) [ 10.308600000000002 ]
502:(39,2,4,32,18,18,0) [ 9.753400000000001 ]
503:(39,2,5,33,17,17,0) [ 10.0704 ]
504:(38,2,6,33,17,17,0) [ 10.358999999999998 ]
505:(40,2,4,33,17,17,0) [ 9.7818 ]
506:(40,2,3,33,17,17,0) [ 9.4088 ]
507:(41,2,2,33,17,17,0) [ 9.1202 ]
508:(42,2,1,33,17,17,0) [ 8.8316 ]
509:(42,2,0,33,17,17,0) [ 8.4586 ]
510:(42,2,1,34,16,16,0) [ 8.7426 ]
511:(41,2,2,34,16,16,0) [ 9.042200000000001 ]
512:(42,2,2,35,15,15,0) [ 9.0486 ]
513:(41,2,3,35,15,15,0) [ 9.359200000000001 ]
514:(42,2,3,36,14,14,0) [ 9.3766 ]
515:(41,2,4,36,14,14,0) [ 9.698200000000002 ]
516:(43,2,2,36,14,14,0) [ 9.055 ]
517:(43,2,3,37,13,13,0) [ 9.394000000000002 ]
518:(42,2,4,37,13,13,0) [ 9.726600000000001 ]
519:(44,2,2,37,13,13,0) [ 9.0614 ]
520:(44,2,1,37,13,13,0) [ 8.6444 ]
521:(44,2,2,38,12,12,0) [ 8.9834 ]
522:(43,2,3,38,12,12,0) [ 9.326999999999998 ]
523:(44,2,3,39,11,11,0) [ 9.344399999999998 ]
524:(43,2,4,39,11,11,0) [ 9.699 ]
525:(44,2,2,39,11,11,0) [ 8.9054 ]
526:(44,2,3,40,10,10,0) [ 9.2774 ]
527:(43,2,4,40,10,10,0) [ 9.643 ]
528:(45,2,2,40,10,10,0) [ 8.9118 ]
529:(45,2,1,40,10,10,0) [ 8.4618 ]
530:(45,2,2,41,9,9,0) [ 8.8338 ]
531:(44,2,3,41,9,9,0) [ 9.2104 ]
532:(45,2,3,42,8,8,0) [ 9.227800000000002 ]
533:(44,2,4,42,8,8,0) [ 9.615400000000001 ]
534:(45,2,4,43,7,7,0) [ 9.643799999999999 ]
535:(44,2,5,43,7,7,0) [ 10.042399999999999 ]
536:(46,2,3,43,7,7,0) [ 9.2452 ]
537:(47,2,2,43,7,7,0) [ 8.846599999999999 ]
538:(47,2,3,44,6,6,0) [ 9.2626 ]
539:(46,2,4,44,6,6,0) [ 9.6722 ]
540:(48,2,2,44,6,6,0) [ 8.853 ]
541:(48,2,1,44,6,6,0) [ 8.359 ]
542:(49,2,0,44,6,6,0) [ 7.949400000000001 ]
543:(49,2,1,45,5,5,0) [ 8.3544 ]
544:(48,2,2,45,5,5,0) [ 8.774999999999999 ]
545:(49,2,2,46,4,4,0) [ 8.7814 ]
546:(48,2,3,46,4,4,0) [ 9.213 ]
547:(49,2,1,46,4,4,0) [ 8.2654 ]
548:(49,2,2,47,3,3,0) [ 8.7034 ]
549:(48,2,3,47,3,3,0) [ 9.146 ]
550:(50,2,1,47,3,3,0) [ 8.2608 ]
551:(50,2,2,48,2,2,0) [ 8.709799999999998 ]
552:(49,2,3,48,2,2,0) [ 9.1634 ]
553:(50,2,3,49,1,1,0) [ 9.1808 ]
554:(49,2,4,49,1,1,0) [ 9.6454 ]
555:(50,2,2,49,1,1,0) [ 8.6318 ]
556:(50,2,1,49,1,1,0) [ 8.082799999999999 ]
557:(51,2,0,49,1,1,0) [ 7.618200000000001 ]
558:(51,2,1,50,0,0,0) [ 8.0782 ]
559:(50,2,2,50,0,0,0) [ 8.553799999999999 ]
560:(52,2,0,50,0,0,0) [ 7.602600000000001 ]
561:(24,2,1,0,50,50,0) [ 10.2494 TARGET ]
562:(23,2,2,0,50,50,0) [ 10.175 TARGET ]
563:(24,2,2,1,49,49,0) [ 10.1814 ]
564:(23,2,3,1,49,49,0) [ 10.118 ]
565:(24,2,3,2,48,48,0) [ 10.1354 ]
566:(23,2,4,2,48,48,0) [ 10.083 ]
567:(24,2,4,3,47,47,0) [ 10.1114 ]
568:(23,2,5,3,47,47,0) [ 10.07 ]
569:(24,2,5,4,46,46,0) [ 10.1094 ]
570:(23,2,6,4,46,46,0) [ 10.079 ]
571:(24,2,6,5,45,45,0) [ 10.1294 ]
572:(23,2,7,5,45,45,0) [ 10.11 ]
573:(24,2,7,6,44,44,0) [ 10.1714 ]
574:(23,2,8,6,44,44,0) [ 10.163 ]
575:(24,2,6,6,44,44,0) [ 10.0954 ]
576:(24,2,7,7,43,43,0) [ 10.148399999999999 ]
577:(23,2,8,7,43,43,0) [ 10.151 ]
578:(24,2,6,7,43,43,0) [ 10.061399999999999 ]
579:(24,2,7,8,42,42,0) [ 10.125399999999999 ]
580:(23,2,8,8,42,42,0) [ 10.139 ]
581:(25,2,6,8,42,42,0) [ 10.111799999999999 ]
582:(25,2,5,8,42,42,0) [ 10.0138 ]
583:(26,2,4,8,42,42,0) [ 10.0002 ]
584:(26,2,5,9,41,41,0) [ 10.0532 ]
585:(25,2,6,9,41,41,0) [ 10.0778 ]
586:(26,2,6,10,40,40,0) [ 10.1282 ]
587:(25,2,7,10,40,40,0) [ 10.1638 ]
588:(26,2,7,11,39,39,0) [ 10.225200000000001 ]
589:(25,2,8,11,39,39,0) [ 10.2718 ]
590:(27,2,6,11,39,39,0) [ 10.178600000000001 ]
591:(27,2,5,11,39,39,0) [ 10.047600000000001 ]
592:(27,2,6,12,38,38,0) [ 10.1446 ]
593:(26,2,7,12,38,38,0) [ 10.202200000000001 ]
594:(27,2,5,12,38,38,0) [ 10.002600000000001 ]
595:(28,2,4,12,38,38,0) [ 9.945 ]
596:(28,2,5,13,37,37,0) [ 10.042000000000002 ]
597:(27,2,6,13,37,37,0) [ 10.110600000000002 ]
598:(28,2,6,14,36,36,0) [ 10.161 ]
599:(27,2,7,14,36,36,0) [ 10.2406 ]
600:(28,2,7,15,35,35,0) [ 10.302 ]
601:(27,2,8,15,35,35,0) [ 10.3926 ]
602:(29,2,6,15,35,35,0) [ 10.211400000000001 ]
603:(30,2,5,15,35,35,0) [ 10.1208 ]
604:(30,2,4,15,35,35,0) [ 9.9458 ]
605:(30,2,5,16,34,34,0) [ 10.075800000000001 ]
606:(29,2,6,16,34,34,0) [ 10.1774 ]
607:(30,2,4,16,34,34,0) [ 9.889800000000001 ]
608:(30,2,5,17,33,33,0) [ 10.0308 ]
609:(29,2,6,17,33,33,0) [ 10.1434 ]
610:(31,2,4,17,33,33,0) [ 9.9182 ]
611:(31,2,5,18,32,32,0) [ 10.0702 ]
612:(30,2,6,18,32,32,0) [ 10.1938 ]
613:(31,2,6,19,31,31,0) [ 10.2442 ]
614:(30,2,7,19,31,31,0) [ 10.3788 ]
615:(31,2,7,20,30,30,0) [ 10.4402 ]
616:(30,2,8,20,30,30,0) [ 10.585799999999999 ]
617:(32,2,6,20,30,30,0) [ 10.294599999999999 ]
618:(32,2,7,21,29,29,0) [ 10.5016 ]
619:(31,2,8,21,29,29,0) [ 10.6582 ]
620:(32,2,8,22,28,28,0) [ 10.7306 ]
621:(31,2,9,22,28,28,0) [ 10.8982 ]
622:(32,2,7,22,28,28,0) [ 10.4786 ]
623:(33,2,6,22,28,28,0) [ 10.311 ]
624:(33,2,7,23,27,27,0) [ 10.54 ]
625:(32,2,8,23,27,27,0) [ 10.718599999999999 ]
626:(34,2,6,23,27,27,0) [ 10.3614 ]
627:(34,2,5,23,27,27,0) [ 10.0984 ]
628:(34,2,6,24,26,26,0) [ 10.3274 ]
629:(33,2,7,24,26,26,0) [ 10.517 ]
630:(34,2,5,24,26,26,0) [ 10.0534 ]
631:(35,2,4,24,26,26,0) [ 9.863800000000001 ]
632:(36,2,3,24,26,26,0) [ 9.6742 ]
633:(36,2,4,25,25,25,0) [ 9.892199999999999 ]
634:(35,2,5,25,25,25,0) [ 10.0928 ]
635:(36,2,5,26,24,24,0) [ 10.132200000000001 ]
636:(35,2,6,26,24,24,0) [ 10.343800000000002 ]
637:(36,2,6,27,23,23,0) [ 10.394200000000001 ]
638:(35,2,7,27,23,23,0) [ 10.616800000000001 ]
639:(36,2,7,28,22,22,0) [ 10.6782 ]
640:(35,2,8,28,22,22,0) [ 10.9118 ]
641:(37,2,6,28,22,22,0) [ 10.444600000000001 ]
642:(37,2,5,28,22,22,0) [ 10.1266 ]
643:(37,2,6,29,21,21,0) [ 10.4106 ]
644:(36,2,7,29,21,21,0) [ 10.655199999999999 ]
645:(38,2,5,29,21,21,0) [ 10.165999999999999 ]
646:(38,2,4,29,21,21,0) [ 9.837 ]
647:(38,2,5,30,20,20,0) [ 10.120999999999999 ]
648:(37,2,6,30,20,20,0) [ 10.3766 ]
649:(38,2,6,31,19,19,0) [ 10.427000000000001 ]
650:(37,2,7,31,19,19,0) [ 10.693600000000002 ]
651:(38,2,5,31,19,19,0) [ 10.076 ]
652:(39,2,4,31,19,19,0) [ 9.8094 ]
653:(39,2,5,32,18,18,0) [ 10.115400000000001 ]
654:(38,2,6,32,18,18,0) [ 10.393 ]
655:(40,2,4,32,18,18,0) [ 9.837800000000001 ]
656:(40,2,5,33,17,17,0) [ 10.154799999999998 ]
657:(39,2,6,33,17,17,0) [ 10.4434 ]
658:(41,2,4,33,17,17,0) [ 9.8662 ]
659:(41,2,3,33,17,17,0) [ 9.4932 ]
660:(42,2,2,33,17,17,0) [ 9.2046 ]
661:(43,2,1,33,17,17,0) [ 8.916 ]
662:(43,2,0,33,17,17,0) [ 8.543 ]
663:(43,2,1,34,16,16,0) [ 8.827 ]
664:(42,2,2,34,16,16,0) [ 9.1266 ]
665:(43,2,2,35,15,15,0) [ 9.133 ]
666:(42,2,3,35,15,15,0) [ 9.4436 ]
667:(43,2,3,36,14,14,0) [ 9.461 ]
668:(42,2,4,36,14,14,0) [ 9.7826 ]
669:(44,2,2,36,14,14,0) [ 9.1394 ]
670:(44,2,3,37,13,13,0) [ 9.4784 ]
671:(43,2,4,37,13,13,0) [ 9.811 ]
672:(45,2,2,37,13,13,0) [ 9.1458 ]
673:(45,2,1,37,13,13,0) [ 8.7288 ]
674:(45,2,2,38,12,12,0) [ 9.0678 ]
675:(44,2,3,38,12,12,0) [ 9.4114 ]
676:(45,2,3,39,11,11,0) [ 9.4288 ]
677:(44,2,4,39,11,11,0) [ 9.783399999999999 ]
678:(45,2,2,39,11,11,0) [ 8.9898 ]
679:(45,2,3,40,10,10,0) [ 9.361799999999999 ]
680:(44,2,4,40,10,10,0) [ 9.7274 ]
681:(46,2,2,40,10,10,0) [ 8.996200000000002 ]
682:(46,2,1,40,10,10,0) [ 8.546199999999999 ]
683:(46,2,2,41,9,9,0) [ 8.9182 ]
684:(45,2,3,41,9,9,0) [ 9.2948 ]
685:(46,2,3,42,8,8,0) [ 9.3122 ]
686:(45,2,4,42,8,8,0) [ 9.6998 ]
687:(46,2,4,43,7,7,0) [ 9.728200000000001 ]
688:(45,2,5,43,7,7,0) [ 10.1268 ]
689:(47,2,3,43,7,7,0) [ 9.3296 ]
690:(48,2,2,43,7,7,0) [ 8.930999999999997 ]
691:(48,2,3,44,6,6,0) [ 9.347 ]
692:(47,2,4,44,6,6,0) [ 9.7566 ]
693:(49,2,2,44,6,6,0) [ 8.937399999999998 ]
694:(49,2,1,44,6,6,0) [ 8.4434 ]
695:(50,2,0,44,6,6,0) [ 8.0338 ]
696:(50,2,1,45,5,5,0) [ 8.4388 ]
697:(49,2,2,45,5,5,0) [ 8.8594 ]
698:(50,2,2,46,4,4,0) [ 8.865799999999998 ]
699:(49,2,3,46,4,4,0) [ 9.297400000000001 ]
700:(50,2,1,46,4,4,0) [ 8.3498 ]
701:(50,2,2,47,3,3,0) [ 8.7878 ]
702:(49,2,3,47,3,3,0) [ 9.230400000000001 ]
703:(51,2,1,47,3,3,0) [ 8.345200000000002 ]
704:(51,2,2,48,2,2,0) [ 8.7942 ]
705:(50,2,3,48,2,2,0) [ 9.247799999999998 ]
706:(51,2,3,49,1,1,0) [ 9.265200000000002 ]
707:(50,2,4,49,1,1,0) [ 9.7298 ]
708:(51,2,2,49,1,1,0) [ 8.716199999999999 ]
709:(51,2,1,49,1,1,0) [ 8.1672 ]
710:(52,2,0,49,1,1,0) [ 7.7026 ]
711:(52,2,1,50,0,0,0) [ 8.162600000000001 ]
712:(51,2,2,50,0,0,0) [ 8.638200000000001 ]
713:(53,2,0,50,0,0,0) [ 7.687 ]
714:(20,2,3,0,50,50,0) [ 9.931799999999999 TARGET ]
715:(21,2,3,0,50,50,0) [ 10.0162 TARGET ]
716:(20,2,4,1,49,49,0) [ 9.8858 ]
717:(21,2,4,1,49,49,0) [ 9.9702 ]
718:(20,2,5,2,48,48,0) [ 9.8618 ]
719:(21,2,5,2,48,48,0) [ 9.946200000000001 ]
720:(20,2,6,3,47,47,0) [ 9.8598 ]
721:(21,2,6,3,47,47,0) [ 9.9442 ]
722:(20,2,7,4,46,46,0) [ 9.8798 ]
723:(21,2,7,4,46,46,0) [ 9.964200000000002 ]
724:(20,2,8,5,45,45,0) [ 9.921800000000001 ]
725:(21,2,8,5,45,45,0) [ 10.0062 ]
726:(20,2,9,6,44,44,0) [ 9.985800000000001 ]
727:(21,2,9,6,44,44,0) [ 10.0702 ]
728:(20,2,9,7,43,43,0) [ 9.9848 ]
729:(21,2,9,7,43,43,0) [ 10.069199999999999 ]
730:(20,2,9,8,42,42,0) [ 9.9838 ]
731:(21,2,9,8,42,42,0) [ 10.068200000000001 ]
732:(22,2,7,9,41,41,0) [ 9.933600000000002 ]
733:(23,2,7,9,41,41,0) [ 10.018 ]
734:(22,2,8,10,40,40,0) [ 10.0306 ]
735:(23,2,8,10,40,40,0) [ 10.115 ]
736:(22,2,9,11,39,39,0) [ 10.1496 ]
737:(23,2,9,11,39,39,0) [ 10.234 ]
738:(23,2,8,12,38,38,0) [ 10.091000000000001 ]
739:(24,2,8,12,38,38,0) [ 10.1754 ]
740:(24,2,7,13,37,37,0) [ 10.0104 ]
741:(25,2,7,13,37,37,0) [ 10.0948 ]
742:(24,2,8,14,36,36,0) [ 10.1514 ]
743:(25,2,8,14,36,36,0) [ 10.2358 ]
744:(24,2,9,15,35,35,0) [ 10.3144 ]
745:(25,2,9,15,35,35,0) [ 10.3988 ]
746:(26,2,7,16,34,34,0) [ 10.1102 ]
747:(27,2,7,16,34,34,0) [ 10.194600000000001 ]
748:(26,2,7,17,33,33,0) [ 10.087200000000001 ]
749:(27,2,7,17,33,33,0) [ 10.1716 ]
750:(27,2,7,18,32,32,0) [ 10.1486 ]
751:(28,2,7,18,32,32,0) [ 10.233 ]
752:(27,2,8,19,31,31,0) [ 10.3446 ]
753:(28,2,8,19,31,31,0) [ 10.429 ]
754:(27,2,9,20,30,30,0) [ 10.5626 ]
755:(28,2,9,20,30,30,0) [ 10.647 ]
756:(28,2,9,21,29,29,0) [ 10.646 ]
757:(29,2,9,21,29,29,0) [ 10.7304 ]
758:(28,2,10,22,28,28,0) [ 10.897000000000002 ]
759:(29,2,10,22,28,28,0) [ 10.9814 ]
760:(29,2,9,23,27,27,0) [ 10.7284 ]
761:(30,2,9,23,27,27,0) [ 10.8128 ]
762:(30,2,8,24,26,26,0) [ 10.5378 ]
763:(31,2,8,24,26,26,0) [ 10.622200000000001 ]
764:(32,2,6,25,25,25,0) [ 10.124600000000001 ]
765:(33,2,6,25,25,25,0) [ 10.209 ]
766:(32,2,7,26,24,24,0) [ 10.386600000000001 ]
767:(33,2,7,26,24,24,0) [ 10.471 ]
768:(32,2,8,27,23,23,0) [ 10.6706 ]
769:(33,2,8,27,23,23,0) [ 10.755 ]
770:(32,2,9,28,22,22,0) [ 10.976599999999998 ]
771:(33,2,9,28,22,22,0) [ 11.061 ]
772:(33,2,8,29,21,21,0) [ 10.731 ]
773:(34,2,8,29,21,21,0) [ 10.815399999999999 ]
774:(34,2,7,30,20,20,0) [ 10.4634 ]
775:(35,2,7,30,20,20,0) [ 10.547799999999999 ]
776:(34,2,8,31,19,19,0) [ 10.791400000000001 ]
777:(35,2,8,31,19,19,0) [ 10.8758 ]
778:(35,2,7,32,18,18,0) [ 10.5018 ]
779:(36,2,7,32,18,18,0) [ 10.586200000000002 ]
780:(36,2,7,33,17,17,0) [ 10.563199999999998 ]
781:(37,2,7,33,17,17,0) [ 10.6476 ]
782:(39,2,3,34,16,16,0) [ 9.2574 ]
783:(40,2,3,34,16,16,0) [ 9.341800000000001 ]
784:(39,2,4,35,15,15,0) [ 9.5854 ]
785:(40,2,4,35,15,15,0) [ 9.6698 ]
786:(39,2,5,36,14,14,0) [ 9.9354 ]
787:(40,2,5,36,14,14,0) [ 10.0198 ]
788:(40,2,5,37,13,13,0) [ 9.974800000000002 ]
789:(41,2,5,37,13,13,0) [ 10.0592 ]
790:(41,2,4,38,12,12,0) [ 9.586200000000002 ]
791:(42,2,4,38,12,12,0) [ 9.6706 ]
792:(41,2,5,39,11,11,0) [ 9.969199999999999 ]
793:(42,2,5,39,11,11,0) [ 10.053599999999998 ]
794:(41,2,5,40,10,10,0) [ 9.924199999999999 ]
795:(42,2,5,40,10,10,0) [ 10.0086 ]
796:(42,2,4,41,9,9,0) [ 9.5026 ]
797:(43,2,4,41,9,9,0) [ 9.587000000000002 ]
798:(42,2,5,42,8,8,0) [ 9.918600000000001 ]
799:(43,2,5,42,8,8,0) [ 10.003 ]
800:(42,2,6,43,7,7,0) [ 10.3566 ]
801:(43,2,6,43,7,7,0) [ 10.440999999999999 ]
802:(44,2,5,44,6,6,0) [ 9.9974 ]
803:(45,2,5,44,6,6,0) [ 10.0818 ]
804:(46,2,3,45,5,5,0) [ 9.1112 ]
805:(47,2,3,45,5,5,0) [ 9.1956 ]
806:(46,2,4,46,4,4,0) [ 9.5602 ]
807:(47,2,4,46,4,4,0) [ 9.6446 ]
808:(46,2,4,47,3,3,0) [ 9.5042 ]
809:(47,2,4,47,3,3,0) [ 9.5886 ]
810:(47,2,4,48,2,2,0) [ 9.532599999999999 ]
811:(48,2,4,48,2,2,0) [ 9.616999999999999 ]
812:(47,2,5,49,1,1,0) [ 10.025599999999999 ]
813:(48,2,5,49,1,1,0) [ 10.109999999999998 ]
814:(48,2,3,50,0,0,0) [ 8.945 ]
815:(49,2,3,50,0,0,0) [ 9.0294 ]
816:(22,2,3,0,50,50,0) [ 10.1006 TARGET ]
817:(22,2,4,1,49,49,0) [ 10.0546 ]
818:(22,2,5,2,48,48,0) [ 10.0306 ]
819:(22,2,6,3,47,47,0) [ 10.0286 ]
820:(22,2,7,4,46,46,0) [ 10.0486 ]
821:(22,2,8,5,45,45,0) [ 10.0906 ]
822:(22,2,9,6,44,44,0) [ 10.1546 ]
823:(22,2,9,7,43,43,0) [ 10.1536 ]
824:(22,2,9,8,42,42,0) [ 10.1526 ]
825:(24,2,7,9,41,41,0) [ 10.1024 ]
826:(24,2,8,10,40,40,0) [ 10.1994 ]
827:(24,2,9,11,39,39,0) [ 10.3184 ]
828:(25,2,8,12,38,38,0) [ 10.2598 ]
829:(26,2,7,13,37,37,0) [ 10.179200000000002 ]
830:(26,2,8,14,36,36,0) [ 10.3202 ]
831:(26,2,9,15,35,35,0) [ 10.4832 ]
832:(28,2,7,16,34,34,0) [ 10.279 ]
833:(28,2,7,17,33,33,0) [ 10.256 ]
834:(29,2,7,18,32,32,0) [ 10.3174 ]
835:(29,2,8,19,31,31,0) [ 10.5134 ]
836:(29,2,9,20,30,30,0) [ 10.7314 ]
837:(30,2,9,21,29,29,0) [ 10.8148 ]
838:(30,2,10,22,28,28,0) [ 11.0658 ]
839:(31,2,9,23,27,27,0) [ 10.897199999999998 ]
840:(32,2,8,24,26,26,0) [ 10.7066 ]
841:(34,2,6,25,25,25,0) [ 10.2934 ]
842:(34,2,7,26,24,24,0) [ 10.5554 ]
843:(34,2,8,27,23,23,0) [ 10.839400000000001 ]
844:(34,2,9,28,22,22,0) [ 11.145399999999999 ]
845:(35,2,8,29,21,21,0) [ 10.8998 ]
846:(36,2,7,30,20,20,0) [ 10.632200000000001 ]
847:(36,2,8,31,19,19,0) [ 10.9602 ]
848:(37,2,7,32,18,18,0) [ 10.6706 ]
849:(38,2,7,33,17,17,0) [ 10.732 ]
850:(41,2,3,34,16,16,0) [ 9.4262 ]
851:(41,2,4,35,15,15,0) [ 9.7542 ]
852:(41,2,5,36,14,14,0) [ 10.1042 ]
853:(42,2,5,37,13,13,0) [ 10.1436 ]
854:(43,2,4,38,12,12,0) [ 9.754999999999999 ]
855:(43,2,5,39,11,11,0) [ 10.138 ]
856:(43,2,5,40,10,10,0) [ 10.093 ]
857:(44,2,4,41,9,9,0) [ 9.6714 ]
858:(44,2,5,42,8,8,0) [ 10.087399999999999 ]
859:(44,2,6,43,7,7,0) [ 10.5254 ]
860:(46,2,5,44,6,6,0) [ 10.1662 ]
861:(48,2,3,45,5,5,0) [ 9.280000000000001 ]
862:(48,2,4,46,4,4,0) [ 9.729000000000001 ]
863:(48,2,4,47,3,3,0) [ 9.673000000000002 ]
864:(49,2,4,48,2,2,0) [ 9.7014 ]
865:(49,2,5,49,1,1,0) [ 10.1944 ]
866:(50,2,3,50,0,0,0) [ 9.113800000000001 ]
867:(19,2,1,0,50,50,0) [ 9.8274 TARGET ]
868:(19,2,2,0,50,50,0) [ 9.8374 TARGET ]
869:(19,2,2,1,49,49,0) [ 9.7594 ]
870:(19,2,3,1,49,49,0) [ 9.7804 ]
871:(19,2,3,2,48,48,0) [ 9.7134 ]
872:(19,2,4,2,48,48,0) [ 9.7454 ]
873:(19,2,4,3,47,47,0) [ 9.6894 ]
874:(19,2,5,3,47,47,0) [ 9.7324 ]
875:(19,2,5,4,46,46,0) [ 9.6874 ]
876:(19,2,6,4,46,46,0) [ 9.7414 ]
877:(19,2,6,5,45,45,0) [ 9.7074 ]
878:(19,2,7,5,45,45,0) [ 9.772400000000001 ]
879:(19,2,7,6,44,44,0) [ 9.749400000000001 ]
880:(19,2,8,6,44,44,0) [ 9.8254 ]
881:(19,2,6,6,44,44,0) [ 9.6734 ]
882:(19,2,7,7,43,43,0) [ 9.7264 ]
883:(19,2,8,7,43,43,0) [ 9.813400000000001 ]
884:(19,2,6,7,43,43,0) [ 9.6394 ]
885:(19,2,7,8,42,42,0) [ 9.7034 ]
886:(19,2,8,8,42,42,0) [ 9.801400000000001 ]
887:(20,2,6,8,42,42,0) [ 9.689800000000002 ]
888:(20,2,5,8,42,42,0) [ 9.5918 ]
889:(21,2,4,8,42,42,0) [ 9.578199999999999 ]
890:(21,2,5,9,41,41,0) [ 9.6312 ]
891:(21,2,6,9,41,41,0) [ 9.740200000000002 ]
892:(21,2,6,10,40,40,0) [ 9.706199999999999 ]
893:(21,2,7,10,40,40,0) [ 9.8262 ]
894:(21,2,7,11,39,39,0) [ 9.8032 ]
895:(21,2,8,11,39,39,0) [ 9.9342 ]
896:(22,2,6,11,39,39,0) [ 9.7566 ]
897:(22,2,5,11,39,39,0) [ 9.6256 ]
898:(22,2,6,12,38,38,0) [ 9.7226 ]
899:(22,2,7,12,38,38,0) [ 9.864600000000001 ]
900:(22,2,5,12,38,38,0) [ 9.5806 ]
901:(23,2,4,12,38,38,0) [ 9.523 ]
902:(23,2,5,13,37,37,0) [ 9.620000000000001 ]
903:(23,2,6,13,37,37,0) [ 9.773 ]
904:(23,2,6,14,36,36,0) [ 9.738999999999999 ]
905:(23,2,7,14,36,36,0) [ 9.903 ]
906:(23,2,7,15,35,35,0) [ 9.879999999999999 ]
907:(23,2,8,15,35,35,0) [ 10.055 ]
908:(24,2,6,15,35,35,0) [ 9.7894 ]
909:(25,2,5,15,35,35,0) [ 9.698799999999999 ]
910:(25,2,4,15,35,35,0) [ 9.5238 ]
911:(25,2,5,16,34,34,0) [ 9.6538 ]
912:(25,2,6,16,34,34,0) [ 9.8398 ]
913:(25,2,4,16,34,34,0) [ 9.4678 ]
914:(25,2,5,17,33,33,0) [ 9.6088 ]
915:(25,2,6,17,33,33,0) [ 9.8058 ]
916:(26,2,4,17,33,33,0) [ 9.4962 ]
917:(26,2,5,18,32,32,0) [ 9.6482 ]
918:(26,2,6,18,32,32,0) [ 9.856200000000001 ]
919:(26,2,6,19,31,31,0) [ 9.8222 ]
920:(26,2,7,19,31,31,0) [ 10.0412 ]
921:(26,2,7,20,30,30,0) [ 10.0182 ]
922:(26,2,8,20,30,30,0) [ 10.2482 ]
923:(27,2,6,20,30,30,0) [ 9.8726 ]
924:(27,2,7,21,29,29,0) [ 10.079600000000001 ]
925:(27,2,8,21,29,29,0) [ 10.3206 ]
926:(27,2,8,22,28,28,0) [ 10.3086 ]
927:(27,2,9,22,28,28,0) [ 10.5606 ]
928:(27,2,7,22,28,28,0) [ 10.0566 ]
929:(28,2,6,22,28,28,0) [ 9.889000000000001 ]
930:(28,2,7,23,27,27,0) [ 10.118 ]
931:(28,2,8,23,27,27,0) [ 10.381 ]
932:(29,2,6,23,27,27,0) [ 9.9394 ]
933:(29,2,5,23,27,27,0) [ 9.676400000000001 ]
934:(29,2,6,24,26,26,0) [ 9.9054 ]
935:(29,2,7,24,26,26,0) [ 10.1794 ]
936:(29,2,5,24,26,26,0) [ 9.6314 ]
937:(30,2,4,24,26,26,0) [ 9.4418 ]
938:(31,2,3,24,26,26,0) [ 9.2522 ]
939:(31,2,4,25,25,25,0) [ 9.4702 ]
940:(31,2,5,25,25,25,0) [ 9.755199999999999 ]
941:(31,2,5,26,24,24,0) [ 9.7102 ]
942:(31,2,6,26,24,24,0) [ 10.0062 ]
943:(31,2,6,27,23,23,0) [ 9.9722 ]
944:(31,2,7,27,23,23,0) [ 10.2792 ]
945:(31,2,7,28,22,22,0) [ 10.2562 ]
946:(31,2,8,28,22,22,0) [ 10.574200000000001 ]
947:(32,2,6,28,22,22,0) [ 10.0226 ]
948:(32,2,5,28,22,22,0) [ 9.7046 ]
949:(32,2,6,29,21,21,0) [ 9.9886 ]
950:(32,2,7,29,21,21,0) [ 10.3176 ]
951:(33,2,5,29,21,21,0) [ 9.744 ]
952:(33,2,4,29,21,21,0) [ 9.415000000000001 ]
953:(33,2,5,30,20,20,0) [ 9.699 ]
954:(33,2,6,30,20,20,0) [ 10.039000000000001 ]
955:(33,2,6,31,19,19,0) [ 10.005 ]
956:(33,2,7,31,19,19,0) [ 10.356 ]
957:(33,2,5,31,19,19,0) [ 9.654 ]
958:(34,2,4,31,19,19,0) [ 9.3874 ]
959:(34,2,5,32,18,18,0) [ 9.6934 ]
960:(34,2,6,32,18,18,0) [ 10.055400000000002 ]
961:(35,2,4,32,18,18,0) [ 9.4158 ]
962:(35,2,5,33,17,17,0) [ 9.732800000000001 ]
963:(35,2,6,33,17,17,0) [ 10.105799999999999 ]
964:(36,2,4,33,17,17,0) [ 9.4442 ]
965:(36,2,3,33,17,17,0) [ 9.071200000000001 ]
966:(37,2,2,33,17,17,0) [ 8.7826 ]
967:(38,2,1,33,17,17,0) [ 8.494 ]
968:(38,2,0,33,17,17,0) [ 8.121 ]
969:(38,2,1,34,16,16,0) [ 8.405 ]
970:(38,2,2,34,16,16,0) [ 8.789 ]
971:(38,2,2,35,15,15,0) [ 8.711 ]
972:(38,2,3,35,15,15,0) [ 9.106 ]
973:(38,2,3,36,14,14,0) [ 9.039 ]
974:(38,2,4,36,14,14,0) [ 9.445 ]
975:(39,2,2,36,14,14,0) [ 8.7174 ]
976:(39,2,3,37,13,13,0) [ 9.0564 ]
977:(39,2,4,37,13,13,0) [ 9.473400000000002 ]
978:(40,2,2,37,13,13,0) [ 8.7238 ]
979:(40,2,1,37,13,13,0) [ 8.3068 ]
980:(40,2,2,38,12,12,0) [ 8.645800000000001 ]
981:(40,2,3,38,12,12,0) [ 9.0738 ]
982:(40,2,3,39,11,11,0) [ 9.0068 ]
983:(40,2,4,39,11,11,0) [ 9.4458 ]
984:(40,2,2,39,11,11,0) [ 8.5678 ]
985:(40,2,3,40,10,10,0) [ 8.9398 ]
986:(40,2,4,40,10,10,0) [ 9.389800000000001 ]
987:(41,2,2,40,10,10,0) [ 8.574200000000001 ]
988:(41,2,1,40,10,10,0) [ 8.1242 ]
989:(41,2,2,41,9,9,0) [ 8.4962 ]
990:(41,2,3,41,9,9,0) [ 8.9572 ]
991:(41,2,3,42,8,8,0) [ 8.8902 ]
992:(41,2,4,42,8,8,0) [ 9.362200000000001 ]
993:(41,2,4,43,7,7,0) [ 9.3062 ]
994:(41,2,5,43,7,7,0) [ 9.7892 ]
995:(42,2,3,43,7,7,0) [ 8.907599999999999 ]
996:(43,2,2,43,7,7,0) [ 8.509 ]
997:(43,2,3,44,6,6,0) [ 8.924999999999999 ]
998:(43,2,4,44,6,6,0) [ 9.418999999999999 ]
999:(44,2,2,44,6,6,0) [ 8.5154 ]
1000:(44,2,1,44,6,6,0) [ 8.0214 ]
1001:(45,2,0,44,6,6,0) [ 7.611800000000001 ]
1002:(45,2,1,45,5,5,0) [ 8.0168 ]
1003:(45,2,2,45,5,5,0) [ 8.521799999999999 ]
1004:(45,2,2,46,4,4,0) [ 8.443800000000001 ]
1005:(45,2,3,46,4,4,0) [ 8.9598 ]
1006:(45,2,1,46,4,4,0) [ 7.9278 ]
1007:(45,2,2,47,3,3,0) [ 8.3658 ]
1008:(45,2,3,47,3,3,0) [ 8.892800000000001 ]
1009:(46,2,1,47,3,3,0) [ 7.9232000000000005 ]
1010:(46,2,2,48,2,2,0) [ 8.3722 ]
1011:(46,2,3,48,2,2,0) [ 8.9102 ]
1012:(46,2,3,49,1,1,0) [ 8.843200000000001 ]
1013:(46,2,4,49,1,1,0) [ 9.3922 ]
1014:(46,2,2,49,1,1,0) [ 8.2942 ]
1015:(46,2,1,49,1,1,0) [ 7.7452 ]
1016:(47,2,0,49,1,1,0) [ 7.2806 ]
1017:(47,2,1,50,0,0,0) [ 7.740600000000001 ]
1018:(47,2,2,50,0,0,0) [ 8.3006 ]
1019:(48,2,0,50,0,0,0) [ 7.265 ]
1020:(18,2,1,0,50,50,0) [ 9.743 ]
1021:(18,2,2,0,50,50,0) [ 9.753 ]
1022:(18,2,2,1,49,49,0) [ 9.675 ]
1023:(18,2,3,1,49,49,0) [ 9.696 ]
1024:(18,2,3,2,48,48,0) [ 9.629000000000001 ]
1025:(18,2,4,2,48,48,0) [ 9.661000000000001 ]
1026:(18,2,4,3,47,47,0) [ 9.605 ]
1027:(18,2,5,3,47,47,0) [ 9.648 ]
1028:(18,2,5,4,46,46,0) [ 9.603000000000002 ]
1029:(18,2,6,4,46,46,0) [ 9.657 ]
1030:(18,2,6,5,45,45,0) [ 9.623000000000001 ]
1031:(18,2,7,5,45,45,0) [ 9.687999999999999 ]
1032:(18,2,7,6,44,44,0) [ 9.665 ]
1033:(18,2,8,6,44,44,0) [ 9.741 ]
1034:(18,2,6,6,44,44,0) [ 9.589 ]
1035:(18,2,7,7,43,43,0) [ 9.642 ]
1036:(18,2,8,7,43,43,0) [ 9.729 ]
1037:(18,2,6,7,43,43,0) [ 9.555 ]
1038:(18,2,7,8,42,42,0) [ 9.619 ]
1039:(18,2,8,8,42,42,0) [ 9.716999999999999 ]
1040:(19,2,6,8,42,42,0) [ 9.6054 ]
1041:(19,2,5,8,42,42,0) [ 9.5074 ]
1042:(20,2,4,8,42,42,0) [ 9.4938 ]
1043:(20,2,5,9,41,41,0) [ 9.546800000000001 ]
1044:(20,2,6,9,41,41,0) [ 9.655800000000001 ]
1045:(20,2,6,10,40,40,0) [ 9.6218 ]
1046:(20,2,7,10,40,40,0) [ 9.741800000000001 ]
1047:(20,2,7,11,39,39,0) [ 9.718800000000002 ]
1048:(20,2,8,11,39,39,0) [ 9.8498 ]
1049:(21,2,6,11,39,39,0) [ 9.6722 ]
1050:(21,2,5,11,39,39,0) [ 9.5412 ]
1051:(21,2,6,12,38,38,0) [ 9.638200000000001 ]
1052:(21,2,7,12,38,38,0) [ 9.7802 ]
1053:(21,2,5,12,38,38,0) [ 9.4962 ]
1054:(22,2,4,12,38,38,0) [ 9.438600000000001 ]
1055:(22,2,5,13,37,37,0) [ 9.535599999999999 ]
1056:(22,2,6,13,37,37,0) [ 9.688600000000001 ]
1057:(22,2,6,14,36,36,0) [ 9.6546 ]
1058:(22,2,7,14,36,36,0) [ 9.8186 ]
1059:(22,2,7,15,35,35,0) [ 9.7956 ]
1060:(22,2,8,15,35,35,0) [ 9.970600000000001 ]
1061:(23,2,6,15,35,35,0) [ 9.705 ]
1062:(24,2,5,15,35,35,0) [ 9.6144 ]
1063:(24,2,4,15,35,35,0) [ 9.4394 ]
1064:(24,2,5,16,34,34,0) [ 9.5694 ]
1065:(24,2,6,16,34,34,0) [ 9.7554 ]
1066:(24,2,4,16,34,34,0) [ 9.3834 ]
1067:(24,2,5,17,33,33,0) [ 9.5244 ]
1068:(24,2,6,17,33,33,0) [ 9.721400000000001 ]
1069:(25,2,4,17,33,33,0) [ 9.4118 ]
1070:(25,2,5,18,32,32,0) [ 9.5638 ]
1071:(25,2,6,18,32,32,0) [ 9.771799999999999 ]
1072:(25,2,6,19,31,31,0) [ 9.7378 ]
1073:(25,2,7,19,31,31,0) [ 9.9568 ]
1074:(25,2,7,20,30,30,0) [ 9.9338 ]
1075:(25,2,8,20,30,30,0) [ 10.1638 ]
1076:(26,2,6,20,30,30,0) [ 9.7882 ]
1077:(26,2,7,21,29,29,0) [ 9.9952 ]
1078:(26,2,8,21,29,29,0) [ 10.2362 ]
1079:(26,2,8,22,28,28,0) [ 10.2242 ]
1080:(26,2,9,22,28,28,0) [ 10.4762 ]
1081:(26,2,7,22,28,28,0) [ 9.9722 ]
1082:(27,2,6,22,28,28,0) [ 9.8046 ]
1083:(27,2,7,23,27,27,0) [ 10.0336 ]
1084:(27,2,8,23,27,27,0) [ 10.296600000000002 ]
1085:(28,2,6,23,27,27,0) [ 9.855 ]
1086:(28,2,5,23,27,27,0) [ 9.592 ]
1087:(28,2,6,24,26,26,0) [ 9.821000000000002 ]
1088:(28,2,7,24,26,26,0) [ 10.095 ]
1089:(28,2,5,24,26,26,0) [ 9.547 ]
1090:(29,2,4,24,26,26,0) [ 9.3574 ]
1091:(30,2,3,24,26,26,0) [ 9.1678 ]
1092:(30,2,4,25,25,25,0) [ 9.3858 ]
1093:(30,2,5,25,25,25,0) [ 9.6708 ]
1094:(30,2,5,26,24,24,0) [ 9.6258 ]
1095:(30,2,6,26,24,24,0) [ 9.921800000000001 ]
1096:(30,2,6,27,23,23,0) [ 9.8878 ]
1097:(30,2,7,27,23,23,0) [ 10.1948 ]
1098:(30,2,7,28,22,22,0) [ 10.171800000000001 ]
1099:(30,2,8,28,22,22,0) [ 10.489799999999999 ]
1100:(31,2,6,28,22,22,0) [ 9.9382 ]
1101:(31,2,5,28,22,22,0) [ 9.6202 ]
1102:(31,2,6,29,21,21,0) [ 9.904200000000001 ]
1103:(31,2,7,29,21,21,0) [ 10.233199999999998 ]
1104:(32,2,5,29,21,21,0) [ 9.6596 ]
1105:(32,2,4,29,21,21,0) [ 9.3306 ]
1106:(32,2,5,30,20,20,0) [ 9.6146 ]
1107:(32,2,6,30,20,20,0) [ 9.9546 ]
1108:(32,2,6,31,19,19,0) [ 9.920600000000002 ]
1109:(32,2,7,31,19,19,0) [ 10.271600000000001 ]
1110:(32,2,5,31,19,19,0) [ 9.5696 ]
1111:(33,2,4,31,19,19,0) [ 9.302999999999999 ]
1112:(33,2,5,32,18,18,0) [ 9.609 ]
1113:(33,2,6,32,18,18,0) [ 9.971 ]
1114:(34,2,4,32,18,18,0) [ 9.3314 ]
1115:(34,2,5,33,17,17,0) [ 9.648399999999999 ]
1116:(34,2,6,33,17,17,0) [ 10.0214 ]
1117:(35,2,4,33,17,17,0) [ 9.3598 ]
1118:(35,2,3,33,17,17,0) [ 8.9868 ]
1119:(36,2,2,33,17,17,0) [ 8.6982 ]
1120:(37,2,1,33,17,17,0) [ 8.409600000000001 ]
1121:(37,2,0,33,17,17,0) [ 8.0366 ]
1122:(37,2,1,34,16,16,0) [ 8.3206 ]
1123:(37,2,2,34,16,16,0) [ 8.704600000000001 ]
1124:(37,2,2,35,15,15,0) [ 8.6266 ]
1125:(37,2,3,35,15,15,0) [ 9.0216 ]
1126:(37,2,3,36,14,14,0) [ 8.9546 ]
1127:(37,2,4,36,14,14,0) [ 9.3606 ]
1128:(38,2,2,36,14,14,0) [ 8.633000000000001 ]
1129:(38,2,3,37,13,13,0) [ 8.972 ]
1130:(38,2,4,37,13,13,0) [ 9.389000000000001 ]
1131:(39,2,2,37,13,13,0) [ 8.6394 ]
1132:(39,2,1,37,13,13,0) [ 8.2224 ]
1133:(39,2,2,38,12,12,0) [ 8.5614 ]
1134:(39,2,3,38,12,12,0) [ 8.9894 ]
1135:(39,2,3,39,11,11,0) [ 8.9224 ]
1136:(39,2,4,39,11,11,0) [ 9.3614 ]
1137:(39,2,2,39,11,11,0) [ 8.4834 ]
1138:(39,2,3,40,10,10,0) [ 8.8554 ]
1139:(39,2,4,40,10,10,0) [ 9.305399999999999 ]
1140:(40,2,2,40,10,10,0) [ 8.489799999999999 ]
1141:(40,2,1,40,10,10,0) [ 8.0398 ]
1142:(40,2,2,41,9,9,0) [ 8.4118 ]
1143:(40,2,3,41,9,9,0) [ 8.8728 ]
1144:(40,2,3,42,8,8,0) [ 8.805800000000001 ]
1145:(40,2,4,42,8,8,0) [ 9.277800000000001 ]
1146:(40,2,4,43,7,7,0) [ 9.221799999999998 ]
1147:(40,2,5,43,7,7,0) [ 9.704799999999999 ]
1148:(41,2,3,43,7,7,0) [ 8.8232 ]
1149:(42,2,2,43,7,7,0) [ 8.4246 ]
1150:(42,2,3,44,6,6,0) [ 8.8406 ]
1151:(42,2,4,44,6,6,0) [ 9.3346 ]
1152:(43,2,2,44,6,6,0) [ 8.431000000000001 ]
1153:(43,2,1,44,6,6,0) [ 7.936999999999999 ]
1154:(44,2,0,44,6,6,0) [ 7.5274 ]
1155:(44,2,1,45,5,5,0) [ 7.9323999999999995 ]
1156:(44,2,2,45,5,5,0) [ 8.4374 ]
1157:(44,2,2,46,4,4,0) [ 8.359399999999999 ]
1158:(44,2,3,46,4,4,0) [ 8.8754 ]
1159:(44,2,1,46,4,4,0) [ 7.8434 ]
1160:(44,2,2,47,3,3,0) [ 8.2814 ]
1161:(44,2,3,47,3,3,0) [ 8.8084 ]
1162:(45,2,1,47,3,3,0) [ 7.8388 ]
1163:(45,2,2,48,2,2,0) [ 8.2878 ]
1164:(45,2,3,48,2,2,0) [ 8.8258 ]
1165:(45,2,3,49,1,1,0) [ 8.758799999999999 ]
1166:(45,2,4,49,1,1,0) [ 9.307799999999999 ]
1167:(45,2,2,49,1,1,0) [ 8.2098 ]
1168:(45,2,1,49,1,1,0) [ 7.660799999999999 ]
1169:(46,2,0,49,1,1,0) [ 7.1962 ]
1170:(46,2,1,50,0,0,0) [ 7.6562 ]
1171:(46,2,2,50,0,0,0) [ 8.2162 ]
1172:(47,2,0,50,0,0,0) [ 7.1806 ]
1173:(18,2,3,0,50,50,0) [ 9.763 TARGET ]
1174:(19,2,3,0,50,50,0) [ 9.8474 TARGET ]
1175:(18,2,4,1,49,49,0) [ 9.717 ]
1176:(19,2,4,1,49,49,0) [ 9.801400000000001 ]
1177:(18,2,5,2,48,48,0) [ 9.693000000000001 ]
1178:(19,2,5,2,48,48,0) [ 9.7774 ]
1179:(18,2,6,3,47,47,0) [ 9.690999999999999 ]
1180:(19,2,6,3,47,47,0) [ 9.775400000000001 ]
1181:(18,2,7,4,46,46,0) [ 9.711 ]
1182:(19,2,7,4,46,46,0) [ 9.7954 ]
1183:(18,2,8,5,45,45,0) [ 9.753 ]
1184:(19,2,8,5,45,45,0) [ 9.8374 ]
1185:(18,2,9,6,44,44,0) [ 9.817 ]
1186:(19,2,9,6,44,44,0) [ 9.9014 ]
1187:(18,2,9,7,43,43,0) [ 9.815999999999999 ]
1188:(19,2,9,7,43,43,0) [ 9.900400000000001 ]
1189:(18,2,9,8,42,42,0) [ 9.815000000000001 ]
1190:(19,2,9,8,42,42,0) [ 9.8994 ]
1191:(20,2,7,9,41,41,0) [ 9.764800000000001 ]
1192:(21,2,7,9,41,41,0) [ 9.8492 ]
1193:(20,2,8,10,40,40,0) [ 9.8618 ]
1194:(21,2,8,10,40,40,0) [ 9.946200000000001 ]
1195:(20,2,9,11,39,39,0) [ 9.9808 ]
1196:(21,2,9,11,39,39,0) [ 10.0652 ]
1197:(21,2,8,12,38,38,0) [ 9.9222 ]
1198:(22,2,8,12,38,38,0) [ 10.0066 ]
1199:(22,2,7,13,37,37,0) [ 9.8416 ]
1200:(23,2,7,13,37,37,0) [ 9.926 ]
1201:(22,2,8,14,36,36,0) [ 9.9826 ]
1202:(23,2,8,14,36,36,0) [ 10.067 ]
1203:(22,2,9,15,35,35,0) [ 10.1456 ]
1204:(23,2,9,15,35,35,0) [ 10.23 ]
1205:(24,2,7,16,34,34,0) [ 9.9414 ]
1206:(25,2,7,16,34,34,0) [ 10.0258 ]
1207:(24,2,7,17,33,33,0) [ 9.9184 ]
1208:(25,2,7,17,33,33,0) [ 10.0028 ]
1209:(25,2,7,18,32,32,0) [ 9.979800000000001 ]
1210:(26,2,7,18,32,32,0) [ 10.0642 ]
1211:(25,2,8,19,31,31,0) [ 10.1758 ]
1212:(26,2,8,19,31,31,0) [ 10.260200000000001 ]
1213:(25,2,9,20,30,30,0) [ 10.393799999999999 ]
1214:(26,2,9,20,30,30,0) [ 10.478200000000001 ]
1215:(26,2,9,21,29,29,0) [ 10.4772 ]
1216:(27,2,9,21,29,29,0) [ 10.5616 ]
1217:(26,2,10,22,28,28,0) [ 10.728200000000001 ]
1218:(27,2,10,22,28,28,0) [ 10.8126 ]
1219:(27,2,9,23,27,27,0) [ 10.5596 ]
1220:(28,2,9,23,27,27,0) [ 10.644 ]
1221:(28,2,8,24,26,26,0) [ 10.369000000000002 ]
1222:(29,2,8,24,26,26,0) [ 10.4534 ]
1223:(30,2,6,25,25,25,0) [ 9.9558 ]
1224:(31,2,6,25,25,25,0) [ 10.0402 ]
1225:(30,2,7,26,24,24,0) [ 10.2178 ]
1226:(31,2,7,26,24,24,0) [ 10.3022 ]
1227:(30,2,8,27,23,23,0) [ 10.5018 ]
1228:(31,2,8,27,23,23,0) [ 10.586200000000002 ]
1229:(30,2,9,28,22,22,0) [ 10.8078 ]
1230:(31,2,9,28,22,22,0) [ 10.892199999999999 ]
1231:(31,2,8,29,21,21,0) [ 10.562199999999999 ]
1232:(32,2,8,29,21,21,0) [ 10.646600000000001 ]
1233:(32,2,7,30,20,20,0) [ 10.294599999999999 ]
1234:(33,2,7,30,20,20,0) [ 10.379000000000001 ]
1235:(32,2,8,31,19,19,0) [ 10.6226 ]
1236:(33,2,8,31,19,19,0) [ 10.706999999999999 ]
1237:(33,2,7,32,18,18,0) [ 10.333000000000002 ]
1238:(34,2,7,32,18,18,0) [ 10.4174 ]
1239:(34,2,7,33,17,17,0) [ 10.394400000000001 ]
1240:(35,2,7,33,17,17,0) [ 10.4788 ]
1241:(37,2,3,34,16,16,0) [ 9.0886 ]
1242:(38,2,3,34,16,16,0) [ 9.173 ]
1243:(37,2,4,35,15,15,0) [ 9.416599999999999 ]
1244:(38,2,4,35,15,15,0) [ 9.501000000000001 ]
1245:(37,2,5,36,14,14,0) [ 9.7666 ]
1246:(38,2,5,36,14,14,0) [ 9.851 ]
1247:(38,2,5,37,13,13,0) [ 9.806000000000001 ]
1248:(39,2,5,37,13,13,0) [ 9.8904 ]
1249:(39,2,4,38,12,12,0) [ 9.4174 ]
1250:(40,2,4,38,12,12,0) [ 9.5018 ]
1251:(39,2,5,39,11,11,0) [ 9.800399999999998 ]
1252:(40,2,5,39,11,11,0) [ 9.8848 ]
1253:(39,2,5,40,10,10,0) [ 9.7554 ]
1254:(40,2,5,40,10,10,0) [ 9.8398 ]
1255:(40,2,4,41,9,9,0) [ 9.333800000000002 ]
1256:(41,2,4,41,9,9,0) [ 9.4182 ]
1257:(40,2,5,42,8,8,0) [ 9.7498 ]
1258:(41,2,5,42,8,8,0) [ 9.8342 ]
1259:(40,2,6,43,7,7,0) [ 10.1878 ]
1260:(41,2,6,43,7,7,0) [ 10.2722 ]
1261:(42,2,5,44,6,6,0) [ 9.8286 ]
1262:(43,2,5,44,6,6,0) [ 9.912999999999998 ]
1263:(44,2,3,45,5,5,0) [ 8.9424 ]
1264:(45,2,3,45,5,5,0) [ 9.0268 ]
1265:(44,2,4,46,4,4,0) [ 9.391399999999999 ]
1266:(45,2,4,46,4,4,0) [ 9.475800000000001 ]
1267:(44,2,4,47,3,3,0) [ 9.3354 ]
1268:(45,2,4,47,3,3,0) [ 9.419800000000002 ]
1269:(45,2,4,48,2,2,0) [ 9.3638 ]
1270:(46,2,4,48,2,2,0) [ 9.4482 ]
1271:(45,2,5,49,1,1,0) [ 9.856799999999998 ]
1272:(46,2,5,49,1,1,0) [ 9.9412 ]
1273:(46,2,3,50,0,0,0) [ 8.7762 ]
1274:(47,2,3,50,0,0,0) [ 8.860600000000002 ]
1275:(50,2,1,48,2,2,0) [ 8.1718 ]
1276:(48,2,5,48,2,2,0) [ 10.154999999999998 ]
1277:(47,2,4,45,5,5,0) [ 9.700600000000001 ]
1278:(47,2,5,45,5,5,0) [ 10.2056 ]
1279:(45,2,6,43,7,7,0) [ 10.6098 ]
1280:(45,2,5,42,8,8,0) [ 10.171800000000001 ]
1281:(44,2,6,42,8,8,0) [ 10.5594 ]
1282:(44,2,7,42,8,8,0) [ 11.031400000000001 ]
1283:(44,2,6,41,9,9,0) [ 10.5934 ]
1284:(44,2,7,41,9,9,0) [ 11.0544 ]
1285:(44,2,6,40,10,10,0) [ 10.627400000000002 ]
1286:(44,2,5,39,11,11,0) [ 10.222399999999999 ]
1287:(44,2,4,38,12,12,0) [ 9.839400000000001 ]
1288:(44,2,4,37,13,13,0) [ 9.8954 ]
1289:(43,2,5,37,13,13,0) [ 10.228000000000002 ]
1290:(43,2,4,36,14,14,0) [ 9.866999999999999 ]
1291:(43,2,3,35,15,15,0) [ 9.527999999999999 ]
1292:(42,2,4,35,15,15,0) [ 9.8386 ]
1293:(42,2,3,34,16,16,0) [ 9.5106 ]
1294:(42,2,4,34,16,16,0) [ 9.894599999999999 ]
1295:(42,2,3,33,17,17,0) [ 9.5776 ]
1296:(40,2,5,32,18,18,0) [ 10.1998 ]
1297:(39,2,6,32,18,18,0) [ 10.477400000000001 ]
1298:(39,2,5,31,19,19,0) [ 10.160400000000001 ]
1299:(39,2,6,31,19,19,0) [ 10.5114 ]
1300:(39,2,5,30,20,20,0) [ 10.205400000000001 ]
1301:(39,2,4,29,21,21,0) [ 9.9214 ]
1302:(39,2,3,28,22,22,0) [ 9.659400000000002 ]
1303:(38,2,4,28,22,22,0) [ 9.893 ]
1304:(38,2,3,27,23,23,0) [ 9.642 ]
1305:(38,2,2,26,24,24,0) [ 9.413 ]
1306:(38,2,3,26,24,24,0) [ 9.709 ]
1307:(38,2,2,25,25,25,0) [ 9.491 ]
1308:(38,2,1,24,26,26,0) [ 9.295 ]
1309:(37,2,2,24,26,26,0) [ 9.4846 ]
1310:(36,2,4,24,26,26,0) [ 9.9482 ]
1311:(36,2,3,23,27,27,0) [ 9.7412 ]
1312:(35,2,4,23,27,27,0) [ 9.9198 ]
1313:(35,2,3,22,28,28,0) [ 9.7238 ]
1314:(35,2,4,22,28,28,0) [ 9.975800000000001 ]
1315:(34,2,5,22,28,28,0) [ 10.1434 ]
1316:(34,2,4,21,29,29,0) [ 9.9474 ]
1317:(33,2,5,21,29,29,0) [ 10.104 ]
1318:(33,2,4,20,30,30,0) [ 9.919 ]
1319:(33,2,3,19,31,31,0) [ 9.756 ]
1320:(33,2,2,18,32,32,0) [ 9.615 ]
1321:(32,2,3,18,32,32,0) [ 9.7386 ]
1322:(32,2,4,18,32,32,0) [ 9.9466 ]
1323:(32,2,3,17,33,33,0) [ 9.8056 ]
1324:(32,2,2,16,34,34,0) [ 9.6866 ]
1325:(32,2,1,15,35,35,0) [ 9.5896 ]
1326:(32,2,2,15,35,35,0) [ 9.7646 ]
1327:(32,2,1,14,36,36,0) [ 9.6786 ]
1328:(32,2,0,13,37,37,0) [ 9.6146 ]
1329:(32,2,1,13,37,37,0) [ 9.7676 ]
1330:(31,2,2,13,37,37,0) [ 9.836200000000002 ]
1331:(31,2,1,12,38,38,0) [ 9.7722 ]
1332:(31,2,2,12,38,38,0) [ 9.914200000000001 ]
1333:(31,2,1,11,39,39,0) [ 9.8612 ]
1334:(31,2,0,10,40,40,0) [ 9.8302 ]
1335:(30,2,1,10,40,40,0) [ 9.8658 ]
1336:(30,2,0,9,41,41,0) [ 9.8458 ]
1337:(29,2,1,9,41,41,0) [ 9.8704 ]
1338:(29,2,2,9,41,41,0) [ 9.979400000000002 ]
1339:(29,2,1,8,42,42,0) [ 9.959399999999999 ]
1340:(29,2,2,8,42,42,0) [ 10.057400000000001 ]
1341:(29,2,1,7,43,43,0) [ 10.0484 ]
1342:(28,2,2,7,43,43,0) [ 10.051 ]
1343:(28,2,3,7,43,43,0) [ 10.138 ]
1344:(28,2,2,6,44,44,0) [ 10.129000000000001 ]
1345:(28,2,1,5,45,45,0) [ 10.142 ]
1346:(28,2,2,5,45,45,0) [ 10.207 ]
1347:(28,2,1,4,46,46,0) [ 10.231000000000002 ]
1348:(28,2,0,3,47,47,0) [ 10.277000000000001 ]
1349:(28,2,1,3,47,47,0) [ 10.32 ]
1350:(28,2,0,2,48,48,0) [ 10.377 ]
1351:(27,2,1,2,48,48,0) [ 10.3246 ]
1352:(27,2,0,1,49,49,0) [ 10.392600000000002 ]
1353:(27,2,1,1,49,49,0) [ 10.4136 ]
1354:(27,2,0,0,50,50,0) [ 10.4926 TARGET ]
1355:(28,2,0,0,50,50,0) [ 10.577 TARGET ]
1356:(26,2,0,0,50,50,0) [ 10.4082 ]
1357:(26,2,1,0,50,50,0) [ 10.4182 TARGET ]
1358:(27,2,1,0,50,50,0) [ 10.502600000000001 TARGET ]
1359:(28,2,1,1,49,49,0) [ 10.498000000000001 ]
1360:(26,2,1,1,49,49,0) [ 10.3292 ]
1361:(26,2,2,1,49,49,0) [ 10.350200000000001 ]
1362:(27,2,2,1,49,49,0) [ 10.4346 ]
1363:(28,2,0,1,49,49,0) [ 10.477 ]
1364:(26,2,0,1,49,49,0) [ 10.308200000000001 ]
1365:(28,2,1,2,48,48,0) [ 10.409 ]
1366:(26,2,1,2,48,48,0) [ 10.240200000000002 ]
1367:(26,2,2,2,48,48,0) [ 10.272200000000002 ]
1368:(27,2,2,2,48,48,0) [ 10.3566 ]
1369:(29,2,0,2,48,48,0) [ 10.461400000000001 ]
1370:(27,2,0,2,48,48,0) [ 10.2926 ]
1371:(29,2,1,3,47,47,0) [ 10.404399999999999 ]
1372:(27,2,1,3,47,47,0) [ 10.235600000000002 ]
1373:(27,2,2,3,47,47,0) [ 10.2786 ]
1374:(28,2,2,3,47,47,0) [ 10.363 ]
1375:(29,2,0,3,47,47,0) [ 10.3614 ]
1376:(27,2,0,3,47,47,0) [ 10.1926 ]
1377:(29,2,1,4,46,46,0) [ 10.3154 ]
1378:(27,2,1,4,46,46,0) [ 10.1466 ]
1379:(27,2,2,4,46,46,0) [ 10.200600000000001 ]
1380:(28,2,2,4,46,46,0) [ 10.285 ]
1381:(29,2,2,5,45,45,0) [ 10.2914 ]
1382:(27,2,2,5,45,45,0) [ 10.1226 ]
1383:(27,2,3,5,45,45,0) [ 10.1876 ]
1384:(28,2,3,5,45,45,0) [ 10.272 ]
1385:(29,2,1,5,45,45,0) [ 10.2264 ]
1386:(27,2,1,5,45,45,0) [ 10.0576 ]
1387:(29,2,2,6,44,44,0) [ 10.2134 ]
1388:(27,2,2,6,44,44,0) [ 10.0446 ]
1389:(27,2,3,6,44,44,0) [ 10.1206 ]
1390:(28,2,3,6,44,44,0) [ 10.205 ]
1391:(29,2,3,7,43,43,0) [ 10.2224 ]
1392:(27,2,3,7,43,43,0) [ 10.0536 ]
1393:(27,2,4,7,43,43,0) [ 10.1406 ]
1394:(28,2,4,7,43,43,0) [ 10.225000000000001 ]
1395:(29,2,2,7,43,43,0) [ 10.1354 ]
1396:(27,2,2,7,43,43,0) [ 9.9666 ]
1397:(30,2,1,7,43,43,0) [ 10.1328 ]
1398:(28,2,1,7,43,43,0) [ 9.963999999999999 ]
1399:(30,2,2,8,42,42,0) [ 10.1418 ]
1400:(28,2,2,8,42,42,0) [ 9.973 ]
1401:(28,2,3,8,42,42,0) [ 10.071000000000002 ]
1402:(29,2,3,8,42,42,0) [ 10.1554 ]
1403:(30,2,1,8,42,42,0) [ 10.043800000000001 ]
1404:(28,2,1,8,42,42,0) [ 9.875 ]
1405:(30,2,2,9,41,41,0) [ 10.0638 ]
1406:(28,2,2,9,41,41,0) [ 9.895 ]
1407:(28,2,3,9,41,41,0) [ 10.004000000000001 ]
1408:(29,2,3,9,41,41,0) [ 10.0884 ]
1409:(30,2,1,9,41,41,0) [ 9.9548 ]
1410:(28,2,1,9,41,41,0) [ 9.786000000000001 ]
1411:(31,2,0,9,41,41,0) [ 9.9302 ]
1412:(29,2,0,9,41,41,0) [ 9.761400000000002 ]
1413:(31,2,1,10,40,40,0) [ 9.950199999999999 ]
1414:(29,2,1,10,40,40,0) [ 9.7814 ]
1415:(29,2,2,10,40,40,0) [ 9.901399999999999 ]
1416:(30,2,2,10,40,40,0) [ 9.985800000000001 ]
1417:(32,2,0,10,40,40,0) [ 9.9146 ]
1418:(30,2,0,10,40,40,0) [ 9.7458 ]
1419:(32,2,1,11,39,39,0) [ 9.9456 ]
1420:(30,2,1,11,39,39,0) [ 9.7768 ]
1421:(30,2,2,11,39,39,0) [ 9.9078 ]
1422:(31,2,2,11,39,39,0) [ 9.9922 ]
1423:(32,2,2,12,38,38,0) [ 9.9986 ]
1424:(30,2,2,12,38,38,0) [ 9.8298 ]
1425:(30,2,3,12,38,38,0) [ 9.9718 ]
1426:(31,2,3,12,38,38,0) [ 10.0562 ]
1427:(32,2,1,12,38,38,0) [ 9.8566 ]
1428:(30,2,1,12,38,38,0) [ 9.687800000000001 ]
1429:(32,2,2,13,37,37,0) [ 9.9206 ]
1430:(30,2,2,13,37,37,0) [ 9.7518 ]
1431:(30,2,3,13,37,37,0) [ 9.9048 ]
1432:(31,2,3,13,37,37,0) [ 9.9892 ]
1433:(33,2,1,13,37,37,0) [ 9.852 ]
1434:(31,2,1,13,37,37,0) [ 9.6832 ]
1435:(33,2,0,13,37,37,0) [ 9.699000000000002 ]
1436:(31,2,0,13,37,37,0) [ 9.5302 ]
1437:(33,2,1,14,36,36,0) [ 9.763 ]
1438:(31,2,1,14,36,36,0) [ 9.594199999999999 ]
1439:(31,2,2,14,36,36,0) [ 9.7582 ]
1440:(32,2,2,14,36,36,0) [ 9.8426 ]
1441:(33,2,2,15,35,35,0) [ 9.849 ]
1442:(31,2,2,15,35,35,0) [ 9.6802 ]
1443:(31,2,3,15,35,35,0) [ 9.8552 ]
1444:(32,2,3,15,35,35,0) [ 9.9396 ]
1445:(33,2,1,15,35,35,0) [ 9.674 ]
1446:(31,2,1,15,35,35,0) [ 9.5052 ]
1447:(33,2,2,16,34,34,0) [ 9.771 ]
1448:(31,2,2,16,34,34,0) [ 9.6022 ]
1449:(31,2,3,16,34,34,0) [ 9.7882 ]
1450:(32,2,3,16,34,34,0) [ 9.8726 ]
1451:(33,2,3,17,33,33,0) [ 9.89 ]
1452:(31,2,3,17,33,33,0) [ 9.7212 ]
1453:(32,2,4,17,33,33,0) [ 10.002600000000001 ]
1454:(33,2,4,18,32,32,0) [ 10.030999999999999 ]
1455:(31,2,4,18,32,32,0) [ 9.862200000000001 ]
1456:(32,2,5,18,32,32,0) [ 10.154599999999999 ]
1457:(33,2,3,18,32,32,0) [ 9.823 ]
1458:(31,2,3,18,32,32,0) [ 9.6542 ]
1459:(34,2,2,18,32,32,0) [ 9.6994 ]
1460:(32,2,2,18,32,32,0) [ 9.5306 ]
1461:(34,2,3,19,31,31,0) [ 9.8404 ]
1462:(32,2,3,19,31,31,0) [ 9.6716 ]
1463:(32,2,4,19,31,31,0) [ 9.8906 ]
1464:(33,2,4,19,31,31,0) [ 9.975 ]
1465:(34,2,4,20,30,30,0) [ 10.0034 ]
1466:(32,2,4,20,30,30,0) [ 9.8346 ]
1467:(32,2,5,20,30,30,0) [ 10.064599999999999 ]
1468:(33,2,5,20,30,30,0) [ 10.149000000000001 ]
1469:(34,2,5,21,29,29,0) [ 10.188400000000001 ]
1470:(32,2,5,21,29,29,0) [ 10.0196 ]
1471:(32,2,6,21,29,29,0) [ 10.2606 ]
1472:(33,2,6,21,29,29,0) [ 10.345 ]
1473:(35,2,4,21,29,29,0) [ 10.0318 ]
1474:(33,2,4,21,29,29,0) [ 9.863 ]
1475:(35,2,5,22,28,28,0) [ 10.2278 ]
1476:(33,2,5,22,28,28,0) [ 10.059 ]
1477:(34,2,6,22,28,28,0) [ 10.3954 ]
1478:(36,2,4,22,28,28,0) [ 10.0602 ]
1479:(34,2,4,22,28,28,0) [ 9.8914 ]
1480:(36,2,3,22,28,28,0) [ 9.808200000000001 ]
1481:(34,2,3,22,28,28,0) [ 9.6394 ]
1482:(36,2,4,23,27,27,0) [ 10.0042 ]
1483:(34,2,4,23,27,27,0) [ 9.8354 ]
1484:(35,2,5,23,27,27,0) [ 10.1828 ]
1485:(37,2,3,23,27,27,0) [ 9.825600000000001 ]
1486:(35,2,3,23,27,27,0) [ 9.6568 ]
1487:(37,2,4,24,26,26,0) [ 10.0326 ]
1488:(35,2,5,24,26,26,0) [ 10.1378 ]
1489:(36,2,5,24,26,26,0) [ 10.2222 ]
1490:(37,2,3,24,26,26,0) [ 9.7586 ]
1491:(38,2,2,24,26,26,0) [ 9.569 ]
1492:(36,2,2,24,26,26,0) [ 9.4002 ]
1493:(39,2,1,24,26,26,0) [ 9.3794 ]
1494:(37,2,1,24,26,26,0) [ 9.2106 ]
1495:(39,2,2,25,25,25,0) [ 9.5754 ]
1496:(37,2,2,25,25,25,0) [ 9.406600000000001 ]
1497:(37,2,3,25,25,25,0) [ 9.691600000000001 ]
1498:(38,2,3,25,25,25,0) [ 9.776 ]
1499:(39,2,3,26,24,24,0) [ 9.793400000000002 ]
1500:(37,2,3,26,24,24,0) [ 9.624600000000001 ]
1501:(37,2,4,26,24,24,0) [ 9.9206 ]
1502:(38,2,4,26,24,24,0) [ 10.005 ]
1503:(39,2,2,26,24,24,0) [ 9.4974 ]
1504:(37,2,2,26,24,24,0) [ 9.328600000000002 ]
1505:(39,2,3,27,23,23,0) [ 9.7264 ]
1506:(37,2,3,27,23,23,0) [ 9.5576 ]
1507:(37,2,4,27,23,23,0) [ 9.864600000000001 ]
1508:(38,2,4,27,23,23,0) [ 9.949 ]
1509:(39,2,4,28,22,22,0) [ 9.9774 ]
1510:(37,2,4,28,22,22,0) [ 9.8086 ]
1511:(38,2,5,28,22,22,0) [ 10.210999999999999 ]
1512:(40,2,3,28,22,22,0) [ 9.7438 ]
1513:(38,2,3,28,22,22,0) [ 9.575 ]
1514:(40,2,4,29,21,21,0) [ 10.0058 ]
1515:(39,2,5,29,21,21,0) [ 10.2504 ]
1516:(40,2,5,30,20,20,0) [ 10.2898 ]
1517:(38,2,6,30,20,20,0) [ 10.461 ]
1518:(39,2,6,30,20,20,0) [ 10.5454 ]
1519:(40,2,6,31,19,19,0) [ 10.595800000000002 ]
1520:(38,2,7,31,19,19,0) [ 10.778 ]
1521:(39,2,7,31,19,19,0) [ 10.8624 ]
1522:(40,2,5,31,19,19,0) [ 10.2448 ]
1523:(40,2,6,32,18,18,0) [ 10.561800000000002 ]
1524:(38,2,7,32,18,18,0) [ 10.755 ]
1525:(39,2,7,32,18,18,0) [ 10.839400000000001 ]
1526:(41,2,5,32,18,18,0) [ 10.284200000000002 ]
1527:(41,2,4,32,18,18,0) [ 9.9222 ]
1528:(41,2,5,33,17,17,0) [ 10.2392 ]
1529:(40,2,6,33,17,17,0) [ 10.5278 ]
1530:(42,2,4,33,17,17,0) [ 9.950599999999998 ]
1531:(43,2,3,33,17,17,0) [ 9.661999999999999 ]
1532:(43,2,4,34,16,16,0) [ 9.979000000000001 ]
1533:(41,2,4,34,16,16,0) [ 9.8102 ]
1534:(41,2,5,34,16,16,0) [ 10.1942 ]
1535:(42,2,5,34,16,16,0) [ 10.278599999999999 ]
1536:(43,2,3,34,16,16,0) [ 9.595 ]
1537:(43,2,4,35,15,15,0) [ 9.923 ]
1538:(41,2,5,35,15,15,0) [ 10.1492 ]
1539:(42,2,5,35,15,15,0) [ 10.2336 ]
1540:(44,2,3,35,15,15,0) [ 9.612400000000001 ]
1541:(44,2,4,36,14,14,0) [ 9.951400000000001 ]
1542:(42,2,5,36,14,14,0) [ 10.1886 ]
1543:(43,2,5,36,14,14,0) [ 10.273 ]
1544:(44,2,5,37,13,13,0) [ 10.3124 ]
1545:(42,2,6,37,13,13,0) [ 10.5606 ]
1546:(43,2,6,37,13,13,0) [ 10.645 ]
1547:(45,2,4,37,13,13,0) [ 9.979800000000001 ]
1548:(45,2,3,37,13,13,0) [ 9.5628 ]
1549:(45,2,4,38,12,12,0) [ 9.9238 ]
1550:(43,2,5,38,12,12,0) [ 10.183 ]
1551:(44,2,5,38,12,12,0) [ 10.267399999999999 ]
1552:(45,2,5,39,11,11,0) [ 10.306799999999999 ]
1553:(43,2,6,39,11,11,0) [ 10.577 ]
1554:(44,2,6,39,11,11,0) [ 10.661399999999999 ]
1555:(45,2,6,40,10,10,0) [ 10.7118 ]
1556:(43,2,6,40,10,10,0) [ 10.543 ]
1557:(43,2,7,40,10,10,0) [ 10.992999999999999 ]
1558:(44,2,7,40,10,10,0) [ 11.0774 ]
1559:(45,2,7,41,9,9,0) [ 11.138800000000002 ]
1560:(43,2,7,41,9,9,0) [ 10.97 ]
1561:(43,2,8,41,9,9,0) [ 11.431 ]
1562:(44,2,8,41,9,9,0) [ 11.515400000000001 ]
1563:(45,2,6,41,9,9,0) [ 10.6778 ]
1564:(43,2,6,41,9,9,0) [ 10.509 ]
1565:(45,2,7,42,8,8,0) [ 11.1158 ]
1566:(43,2,7,42,8,8,0) [ 10.947 ]
1567:(43,2,8,42,8,8,0) [ 11.419 ]
1568:(44,2,8,42,8,8,0) [ 11.5034 ]
1569:(45,2,6,42,8,8,0) [ 10.643800000000002 ]
1570:(43,2,6,42,8,8,0) [ 10.475000000000001 ]
1571:(46,2,5,42,8,8,0) [ 10.2562 ]
1572:(46,2,6,43,7,7,0) [ 10.694199999999999 ]
1573:(44,2,7,43,7,7,0) [ 11.008399999999998 ]
1574:(45,2,7,43,7,7,0) [ 11.0928 ]
1575:(46,2,5,43,7,7,0) [ 10.211199999999998 ]
1576:(47,2,4,43,7,7,0) [ 9.8126 ]
1577:(47,2,5,44,6,6,0) [ 10.2506 ]
1578:(45,2,6,44,6,6,0) [ 10.5758 ]
1579:(46,2,6,44,6,6,0) [ 10.660200000000001 ]
1580:(48,2,4,44,6,6,0) [ 9.841 ]
1581:(48,2,5,45,5,5,0) [ 10.29 ]
1582:(46,2,5,45,5,5,0) [ 10.1212 ]
1583:(46,2,6,45,5,5,0) [ 10.6262 ]
1584:(47,2,6,45,5,5,0) [ 10.7106 ]
1585:(48,2,4,45,5,5,0) [ 9.785 ]
1586:(46,2,4,45,5,5,0) [ 9.6162 ]
1587:(49,2,4,47,3,3,0) [ 9.7574 ]
1588:(47,2,5,47,3,3,0) [ 10.1156 ]
1589:(48,2,5,47,3,3,0) [ 10.2 ]
1590:(49,2,5,48,2,2,0) [ 10.2394 ]
1591:(47,2,5,48,2,2,0) [ 10.070599999999999 ]
1592:(47,2,6,48,2,2,0) [ 10.6086 ]
1593:(48,2,6,48,2,2,0) [ 10.692999999999998 ]
1594:(51,2,1,48,2,2,0) [ 8.2562 ]
1595:(49,2,1,48,2,2,0) [ 8.0874 ]
1596:(25,2,1,0,50,50,0) [ 10.3338 TARGET ]
1597:(24,2,2,0,50,50,0) [ 10.2594 TARGET ]
1598:(25,2,2,1,49,49,0) [ 10.2658 ]
1599:(24,2,3,1,49,49,0) [ 10.2024 ]
1600:(25,2,3,2,48,48,0) [ 10.2198 ]
1601:(24,2,4,2,48,48,0) [ 10.1674 ]
1602:(25,2,4,3,47,47,0) [ 10.1958 ]
1603:(24,2,5,3,47,47,0) [ 10.154399999999999 ]
1604:(25,2,5,4,46,46,0) [ 10.1938 ]
1605:(24,2,6,4,46,46,0) [ 10.1634 ]
1606:(25,2,6,5,45,45,0) [ 10.213799999999999 ]
1607:(24,2,7,5,45,45,0) [ 10.1944 ]
1608:(25,2,7,6,44,44,0) [ 10.2558 ]
1609:(24,2,8,6,44,44,0) [ 10.2474 ]
1610:(25,2,6,6,44,44,0) [ 10.1798 ]
1611:(25,2,7,7,43,43,0) [ 10.232800000000001 ]
1612:(24,2,8,7,43,43,0) [ 10.235399999999998 ]
1613:(25,2,6,7,43,43,0) [ 10.145800000000001 ]
1614:(25,2,7,8,42,42,0) [ 10.209800000000001 ]
1615:(24,2,8,8,42,42,0) [ 10.2234 ]
1616:(26,2,6,8,42,42,0) [ 10.196200000000001 ]
1617:(26,2,5,8,42,42,0) [ 10.0982 ]
1618:(27,2,4,8,42,42,0) [ 10.084600000000002 ]
1619:(27,2,5,9,41,41,0) [ 10.1376 ]
1620:(26,2,6,9,41,41,0) [ 10.162200000000002 ]
1621:(27,2,6,10,40,40,0) [ 10.2126 ]
1622:(26,2,7,10,40,40,0) [ 10.2482 ]
1623:(27,2,7,11,39,39,0) [ 10.3096 ]
1624:(26,2,8,11,39,39,0) [ 10.356200000000001 ]
1625:(28,2,6,11,39,39,0) [ 10.263000000000002 ]
1626:(28,2,5,11,39,39,0) [ 10.132000000000001 ]
1627:(28,2,6,12,38,38,0) [ 10.229000000000001 ]
1628:(27,2,7,12,38,38,0) [ 10.2866 ]
1629:(28,2,5,12,38,38,0) [ 10.087 ]
1630:(29,2,4,12,38,38,0) [ 10.0294 ]
1631:(29,2,5,13,37,37,0) [ 10.1264 ]
1632:(28,2,6,13,37,37,0) [ 10.195 ]
1633:(29,2,6,14,36,36,0) [ 10.2454 ]
1634:(28,2,7,14,36,36,0) [ 10.325000000000001 ]
1635:(29,2,7,15,35,35,0) [ 10.3864 ]
1636:(28,2,8,15,35,35,0) [ 10.477 ]
1637:(30,2,6,15,35,35,0) [ 10.2958 ]
1638:(31,2,5,15,35,35,0) [ 10.2052 ]
1639:(31,2,4,15,35,35,0) [ 10.0302 ]
1640:(31,2,5,16,34,34,0) [ 10.1602 ]
1641:(30,2,6,16,34,34,0) [ 10.261800000000001 ]
1642:(31,2,4,16,34,34,0) [ 9.9742 ]
1643:(31,2,5,17,33,33,0) [ 10.1152 ]
1644:(30,2,6,17,33,33,0) [ 10.2278 ]
1645:(31,2,6,18,32,32,0) [ 10.278200000000002 ]
1646:(32,2,6,19,31,31,0) [ 10.3286 ]
1647:(31,2,7,19,31,31,0) [ 10.4632 ]
1648:(32,2,7,20,30,30,0) [ 10.5246 ]
1649:(31,2,8,20,30,30,0) [ 10.670200000000001 ]
1650:(33,2,6,20,30,30,0) [ 10.379000000000001 ]
1651:(33,2,7,21,29,29,0) [ 10.586 ]
1652:(32,2,8,21,29,29,0) [ 10.7426 ]
1653:(33,2,8,22,28,28,0) [ 10.815000000000001 ]
1654:(32,2,9,22,28,28,0) [ 10.982600000000001 ]
1655:(33,2,7,22,28,28,0) [ 10.563 ]
1656:(34,2,7,23,27,27,0) [ 10.6244 ]
1657:(33,2,8,23,27,27,0) [ 10.803 ]
1658:(35,2,6,23,27,27,0) [ 10.4458 ]
1659:(35,2,6,24,26,26,0) [ 10.411800000000001 ]
1660:(34,2,7,24,26,26,0) [ 10.6014 ]
1661:(37,2,4,25,25,25,0) [ 9.976600000000001 ]
1662:(36,2,5,25,25,25,0) [ 10.1772 ]
1663:(37,2,5,26,24,24,0) [ 10.2166 ]
1664:(36,2,6,26,24,24,0) [ 10.428200000000002 ]
1665:(37,2,6,27,23,23,0) [ 10.4786 ]
1666:(36,2,7,27,23,23,0) [ 10.7012 ]
1667:(37,2,7,28,22,22,0) [ 10.762599999999999 ]
1668:(36,2,8,28,22,22,0) [ 10.996199999999998 ]
1669:(38,2,6,28,22,22,0) [ 10.529 ]
1670:(38,2,6,29,21,21,0) [ 10.495 ]
1671:(37,2,7,29,21,21,0) [ 10.739600000000001 ]
1672:(40,2,4,31,19,19,0) [ 9.8938 ]
1673:(43,2,2,33,17,17,0) [ 9.289 ]
1674:(44,2,1,33,17,17,0) [ 9.000399999999999 ]
1675:(44,2,0,33,17,17,0) [ 8.627400000000002 ]
1676:(44,2,1,34,16,16,0) [ 8.9114 ]
1677:(43,2,2,34,16,16,0) [ 9.211 ]
1678:(44,2,2,35,15,15,0) [ 9.2174 ]
1679:(44,2,3,36,14,14,0) [ 9.545399999999999 ]
1680:(45,2,2,36,14,14,0) [ 9.2238 ]
1681:(46,2,2,37,13,13,0) [ 9.2302 ]
1682:(46,2,1,37,13,13,0) [ 8.8132 ]
1683:(46,2,2,38,12,12,0) [ 9.1522 ]
1684:(45,2,3,38,12,12,0) [ 9.4958 ]
1685:(46,2,3,39,11,11,0) [ 9.5132 ]
1686:(45,2,4,39,11,11,0) [ 9.8678 ]
1687:(46,2,2,39,11,11,0) [ 9.074200000000001 ]
1688:(46,2,3,40,10,10,0) [ 9.446200000000001 ]
1689:(45,2,4,40,10,10,0) [ 9.8118 ]
1690:(47,2,2,40,10,10,0) [ 9.0806 ]
1691:(47,2,1,40,10,10,0) [ 8.630600000000001 ]
1692:(47,2,2,41,9,9,0) [ 9.002600000000001 ]
1693:(46,2,3,41,9,9,0) [ 9.3792 ]
1694:(47,2,3,42,8,8,0) [ 9.396600000000001 ]
1695:(46,2,4,42,8,8,0) [ 9.784200000000002 ]
1696:(48,2,3,43,7,7,0) [ 9.413999999999998 ]
1697:(49,2,2,43,7,7,0) [ 9.0154 ]
1698:(49,2,3,44,6,6,0) [ 9.4314 ]
1699:(50,2,2,44,6,6,0) [ 9.021799999999999 ]
1700:(50,2,1,44,6,6,0) [ 8.5278 ]
1701:(51,2,0,44,6,6,0) [ 8.118200000000002 ]
1702:(51,2,1,45,5,5,0) [ 8.523200000000001 ]
1703:(50,2,2,45,5,5,0) [ 8.9438 ]
1704:(51,2,2,46,4,4,0) [ 8.9502 ]
1705:(50,2,3,46,4,4,0) [ 9.3818 ]
1706:(51,2,1,46,4,4,0) [ 8.434200000000002 ]
1707:(51,2,2,47,3,3,0) [ 8.872200000000001 ]
1708:(50,2,3,47,3,3,0) [ 9.314800000000002 ]
1709:(52,2,1,47,3,3,0) [ 8.4296 ]
1710:(52,2,2,48,2,2,0) [ 8.878599999999999 ]
1711:(51,2,3,48,2,2,0) [ 9.3322 ]
1712:(52,2,3,49,1,1,0) [ 9.3496 ]
1713:(51,2,4,49,1,1,0) [ 9.814200000000001 ]
1714:(52,2,2,49,1,1,0) [ 8.800600000000001 ]
1715:(52,2,1,49,1,1,0) [ 8.2516 ]
1716:(53,2,0,49,1,1,0) [ 7.787 ]
1717:(53,2,1,50,0,0,0) [ 8.247 ]
1718:(52,2,2,50,0,0,0) [ 8.7226 ]
1719:(54,2,0,50,0,0,0) [ 7.771400000000001 ]
1720:(25,2,2,0,50,50,0) [ 10.3438 TARGET ]
1721:(25,2,3,1,49,49,0) [ 10.2868 ]
1722:(26,2,3,2,48,48,0) [ 10.304200000000002 ]
1723:(25,2,4,2,48,48,0) [ 10.251800000000001 ]
1724:(26,2,4,3,47,47,0) [ 10.2802 ]
1725:(25,2,5,3,47,47,0) [ 10.238800000000001 ]
1726:(26,2,5,4,46,46,0) [ 10.278200000000002 ]
1727:(25,2,6,4,46,46,0) [ 10.247800000000002 ]
1728:(26,2,6,5,45,45,0) [ 10.298200000000001 ]
1729:(25,2,7,5,45,45,0) [ 10.2788 ]
1730:(26,2,7,6,44,44,0) [ 10.3402 ]
1731:(25,2,8,6,44,44,0) [ 10.331800000000001 ]
1732:(26,2,6,6,44,44,0) [ 10.2642 ]
1733:(26,2,7,7,43,43,0) [ 10.3172 ]
1734:(25,2,8,7,43,43,0) [ 10.3198 ]
1735:(26,2,6,7,43,43,0) [ 10.2302 ]
1736:(26,2,7,8,42,42,0) [ 10.2942 ]
1737:(25,2,8,8,42,42,0) [ 10.3078 ]
1738:(27,2,6,8,42,42,0) [ 10.2806 ]
1739:(27,2,5,8,42,42,0) [ 10.1826 ]
1740:(28,2,4,8,42,42,0) [ 10.169 ]
1741:(28,2,5,9,41,41,0) [ 10.222000000000001 ]
1742:(27,2,6,9,41,41,0) [ 10.2466 ]
1743:(28,2,6,10,40,40,0) [ 10.297 ]
1744:(27,2,7,10,40,40,0) [ 10.3326 ]
1745:(28,2,7,11,39,39,0) [ 10.394 ]
1746:(27,2,8,11,39,39,0) [ 10.4406 ]
1747:(29,2,6,11,39,39,0) [ 10.3474 ]
1748:(29,2,5,11,39,39,0) [ 10.2164 ]
1749:(29,2,6,12,38,38,0) [ 10.3134 ]
1750:(28,2,7,12,38,38,0) [ 10.371 ]
1751:(29,2,5,12,38,38,0) [ 10.1714 ]
1752:(30,2,4,12,38,38,0) [ 10.113800000000001 ]
1753:(30,2,5,13,37,37,0) [ 10.210799999999999 ]
1754:(29,2,6,13,37,37,0) [ 10.279399999999999 ]
1755:(30,2,6,14,36,36,0) [ 10.3298 ]
1756:(29,2,7,14,36,36,0) [ 10.4094 ]
1757:(30,2,7,15,35,35,0) [ 10.4708 ]
1758:(29,2,8,15,35,35,0) [ 10.561399999999999 ]
1759:(31,2,6,15,35,35,0) [ 10.3802 ]
1760:(32,2,5,15,35,35,0) [ 10.2896 ]
1761:(32,2,4,15,35,35,0) [ 10.1146 ]
1762:(32,2,5,16,34,34,0) [ 10.2446 ]
1763:(31,2,6,16,34,34,0) [ 10.3462 ]
1764:(32,2,4,16,34,34,0) [ 10.0586 ]
1765:(32,2,5,17,33,33,0) [ 10.1996 ]
1766:(31,2,6,17,33,33,0) [ 10.3122 ]
1767:(33,2,4,17,33,33,0) [ 10.087 ]
1768:(33,2,5,18,32,32,0) [ 10.239 ]
1769:(32,2,6,18,32,32,0) [ 10.3626 ]
1770:(33,2,6,19,31,31,0) [ 10.413 ]
1771:(32,2,7,19,31,31,0) [ 10.547600000000001 ]
1772:(33,2,7,20,30,30,0) [ 10.609 ]
1773:(32,2,8,20,30,30,0) [ 10.7546 ]
1774:(34,2,6,20,30,30,0) [ 10.4634 ]
1775:(34,2,7,21,29,29,0) [ 10.6704 ]
1776:(33,2,8,21,29,29,0) [ 10.827000000000002 ]
1777:(34,2,8,22,28,28,0) [ 10.8994 ]
1778:(33,2,9,22,28,28,0) [ 11.067 ]
1779:(34,2,7,22,28,28,0) [ 10.6474 ]
1780:(35,2,6,22,28,28,0) [ 10.479800000000001 ]
1781:(35,2,7,23,27,27,0) [ 10.7088 ]
1782:(34,2,8,23,27,27,0) [ 10.8874 ]
1783:(36,2,6,23,27,27,0) [ 10.5302 ]
1784:(36,2,5,23,27,27,0) [ 10.267199999999999 ]
1785:(36,2,6,24,26,26,0) [ 10.4962 ]
1786:(35,2,7,24,26,26,0) [ 10.685799999999999 ]
1787:(38,2,3,24,26,26,0) [ 9.843 ]
1788:(38,2,4,25,25,25,0) [ 10.061 ]
1789:(37,2,5,25,25,25,0) [ 10.2616 ]
1790:(38,2,5,26,24,24,0) [ 10.301 ]
1791:(37,2,6,26,24,24,0) [ 10.5126 ]
1792:(38,2,6,27,23,23,0) [ 10.563000000000002 ]
1793:(37,2,7,27,23,23,0) [ 10.785600000000002 ]
1794:(38,2,7,28,22,22,0) [ 10.847000000000001 ]
1795:(37,2,8,28,22,22,0) [ 11.0806 ]
1796:(39,2,6,28,22,22,0) [ 10.613399999999999 ]
1797:(39,2,5,28,22,22,0) [ 10.2954 ]
1798:(39,2,6,29,21,21,0) [ 10.579400000000001 ]
1799:(38,2,7,29,21,21,0) [ 10.824 ]
1800:(40,2,5,29,21,21,0) [ 10.3348 ]
1801:(41,2,4,31,19,19,0) [ 9.9782 ]
1802:(42,2,4,32,18,18,0) [ 10.0066 ]
1803:(42,2,5,33,17,17,0) [ 10.323599999999999 ]
1804:(41,2,6,33,17,17,0) [ 10.612200000000001 ]
1805:(43,2,4,33,17,17,0) [ 10.035 ]
1806:(44,2,2,33,17,17,0) [ 9.3734 ]
1807:(45,2,1,33,17,17,0) [ 9.0848 ]
1808:(45,2,0,33,17,17,0) [ 8.7118 ]
1809:(45,2,1,34,16,16,0) [ 8.9958 ]
1810:(44,2,2,34,16,16,0) [ 9.2954 ]
1811:(45,2,2,35,15,15,0) [ 9.3018 ]
1812:(45,2,3,36,14,14,0) [ 9.629800000000001 ]
1813:(46,2,2,36,14,14,0) [ 9.308200000000001 ]
1814:(46,2,3,37,13,13,0) [ 9.647200000000002 ]
1815:(47,2,2,37,13,13,0) [ 9.314600000000002 ]
1816:(47,2,1,37,13,13,0) [ 8.8976 ]
1817:(47,2,2,38,12,12,0) [ 9.2366 ]
1818:(46,2,3,38,12,12,0) [ 9.580200000000001 ]
1819:(47,2,3,39,11,11,0) [ 9.5976 ]
1820:(46,2,4,39,11,11,0) [ 9.9522 ]
1821:(47,2,2,39,11,11,0) [ 9.1586 ]
1822:(47,2,3,40,10,10,0) [ 9.5306 ]
1823:(46,2,4,40,10,10,0) [ 9.8962 ]
1824:(48,2,2,40,10,10,0) [ 9.165 ]
1825:(48,2,1,40,10,10,0) [ 8.715 ]
1826:(48,2,2,41,9,9,0) [ 9.087 ]
1827:(47,2,3,41,9,9,0) [ 9.463600000000001 ]
1828:(48,2,3,42,8,8,0) [ 9.481000000000002 ]
1829:(47,2,4,42,8,8,0) [ 9.8686 ]
1830:(48,2,4,43,7,7,0) [ 9.896999999999998 ]
1831:(47,2,5,43,7,7,0) [ 10.2956 ]
1832:(49,2,3,43,7,7,0) [ 9.4984 ]
1833:(50,2,2,43,7,7,0) [ 9.099799999999998 ]
1834:(50,2,3,44,6,6,0) [ 9.5158 ]
1835:(49,2,4,44,6,6,0) [ 9.9254 ]
1836:(51,2,2,44,6,6,0) [ 9.1062 ]
1837:(51,2,1,44,6,6,0) [ 8.6122 ]
1838:(52,2,0,44,6,6,0) [ 8.2026 ]
1839:(52,2,1,45,5,5,0) [ 8.607600000000001 ]
1840:(51,2,2,45,5,5,0) [ 9.028200000000002 ]
1841:(52,2,2,46,4,4,0) [ 9.0346 ]
1842:(51,2,3,46,4,4,0) [ 9.466200000000002 ]
1843:(52,2,1,46,4,4,0) [ 8.518600000000001 ]
1844:(52,2,2,47,3,3,0) [ 8.956600000000002 ]
1845:(51,2,3,47,3,3,0) [ 9.399200000000002 ]
1846:(53,2,1,47,3,3,0) [ 8.514000000000001 ]
1847:(53,2,2,48,2,2,0) [ 8.963 ]
1848:(52,2,3,48,2,2,0) [ 9.416599999999999 ]
1849:(53,2,3,49,1,1,0) [ 9.434 ]
1850:(52,2,4,49,1,1,0) [ 9.8986 ]
1851:(53,2,2,49,1,1,0) [ 8.885 ]
1852:(53,2,1,49,1,1,0) [ 8.336 ]
1853:(54,2,0,49,1,1,0) [ 7.8714 ]
1854:(54,2,1,50,0,0,0) [ 8.3314 ]
1855:(53,2,2,50,0,0,0) [ 8.806999999999999 ]
1856:(55,2,0,50,0,0,0) [ 7.8558 ]
1857:(23,2,3,0,50,50,0) [ 10.185 TARGET ]
1858:(23,2,4,1,49,49,0) [ 10.139 ]
1859:(23,2,5,2,48,48,0) [ 10.115 ]
1860:(23,2,6,3,47,47,0) [ 10.113 ]
1861:(23,2,7,4,46,46,0) [ 10.133 ]
1862:(23,2,8,5,45,45,0) [ 10.175 ]
1863:(23,2,9,6,44,44,0) [ 10.239 ]
1864:(23,2,9,7,43,43,0) [ 10.238 ]
1865:(23,2,9,8,42,42,0) [ 10.237 ]
1866:(25,2,7,9,41,41,0) [ 10.186800000000002 ]
1867:(25,2,8,10,40,40,0) [ 10.2838 ]
1868:(25,2,9,11,39,39,0) [ 10.4028 ]
1869:(26,2,8,12,38,38,0) [ 10.3442 ]
1870:(27,2,7,13,37,37,0) [ 10.2636 ]
1871:(27,2,8,14,36,36,0) [ 10.4046 ]
1872:(27,2,9,15,35,35,0) [ 10.5676 ]
1873:(29,2,7,16,34,34,0) [ 10.3634 ]
1874:(29,2,7,17,33,33,0) [ 10.3404 ]
1875:(30,2,7,18,32,32,0) [ 10.4018 ]
1876:(30,2,8,19,31,31,0) [ 10.5978 ]
1877:(30,2,9,20,30,30,0) [ 10.8158 ]
1878:(31,2,9,21,29,29,0) [ 10.8992 ]
1879:(31,2,10,22,28,28,0) [ 11.150200000000002 ]
1880:(32,2,9,23,27,27,0) [ 10.9816 ]
1881:(33,2,8,24,26,26,0) [ 10.790999999999999 ]
1882:(35,2,6,25,25,25,0) [ 10.3778 ]
1883:(35,2,7,26,24,24,0) [ 10.6398 ]
1884:(35,2,8,27,23,23,0) [ 10.9238 ]
1885:(35,2,9,28,22,22,0) [ 11.229800000000001 ]
1886:(36,2,8,29,21,21,0) [ 10.9842 ]
1887:(37,2,7,30,20,20,0) [ 10.7166 ]
1888:(37,2,8,31,19,19,0) [ 11.0446 ]
1889:(39,2,7,33,17,17,0) [ 10.816399999999998 ]
1890:(44,2,5,40,10,10,0) [ 10.177399999999999 ]
1891:(45,2,4,41,9,9,0) [ 9.755799999999999 ]
1892:(49,2,3,45,5,5,0) [ 9.3644 ]
1893:(49,2,4,46,4,4,0) [ 9.8134 ]
1894:(50,2,4,48,2,2,0) [ 9.785799999999998 ]
1895:(50,2,5,49,1,1,0) [ 10.278799999999999 ]
1896:(51,2,3,50,0,0,0) [ 9.198200000000002 ]
1897:(24,2,3,0,50,50,0) [ 10.2694 TARGET ]
1898:(24,2,4,1,49,49,0) [ 10.2234 ]
1899:(24,2,5,2,48,48,0) [ 10.1994 ]
1900:(24,2,6,3,47,47,0) [ 10.1974 ]
1901:(24,2,7,4,46,46,0) [ 10.217400000000001 ]
1902:(24,2,8,5,45,45,0) [ 10.2594 ]
1903:(24,2,9,6,44,44,0) [ 10.3234 ]
1904:(24,2,9,7,43,43,0) [ 10.322399999999998 ]
1905:(24,2,9,8,42,42,0) [ 10.3214 ]
1906:(26,2,7,9,41,41,0) [ 10.2712 ]
1907:(26,2,8,10,40,40,0) [ 10.3682 ]
1908:(26,2,9,11,39,39,0) [ 10.487200000000001 ]
1909:(27,2,8,12,38,38,0) [ 10.428600000000001 ]
1910:(28,2,7,13,37,37,0) [ 10.347999999999999 ]
1911:(28,2,8,14,36,36,0) [ 10.489 ]
1912:(28,2,9,15,35,35,0) [ 10.652000000000001 ]
1913:(30,2,7,16,34,34,0) [ 10.4478 ]
1914:(30,2,7,17,33,33,0) [ 10.4248 ]
1915:(31,2,7,18,32,32,0) [ 10.4862 ]
1916:(31,2,8,19,31,31,0) [ 10.6822 ]
1917:(31,2,9,20,30,30,0) [ 10.9002 ]
1918:(32,2,9,21,29,29,0) [ 10.983600000000001 ]
1919:(32,2,10,22,28,28,0) [ 11.2346 ]
1920:(33,2,9,23,27,27,0) [ 11.065999999999999 ]
1921:(34,2,8,24,26,26,0) [ 10.8754 ]
1922:(36,2,6,25,25,25,0) [ 10.4622 ]
1923:(36,2,7,26,24,24,0) [ 10.724200000000002 ]
1924:(36,2,8,27,23,23,0) [ 11.008200000000002 ]
1925:(36,2,9,28,22,22,0) [ 11.3142 ]
1926:(37,2,8,29,21,21,0) [ 11.0686 ]
1927:(38,2,7,30,20,20,0) [ 10.801 ]
1928:(38,2,8,31,19,19,0) [ 11.129 ]
1929:(40,2,7,33,17,17,0) [ 10.9008 ]
1930:(45,2,5,40,10,10,0) [ 10.261800000000001 ]
1931:(46,2,4,41,9,9,0) [ 9.840200000000001 ]
1932:(48,2,5,44,6,6,0) [ 10.334999999999999 ]
1933:(50,2,3,45,5,5,0) [ 9.4488 ]
1934:(50,2,4,46,4,4,0) [ 9.8978 ]
1935:(50,2,4,47,3,3,0) [ 9.8418 ]
1936:(51,2,4,48,2,2,0) [ 9.8702 ]
1937:(51,2,5,49,1,1,0) [ 10.3632 ]
1938:(52,2,3,50,0,0,0) [ 9.282600000000002 ]
1939:(52,2,1,48,2,2,0) [ 8.340599999999998 ]
1940:(50,2,5,48,2,2,0) [ 10.323799999999999 ]
1941:(49,2,4,45,5,5,0) [ 9.869399999999999 ]
1942:(49,2,5,45,5,5,0) [ 10.3744 ]
1943:(47,2,6,43,7,7,0) [ 10.7786 ]
1944:(47,2,5,42,8,8,0) [ 10.340600000000002 ]
1945:(46,2,6,42,8,8,0) [ 10.728200000000001 ]
1946:(46,2,7,42,8,8,0) [ 11.200200000000002 ]
1947:(46,2,6,41,9,9,0) [ 10.762200000000002 ]
1948:(46,2,7,41,9,9,0) [ 11.2232 ]
1949:(46,2,6,40,10,10,0) [ 10.7962 ]
1950:(46,2,5,39,11,11,0) [ 10.3912 ]
1951:(46,2,4,38,12,12,0) [ 10.008199999999999 ]
1952:(46,2,4,37,13,13,0) [ 10.064200000000001 ]
1953:(45,2,5,37,13,13,0) [ 10.396799999999999 ]
1954:(45,2,4,36,14,14,0) [ 10.0358 ]
1955:(45,2,3,35,15,15,0) [ 9.6968 ]
1956:(44,2,4,35,15,15,0) [ 10.0074 ]
1957:(44,2,3,34,16,16,0) [ 9.6794 ]
1958:(44,2,4,34,16,16,0) [ 10.0634 ]
1959:(44,2,3,33,17,17,0) [ 9.746399999999998 ]
1960:(42,2,5,32,18,18,0) [ 10.3686 ]
1961:(41,2,6,32,18,18,0) [ 10.6462 ]
1962:(41,2,5,31,19,19,0) [ 10.3292 ]
1963:(41,2,6,31,19,19,0) [ 10.680200000000001 ]
1964:(41,2,5,30,20,20,0) [ 10.3742 ]
1965:(41,2,4,29,21,21,0) [ 10.090200000000001 ]
1966:(41,2,3,28,22,22,0) [ 9.8282 ]
1967:(40,2,4,28,22,22,0) [ 10.061800000000002 ]
1968:(40,2,3,27,23,23,0) [ 9.8108 ]
1969:(40,2,2,26,24,24,0) [ 9.581800000000001 ]
1970:(40,2,3,26,24,24,0) [ 9.8778 ]
1971:(40,2,2,25,25,25,0) [ 9.6598 ]
1972:(40,2,1,24,26,26,0) [ 9.4638 ]
1973:(39,2,2,24,26,26,0) [ 9.6534 ]
1974:(38,2,4,24,26,26,0) [ 10.117 ]
1975:(38,2,3,23,27,27,0) [ 9.91 ]
1976:(37,2,4,23,27,27,0) [ 10.0886 ]
1977:(37,2,3,22,28,28,0) [ 9.8926 ]
1978:(37,2,4,22,28,28,0) [ 10.1446 ]
1979:(36,2,5,22,28,28,0) [ 10.3122 ]
1980:(36,2,4,21,29,29,0) [ 10.1162 ]
1981:(35,2,5,21,29,29,0) [ 10.2728 ]
1982:(35,2,4,20,30,30,0) [ 10.0878 ]
1983:(35,2,3,19,31,31,0) [ 9.9248 ]
1984:(35,2,2,18,32,32,0) [ 9.7838 ]
1985:(34,2,3,18,32,32,0) [ 9.907399999999999 ]
1986:(34,2,4,18,32,32,0) [ 10.115400000000001 ]
1987:(34,2,3,17,33,33,0) [ 9.974400000000001 ]
1988:(34,2,2,16,34,34,0) [ 9.8554 ]
1989:(34,2,1,15,35,35,0) [ 9.7584 ]
1990:(34,2,2,15,35,35,0) [ 9.9334 ]
1991:(34,2,1,14,36,36,0) [ 9.8474 ]
1992:(34,2,0,13,37,37,0) [ 9.7834 ]
1993:(34,2,1,13,37,37,0) [ 9.936399999999999 ]
1994:(33,2,2,13,37,37,0) [ 10.004999999999999 ]
1995:(33,2,1,12,38,38,0) [ 9.941 ]
1996:(33,2,2,12,38,38,0) [ 10.083 ]
1997:(33,2,1,11,39,39,0) [ 10.030000000000001 ]
1998:(33,2,0,10,40,40,0) [ 9.999 ]
1999:(32,2,1,10,40,40,0) [ 10.0346 ]
2000:(32,2,0,9,41,41,0) [ 10.014600000000002 ]
2001:(31,2,1,9,41,41,0) [ 10.039200000000001 ]
2002:(31,2,2,9,41,41,0) [ 10.1482 ]
2003:(31,2,1,8,42,42,0) [ 10.1282 ]
2004:(31,2,2,8,42,42,0) [ 10.2262 ]
2005:(31,2,1,7,43,43,0) [ 10.217199999999998 ]
2006:(30,2,2,7,43,43,0) [ 10.2198 ]
2007:(30,2,3,7,43,43,0) [ 10.306799999999999 ]
2008:(30,2,2,6,44,44,0) [ 10.2978 ]
2009:(30,2,1,5,45,45,0) [ 10.3108 ]
2010:(30,2,2,5,45,45,0) [ 10.3758 ]
2011:(30,2,1,4,46,46,0) [ 10.399799999999999 ]
2012:(30,2,0,3,47,47,0) [ 10.4458 ]
2013:(30,2,1,3,47,47,0) [ 10.488800000000001 ]
2014:(30,2,0,2,48,48,0) [ 10.5458 ]
2015:(29,2,1,2,48,48,0) [ 10.493400000000001 ]
2016:(29,2,0,1,49,49,0) [ 10.5614 ]
2017:(29,2,1,1,49,49,0) [ 10.5824 ]
2018:(29,2,0,0,50,50,0) [ 10.6614 TARGET ]
2019:(30,2,0,0,50,50,0) [ 10.7458 TARGET ]
2020:(28,2,1,0,50,50,0) [ 10.587 TARGET ]
2021:(29,2,1,0,50,50,0) [ 10.6714 TARGET ]
2022:(30,2,1,1,49,49,0) [ 10.6668 ]
2023:(28,2,2,1,49,49,0) [ 10.519 ]
2024:(29,2,2,1,49,49,0) [ 10.6034 ]
2025:(30,2,0,1,49,49,0) [ 10.645800000000001 ]
2026:(30,2,1,2,48,48,0) [ 10.5778 ]
2027:(28,2,2,2,48,48,0) [ 10.441 ]
2028:(29,2,2,2,48,48,0) [ 10.525400000000001 ]
2029:(31,2,0,2,48,48,0) [ 10.6302 ]
2030:(31,2,1,3,47,47,0) [ 10.5732 ]
2031:(29,2,2,3,47,47,0) [ 10.4474 ]
2032:(30,2,2,3,47,47,0) [ 10.5318 ]
2033:(31,2,0,3,47,47,0) [ 10.5302 ]
2034:(31,2,1,4,46,46,0) [ 10.484200000000001 ]
2035:(29,2,2,4,46,46,0) [ 10.3694 ]
2036:(30,2,2,4,46,46,0) [ 10.453800000000001 ]
2037:(31,2,2,5,45,45,0) [ 10.4602 ]
2038:(29,2,3,5,45,45,0) [ 10.3564 ]
2039:(30,2,3,5,45,45,0) [ 10.4408 ]
2040:(31,2,1,5,45,45,0) [ 10.395199999999999 ]
2041:(31,2,2,6,44,44,0) [ 10.382200000000001 ]
2042:(29,2,3,6,44,44,0) [ 10.2894 ]
2043:(30,2,3,6,44,44,0) [ 10.3738 ]
2044:(31,2,3,7,43,43,0) [ 10.3912 ]
2045:(29,2,4,7,43,43,0) [ 10.3094 ]
2046:(30,2,4,7,43,43,0) [ 10.393799999999999 ]
2047:(31,2,2,7,43,43,0) [ 10.3042 ]
2048:(32,2,1,7,43,43,0) [ 10.3016 ]
2049:(32,2,2,8,42,42,0) [ 10.3106 ]
2050:(30,2,3,8,42,42,0) [ 10.239799999999999 ]
2051:(31,2,3,8,42,42,0) [ 10.324200000000001 ]
2052:(32,2,1,8,42,42,0) [ 10.2126 ]
2053:(32,2,2,9,41,41,0) [ 10.232600000000001 ]
2054:(30,2,3,9,41,41,0) [ 10.1728 ]
2055:(31,2,3,9,41,41,0) [ 10.257200000000001 ]
2056:(32,2,1,9,41,41,0) [ 10.1236 ]
2057:(33,2,0,9,41,41,0) [ 10.099 ]
2058:(33,2,1,10,40,40,0) [ 10.119 ]
2059:(31,2,2,10,40,40,0) [ 10.0702 ]
2060:(32,2,2,10,40,40,0) [ 10.1546 ]
2061:(34,2,0,10,40,40,0) [ 10.083400000000001 ]
2062:(34,2,1,11,39,39,0) [ 10.1144 ]
2063:(32,2,2,11,39,39,0) [ 10.076600000000001 ]
2064:(33,2,2,11,39,39,0) [ 10.161000000000001 ]
2065:(34,2,2,12,38,38,0) [ 10.1674 ]
2066:(32,2,3,12,38,38,0) [ 10.140600000000001 ]
2067:(33,2,3,12,38,38,0) [ 10.225 ]
2068:(34,2,1,12,38,38,0) [ 10.025400000000001 ]
2069:(34,2,2,13,37,37,0) [ 10.089400000000001 ]
2070:(32,2,3,13,37,37,0) [ 10.073599999999999 ]
2071:(33,2,3,13,37,37,0) [ 10.158000000000001 ]
2072:(35,2,1,13,37,37,0) [ 10.020800000000001 ]
2073:(35,2,0,13,37,37,0) [ 9.867799999999999 ]
2074:(35,2,1,14,36,36,0) [ 9.931799999999999 ]
2075:(33,2,2,14,36,36,0) [ 9.927 ]
2076:(34,2,2,14,36,36,0) [ 10.0114 ]
2077:(35,2,2,15,35,35,0) [ 10.017800000000001 ]
2078:(33,2,3,15,35,35,0) [ 10.024000000000001 ]
2079:(34,2,3,15,35,35,0) [ 10.1084 ]
2080:(35,2,1,15,35,35,0) [ 9.8428 ]
2081:(35,2,2,16,34,34,0) [ 9.9398 ]
2082:(33,2,3,16,34,34,0) [ 9.957 ]
2083:(34,2,3,16,34,34,0) [ 10.0414 ]
2084:(35,2,3,17,33,33,0) [ 10.0588 ]
2085:(34,2,4,17,33,33,0) [ 10.1714 ]
2086:(35,2,4,18,32,32,0) [ 10.1998 ]
2087:(34,2,5,18,32,32,0) [ 10.3234 ]
2088:(35,2,3,18,32,32,0) [ 9.991800000000001 ]
2089:(36,2,2,18,32,32,0) [ 9.868200000000002 ]
2090:(36,2,3,19,31,31,0) [ 10.0092 ]
2091:(34,2,4,19,31,31,0) [ 10.0594 ]
2092:(35,2,4,19,31,31,0) [ 10.1438 ]
2093:(36,2,4,20,30,30,0) [ 10.1722 ]
2094:(34,2,5,20,30,30,0) [ 10.2334 ]
2095:(35,2,5,20,30,30,0) [ 10.3178 ]
2096:(36,2,5,21,29,29,0) [ 10.357199999999999 ]
2097:(34,2,6,21,29,29,0) [ 10.429400000000001 ]
2098:(35,2,6,21,29,29,0) [ 10.5138 ]
2099:(37,2,4,21,29,29,0) [ 10.200600000000001 ]
2100:(37,2,5,22,28,28,0) [ 10.3966 ]
2101:(36,2,6,22,28,28,0) [ 10.5642 ]
2102:(38,2,4,22,28,28,0) [ 10.229000000000001 ]
2103:(38,2,3,22,28,28,0) [ 9.977 ]
2104:(38,2,4,23,27,27,0) [ 10.173 ]
2105:(37,2,5,23,27,27,0) [ 10.351600000000001 ]
2106:(39,2,3,23,27,27,0) [ 9.9944 ]
2107:(39,2,4,24,26,26,0) [ 10.201400000000001 ]
2108:(37,2,5,24,26,26,0) [ 10.3066 ]
2109:(38,2,5,24,26,26,0) [ 10.391 ]
2110:(39,2,3,24,26,26,0) [ 9.9274 ]
2111:(40,2,2,24,26,26,0) [ 9.7378 ]
2112:(41,2,1,24,26,26,0) [ 9.5482 ]
2113:(41,2,2,25,25,25,0) [ 9.7442 ]
2114:(39,2,3,25,25,25,0) [ 9.8604 ]
2115:(40,2,3,25,25,25,0) [ 9.9448 ]
2116:(41,2,3,26,24,24,0) [ 9.9622 ]
2117:(39,2,4,26,24,24,0) [ 10.089400000000001 ]
2118:(40,2,4,26,24,24,0) [ 10.1738 ]
2119:(41,2,2,26,24,24,0) [ 9.6662 ]
2120:(41,2,3,27,23,23,0) [ 9.8952 ]
2121:(39,2,4,27,23,23,0) [ 10.0334 ]
2122:(40,2,4,27,23,23,0) [ 10.1178 ]
2123:(41,2,4,28,22,22,0) [ 10.1462 ]
2124:(40,2,5,28,22,22,0) [ 10.3798 ]
2125:(42,2,3,28,22,22,0) [ 9.912600000000001 ]
2126:(42,2,4,29,21,21,0) [ 10.1746 ]
2127:(41,2,5,29,21,21,0) [ 10.419199999999998 ]
2128:(42,2,5,30,20,20,0) [ 10.4586 ]
2129:(40,2,6,30,20,20,0) [ 10.6298 ]
2130:(41,2,6,30,20,20,0) [ 10.714200000000002 ]
2131:(42,2,6,31,19,19,0) [ 10.7646 ]
2132:(40,2,7,31,19,19,0) [ 10.946800000000001 ]
2133:(41,2,7,31,19,19,0) [ 11.0312 ]
2134:(42,2,5,31,19,19,0) [ 10.4136 ]
2135:(42,2,6,32,18,18,0) [ 10.7306 ]
2136:(40,2,7,32,18,18,0) [ 10.9238 ]
2137:(41,2,7,32,18,18,0) [ 11.008200000000002 ]
2138:(43,2,5,32,18,18,0) [ 10.453 ]
2139:(43,2,4,32,18,18,0) [ 10.091000000000001 ]
2140:(43,2,5,33,17,17,0) [ 10.407999999999998 ]
2141:(42,2,6,33,17,17,0) [ 10.6966 ]
2142:(44,2,4,33,17,17,0) [ 10.119399999999999 ]
2143:(45,2,3,33,17,17,0) [ 9.8308 ]
2144:(45,2,4,34,16,16,0) [ 10.147799999999998 ]
2145:(43,2,5,34,16,16,0) [ 10.362999999999998 ]
2146:(44,2,5,34,16,16,0) [ 10.4474 ]
2147:(45,2,3,34,16,16,0) [ 9.7638 ]
2148:(45,2,4,35,15,15,0) [ 10.0918 ]
2149:(43,2,5,35,15,15,0) [ 10.318 ]
2150:(44,2,5,35,15,15,0) [ 10.4024 ]
2151:(46,2,3,35,15,15,0) [ 9.7812 ]
2152:(46,2,4,36,14,14,0) [ 10.1202 ]
2153:(44,2,5,36,14,14,0) [ 10.3574 ]
2154:(45,2,5,36,14,14,0) [ 10.441799999999999 ]
2155:(46,2,5,37,13,13,0) [ 10.481200000000001 ]
2156:(44,2,6,37,13,13,0) [ 10.729400000000002 ]
2157:(45,2,6,37,13,13,0) [ 10.8138 ]
2158:(47,2,4,37,13,13,0) [ 10.148600000000002 ]
2159:(47,2,3,37,13,13,0) [ 9.7316 ]
2160:(47,2,4,38,12,12,0) [ 10.092600000000001 ]
2161:(45,2,5,38,12,12,0) [ 10.3518 ]
2162:(46,2,5,38,12,12,0) [ 10.4362 ]
2163:(47,2,5,39,11,11,0) [ 10.4756 ]
2164:(45,2,6,39,11,11,0) [ 10.745800000000001 ]
2165:(46,2,6,39,11,11,0) [ 10.8302 ]
2166:(47,2,6,40,10,10,0) [ 10.880600000000001 ]
2167:(45,2,7,40,10,10,0) [ 11.1618 ]
2168:(46,2,7,40,10,10,0) [ 11.246200000000002 ]
2169:(47,2,7,41,9,9,0) [ 11.3076 ]
2170:(45,2,8,41,9,9,0) [ 11.5998 ]
2171:(46,2,8,41,9,9,0) [ 11.6842 ]
2172:(47,2,6,41,9,9,0) [ 10.8466 ]
2173:(47,2,7,42,8,8,0) [ 11.284600000000001 ]
2174:(45,2,8,42,8,8,0) [ 11.587800000000001 ]
2175:(46,2,8,42,8,8,0) [ 11.6722 ]
2176:(47,2,6,42,8,8,0) [ 10.812600000000002 ]
2177:(48,2,5,42,8,8,0) [ 10.425 ]
2178:(48,2,6,43,7,7,0) [ 10.863 ]
2179:(46,2,7,43,7,7,0) [ 11.1772 ]
2180:(47,2,7,43,7,7,0) [ 11.2616 ]
2181:(48,2,5,43,7,7,0) [ 10.379999999999999 ]
2182:(49,2,4,43,7,7,0) [ 9.9814 ]
2183:(49,2,5,44,6,6,0) [ 10.4194 ]
2184:(47,2,6,44,6,6,0) [ 10.7446 ]
2185:(48,2,6,44,6,6,0) [ 10.828999999999999 ]
2186:(50,2,4,44,6,6,0) [ 10.0098 ]
2187:(50,2,5,45,5,5,0) [ 10.4588 ]
2188:(48,2,6,45,5,5,0) [ 10.794999999999998 ]
2189:(49,2,6,45,5,5,0) [ 10.8794 ]
2190:(50,2,4,45,5,5,0) [ 9.953800000000001 ]
2191:(51,2,4,47,3,3,0) [ 9.926200000000001 ]
2192:(49,2,5,47,3,3,0) [ 10.284400000000002 ]
2193:(50,2,5,47,3,3,0) [ 10.3688 ]
2194:(51,2,5,48,2,2,0) [ 10.4082 ]
2195:(49,2,6,48,2,2,0) [ 10.7774 ]
2196:(50,2,6,48,2,2,0) [ 10.861799999999999 ]
2197:(53,2,1,48,2,2,0) [ 8.425 ]
2198:(-1,-1,-1,-1,-1,-1,-1) [ 0.0 ]