(R_,L,RL,G_,G_a,G_bg,G_d)
0:(50,2,0,50,0,0,0) [ 7.4338 ]
1:(49,2,1,50,0,0,0) [ 7.9094 ]
2:(49,2,0,49,1,1,0) [ 7.4494 ]
3:(48,2,0,49,1,1,0) [ 7.364999999999999 ]
4:(48,2,0,49,0,1,1) [ 1057.265 ]
5:(49,2,0,49,0,1,1) [ 1057.3494 ]
6:(48,2,1,49,0,1,1) [ 1057.814 ]
7:(49,2,1,49,0,1,1) [ 1057.8984 ]
8:(49,2,0,48,1,2,1) [ 2107.4494 ]
9:(48,2,1,48,1,2,1) [ 2107.903 ]
10:(48,2,0,47,2,3,1) [ 3157.4649999999997 ]
11:(48,2,1,47,2,3,1) [ 3157.9919999999997 ]
12:(48,2,0,46,3,4,1) [ 4207.5650000000005 ]
13:(48,2,1,46,3,4,1) [ 4208.081 ]
14:(48,2,0,45,4,5,1) [ 5257.665 ]
15:(48,2,1,45,4,5,1) [ 5258.17 ]
16:(48,2,0,44,5,6,1) [ 6307.765 ]
17:(48,2,1,44,5,6,1) [ 6308.259 ]
18:(48,2,2,44,5,6,1) [ 6308.753 ]
19:(48,2,1,43,6,7,1) [ 7358.348 ]
20:(47,2,2,43,6,7,1) [ 7358.7466 ]
21:(47,2,3,43,6,7,1) [ 7359.229600000001 ]
22:(47,2,2,42,7,8,1) [ 8408.8246 ]
23:(47,2,1,41,8,9,1) [ 9458.4416 ]
24:(46,2,2,41,8,9,1) [ 9458.8182 ]
25:(46,2,3,41,8,9,1) [ 9459.279199999999 ]
26:(46,2,2,40,9,10,1) [ 10508.8962 ]
27:(46,2,1,39,10,11,1) [ 11558.5352 ]
28:(46,2,0,38,11,12,1) [ 12608.1962 ]
29:(45,2,1,38,11,12,1) [ 12608.5398 ]
30:(45,2,2,38,11,12,1) [ 12608.9678 ]
31:(45,2,1,37,12,13,1) [ 13658.6288 ]
32:(45,2,0,36,13,14,1) [ 14708.3118 ]
33:(45,2,0,37,13,13,0) [ 8.3118 ]
34:(44,2,1,37,13,13,0) [ 8.6444 ]
35:(44,2,2,37,13,13,0) [ 9.0614 ]
36:(44,2,1,36,14,14,0) [ 8.7334 ]
37:(44,2,0,35,15,15,0) [ 8.4274 ]
38:(43,2,1,35,15,15,0) [ 8.738 ]
39:(43,2,2,35,15,15,0) [ 9.133 ]
40:(43,2,2,35,14,15,1) [ 15759.033 ]
41:(43,2,1,34,15,16,1) [ 16808.727 ]
42:(44,2,1,34,15,16,1) [ 16808.8114 ]
43:(44,2,0,33,16,17,1) [ 17858.5274 ]
44:(44,2,1,33,16,17,1) [ 17858.9004 ]
45:(43,2,2,33,16,17,1) [ 17859.189 ]
46:(43,2,1,32,17,18,1) [ 18908.905000000002 ]
47:(43,2,0,31,18,19,1) [ 19958.643 ]
48:(43,2,1,31,18,19,1) [ 19958.994 ]
49:(43,2,0,30,19,20,1) [ 21008.743000000002 ]
50:(42,2,1,30,19,20,1) [ 21008.998600000003 ]
51:(42,2,0,29,20,21,1) [ 22058.7586 ]
52:(42,2,1,29,20,21,1) [ 22059.0876 ]
53:(42,2,2,29,20,21,1) [ 22059.4166 ]
54:(42,2,3,29,20,21,1) [ 22059.7456 ]
55:(42,2,2,28,21,22,1) [ 23109.494599999998 ]
56:(41,2,3,28,21,22,1) [ 23109.728199999998 ]
57:(41,2,4,28,21,22,1) [ 23110.046199999997 ]
58:(41,2,3,27,22,23,1) [ 24159.7952 ]
59:(40,2,3,27,22,23,1) [ 24159.7108 ]
60:(41,2,2,27,22,23,1) [ 24159.4882 ]
61:(41,2,1,26,23,24,1) [ 25209.2702 ]
62:(41,2,2,26,23,24,1) [ 25209.566199999997 ]
63:(40,2,3,26,23,24,1) [ 25209.7778 ]
64:(40,2,2,25,24,25,1) [ 26259.559800000003 ]
65:(40,2,3,25,24,25,1) [ 26259.844800000003 ]
66:(39,2,4,25,24,25,1) [ 26260.045400000003 ]
67:(39,2,3,24,25,26,1) [ 27309.8274 ]
68:(39,2,4,24,25,26,1) [ 27310.1014 ]
69:(39,2,3,23,26,27,1) [ 28359.894399999997 ]
70:(39,2,2,22,27,28,1) [ 29409.7094 ]
71:(39,2,1,21,28,29,1) [ 30459.5464 ]
72:(38,2,2,21,28,29,1) [ 30459.702999999998 ]
73:(38,2,2,22,28,28,0) [ 9.725000000000001 ]
74:(38,2,3,22,28,28,0) [ 9.977 ]
75:(38,2,2,21,29,29,0) [ 9.803 ]
76:(38,2,3,21,29,29,0) [ 10.044 ]
77:(38,2,2,20,30,30,0) [ 9.881 ]
78:(38,2,1,19,31,31,0) [ 9.74 ]
79:(37,2,2,19,31,31,0) [ 9.874600000000001 ]
80:(36,2,3,19,31,31,0) [ 10.0092 ]
81:(36,2,4,19,31,31,0) [ 10.2282 ]
82:(36,2,3,18,32,32,0) [ 10.0762 ]
83:(36,2,4,18,32,32,0) [ 10.2842 ]
84:(36,2,3,17,33,33,0) [ 10.1432 ]
85:(35,2,4,17,33,33,0) [ 10.2558 ]
86:(35,2,3,16,34,34,0) [ 10.1258 ]
87:(35,2,4,16,34,34,0) [ 10.311800000000002 ]
88:(34,2,5,16,34,34,0) [ 10.4134 ]
89:(34,2,4,15,35,35,0) [ 10.2834 ]
90:(34,2,5,15,35,35,0) [ 10.458400000000001 ]
91:(34,2,6,15,35,35,0) [ 10.6334 ]
92:(34,2,5,14,36,36,0) [ 10.5034 ]
93:(34,2,4,13,37,37,0) [ 10.3954 ]
94:(35,2,4,13,37,37,0) [ 10.479800000000001 ]
95:(35,2,5,13,37,37,0) [ 10.6328 ]
96:(35,2,4,12,38,38,0) [ 10.5358 ]
97:(34,2,5,12,38,38,0) [ 10.5934 ]
98:(34,2,4,11,39,39,0) [ 10.5074 ]
99:(34,2,5,11,39,39,0) [ 10.6384 ]
100:(34,2,4,10,40,40,0) [ 10.5634 ]
101:(33,2,5,10,40,40,0) [ 10.599 ]
102:(33,2,4,9,41,41,0) [ 10.535 ]
103:(33,2,3,8,42,42,0) [ 10.493 ]
104:(33,2,2,7,43,43,0) [ 10.472999999999999 ]
105:(33,2,3,7,43,43,0) [ 10.559999999999999 ]
106:(33,2,3,7,42,43,1) [ 45160.46 ]
107:(33,2,2,6,43,44,1) [ 46210.451 ]
108:(33,2,3,6,43,44,1) [ 46210.527 ]
109:(33,2,2,5,44,45,1) [ 47260.529 ]
110:(32,2,3,5,44,45,1) [ 47260.509600000005 ]
111:(32,2,2,4,45,46,1) [ 48310.5226 ]
112:(32,2,1,3,46,47,1) [ 49360.5576 ]
113:(32,2,0,2,47,48,1) [ 50410.61459999999 ]
114:(31,2,1,2,47,48,1) [ 50410.5622 ]
115:(31,2,0,1,48,49,1) [ 51460.6302 ]
116:(31,2,1,1,48,49,1) [ 51460.6512 ]
117:(31,2,0,0,49,50,1) [ 52510.7302 TARGET ]
118:(32,2,0,0,49,50,1) [ 52510.8146 TARGET ]
119:(30,2,0,0,49,50,1) [ 52510.6458 TARGET ]
120:(30,2,1,0,49,50,1) [ 52510.6558 TARGET ]
121:(31,2,1,0,49,50,1) [ 52510.7402 TARGET ]
122:(32,2,1,1,48,49,1) [ 51460.7356 ]
123:(30,2,1,1,48,49,1) [ 51460.5668 ]
124:(30,2,2,1,48,49,1) [ 51460.5878 ]
125:(31,2,2,1,48,49,1) [ 51460.6722 ]
126:(32,2,0,1,48,49,1) [ 51460.7146 ]
127:(30,2,0,1,48,49,1) [ 51460.5458 ]
128:(32,2,1,2,47,48,1) [ 50410.6466 ]
129:(30,2,1,2,47,48,1) [ 50410.4778 ]
130:(30,2,2,2,47,48,1) [ 50410.5098 ]
131:(31,2,2,2,47,48,1) [ 50410.5942 ]
132:(33,2,0,2,47,48,1) [ 50410.699 ]
133:(31,2,0,2,47,48,1) [ 50410.530199999994 ]
134:(33,2,1,3,46,47,1) [ 49360.642 ]
135:(31,2,1,3,46,47,1) [ 49360.4732 ]
136:(31,2,2,3,46,47,1) [ 49360.5162 ]
137:(32,2,2,3,46,47,1) [ 49360.6006 ]
138:(33,2,2,4,45,46,1) [ 48310.607 ]
139:(31,2,2,4,45,46,1) [ 48310.4382 ]
140:(31,2,3,4,45,46,1) [ 48310.4922 ]
141:(32,2,3,4,45,46,1) [ 48310.5766 ]
142:(33,2,3,5,44,45,1) [ 47260.594000000005 ]
143:(31,2,3,5,44,45,1) [ 47260.4252 ]
144:(31,2,4,5,44,45,1) [ 47260.4902 ]
145:(32,2,4,5,44,45,1) [ 47260.5746 ]
146:(34,2,2,5,44,45,1) [ 47260.6134 ]
147:(32,2,2,5,44,45,1) [ 47260.4446 ]
148:(34,2,3,6,43,44,1) [ 46210.6114 ]
149:(32,2,3,6,43,44,1) [ 46210.4426 ]
150:(32,2,4,6,43,44,1) [ 46210.5186 ]
151:(33,2,4,6,43,44,1) [ 46210.603 ]
152:(34,2,2,6,43,44,1) [ 46210.5354 ]
153:(32,2,2,6,43,44,1) [ 46210.3666 ]
154:(34,2,3,7,42,43,1) [ 45160.5444 ]
155:(32,2,3,7,42,43,1) [ 45160.3756 ]
156:(32,2,4,7,42,43,1) [ 45160.4626 ]
157:(33,2,4,7,42,43,1) [ 45160.547 ]
158:(34,2,3,7,43,43,0) [ 10.644400000000001 ]
159:(32,2,3,7,43,43,0) [ 10.4756 ]
160:(32,2,4,7,43,43,0) [ 10.5626 ]
161:(33,2,4,7,43,43,0) [ 10.646999999999998 ]
162:(34,2,2,7,43,43,0) [ 10.557400000000001 ]
163:(32,2,2,7,43,43,0) [ 10.3886 ]
164:(34,2,3,8,42,42,0) [ 10.5774 ]
165:(32,2,3,8,42,42,0) [ 10.4086 ]
166:(32,2,4,8,42,42,0) [ 10.506599999999999 ]
167:(33,2,4,8,42,42,0) [ 10.591000000000001 ]
168:(34,2,4,9,41,41,0) [ 10.6194 ]
169:(32,2,4,9,41,41,0) [ 10.450600000000001 ]
170:(32,2,5,9,41,41,0) [ 10.5596 ]
171:(33,2,5,9,41,41,0) [ 10.644000000000002 ]
172:(34,2,5,10,40,40,0) [ 10.683399999999999 ]
173:(32,2,5,10,40,40,0) [ 10.5146 ]
174:(32,2,6,10,40,40,0) [ 10.6346 ]
175:(33,2,6,10,40,40,0) [ 10.719000000000001 ]
176:(35,2,4,10,40,40,0) [ 10.6478 ]
177:(33,2,4,10,40,40,0) [ 10.479 ]
178:(35,2,5,11,39,39,0) [ 10.7228 ]
179:(33,2,5,11,39,39,0) [ 10.554 ]
180:(33,2,6,11,39,39,0) [ 10.685 ]
181:(34,2,6,11,39,39,0) [ 10.769400000000001 ]
182:(35,2,4,11,39,39,0) [ 10.591800000000001 ]
183:(33,2,4,11,39,39,0) [ 10.423 ]
184:(35,2,5,12,38,38,0) [ 10.6778 ]
185:(33,2,5,12,38,38,0) [ 10.509 ]
186:(33,2,6,12,38,38,0) [ 10.651 ]
187:(34,2,6,12,38,38,0) [ 10.7354 ]
188:(36,2,4,12,38,38,0) [ 10.6202 ]
189:(34,2,4,12,38,38,0) [ 10.451400000000001 ]
190:(36,2,5,13,37,37,0) [ 10.7172 ]
191:(34,2,5,13,37,37,0) [ 10.5484 ]
192:(34,2,6,13,37,37,0) [ 10.7014 ]
193:(35,2,6,13,37,37,0) [ 10.785800000000002 ]
194:(36,2,4,13,37,37,0) [ 10.5642 ]
195:(33,2,4,13,37,37,0) [ 10.311 ]
196:(33,2,5,13,37,37,0) [ 10.463999999999999 ]
197:(35,2,5,14,36,36,0) [ 10.5878 ]
198:(33,2,5,14,36,36,0) [ 10.419 ]
199:(33,2,6,14,36,36,0) [ 10.583 ]
200:(34,2,6,14,36,36,0) [ 10.6674 ]
201:(35,2,6,15,35,35,0) [ 10.7178 ]
202:(33,2,6,15,35,35,0) [ 10.549 ]
203:(33,2,7,15,35,35,0) [ 10.724 ]
204:(34,2,7,15,35,35,0) [ 10.808399999999999 ]
205:(35,2,5,15,35,35,0) [ 10.5428 ]
206:(33,2,5,15,35,35,0) [ 10.373999999999999 ]
207:(35,2,4,15,35,35,0) [ 10.367799999999999 ]
208:(33,2,4,15,35,35,0) [ 10.199 ]
209:(35,2,5,16,34,34,0) [ 10.4978 ]
210:(33,2,5,16,34,34,0) [ 10.329 ]
211:(33,2,6,16,34,34,0) [ 10.515 ]
212:(34,2,6,16,34,34,0) [ 10.599400000000001 ]
213:(36,2,4,16,34,34,0) [ 10.3962 ]
214:(34,2,4,16,34,34,0) [ 10.2274 ]
215:(36,2,3,16,34,34,0) [ 10.2102 ]
216:(34,2,3,16,34,34,0) [ 10.0414 ]
217:(36,2,4,17,33,33,0) [ 10.340200000000001 ]
218:(34,2,4,17,33,33,0) [ 10.1714 ]
219:(34,2,5,17,33,33,0) [ 10.3684 ]
220:(35,2,5,17,33,33,0) [ 10.4528 ]
221:(37,2,3,17,33,33,0) [ 10.2276 ]
222:(35,2,3,17,33,33,0) [ 10.0588 ]
223:(37,2,4,18,32,32,0) [ 10.3686 ]
224:(35,2,4,18,32,32,0) [ 10.1998 ]
225:(35,2,5,18,32,32,0) [ 10.4078 ]
226:(36,2,5,18,32,32,0) [ 10.4922 ]
227:(37,2,3,18,32,32,0) [ 10.1606 ]
228:(35,2,3,18,32,32,0) [ 9.991800000000001 ]
229:(37,2,4,19,31,31,0) [ 10.3126 ]
230:(35,2,4,19,31,31,0) [ 10.1438 ]
231:(35,2,5,19,31,31,0) [ 10.3628 ]
232:(36,2,5,19,31,31,0) [ 10.4472 ]
233:(37,2,3,19,31,31,0) [ 10.0936 ]
234:(35,2,3,19,31,31,0) [ 9.9248 ]
235:(38,2,2,19,31,31,0) [ 9.959 ]
236:(36,2,2,19,31,31,0) [ 9.7902 ]
237:(39,2,1,19,31,31,0) [ 9.8244 ]
238:(37,2,1,19,31,31,0) [ 9.6556 ]
239:(39,2,2,20,30,30,0) [ 9.9654 ]
240:(37,2,2,20,30,30,0) [ 9.7966 ]
241:(37,2,3,20,30,30,0) [ 10.0266 ]
242:(38,2,3,20,30,30,0) [ 10.111 ]
243:(39,2,3,21,29,29,0) [ 10.1284 ]
244:(37,2,3,21,29,29,0) [ 9.9596 ]
245:(37,2,4,21,29,29,0) [ 10.200600000000001 ]
246:(38,2,4,21,29,29,0) [ 10.285 ]
247:(39,2,2,21,29,29,0) [ 9.8874 ]
248:(37,2,2,21,29,29,0) [ 9.7186 ]
249:(39,2,3,22,28,28,0) [ 10.0614 ]
250:(37,2,3,22,28,28,0) [ 9.8926 ]
251:(37,2,4,22,28,28,0) [ 10.1446 ]
252:(38,2,4,22,28,28,0) [ 10.229000000000001 ]
253:(39,2,2,22,28,28,0) [ 9.8094 ]
254:(37,2,2,22,28,28,0) [ 9.640600000000001 ]
255:(39,2,2,21,28,29,1) [ 30459.7874 ]
256:(37,2,2,21,28,29,1) [ 30459.618599999998 ]
257:(37,2,3,21,28,29,1) [ 30459.8596 ]
258:(38,2,3,21,28,29,1) [ 30459.944 ]
259:(40,2,1,21,28,29,1) [ 30459.6308 ]
260:(38,2,1,21,28,29,1) [ 30459.462 ]
261:(40,2,2,22,27,28,1) [ 29409.7938 ]
262:(38,2,2,22,27,28,1) [ 29409.625 ]
263:(38,2,3,22,27,28,1) [ 29409.877 ]
264:(39,2,3,22,27,28,1) [ 29409.9614 ]
265:(40,2,3,23,26,27,1) [ 28359.978799999997 ]
266:(38,2,3,23,26,27,1) [ 28359.809999999998 ]
267:(38,2,4,23,26,27,1) [ 28360.073 ]
268:(39,2,4,23,26,27,1) [ 28360.1574 ]
269:(40,2,4,24,25,26,1) [ 27310.1858 ]
270:(38,2,4,24,25,26,1) [ 27310.017 ]
271:(38,2,5,24,25,26,1) [ 27310.291 ]
272:(39,2,5,24,25,26,1) [ 27310.3754 ]
273:(40,2,3,24,25,26,1) [ 27309.9118 ]
274:(38,2,3,24,25,26,1) [ 27309.743 ]
275:(40,2,4,25,24,25,1) [ 26260.129800000002 ]
276:(38,2,4,25,24,25,1) [ 26259.961000000003 ]
277:(38,2,5,25,24,25,1) [ 26260.246000000003 ]
278:(39,2,5,25,24,25,1) [ 26260.330400000003 ]
279:(41,2,3,25,24,25,1) [ 26259.929200000002 ]
280:(39,2,3,25,24,25,1) [ 26259.760400000003 ]
281:(41,2,2,25,24,25,1) [ 26259.644200000002 ]
282:(39,2,2,25,24,25,1) [ 26259.475400000003 ]
283:(41,2,3,26,23,24,1) [ 25209.8622 ]
284:(39,2,3,26,23,24,1) [ 25209.6934 ]
285:(39,2,4,26,23,24,1) [ 25209.9894 ]
286:(40,2,4,26,23,24,1) [ 25210.0738 ]
287:(42,2,2,26,23,24,1) [ 25209.6506 ]
288:(40,2,2,26,23,24,1) [ 25209.481799999998 ]
289:(42,2,1,26,23,24,1) [ 25209.3546 ]
290:(40,2,1,26,23,24,1) [ 25209.1858 ]
291:(42,2,2,27,22,23,1) [ 24159.5726 ]
292:(40,2,2,27,22,23,1) [ 24159.4038 ]
293:(39,2,3,27,22,23,1) [ 24159.6264 ]
294:(39,2,4,27,22,23,1) [ 24159.9334 ]
295:(40,2,4,27,22,23,1) [ 24160.0178 ]
296:(42,2,3,27,22,23,1) [ 24159.8796 ]
297:(41,2,4,27,22,23,1) [ 24160.1022 ]
298:(42,2,4,28,21,22,1) [ 23110.130599999997 ]
299:(40,2,4,28,21,22,1) [ 23109.961799999997 ]
300:(40,2,5,28,21,22,1) [ 23110.2798 ]
301:(41,2,5,28,21,22,1) [ 23110.3642 ]
302:(42,2,3,28,21,22,1) [ 23109.812599999997 ]
303:(40,2,3,28,21,22,1) [ 23109.643799999998 ]
304:(43,2,2,28,21,22,1) [ 23109.578999999998 ]
305:(41,2,2,28,21,22,1) [ 23109.4102 ]
306:(43,2,3,29,20,21,1) [ 22059.83 ]
307:(41,2,3,29,20,21,1) [ 22059.6612 ]
308:(41,2,4,29,20,21,1) [ 22059.9902 ]
309:(42,2,4,29,20,21,1) [ 22060.0746 ]
310:(43,2,2,29,20,21,1) [ 22059.501 ]
311:(41,2,2,29,20,21,1) [ 22059.3322 ]
312:(43,2,1,29,20,21,1) [ 22059.172 ]
313:(41,2,1,29,20,21,1) [ 22059.0032 ]
314:(43,2,0,29,20,21,1) [ 22058.843 ]
315:(41,2,0,29,20,21,1) [ 22058.6742 ]
316:(43,2,1,30,19,20,1) [ 21009.083000000002 ]
317:(41,2,1,30,19,20,1) [ 21008.914200000003 ]
318:(41,2,2,30,19,20,1) [ 21009.254200000003 ]
319:(42,2,2,30,19,20,1) [ 21009.338600000003 ]
320:(44,2,0,30,19,20,1) [ 21008.827400000002 ]
321:(42,2,0,30,19,20,1) [ 21008.658600000002 ]
322:(44,2,1,31,18,19,1) [ 19959.0784 ]
323:(42,2,1,31,18,19,1) [ 19958.9096 ]
324:(42,2,2,31,18,19,1) [ 19959.260599999998 ]
325:(43,2,2,31,18,19,1) [ 19959.344999999998 ]
326:(44,2,0,31,18,19,1) [ 19958.7274 ]
327:(42,2,0,31,18,19,1) [ 19958.5586 ]
328:(44,2,1,32,17,18,1) [ 18908.989400000002 ]
329:(42,2,1,32,17,18,1) [ 18908.8206 ]
330:(42,2,2,32,17,18,1) [ 18909.1826 ]
331:(43,2,2,32,17,18,1) [ 18909.267 ]
332:(44,2,2,33,16,17,1) [ 17859.2734 ]
333:(42,2,2,33,16,17,1) [ 17859.1046 ]
334:(42,2,3,33,16,17,1) [ 17859.4776 ]
335:(43,2,3,33,16,17,1) [ 17859.561999999998 ]
336:(45,2,1,33,16,17,1) [ 17858.9848 ]
337:(43,2,1,33,16,17,1) [ 17858.816 ]
338:(45,2,0,33,16,17,1) [ 17858.6118 ]
339:(43,2,0,33,16,17,1) [ 17858.443 ]
340:(45,2,1,34,15,16,1) [ 16808.8958 ]
341:(43,2,2,34,15,16,1) [ 16809.111 ]
342:(44,2,2,34,15,16,1) [ 16809.1954 ]
343:(42,2,1,34,15,16,1) [ 16808.6426 ]
344:(42,2,2,34,15,16,1) [ 16809.0266 ]
345:(44,2,2,35,14,15,1) [ 15759.1174 ]
346:(42,2,2,35,14,15,1) [ 15758.9486 ]
347:(42,2,3,35,14,15,1) [ 15759.3436 ]
348:(43,2,3,35,14,15,1) [ 15759.428 ]
349:(44,2,2,35,15,15,0) [ 9.2174 ]
350:(42,2,2,35,15,15,0) [ 9.0486 ]
351:(42,2,3,35,15,15,0) [ 9.4436 ]
352:(43,2,3,35,15,15,0) [ 9.527999999999999 ]
353:(44,2,1,35,15,15,0) [ 8.8224 ]
354:(42,2,1,35,15,15,0) [ 8.653599999999999 ]
355:(45,2,0,35,15,15,0) [ 8.511800000000001 ]
356:(43,2,0,35,15,15,0) [ 8.343 ]
357:(45,2,1,36,14,14,0) [ 8.8178 ]
358:(43,2,1,36,14,14,0) [ 8.649 ]
359:(43,2,2,36,14,14,0) [ 9.055 ]
360:(44,2,2,36,14,14,0) [ 9.1394 ]
361:(45,2,2,37,13,13,0) [ 9.1458 ]
362:(43,2,2,37,13,13,0) [ 8.977 ]
363:(43,2,3,37,13,13,0) [ 9.394000000000002 ]
364:(44,2,3,37,13,13,0) [ 9.4784 ]
365:(45,2,1,37,13,13,0) [ 8.7288 ]
366:(43,2,1,37,13,13,0) [ 8.56 ]
367:(46,2,0,37,13,13,0) [ 8.3962 ]
368:(44,2,0,37,13,13,0) [ 8.227400000000001 ]
369:(46,2,0,36,13,14,1) [ 14708.3962 ]
370:(44,2,0,36,13,14,1) [ 14708.2274 ]
371:(44,2,1,36,13,14,1) [ 14708.633399999999 ]
372:(45,2,1,36,13,14,1) [ 14708.717799999999 ]
373:(46,2,1,37,12,13,1) [ 13658.7132 ]
374:(44,2,1,37,12,13,1) [ 13658.5444 ]
375:(44,2,2,37,12,13,1) [ 13658.9614 ]
376:(45,2,2,37,12,13,1) [ 13659.0458 ]
377:(46,2,2,38,11,12,1) [ 12609.0522 ]
378:(44,2,2,38,11,12,1) [ 12608.8834 ]
379:(44,2,3,38,11,12,1) [ 12609.3114 ]
380:(45,2,3,38,11,12,1) [ 12609.3958 ]
381:(46,2,1,38,11,12,1) [ 12608.6242 ]
382:(44,2,1,38,11,12,1) [ 12608.4554 ]
383:(47,2,0,38,11,12,1) [ 12608.2806 ]
384:(45,2,0,38,11,12,1) [ 12608.1118 ]
385:(47,2,1,39,10,11,1) [ 11558.6196 ]
386:(45,2,1,39,10,11,1) [ 11558.4508 ]
387:(45,2,2,39,10,11,1) [ 11558.8898 ]
388:(46,2,2,39,10,11,1) [ 11558.9742 ]
389:(47,2,2,40,9,10,1) [ 10508.980599999999 ]
390:(45,2,2,40,9,10,1) [ 10508.8118 ]
391:(45,2,3,40,9,10,1) [ 10509.2618 ]
392:(46,2,3,40,9,10,1) [ 10509.3462 ]
393:(47,2,3,41,8,9,1) [ 9459.363599999999 ]
394:(45,2,3,41,8,9,1) [ 9459.1948 ]
395:(45,2,4,41,8,9,1) [ 9459.655799999999 ]
396:(46,2,4,41,8,9,1) [ 9459.740199999998 ]
397:(47,2,2,41,8,9,1) [ 9458.9026 ]
398:(45,2,2,41,8,9,1) [ 9458.7338 ]
399:(48,2,1,41,8,9,1) [ 9458.526 ]
400:(46,2,1,41,8,9,1) [ 9458.357199999999 ]
401:(48,2,2,42,7,8,1) [ 8408.909000000001 ]
402:(46,2,2,42,7,8,1) [ 8408.7402 ]
403:(46,2,3,42,7,8,1) [ 8409.2122 ]
404:(47,2,3,42,7,8,1) [ 8409.296600000001 ]
405:(48,2,3,43,6,7,1) [ 7359.314 ]
406:(46,2,3,43,6,7,1) [ 7359.1452 ]
407:(46,2,4,43,6,7,1) [ 7359.6282 ]
408:(47,2,4,43,6,7,1) [ 7359.712600000001 ]
409:(48,2,2,43,6,7,1) [ 7358.831 ]
410:(46,2,2,43,6,7,1) [ 7358.662200000001 ]
411:(49,2,1,43,6,7,1) [ 7358.432400000001 ]
412:(47,2,1,43,6,7,1) [ 7358.2636 ]
413:(49,2,2,44,5,6,1) [ 6308.8374 ]
414:(47,2,2,44,5,6,1) [ 6308.6686 ]
415:(47,2,3,44,5,6,1) [ 6309.1626 ]
416:(48,2,3,44,5,6,1) [ 6309.247 ]
417:(49,2,1,44,5,6,1) [ 6308.3434 ]
418:(47,2,1,44,5,6,1) [ 6308.1746 ]
419:(49,2,0,44,5,6,1) [ 6307.8494 ]
420:(47,2,0,44,5,6,1) [ 6307.6806 ]
421:(49,2,1,45,4,5,1) [ 5258.2544 ]
422:(47,2,1,45,4,5,1) [ 5258.085599999999 ]
423:(47,2,2,45,4,5,1) [ 5258.5905999999995 ]
424:(48,2,2,45,4,5,1) [ 5258.674999999999 ]
425:(49,2,0,45,4,5,1) [ 5257.7494 ]
426:(47,2,0,45,4,5,1) [ 5257.580599999999 ]
427:(49,2,1,46,3,4,1) [ 4208.1654 ]
428:(47,2,1,46,3,4,1) [ 4207.9966 ]
429:(47,2,2,46,3,4,1) [ 4208.5126 ]
430:(48,2,2,46,3,4,1) [ 4208.597 ]
431:(49,2,0,46,3,4,1) [ 4207.6494 ]
432:(47,2,0,46,3,4,1) [ 4207.4806 ]
433:(49,2,1,47,2,3,1) [ 3158.0764 ]
434:(47,2,1,47,2,3,1) [ 3157.9076 ]
435:(47,2,2,47,2,3,1) [ 3158.4345999999996 ]
436:(48,2,2,47,2,3,1) [ 3158.519 ]
437:(49,2,0,47,2,3,1) [ 3157.5494 ]
438:(47,2,0,47,2,3,1) [ 3157.3806 ]
439:(49,2,1,48,1,2,1) [ 2107.9874 ]
440:(47,2,1,48,1,2,1) [ 2107.8186 ]
441:(47,2,2,48,1,2,1) [ 2108.3566 ]
442:(48,2,2,48,1,2,1) [ 2108.441 ]
443:(50,2,0,48,1,2,1) [ 2107.5337999999997 ]
444:(48,2,0,48,1,2,1) [ 2107.365 ]
445:(50,2,1,49,0,1,1) [ 1057.9828 ]
446:(48,2,2,49,0,1,1) [ 1058.363 ]
447:(49,2,2,49,0,1,1) [ 1058.4474 ]
448:(50,2,0,49,0,1,1) [ 1057.4338 ]
449:(47,2,1,49,0,1,1) [ 1057.7296 ]
450:(47,2,2,49,0,1,1) [ 1058.2786 ]
451:(47,2,0,49,0,1,1) [ 1057.1806 ]
452:(47,2,0,49,1,1,0) [ 7.2806 ]
453:(47,2,1,49,1,1,0) [ 7.8296 ]
454:(48,2,1,49,1,1,0) [ 7.913999999999999 ]
455:(50,2,0,49,1,1,0) [ 7.533799999999999 ]
456:(49,2,1,49,1,1,0) [ 7.998399999999999 ]
457:(50,2,1,50,0,0,0) [ 7.993799999999999 ]
458:(48,2,1,50,0,0,0) [ 7.824999999999999 ]
459:(48,2,2,50,0,0,0) [ 8.384999999999998 ]
460:(49,2,2,50,0,0,0) [ 8.4694 ]
461:(51,2,0,50,0,0,0) [ 7.518200000000001 ]
462:(49,2,0,50,0,0,0) [ 7.3494 ]
463:(33,2,0,0,49,50,1) [ 52510.899000000005 TARGET ]
464:(32,2,1,0,49,50,1) [ 52510.8246 TARGET ]
465:(33,2,1,1,48,49,1) [ 51460.82 ]
466:(32,2,2,1,48,49,1) [ 51460.7566 ]
467:(33,2,0,1,48,49,1) [ 51460.799000000006 ]
468:(33,2,1,2,47,48,1) [ 50410.731 ]
469:(32,2,2,2,47,48,1) [ 50410.6786 ]
470:(34,2,0,2,47,48,1) [ 50410.7834 ]
471:(34,2,1,3,46,47,1) [ 49360.7264 ]
472:(33,2,2,3,46,47,1) [ 49360.685 ]
473:(34,2,2,4,45,46,1) [ 48310.6914 ]
474:(33,2,3,4,45,46,1) [ 48310.661 ]
475:(34,2,3,5,44,45,1) [ 47260.678400000004 ]
476:(33,2,4,5,44,45,1) [ 47260.659 ]
477:(35,2,2,5,44,45,1) [ 47260.6978 ]
478:(35,2,3,6,43,44,1) [ 46210.6958 ]
479:(34,2,4,6,43,44,1) [ 46210.6874 ]
480:(35,2,2,6,43,44,1) [ 46210.6198 ]
481:(35,2,3,7,42,43,1) [ 45160.6288 ]
482:(34,2,4,7,42,43,1) [ 45160.6314 ]
483:(35,2,3,7,43,43,0) [ 10.7288 ]
484:(34,2,4,7,43,43,0) [ 10.7314 ]
485:(35,2,2,7,43,43,0) [ 10.6418 ]
486:(35,2,3,8,42,42,0) [ 10.6618 ]
487:(34,2,4,8,42,42,0) [ 10.6754 ]
488:(35,2,4,9,41,41,0) [ 10.703800000000001 ]
489:(34,2,5,9,41,41,0) [ 10.7284 ]
490:(35,2,5,10,40,40,0) [ 10.7678 ]
491:(34,2,6,10,40,40,0) [ 10.8034 ]
492:(36,2,4,10,40,40,0) [ 10.7322 ]
493:(36,2,5,11,39,39,0) [ 10.8072 ]
494:(35,2,6,11,39,39,0) [ 10.8538 ]
495:(36,2,4,11,39,39,0) [ 10.676200000000001 ]
496:(36,2,5,12,38,38,0) [ 10.7622 ]
497:(35,2,6,12,38,38,0) [ 10.8198 ]
498:(37,2,4,12,38,38,0) [ 10.704600000000001 ]
499:(37,2,5,13,37,37,0) [ 10.8016 ]
500:(36,2,6,13,37,37,0) [ 10.8702 ]
501:(37,2,4,13,37,37,0) [ 10.648600000000002 ]
502:(36,2,5,14,36,36,0) [ 10.6722 ]
503:(35,2,6,14,36,36,0) [ 10.7518 ]
504:(36,2,6,15,35,35,0) [ 10.8022 ]
505:(35,2,7,15,35,35,0) [ 10.892800000000001 ]
506:(36,2,5,15,35,35,0) [ 10.6272 ]
507:(36,2,4,15,35,35,0) [ 10.452200000000001 ]
508:(36,2,5,16,34,34,0) [ 10.5822 ]
509:(35,2,6,16,34,34,0) [ 10.683800000000002 ]
510:(37,2,4,16,34,34,0) [ 10.4806 ]
511:(37,2,3,16,34,34,0) [ 10.2946 ]
512:(37,2,4,17,33,33,0) [ 10.4246 ]
513:(36,2,5,17,33,33,0) [ 10.5372 ]
514:(38,2,3,17,33,33,0) [ 10.312000000000001 ]
515:(38,2,4,18,32,32,0) [ 10.453 ]
516:(37,2,5,18,32,32,0) [ 10.5766 ]
517:(38,2,3,18,32,32,0) [ 10.245000000000001 ]
518:(38,2,4,19,31,31,0) [ 10.397 ]
519:(37,2,5,19,31,31,0) [ 10.531600000000001 ]
520:(38,2,3,19,31,31,0) [ 10.178 ]
521:(39,2,2,19,31,31,0) [ 10.0434 ]
522:(40,2,1,19,31,31,0) [ 9.9088 ]
523:(40,2,2,20,30,30,0) [ 10.049800000000001 ]
524:(39,2,3,20,30,30,0) [ 10.1954 ]
525:(40,2,3,21,29,29,0) [ 10.212800000000001 ]
526:(39,2,4,21,29,29,0) [ 10.3694 ]
527:(40,2,2,21,29,29,0) [ 9.971800000000002 ]
528:(40,2,3,22,28,28,0) [ 10.1458 ]
529:(39,2,4,22,28,28,0) [ 10.3134 ]
530:(40,2,2,22,28,28,0) [ 9.8938 ]
531:(40,2,2,21,28,29,1) [ 30459.8718 ]
532:(39,2,3,21,28,29,1) [ 30460.0284 ]
533:(41,2,1,21,28,29,1) [ 30459.7152 ]
534:(41,2,2,22,27,28,1) [ 29409.8782 ]
535:(40,2,3,22,27,28,1) [ 29410.0458 ]
536:(41,2,3,23,26,27,1) [ 28360.063199999997 ]
537:(40,2,4,23,26,27,1) [ 28360.2418 ]
538:(41,2,4,24,25,26,1) [ 27310.2702 ]
539:(40,2,5,24,25,26,1) [ 27310.4598 ]
540:(41,2,3,24,25,26,1) [ 27309.9962 ]
541:(41,2,4,25,24,25,1) [ 26260.214200000002 ]
542:(40,2,5,25,24,25,1) [ 26260.414800000002 ]
543:(42,2,3,25,24,25,1) [ 26260.013600000002 ]
544:(42,2,2,25,24,25,1) [ 26259.728600000002 ]
545:(42,2,3,26,23,24,1) [ 25209.9466 ]
546:(41,2,4,26,23,24,1) [ 25210.158199999998 ]
547:(43,2,2,26,23,24,1) [ 25209.735 ]
548:(43,2,1,26,23,24,1) [ 25209.439 ]
549:(43,2,2,27,22,23,1) [ 24159.657 ]
550:(43,2,3,27,22,23,1) [ 24159.964 ]
551:(42,2,4,27,22,23,1) [ 24160.1866 ]
552:(43,2,4,28,21,22,1) [ 23110.215 ]
553:(42,2,5,28,21,22,1) [ 23110.4486 ]
554:(43,2,3,28,21,22,1) [ 23109.896999999997 ]
555:(44,2,2,28,21,22,1) [ 23109.663399999998 ]
556:(44,2,3,29,20,21,1) [ 22059.9144 ]
557:(43,2,4,29,20,21,1) [ 22060.159 ]
558:(44,2,2,29,20,21,1) [ 22059.5854 ]
559:(44,2,1,29,20,21,1) [ 22059.2564 ]
560:(44,2,0,29,20,21,1) [ 22058.9274 ]
561:(44,2,1,30,19,20,1) [ 21009.167400000002 ]
562:(43,2,2,30,19,20,1) [ 21009.423000000003 ]
563:(45,2,0,30,19,20,1) [ 21008.9118 ]
564:(45,2,1,31,18,19,1) [ 19959.1628 ]
565:(44,2,2,31,18,19,1) [ 19959.4294 ]
566:(45,2,0,31,18,19,1) [ 19958.8118 ]
567:(45,2,1,32,17,18,1) [ 18909.073800000002 ]
568:(44,2,2,32,17,18,1) [ 18909.3514 ]
569:(45,2,2,33,16,17,1) [ 17859.357799999998 ]
570:(44,2,3,33,16,17,1) [ 17859.646399999998 ]
571:(46,2,1,33,16,17,1) [ 17859.069199999998 ]
572:(46,2,0,33,16,17,1) [ 17858.6962 ]
573:(46,2,1,34,15,16,1) [ 16808.9802 ]
574:(45,2,2,34,15,16,1) [ 16809.2798 ]
575:(45,2,2,35,14,15,1) [ 15759.201799999999 ]
576:(44,2,3,35,14,15,1) [ 15759.5124 ]
577:(45,2,2,35,15,15,0) [ 9.3018 ]
578:(44,2,3,35,15,15,0) [ 9.612400000000001 ]
579:(45,2,1,35,15,15,0) [ 8.9068 ]
580:(46,2,0,35,15,15,0) [ 8.5962 ]
581:(46,2,1,36,14,14,0) [ 8.9022 ]
582:(45,2,2,36,14,14,0) [ 9.2238 ]
583:(46,2,2,37,13,13,0) [ 9.2302 ]
584:(45,2,3,37,13,13,0) [ 9.5628 ]
585:(46,2,1,37,13,13,0) [ 8.8132 ]
586:(47,2,0,37,13,13,0) [ 8.4806 ]
587:(47,2,0,36,13,14,1) [ 14708.480599999999 ]
588:(46,2,1,36,13,14,1) [ 14708.8022 ]
589:(47,2,1,37,12,13,1) [ 13658.7976 ]
590:(46,2,2,37,12,13,1) [ 13659.130200000001 ]
591:(47,2,2,38,11,12,1) [ 12609.1366 ]
592:(46,2,3,38,11,12,1) [ 12609.4802 ]
593:(47,2,1,38,11,12,1) [ 12608.7086 ]
594:(48,2,0,38,11,12,1) [ 12608.365 ]
595:(48,2,1,39,10,11,1) [ 11558.704 ]
596:(47,2,2,39,10,11,1) [ 11559.0586 ]
597:(48,2,2,40,9,10,1) [ 10509.065 ]
598:(47,2,3,40,9,10,1) [ 10509.4306 ]
599:(48,2,3,41,8,9,1) [ 9459.447999999999 ]
600:(47,2,4,41,8,9,1) [ 9459.8246 ]
601:(48,2,2,41,8,9,1) [ 9458.987 ]
602:(49,2,1,41,8,9,1) [ 9458.6104 ]
603:(49,2,2,42,7,8,1) [ 8408.993400000001 ]
604:(48,2,3,42,7,8,1) [ 8409.381000000001 ]
605:(49,2,3,43,6,7,1) [ 7359.3984 ]
606:(48,2,4,43,6,7,1) [ 7359.7970000000005 ]
607:(49,2,2,43,6,7,1) [ 7358.915400000001 ]
608:(50,2,1,43,6,7,1) [ 7358.5168 ]
609:(50,2,2,44,5,6,1) [ 6308.9218 ]
610:(49,2,3,44,5,6,1) [ 6309.3314 ]
611:(50,2,1,44,5,6,1) [ 6308.4278 ]
612:(50,2,0,44,5,6,1) [ 6307.9338 ]
613:(50,2,1,45,4,5,1) [ 5258.3387999999995 ]
614:(49,2,2,45,4,5,1) [ 5258.7594 ]
615:(50,2,0,45,4,5,1) [ 5257.833799999999 ]
616:(50,2,1,46,3,4,1) [ 4208.2498000000005 ]
617:(49,2,2,46,3,4,1) [ 4208.6814 ]
618:(50,2,0,46,3,4,1) [ 4207.7338 ]
619:(50,2,1,47,2,3,1) [ 3158.1607999999997 ]
620:(49,2,2,47,2,3,1) [ 3158.6034 ]
621:(50,2,0,47,2,3,1) [ 3157.6337999999996 ]
622:(50,2,1,48,1,2,1) [ 2108.0717999999997 ]
623:(49,2,2,48,1,2,1) [ 2108.5254 ]
624:(51,2,0,48,1,2,1) [ 2107.6182 ]
625:(51,2,1,49,0,1,1) [ 1058.0672 ]
626:(50,2,2,49,0,1,1) [ 1058.5318 ]
627:(51,2,0,49,0,1,1) [ 1057.5182 ]
628:(51,2,0,49,1,1,0) [ 7.618200000000001 ]
629:(50,2,1,49,1,1,0) [ 8.082799999999999 ]
630:(51,2,1,50,0,0,0) [ 8.0782 ]
631:(50,2,2,50,0,0,0) [ 8.553799999999999 ]
632:(52,2,0,50,0,0,0) [ 7.602600000000001 ]
633:(33,2,6,13,37,37,0) [ 10.617 ]
634:(44,2,2,36,13,14,1) [ 14709.0394 ]
635:(49,2,2,49,1,1,0) [ 8.547399999999998 ]
636:(50,2,2,49,1,1,0) [ 8.6318 ]
637:(29,2,0,0,49,50,1) [ 52510.5614 TARGET ]
638:(29,2,1,0,49,50,1) [ 52510.5714 TARGET ]
639:(29,2,1,1,48,49,1) [ 51460.4824 ]
640:(29,2,2,1,48,49,1) [ 51460.5034 ]
641:(29,2,0,1,48,49,1) [ 51460.4614 ]
642:(29,2,1,2,47,48,1) [ 50410.39339999999 ]
643:(29,2,2,2,47,48,1) [ 50410.4254 ]
644:(30,2,0,2,47,48,1) [ 50410.445799999994 ]
645:(30,2,1,3,46,47,1) [ 49360.3888 ]
646:(30,2,2,3,46,47,1) [ 49360.4318 ]
647:(30,2,2,4,45,46,1) [ 48310.3538 ]
648:(30,2,3,4,45,46,1) [ 48310.4078 ]
649:(30,2,3,5,44,45,1) [ 47260.3408 ]
650:(30,2,4,5,44,45,1) [ 47260.4058 ]
651:(31,2,2,5,44,45,1) [ 47260.3602 ]
652:(31,2,3,6,43,44,1) [ 46210.3582 ]
653:(31,2,4,6,43,44,1) [ 46210.4342 ]
654:(31,2,2,6,43,44,1) [ 46210.2822 ]
655:(31,2,3,7,42,43,1) [ 45160.2912 ]
656:(31,2,4,7,42,43,1) [ 45160.3782 ]
657:(31,2,3,7,43,43,0) [ 10.3912 ]
658:(31,2,4,7,43,43,0) [ 10.478200000000001 ]
659:(31,2,2,7,43,43,0) [ 10.3042 ]
660:(31,2,3,8,42,42,0) [ 10.324200000000001 ]
661:(31,2,4,8,42,42,0) [ 10.4222 ]
662:(31,2,4,9,41,41,0) [ 10.3662 ]
663:(31,2,5,9,41,41,0) [ 10.475200000000001 ]
664:(31,2,5,10,40,40,0) [ 10.4302 ]
665:(31,2,6,10,40,40,0) [ 10.5502 ]
666:(32,2,4,10,40,40,0) [ 10.3946 ]
667:(32,2,5,11,39,39,0) [ 10.4696 ]
668:(32,2,6,11,39,39,0) [ 10.6006 ]
669:(32,2,4,11,39,39,0) [ 10.3386 ]
670:(32,2,5,12,38,38,0) [ 10.4246 ]
671:(32,2,6,12,38,38,0) [ 10.566600000000001 ]
672:(33,2,4,12,38,38,0) [ 10.367 ]
673:(32,2,4,13,37,37,0) [ 10.226600000000001 ]
674:(32,2,5,13,37,37,0) [ 10.3796 ]
675:(32,2,5,14,36,36,0) [ 10.3346 ]
676:(32,2,6,14,36,36,0) [ 10.4986 ]
677:(32,2,6,15,35,35,0) [ 10.4646 ]
678:(32,2,7,15,35,35,0) [ 10.6396 ]
679:(32,2,5,15,35,35,0) [ 10.2896 ]
680:(32,2,4,15,35,35,0) [ 10.1146 ]
681:(32,2,5,16,34,34,0) [ 10.2446 ]
682:(32,2,6,16,34,34,0) [ 10.4306 ]
683:(33,2,4,16,34,34,0) [ 10.143 ]
684:(33,2,3,16,34,34,0) [ 9.957 ]
685:(33,2,4,17,33,33,0) [ 10.087 ]
686:(33,2,5,17,33,33,0) [ 10.284 ]
687:(34,2,3,17,33,33,0) [ 9.974400000000001 ]
688:(34,2,4,18,32,32,0) [ 10.115400000000001 ]
689:(34,2,5,18,32,32,0) [ 10.3234 ]
690:(34,2,3,18,32,32,0) [ 9.907399999999999 ]
691:(34,2,4,19,31,31,0) [ 10.0594 ]
692:(34,2,5,19,31,31,0) [ 10.2784 ]
693:(34,2,3,19,31,31,0) [ 9.8404 ]
694:(35,2,2,19,31,31,0) [ 9.7058 ]
695:(36,2,1,19,31,31,0) [ 9.5712 ]
696:(36,2,2,20,30,30,0) [ 9.7122 ]
697:(36,2,3,20,30,30,0) [ 9.9422 ]
698:(36,2,3,21,29,29,0) [ 9.8752 ]
699:(36,2,4,21,29,29,0) [ 10.1162 ]
700:(36,2,2,21,29,29,0) [ 9.6342 ]
701:(36,2,3,22,28,28,0) [ 9.808200000000001 ]
702:(36,2,4,22,28,28,0) [ 10.0602 ]
703:(36,2,2,22,28,28,0) [ 9.5562 ]
704:(36,2,2,21,28,29,1) [ 30459.5342 ]
705:(36,2,3,21,28,29,1) [ 30459.7752 ]
706:(37,2,1,21,28,29,1) [ 30459.3776 ]
707:(37,2,2,22,27,28,1) [ 29409.5406 ]
708:(37,2,3,22,27,28,1) [ 29409.7926 ]
709:(37,2,3,23,26,27,1) [ 28359.725599999998 ]
710:(37,2,4,23,26,27,1) [ 28359.988599999997 ]
711:(37,2,4,24,25,26,1) [ 27309.9326 ]
712:(37,2,5,24,25,26,1) [ 27310.2066 ]
713:(37,2,3,24,25,26,1) [ 27309.6586 ]
714:(37,2,4,25,24,25,1) [ 26259.876600000003 ]
715:(37,2,5,25,24,25,1) [ 26260.161600000003 ]
716:(38,2,3,25,24,25,1) [ 26259.676000000003 ]
717:(38,2,2,25,24,25,1) [ 26259.391000000003 ]
718:(38,2,3,26,23,24,1) [ 25209.609 ]
719:(38,2,4,26,23,24,1) [ 25209.905 ]
720:(39,2,2,26,23,24,1) [ 25209.397399999998 ]
721:(39,2,1,26,23,24,1) [ 25209.1014 ]
722:(39,2,2,27,22,23,1) [ 24159.3194 ]
723:(38,2,3,27,22,23,1) [ 24159.542 ]
724:(38,2,4,27,22,23,1) [ 24159.849000000002 ]
725:(39,2,4,28,21,22,1) [ 23109.877399999998 ]
726:(39,2,5,28,21,22,1) [ 23110.195399999997 ]
727:(39,2,3,28,21,22,1) [ 23109.5594 ]
728:(40,2,2,28,21,22,1) [ 23109.3258 ]
729:(40,2,3,29,20,21,1) [ 22059.5768 ]
730:(40,2,4,29,20,21,1) [ 22059.9058 ]
731:(40,2,2,29,20,21,1) [ 22059.2478 ]
732:(40,2,1,29,20,21,1) [ 22058.9188 ]
733:(40,2,0,29,20,21,1) [ 22058.5898 ]
734:(40,2,1,30,19,20,1) [ 21008.829800000003 ]
735:(40,2,2,30,19,20,1) [ 21009.1698 ]
736:(41,2,0,30,19,20,1) [ 21008.574200000003 ]
737:(41,2,1,31,18,19,1) [ 19958.8252 ]
738:(41,2,2,31,18,19,1) [ 19959.176199999998 ]
739:(41,2,0,31,18,19,1) [ 19958.4742 ]
740:(41,2,1,32,17,18,1) [ 18908.7362 ]
741:(41,2,2,32,17,18,1) [ 18909.0982 ]
742:(41,2,2,33,16,17,1) [ 17859.0202 ]
743:(41,2,3,33,16,17,1) [ 17859.3932 ]
744:(42,2,1,33,16,17,1) [ 17858.7316 ]
745:(42,2,0,33,16,17,1) [ 17858.3586 ]
746:(41,2,1,34,15,16,1) [ 16808.5582 ]
747:(41,2,2,34,15,16,1) [ 16808.9422 ]
748:(41,2,2,35,14,15,1) [ 15758.8642 ]
749:(41,2,3,35,14,15,1) [ 15759.2592 ]
750:(41,2,2,35,15,15,0) [ 8.9642 ]
751:(41,2,3,35,15,15,0) [ 9.359200000000001 ]
752:(41,2,1,35,15,15,0) [ 8.5692 ]
753:(42,2,0,35,15,15,0) [ 8.2586 ]
754:(42,2,1,36,14,14,0) [ 8.5646 ]
755:(42,2,2,36,14,14,0) [ 8.9706 ]
756:(42,2,2,37,13,13,0) [ 8.8926 ]
757:(42,2,3,37,13,13,0) [ 9.3096 ]
758:(42,2,1,37,13,13,0) [ 8.4756 ]
759:(43,2,0,37,13,13,0) [ 8.143 ]
760:(43,2,0,36,13,14,1) [ 14708.143 ]
761:(43,2,1,36,13,14,1) [ 14708.548999999999 ]
762:(43,2,1,37,12,13,1) [ 13658.460000000001 ]
763:(43,2,2,37,12,13,1) [ 13658.877 ]
764:(43,2,2,38,11,12,1) [ 12608.799 ]
765:(43,2,3,38,11,12,1) [ 12609.227 ]
766:(43,2,1,38,11,12,1) [ 12608.371000000001 ]
767:(44,2,0,38,11,12,1) [ 12608.0274 ]
768:(44,2,1,39,10,11,1) [ 11558.3664 ]
769:(44,2,2,39,10,11,1) [ 11558.8054 ]
770:(44,2,2,40,9,10,1) [ 10508.7274 ]
771:(44,2,3,40,9,10,1) [ 10509.1774 ]
772:(44,2,3,41,8,9,1) [ 9459.1104 ]
773:(44,2,4,41,8,9,1) [ 9459.571399999999 ]
774:(44,2,2,41,8,9,1) [ 9458.649399999998 ]
775:(45,2,1,41,8,9,1) [ 9458.272799999999 ]
776:(45,2,2,42,7,8,1) [ 8408.6558 ]
777:(45,2,3,42,7,8,1) [ 8409.1278 ]
778:(45,2,3,43,6,7,1) [ 7359.0608 ]
779:(45,2,4,43,6,7,1) [ 7359.5438 ]
780:(45,2,2,43,6,7,1) [ 7358.5778 ]
781:(46,2,1,43,6,7,1) [ 7358.1792000000005 ]
782:(46,2,2,44,5,6,1) [ 6308.5842 ]
783:(46,2,3,44,5,6,1) [ 6309.0782 ]
784:(46,2,1,44,5,6,1) [ 6308.0902 ]
785:(46,2,0,44,5,6,1) [ 6307.5962 ]
786:(46,2,1,45,4,5,1) [ 5258.0012 ]
787:(46,2,2,45,4,5,1) [ 5258.5062 ]
788:(46,2,0,45,4,5,1) [ 5257.4962 ]
789:(46,2,1,46,3,4,1) [ 4207.9122 ]
790:(46,2,2,46,3,4,1) [ 4208.4282 ]
791:(46,2,0,46,3,4,1) [ 4207.3962 ]
792:(46,2,1,47,2,3,1) [ 3157.8232 ]
793:(46,2,2,47,2,3,1) [ 3158.3502 ]
794:(46,2,0,47,2,3,1) [ 3157.2961999999998 ]
795:(46,2,1,48,1,2,1) [ 2107.7342 ]
796:(46,2,2,48,1,2,1) [ 2108.2722 ]
797:(47,2,0,48,1,2,1) [ 2107.2806 ]
798:(46,2,1,49,0,1,1) [ 1057.6452 ]
799:(46,2,2,49,0,1,1) [ 1058.1942 ]
800:(46,2,0,49,0,1,1) [ 1057.0962 ]
801:(46,2,0,49,1,1,0) [ 7.1962 ]
802:(46,2,1,49,1,1,0) [ 7.7452 ]
803:(47,2,1,50,0,0,0) [ 7.740600000000001 ]
804:(47,2,2,50,0,0,0) [ 8.3006 ]
805:(48,2,0,50,0,0,0) [ 7.265 ]
806:(35,2,4,20,30,30,0) [ 10.0878 ]
807:(38,2,5,27,22,23,1) [ 24160.156 ]
808:(50,2,1,48,2,2,0) [ 8.1718 ]
809:(50,2,0,47,3,3,0) [ 7.7338 ]
810:(49,2,1,47,3,3,0) [ 8.176400000000001 ]
811:(49,2,0,46,4,4,0) [ 7.7494000000000005 ]
812:(48,2,2,46,4,4,0) [ 8.697000000000001 ]
813:(48,2,1,45,5,5,0) [ 8.27 ]
814:(48,2,2,45,5,5,0) [ 8.774999999999999 ]
815:(48,2,1,44,6,6,0) [ 8.359 ]
816:(48,2,0,43,7,7,0) [ 7.965 ]
817:(47,2,1,43,7,7,0) [ 8.3636 ]
818:(47,2,2,43,7,7,0) [ 8.846599999999999 ]
819:(46,2,3,43,7,7,0) [ 9.2452 ]
820:(46,2,4,43,7,7,0) [ 9.728200000000001 ]
821:(45,2,5,43,7,7,0) [ 10.1268 ]
822:(45,2,4,42,8,8,0) [ 9.6998 ]
823:(45,2,3,41,9,9,0) [ 9.2948 ]
824:(45,2,2,40,10,10,0) [ 8.9118 ]
825:(45,2,3,40,10,10,0) [ 9.361799999999999 ]
826:(45,2,2,39,11,11,0) [ 8.9898 ]
827:(45,2,3,39,11,11,0) [ 9.4288 ]
828:(45,2,4,39,11,11,0) [ 9.8678 ]
829:(45,2,4,39,10,11,1) [ 11559.7678 ]
830:(43,2,3,36,13,14,1) [ 14709.360999999999 ]
831:(41,2,1,27,22,23,1) [ 24159.1812 ]
832:(37,2,6,27,22,23,1) [ 24160.3786 ]
833:(37,2,7,27,22,23,1) [ 24160.6856 ]
834:(37,2,7,28,22,22,0) [ 10.762599999999999 ]
835:(38,2,6,28,22,22,0) [ 10.529 ]
836:(38,2,5,27,23,23,0) [ 10.256 ]
837:(38,2,4,26,24,24,0) [ 10.005 ]
838:(38,2,5,26,24,24,0) [ 10.301 ]
839:(38,2,4,25,25,25,0) [ 10.061 ]
840:(38,2,5,25,25,25,0) [ 10.346 ]
841:(37,2,6,25,25,25,0) [ 10.546600000000002 ]
842:(37,2,5,24,26,26,0) [ 10.3066 ]
843:(37,2,4,23,27,27,0) [ 10.0886 ]
844:(35,2,2,18,32,32,0) [ 9.7838 ]
845:(34,2,2,17,33,33,0) [ 9.7774 ]
846:(34,2,1,16,34,34,0) [ 9.6694 ]
847:(34,2,0,15,35,35,0) [ 9.583400000000001 ]
848:(34,2,0,15,34,35,1) [ 36759.483400000005 ]
849:(33,2,1,15,34,35,1) [ 36759.574 ]
850:(33,2,2,15,34,35,1) [ 36759.749 ]
851:(32,2,3,15,34,35,1) [ 36759.8396 ]
852:(32,2,2,14,35,36,1) [ 37809.7426 ]
853:(32,2,3,14,35,36,1) [ 37809.9066 ]
854:(31,2,4,14,35,36,1) [ 37809.9862 ]
855:(31,2,3,13,36,37,1) [ 38859.8892 ]
856:(31,2,2,12,37,38,1) [ 39909.8142 ]
857:(30,2,3,12,37,38,1) [ 39909.87179999999 ]
858:(29,2,4,12,37,38,1) [ 39909.92939999999 ]
859:(29,2,5,12,37,38,1) [ 39910.0714 ]
860:(28,2,6,12,37,38,1) [ 39910.12899999999 ]
861:(28,2,5,11,38,39,1) [ 40960.03200000001 ]
862:(28,2,4,10,39,40,1) [ 42009.957 ]
863:(28,2,5,10,39,40,1) [ 42010.077000000005 ]
864:(28,2,4,9,40,41,1) [ 43060.013 ]
865:(28,2,3,8,41,42,1) [ 44109.971 ]
866:(27,2,3,8,41,42,1) [ 44109.8866 ]
867:(27,2,2,7,42,43,1) [ 45159.866599999994 ]
868:(26,2,3,7,42,43,1) [ 45159.869199999994 ]
869:(26,2,4,7,42,43,1) [ 45159.9562 ]
870:(25,2,5,7,42,43,1) [ 45159.9588 ]
871:(24,2,6,7,42,43,1) [ 45159.9614 ]
872:(24,2,5,6,43,44,1) [ 46209.919400000006 ]
873:(24,2,4,5,44,45,1) [ 47259.8994 ]
874:(24,2,5,5,44,45,1) [ 47259.964400000004 ]
875:(24,2,4,4,45,46,1) [ 48309.9554 ]
876:(24,2,3,3,46,47,1) [ 49359.9684 ]
877:(23,2,4,3,46,47,1) [ 49359.926999999996 ]
878:(22,2,5,3,46,47,1) [ 49359.8856 ]
879:(22,2,4,2,47,48,1) [ 50409.8986 ]
880:(22,2,5,2,47,48,1) [ 50409.9306 ]
881:(22,2,4,1,48,49,1) [ 51459.954600000005 ]
882:(21,2,5,1,48,49,1) [ 51459.891200000005 ]
883:(21,2,4,0,49,50,1) [ 52509.9262 TARGET ]
884:(-1,-1,-1,-1,-1,-1,-1) [ 0.0 ]